root_script: quarterly_metric_maker.sbat
Requirement already satisfied: decorator==5.1.0 in /home/casonk/.local/lib/python3.9/site-packages (5.1.0)
WARNING: You are using pip version 21.2.4; however, version 22.1 is available.
You should consider upgrading via the '/sw/arcts/centos7/python/3.9.7/bin/python3.9 -m pip install --upgrade pip' command.
Requirement already satisfied: networkx==2.6.3 in /home/casonk/.local/lib/python3.9/site-packages (2.6.3)
WARNING: You are using pip version 21.2.4; however, version 22.1 is available.
You should consider upgrading via the '/sw/arcts/centos7/python/3.9.7/bin/python3.9 -m pip install --upgrade pip' command.
Requirement already satisfied: pandas==1.3.5 in /home/casonk/.local/lib/python3.9/site-packages (1.3.5)
Requirement already satisfied: pytz>=2017.3 in /home/casonk/.local/lib/python3.9/site-packages (from pandas==1.3.5) (2022.1)
Requirement already satisfied: python-dateutil>=2.7.3 in /home/casonk/.local/lib/python3.9/site-packages (from pandas==1.3.5) (2.8.2)
Requirement already satisfied: numpy>=1.17.3 in /home/casonk/.local/lib/python3.9/site-packages (from pandas==1.3.5) (1.22.3)
Requirement already satisfied: six>=1.5 in /sw/arcts/centos7/python/3.9.7/lib/python3.9/site-packages (from python-dateutil>=2.7.3->pandas==1.3.5) (1.16.0)
WARNING: You are using pip version 21.2.4; however, version 22.1 is available.
You should consider upgrading via the '/sw/arcts/centos7/python/3.9.7/bin/python3.9 -m pip install --upgrade pip' command.
Requirement already satisfied: scipy==1.8.0 in /home/casonk/.local/lib/python3.9/site-packages (1.8.0)
Requirement already satisfied: numpy<1.25.0,>=1.17.3 in /home/casonk/.local/lib/python3.9/site-packages (from scipy==1.8.0) (1.22.3)
WARNING: You are using pip version 21.2.4; however, version 22.1 is available.
You should consider upgrading via the '/sw/arcts/centos7/python/3.9.7/bin/python3.9 -m pip install --upgrade pip' command.

/sw/arcts/centos7/python/3.9.7/bin/python

spinning up at: Fri May 20 07:03:24 EDT 2022
Job submitted by gl-login2.arc-ts.umich.edu
Job ID 36925164
Running on gl[3309-3313]
Running in /home/casonk/path/mmani_root/mmani0/shared_data/pushshift_python/Great_Lakes_HPC/pys 

Topics Defined 

Globals Defined 

Functions Defined 


truereddit.csv

Traceback (most recent call last):
  File "/gpfs/accounts/mmani_root/mmani0/shared_data/pushshift_python/Great_Lakes_HPC/pys/quarterly_metric_maker.py", line 336, in <module>
    meta_tricks(data, fname, 'conspiracy')
  File "/gpfs/accounts/mmani_root/mmani0/shared_data/pushshift_python/Great_Lakes_HPC/pys/quarterly_metric_maker.py", line 149, in meta_tricks
    if os.path.isfile((out_dir + 'eko_' + quarters.iloc[j,6] + '/' + fname)):
UnboundLocalError: local variable 'out_dir' referenced before assignment
backing up data to turbo buffer
source_csvz := /scratch/mmani_root/mmani0/shared_data/hot/csv_ekoz/quarters
target_csvz := /nfs/turbo/flnt-mmani/Reddit_Communities/csv_ekoz/quarters

3 files to copy

target_csvz directory purged

copying quarters
‘/scratch/mmani_root/mmani0/shared_data/hot/csv_ekoz/quarters’ -> ‘/nfs/turbo/flnt-mmani/Reddit_Communities/csv_ekoz/quarters/quarters’
‘/scratch/mmani_root/mmani0/shared_data/hot/csv_ekoz/quarters/political’ -> ‘/nfs/turbo/flnt-mmani/Reddit_Communities/csv_ekoz/quarters/quarters/political’
‘/scratch/mmani_root/mmani0/shared_data/hot/csv_ekoz/quarters/political/eko_2016_Q4’ -> ‘/nfs/turbo/flnt-mmani/Reddit_Communities/csv_ekoz/quarters/quarters/political/eko_2016_Q4’
‘/scratch/mmani_root/mmani0/shared_data/hot/csv_ekoz/quarters/political/eko_2016_Q4/truereddit.csv’ -> ‘/nfs/turbo/flnt-mmani/Reddit_Communities/csv_ekoz/quarters/quarters/political/eko_2016_Q4/truereddit.csv’
‘/scratch/mmani_root/mmani0/shared_data/hot/csv_ekoz/quarters/political/eko_2018_Q1’ -> ‘/nfs/turbo/flnt-mmani/Reddit_Communities/csv_ekoz/quarters/quarters/political/eko_2018_Q1’
‘/scratch/mmani_root/mmani0/shared_data/hot/csv_ekoz/quarters/political/eko_2018_Q1/truereddit.csv’ -> ‘/nfs/turbo/flnt-mmani/Reddit_Communities/csv_ekoz/quarters/quarters/political/eko_2018_Q1/truereddit.csv’
‘/scratch/mmani_root/mmani0/shared_data/hot/csv_ekoz/quarters/political/eko_2018_Q4’ -> ‘/nfs/turbo/flnt-mmani/Reddit_Communities/csv_ekoz/quarters/quarters/political/eko_2018_Q4’
‘/scratch/mmani_root/mmani0/shared_data/hot/csv_ekoz/quarters/political/eko_2018_Q4/truereddit.csv’ -> ‘/nfs/turbo/flnt-mmani/Reddit_Communities/csv_ekoz/quarters/quarters/political/eko_2018_Q4/truereddit.csv’
‘/scratch/mmani_root/mmani0/shared_data/hot/csv_ekoz/quarters/political/eko_2016_Q3’ -> ‘/nfs/turbo/flnt-mmani/Reddit_Communities/csv_ekoz/quarters/quarters/political/eko_2016_Q3’
‘/scratch/mmani_root/mmani0/shared_data/hot/csv_ekoz/quarters/political/eko_2016_Q3/truereddit.csv’ -> ‘/nfs/turbo/flnt-mmani/Reddit_Communities/csv_ekoz/quarters/quarters/political/eko_2016_Q3/truereddit.csv’
‘/scratch/mmani_root/mmani0/shared_data/hot/csv_ekoz/quarters/political/eko_2018_Q3’ -> ‘/nfs/turbo/flnt-mmani/Reddit_Communities/csv_ekoz/quarters/quarters/political/eko_2018_Q3’
‘/scratch/mmani_root/mmani0/shared_data/hot/csv_ekoz/quarters/political/eko_2018_Q3/truereddit.csv’ -> ‘/nfs/turbo/flnt-mmani/Reddit_Communities/csv_ekoz/quarters/quarters/political/eko_2018_Q3/truereddit.csv’
‘/scratch/mmani_root/mmani0/shared_data/hot/csv_ekoz/quarters/political/eko_2009_Q2’ -> ‘/nfs/turbo/flnt-mmani/Reddit_Communities/csv_ekoz/quarters/quarters/political/eko_2009_Q2’
‘/scratch/mmani_root/mmani0/shared_data/hot/csv_ekoz/quarters/political/eko_2009_Q2/truereddit.csv’ -> ‘/nfs/turbo/flnt-mmani/Reddit_Communities/csv_ekoz/quarters/quarters/political/eko_2009_Q2/truereddit.csv’
‘/scratch/mmani_root/mmani0/shared_data/hot/csv_ekoz/quarters/political/eko_2019_Q1’ -> ‘/nfs/turbo/flnt-mmani/Reddit_Communities/csv_ekoz/quarters/quarters/political/eko_2019_Q1’
‘/scratch/mmani_root/mmani0/shared_data/hot/csv_ekoz/quarters/political/eko_2019_Q1/truereddit.csv’ -> ‘/nfs/turbo/flnt-mmani/Reddit_Communities/csv_ekoz/quarters/quarters/political/eko_2019_Q1/truereddit.csv’
‘/scratch/mmani_root/mmani0/shared_data/hot/csv_ekoz/quarters/political/eko_2020_Q1’ -> ‘/nfs/turbo/flnt-mmani/Reddit_Communities/csv_ekoz/quarters/quarters/political/eko_2020_Q1’
‘/scratch/mmani_root/mmani0/shared_data/hot/csv_ekoz/quarters/political/eko_2020_Q1/truereddit.csv’ -> ‘/nfs/turbo/flnt-mmani/Reddit_Communities/csv_ekoz/quarters/quarters/political/eko_2020_Q1/truereddit.csv’
‘/scratch/mmani_root/mmani0/shared_data/hot/csv_ekoz/quarters/political/eko_2017_Q1’ -> ‘/nfs/turbo/flnt-mmani/Reddit_Communities/csv_ekoz/quarters/quarters/political/eko_2017_Q1’
‘/scratch/mmani_root/mmani0/shared_data/hot/csv_ekoz/quarters/political/eko_2017_Q1/truereddit.csv’ -> ‘/nfs/turbo/flnt-mmani/Reddit_Communities/csv_ekoz/quarters/quarters/political/eko_2017_Q1/truereddit.csv’
‘/scratch/mmani_root/mmani0/shared_data/hot/csv_ekoz/quarters/political/eko_2022_Q1’ -> ‘/nfs/turbo/flnt-mmani/Reddit_Communities/csv_ekoz/quarters/quarters/political/eko_2022_Q1’
‘/scratch/mmani_root/mmani0/shared_data/hot/csv_ekoz/quarters/political/eko_2022_Q1/truereddit.csv’ -> ‘/nfs/turbo/flnt-mmani/Reddit_Communities/csv_ekoz/quarters/quarters/political/eko_2022_Q1/truereddit.csv’
‘/scratch/mmani_root/mmani0/shared_data/hot/csv_ekoz/quarters/political/eko_2011_Q3’ -> ‘/nfs/turbo/flnt-mmani/Reddit_Communities/csv_ekoz/quarters/quarters/political/eko_2011_Q3’
‘/scratch/mmani_root/mmani0/shared_data/hot/csv_ekoz/quarters/political/eko_2011_Q3/truereddit.csv’ -> ‘/nfs/turbo/flnt-mmani/Reddit_Communities/csv_ekoz/quarters/quarters/political/eko_2011_Q3/truereddit.csv’
‘/scratch/mmani_root/mmani0/shared_data/hot/csv_ekoz/quarters/political/eko_2021_Q4’ -> ‘/nfs/turbo/flnt-mmani/Reddit_Communities/csv_ekoz/quarters/quarters/political/eko_2021_Q4’
‘/scratch/mmani_root/mmani0/shared_data/hot/csv_ekoz/quarters/political/eko_2021_Q4/truereddit.csv’ -> ‘/nfs/turbo/flnt-mmani/Reddit_Communities/csv_ekoz/quarters/quarters/political/eko_2021_Q4/truereddit.csv’
‘/scratch/mmani_root/mmani0/shared_data/hot/csv_ekoz/quarters/political/eko_2016_Q1’ -> ‘/nfs/turbo/flnt-mmani/Reddit_Communities/csv_ekoz/quarters/quarters/political/eko_2016_Q1’
‘/scratch/mmani_root/mmani0/shared_data/hot/csv_ekoz/quarters/political/eko_2016_Q1/truereddit.csv’ -> ‘/nfs/turbo/flnt-mmani/Reddit_Communities/csv_ekoz/quarters/quarters/political/eko_2016_Q1/truereddit.csv’
‘/scratch/mmani_root/mmani0/shared_data/hot/csv_ekoz/quarters/political/eko_2015_Q3’ -> ‘/nfs/turbo/flnt-mmani/Reddit_Communities/csv_ekoz/quarters/quarters/political/eko_2015_Q3’
‘/scratch/mmani_root/mmani0/shared_data/hot/csv_ekoz/quarters/political/eko_2015_Q3/truereddit.csv’ -> ‘/nfs/turbo/flnt-mmani/Reddit_Communities/csv_ekoz/quarters/quarters/political/eko_2015_Q3/truereddit.csv’
‘/scratch/mmani_root/mmani0/shared_data/hot/csv_ekoz/quarters/political/eko_2012_Q1’ -> ‘/nfs/turbo/flnt-mmani/Reddit_Communities/csv_ekoz/quarters/quarters/political/eko_2012_Q1’
‘/scratch/mmani_root/mmani0/shared_data/hot/csv_ekoz/quarters/political/eko_2012_Q1/truereddit.csv’ -> ‘/nfs/turbo/flnt-mmani/Reddit_Communities/csv_ekoz/quarters/quarters/political/eko_2012_Q1/truereddit.csv’
‘/scratch/mmani_root/mmani0/shared_data/hot/csv_ekoz/quarters/political/eko_2019_Q2’ -> ‘/nfs/turbo/flnt-mmani/Reddit_Communities/csv_ekoz/quarters/quarters/political/eko_2019_Q2’
‘/scratch/mmani_root/mmani0/shared_data/hot/csv_ekoz/quarters/political/eko_2019_Q2/truereddit.csv’ -> ‘/nfs/turbo/flnt-mmani/Reddit_Communities/csv_ekoz/quarters/quarters/political/eko_2019_Q2/truereddit.csv’
‘/scratch/mmani_root/mmani0/shared_data/hot/csv_ekoz/quarters/political/eko_2014_Q1’ -> ‘/nfs/turbo/flnt-mmani/Reddit_Communities/csv_ekoz/quarters/quarters/political/eko_2014_Q1’
‘/scratch/mmani_root/mmani0/shared_data/hot/csv_ekoz/quarters/political/eko_2014_Q1/truereddit.csv’ -> ‘/nfs/turbo/flnt-mmani/Reddit_Communities/csv_ekoz/quarters/quarters/political/eko_2014_Q1/truereddit.csv’
‘/scratch/mmani_root/mmani0/shared_data/hot/csv_ekoz/quarters/political/eko_2013_Q3’ -> ‘/nfs/turbo/flnt-mmani/Reddit_Communities/csv_ekoz/quarters/quarters/political/eko_2013_Q3’
‘/scratch/mmani_root/mmani0/shared_data/hot/csv_ekoz/quarters/political/eko_2013_Q3/truereddit.csv’ -> ‘/nfs/turbo/flnt-mmani/Reddit_Communities/csv_ekoz/quarters/quarters/political/eko_2013_Q3/truereddit.csv’
‘/scratch/mmani_root/mmani0/shared_data/hot/csv_ekoz/quarters/political/eko_2020_Q2’ -> ‘/nfs/turbo/flnt-mmani/Reddit_Communities/csv_ekoz/quarters/quarters/political/eko_2020_Q2’
‘/scratch/mmani_root/mmani0/shared_data/hot/csv_ekoz/quarters/political/eko_2020_Q2/truereddit.csv’ -> ‘/nfs/turbo/flnt-mmani/Reddit_Communities/csv_ekoz/quarters/quarters/political/eko_2020_Q2/truereddit.csv’
‘/scratch/mmani_root/mmani0/shared_data/hot/csv_ekoz/quarters/political/eko_2017_Q3’ -> ‘/nfs/turbo/flnt-mmani/Reddit_Communities/csv_ekoz/quarters/quarters/political/eko_2017_Q3’
‘/scratch/mmani_root/mmani0/shared_data/hot/csv_ekoz/quarters/political/eko_2017_Q3/truereddit.csv’ -> ‘/nfs/turbo/flnt-mmani/Reddit_Communities/csv_ekoz/quarters/quarters/political/eko_2017_Q3/truereddit.csv’
‘/scratch/mmani_root/mmani0/shared_data/hot/csv_ekoz/quarters/political/eko_2019_Q4’ -> ‘/nfs/turbo/flnt-mmani/Reddit_Communities/csv_ekoz/quarters/quarters/political/eko_2019_Q4’
‘/scratch/mmani_root/mmani0/shared_data/hot/csv_ekoz/quarters/political/eko_2019_Q4/truereddit.csv’ -> ‘/nfs/turbo/flnt-mmani/Reddit_Communities/csv_ekoz/quarters/quarters/political/eko_2019_Q4/truereddit.csv’
‘/scratch/mmani_root/mmani0/shared_data/hot/csv_ekoz/quarters/political/eko_2009_Q4’ -> ‘/nfs/turbo/flnt-mmani/Reddit_Communities/csv_ekoz/quarters/quarters/political/eko_2009_Q4’
‘/scratch/mmani_root/mmani0/shared_data/hot/csv_ekoz/quarters/political/eko_2009_Q4/truereddit.csv’ -> ‘/nfs/turbo/flnt-mmani/Reddit_Communities/csv_ekoz/quarters/quarters/political/eko_2009_Q4/truereddit.csv’
‘/scratch/mmani_root/mmani0/shared_data/hot/csv_ekoz/quarters/political/eko_2011_Q4’ -> ‘/nfs/turbo/flnt-mmani/Reddit_Communities/csv_ekoz/quarters/quarters/political/eko_2011_Q4’
‘/scratch/mmani_root/mmani0/shared_data/hot/csv_ekoz/quarters/political/eko_2011_Q4/truereddit.csv’ -> ‘/nfs/turbo/flnt-mmani/Reddit_Communities/csv_ekoz/quarters/quarters/political/eko_2011_Q4/truereddit.csv’
‘/scratch/mmani_root/mmani0/shared_data/hot/csv_ekoz/quarters/political/eko_2014_Q3’ -> ‘/nfs/turbo/flnt-mmani/Reddit_Communities/csv_ekoz/quarters/quarters/political/eko_2014_Q3’
‘/scratch/mmani_root/mmani0/shared_data/hot/csv_ekoz/quarters/political/eko_2014_Q3/truereddit.csv’ -> ‘/nfs/turbo/flnt-mmani/Reddit_Communities/csv_ekoz/quarters/quarters/political/eko_2014_Q3/truereddit.csv’
‘/scratch/mmani_root/mmani0/shared_data/hot/csv_ekoz/quarters/political/eko_2010_Q3’ -> ‘/nfs/turbo/flnt-mmani/Reddit_Communities/csv_ekoz/quarters/quarters/political/eko_2010_Q3’
‘/scratch/mmani_root/mmani0/shared_data/hot/csv_ekoz/quarters/political/eko_2010_Q3/truereddit.csv’ -> ‘/nfs/turbo/flnt-mmani/Reddit_Communities/csv_ekoz/quarters/quarters/political/eko_2010_Q3/truereddit.csv’
‘/scratch/mmani_root/mmani0/shared_data/hot/csv_ekoz/quarters/political/eko_2019_Q3’ -> ‘/nfs/turbo/flnt-mmani/Reddit_Communities/csv_ekoz/quarters/quarters/political/eko_2019_Q3’
‘/scratch/mmani_root/mmani0/shared_data/hot/csv_ekoz/quarters/political/eko_2019_Q3/truereddit.csv’ -> ‘/nfs/turbo/flnt-mmani/Reddit_Communities/csv_ekoz/quarters/quarters/political/eko_2019_Q3/truereddit.csv’
‘/scratch/mmani_root/mmani0/shared_data/hot/csv_ekoz/quarters/political/eko_2014_Q4’ -> ‘/nfs/turbo/flnt-mmani/Reddit_Communities/csv_ekoz/quarters/quarters/political/eko_2014_Q4’
‘/scratch/mmani_root/mmani0/shared_data/hot/csv_ekoz/quarters/political/eko_2014_Q4/truereddit.csv’ -> ‘/nfs/turbo/flnt-mmani/Reddit_Communities/csv_ekoz/quarters/quarters/political/eko_2014_Q4/truereddit.csv’
‘/scratch/mmani_root/mmani0/shared_data/hot/csv_ekoz/quarters/political/eko_2012_Q2’ -> ‘/nfs/turbo/flnt-mmani/Reddit_Communities/csv_ekoz/quarters/quarters/political/eko_2012_Q2’
‘/scratch/mmani_root/mmani0/shared_data/hot/csv_ekoz/quarters/political/eko_2012_Q2/truereddit.csv’ -> ‘/nfs/turbo/flnt-mmani/Reddit_Communities/csv_ekoz/quarters/quarters/political/eko_2012_Q2/truereddit.csv’
‘/scratch/mmani_root/mmani0/shared_data/hot/csv_ekoz/quarters/political/eko_2011_Q2’ -> ‘/nfs/turbo/flnt-mmani/Reddit_Communities/csv_ekoz/quarters/quarters/political/eko_2011_Q2’
‘/scratch/mmani_root/mmani0/shared_data/hot/csv_ekoz/quarters/political/eko_2011_Q2/truereddit.csv’ -> ‘/nfs/turbo/flnt-mmani/Reddit_Communities/csv_ekoz/quarters/quarters/political/eko_2011_Q2/truereddit.csv’
‘/scratch/mmani_root/mmani0/shared_data/hot/csv_ekoz/quarters/political/eko_2010_Q2’ -> ‘/nfs/turbo/flnt-mmani/Reddit_Communities/csv_ekoz/quarters/quarters/political/eko_2010_Q2’
‘/scratch/mmani_root/mmani0/shared_data/hot/csv_ekoz/quarters/political/eko_2010_Q2/truereddit.csv’ -> ‘/nfs/turbo/flnt-mmani/Reddit_Communities/csv_ekoz/quarters/quarters/political/eko_2010_Q2/truereddit.csv’
‘/scratch/mmani_root/mmani0/shared_data/hot/csv_ekoz/quarters/political/eko_2010_Q4’ -> ‘/nfs/turbo/flnt-mmani/Reddit_Communities/csv_ekoz/quarters/quarters/political/eko_2010_Q4’
‘/scratch/mmani_root/mmani0/shared_data/hot/csv_ekoz/quarters/political/eko_2010_Q4/truereddit.csv’ -> ‘/nfs/turbo/flnt-mmani/Reddit_Communities/csv_ekoz/quarters/quarters/political/eko_2010_Q4/truereddit.csv’
‘/scratch/mmani_root/mmani0/shared_data/hot/csv_ekoz/quarters/political/eko_2021_Q3’ -> ‘/nfs/turbo/flnt-mmani/Reddit_Communities/csv_ekoz/quarters/quarters/political/eko_2021_Q3’
‘/scratch/mmani_root/mmani0/shared_data/hot/csv_ekoz/quarters/political/eko_2021_Q3/truereddit.csv’ -> ‘/nfs/turbo/flnt-mmani/Reddit_Communities/csv_ekoz/quarters/quarters/political/eko_2021_Q3/truereddit.csv’
‘/scratch/mmani_root/mmani0/shared_data/hot/csv_ekoz/quarters/political/eko_2012_Q4’ -> ‘/nfs/turbo/flnt-mmani/Reddit_Communities/csv_ekoz/quarters/quarters/political/eko_2012_Q4’
‘/scratch/mmani_root/mmani0/shared_data/hot/csv_ekoz/quarters/political/eko_2012_Q4/truereddit.csv’ -> ‘/nfs/turbo/flnt-mmani/Reddit_Communities/csv_ekoz/quarters/quarters/political/eko_2012_Q4/truereddit.csv’
‘/scratch/mmani_root/mmani0/shared_data/hot/csv_ekoz/quarters/political/eko_2013_Q2’ -> ‘/nfs/turbo/flnt-mmani/Reddit_Communities/csv_ekoz/quarters/quarters/political/eko_2013_Q2’
‘/scratch/mmani_root/mmani0/shared_data/hot/csv_ekoz/quarters/political/eko_2013_Q2/truereddit.csv’ -> ‘/nfs/turbo/flnt-mmani/Reddit_Communities/csv_ekoz/quarters/quarters/political/eko_2013_Q2/truereddit.csv’
‘/scratch/mmani_root/mmani0/shared_data/hot/csv_ekoz/quarters/political/eko_2011_Q1’ -> ‘/nfs/turbo/flnt-mmani/Reddit_Communities/csv_ekoz/quarters/quarters/political/eko_2011_Q1’
‘/scratch/mmani_root/mmani0/shared_data/hot/csv_ekoz/quarters/political/eko_2011_Q1/truereddit.csv’ -> ‘/nfs/turbo/flnt-mmani/Reddit_Communities/csv_ekoz/quarters/quarters/political/eko_2011_Q1/truereddit.csv’
‘/scratch/mmani_root/mmani0/shared_data/hot/csv_ekoz/quarters/political/eko_2021_Q2’ -> ‘/nfs/turbo/flnt-mmani/Reddit_Communities/csv_ekoz/quarters/quarters/political/eko_2021_Q2’
‘/scratch/mmani_root/mmani0/shared_data/hot/csv_ekoz/quarters/political/eko_2021_Q2/truereddit.csv’ -> ‘/nfs/turbo/flnt-mmani/Reddit_Communities/csv_ekoz/quarters/quarters/political/eko_2021_Q2/truereddit.csv’
‘/scratch/mmani_root/mmani0/shared_data/hot/csv_ekoz/quarters/political/eko_2017_Q4’ -> ‘/nfs/turbo/flnt-mmani/Reddit_Communities/csv_ekoz/quarters/quarters/political/eko_2017_Q4’
‘/scratch/mmani_root/mmani0/shared_data/hot/csv_ekoz/quarters/political/eko_2017_Q4/truereddit.csv’ -> ‘/nfs/turbo/flnt-mmani/Reddit_Communities/csv_ekoz/quarters/quarters/political/eko_2017_Q4/truereddit.csv’
‘/scratch/mmani_root/mmani0/shared_data/hot/csv_ekoz/quarters/political/eko_2021_Q1’ -> ‘/nfs/turbo/flnt-mmani/Reddit_Communities/csv_ekoz/quarters/quarters/political/eko_2021_Q1’
‘/scratch/mmani_root/mmani0/shared_data/hot/csv_ekoz/quarters/political/eko_2021_Q1/truereddit.csv’ -> ‘/nfs/turbo/flnt-mmani/Reddit_Communities/csv_ekoz/quarters/quarters/political/eko_2021_Q1/truereddit.csv’
‘/scratch/mmani_root/mmani0/shared_data/hot/csv_ekoz/quarters/political/eko_2016_Q2’ -> ‘/nfs/turbo/flnt-mmani/Reddit_Communities/csv_ekoz/quarters/quarters/political/eko_2016_Q2’
‘/scratch/mmani_root/mmani0/shared_data/hot/csv_ekoz/quarters/political/eko_2016_Q2/truereddit.csv’ -> ‘/nfs/turbo/flnt-mmani/Reddit_Communities/csv_ekoz/quarters/quarters/political/eko_2016_Q2/truereddit.csv’
‘/scratch/mmani_root/mmani0/shared_data/hot/csv_ekoz/quarters/political/eko_2018_Q2’ -> ‘/nfs/turbo/flnt-mmani/Reddit_Communities/csv_ekoz/quarters/quarters/political/eko_2018_Q2’
‘/scratch/mmani_root/mmani0/shared_data/hot/csv_ekoz/quarters/political/eko_2018_Q2/truereddit.csv’ -> ‘/nfs/turbo/flnt-mmani/Reddit_Communities/csv_ekoz/quarters/quarters/political/eko_2018_Q2/truereddit.csv’
‘/scratch/mmani_root/mmani0/shared_data/hot/csv_ekoz/quarters/political/eko_2014_Q2’ -> ‘/nfs/turbo/flnt-mmani/Reddit_Communities/csv_ekoz/quarters/quarters/political/eko_2014_Q2’
‘/scratch/mmani_root/mmani0/shared_data/hot/csv_ekoz/quarters/political/eko_2014_Q2/truereddit.csv’ -> ‘/nfs/turbo/flnt-mmani/Reddit_Communities/csv_ekoz/quarters/quarters/political/eko_2014_Q2/truereddit.csv’
‘/scratch/mmani_root/mmani0/shared_data/hot/csv_ekoz/quarters/political/eko_2013_Q1’ -> ‘/nfs/turbo/flnt-mmani/Reddit_Communities/csv_ekoz/quarters/quarters/political/eko_2013_Q1’
‘/scratch/mmani_root/mmani0/shared_data/hot/csv_ekoz/quarters/political/eko_2013_Q1/truereddit.csv’ -> ‘/nfs/turbo/flnt-mmani/Reddit_Communities/csv_ekoz/quarters/quarters/political/eko_2013_Q1/truereddit.csv’
‘/scratch/mmani_root/mmani0/shared_data/hot/csv_ekoz/quarters/political/eko_2015_Q1’ -> ‘/nfs/turbo/flnt-mmani/Reddit_Communities/csv_ekoz/quarters/quarters/political/eko_2015_Q1’
‘/scratch/mmani_root/mmani0/shared_data/hot/csv_ekoz/quarters/political/eko_2015_Q1/truereddit.csv’ -> ‘/nfs/turbo/flnt-mmani/Reddit_Communities/csv_ekoz/quarters/quarters/political/eko_2015_Q1/truereddit.csv’
‘/scratch/mmani_root/mmani0/shared_data/hot/csv_ekoz/quarters/political/eko_2017_Q2’ -> ‘/nfs/turbo/flnt-mmani/Reddit_Communities/csv_ekoz/quarters/quarters/political/eko_2017_Q2’
‘/scratch/mmani_root/mmani0/shared_data/hot/csv_ekoz/quarters/political/eko_2017_Q2/truereddit.csv’ -> ‘/nfs/turbo/flnt-mmani/Reddit_Communities/csv_ekoz/quarters/quarters/political/eko_2017_Q2/truereddit.csv’
‘/scratch/mmani_root/mmani0/shared_data/hot/csv_ekoz/quarters/political/eko_2012_Q3’ -> ‘/nfs/turbo/flnt-mmani/Reddit_Communities/csv_ekoz/quarters/quarters/political/eko_2012_Q3’
‘/scratch/mmani_root/mmani0/shared_data/hot/csv_ekoz/quarters/political/eko_2012_Q3/truereddit.csv’ -> ‘/nfs/turbo/flnt-mmani/Reddit_Communities/csv_ekoz/quarters/quarters/political/eko_2012_Q3/truereddit.csv’
‘/scratch/mmani_root/mmani0/shared_data/hot/csv_ekoz/quarters/political/eko_2009_Q3’ -> ‘/nfs/turbo/flnt-mmani/Reddit_Communities/csv_ekoz/quarters/quarters/political/eko_2009_Q3’
‘/scratch/mmani_root/mmani0/shared_data/hot/csv_ekoz/quarters/political/eko_2009_Q3/truereddit.csv’ -> ‘/nfs/turbo/flnt-mmani/Reddit_Communities/csv_ekoz/quarters/quarters/political/eko_2009_Q3/truereddit.csv’
‘/scratch/mmani_root/mmani0/shared_data/hot/csv_ekoz/quarters/political/eko_2015_Q2’ -> ‘/nfs/turbo/flnt-mmani/Reddit_Communities/csv_ekoz/quarters/quarters/political/eko_2015_Q2’
‘/scratch/mmani_root/mmani0/shared_data/hot/csv_ekoz/quarters/political/eko_2015_Q2/truereddit.csv’ -> ‘/nfs/turbo/flnt-mmani/Reddit_Communities/csv_ekoz/quarters/quarters/political/eko_2015_Q2/truereddit.csv’
‘/scratch/mmani_root/mmani0/shared_data/hot/csv_ekoz/quarters/political/eko_2015_Q4’ -> ‘/nfs/turbo/flnt-mmani/Reddit_Communities/csv_ekoz/quarters/quarters/political/eko_2015_Q4’
‘/scratch/mmani_root/mmani0/shared_data/hot/csv_ekoz/quarters/political/eko_2015_Q4/truereddit.csv’ -> ‘/nfs/turbo/flnt-mmani/Reddit_Communities/csv_ekoz/quarters/quarters/political/eko_2015_Q4/truereddit.csv’
‘/scratch/mmani_root/mmani0/shared_data/hot/csv_ekoz/quarters/political/eko_2010_Q1’ -> ‘/nfs/turbo/flnt-mmani/Reddit_Communities/csv_ekoz/quarters/quarters/political/eko_2010_Q1’
‘/scratch/mmani_root/mmani0/shared_data/hot/csv_ekoz/quarters/political/eko_2010_Q1/truereddit.csv’ -> ‘/nfs/turbo/flnt-mmani/Reddit_Communities/csv_ekoz/quarters/quarters/political/eko_2010_Q1/truereddit.csv’
‘/scratch/mmani_root/mmani0/shared_data/hot/csv_ekoz/quarters/political/eko_2020_Q4’ -> ‘/nfs/turbo/flnt-mmani/Reddit_Communities/csv_ekoz/quarters/quarters/political/eko_2020_Q4’
‘/scratch/mmani_root/mmani0/shared_data/hot/csv_ekoz/quarters/political/eko_2020_Q4/truereddit.csv’ -> ‘/nfs/turbo/flnt-mmani/Reddit_Communities/csv_ekoz/quarters/quarters/political/eko_2020_Q4/truereddit.csv’
‘/scratch/mmani_root/mmani0/shared_data/hot/csv_ekoz/quarters/political/eko_2022_Q2’ -> ‘/nfs/turbo/flnt-mmani/Reddit_Communities/csv_ekoz/quarters/quarters/political/eko_2022_Q2’
‘/scratch/mmani_root/mmani0/shared_data/hot/csv_ekoz/quarters/political/eko_2022_Q2/truereddit.csv’ -> ‘/nfs/turbo/flnt-mmani/Reddit_Communities/csv_ekoz/quarters/quarters/political/eko_2022_Q2/truereddit.csv’
‘/scratch/mmani_root/mmani0/shared_data/hot/csv_ekoz/quarters/political/eko_2013_Q4’ -> ‘/nfs/turbo/flnt-mmani/Reddit_Communities/csv_ekoz/quarters/quarters/political/eko_2013_Q4’
‘/scratch/mmani_root/mmani0/shared_data/hot/csv_ekoz/quarters/political/eko_2013_Q4/truereddit.csv’ -> ‘/nfs/turbo/flnt-mmani/Reddit_Communities/csv_ekoz/quarters/quarters/political/eko_2013_Q4/truereddit.csv’
‘/scratch/mmani_root/mmani0/shared_data/hot/csv_ekoz/quarters/political/eko_2020_Q3’ -> ‘/nfs/turbo/flnt-mmani/Reddit_Communities/csv_ekoz/quarters/quarters/political/eko_2020_Q3’
‘/scratch/mmani_root/mmani0/shared_data/hot/csv_ekoz/quarters/political/eko_2020_Q3/truereddit.csv’ -> ‘/nfs/turbo/flnt-mmani/Reddit_Communities/csv_ekoz/quarters/quarters/political/eko_2020_Q3/truereddit.csv’
‘/scratch/mmani_root/mmani0/shared_data/hot/csv_ekoz/quarters/neutral’ -> ‘/nfs/turbo/flnt-mmani/Reddit_Communities/csv_ekoz/quarters/quarters/neutral’
‘/scratch/mmani_root/mmani0/shared_data/hot/csv_ekoz/quarters/neutral/eko_2016_Q4’ -> ‘/nfs/turbo/flnt-mmani/Reddit_Communities/csv_ekoz/quarters/quarters/neutral/eko_2016_Q4’
‘/scratch/mmani_root/mmani0/shared_data/hot/csv_ekoz/quarters/neutral/eko_2016_Q4/truereddit.csv’ -> ‘/nfs/turbo/flnt-mmani/Reddit_Communities/csv_ekoz/quarters/quarters/neutral/eko_2016_Q4/truereddit.csv’
‘/scratch/mmani_root/mmani0/shared_data/hot/csv_ekoz/quarters/neutral/eko_2018_Q1’ -> ‘/nfs/turbo/flnt-mmani/Reddit_Communities/csv_ekoz/quarters/quarters/neutral/eko_2018_Q1’
‘/scratch/mmani_root/mmani0/shared_data/hot/csv_ekoz/quarters/neutral/eko_2018_Q1/truereddit.csv’ -> ‘/nfs/turbo/flnt-mmani/Reddit_Communities/csv_ekoz/quarters/quarters/neutral/eko_2018_Q1/truereddit.csv’
‘/scratch/mmani_root/mmani0/shared_data/hot/csv_ekoz/quarters/neutral/eko_2018_Q4’ -> ‘/nfs/turbo/flnt-mmani/Reddit_Communities/csv_ekoz/quarters/quarters/neutral/eko_2018_Q4’
‘/scratch/mmani_root/mmani0/shared_data/hot/csv_ekoz/quarters/neutral/eko_2018_Q4/truereddit.csv’ -> ‘/nfs/turbo/flnt-mmani/Reddit_Communities/csv_ekoz/quarters/quarters/neutral/eko_2018_Q4/truereddit.csv’
‘/scratch/mmani_root/mmani0/shared_data/hot/csv_ekoz/quarters/neutral/eko_2016_Q3’ -> ‘/nfs/turbo/flnt-mmani/Reddit_Communities/csv_ekoz/quarters/quarters/neutral/eko_2016_Q3’
‘/scratch/mmani_root/mmani0/shared_data/hot/csv_ekoz/quarters/neutral/eko_2016_Q3/truereddit.csv’ -> ‘/nfs/turbo/flnt-mmani/Reddit_Communities/csv_ekoz/quarters/quarters/neutral/eko_2016_Q3/truereddit.csv’
‘/scratch/mmani_root/mmani0/shared_data/hot/csv_ekoz/quarters/neutral/eko_2018_Q3’ -> ‘/nfs/turbo/flnt-mmani/Reddit_Communities/csv_ekoz/quarters/quarters/neutral/eko_2018_Q3’
‘/scratch/mmani_root/mmani0/shared_data/hot/csv_ekoz/quarters/neutral/eko_2018_Q3/truereddit.csv’ -> ‘/nfs/turbo/flnt-mmani/Reddit_Communities/csv_ekoz/quarters/quarters/neutral/eko_2018_Q3/truereddit.csv’
‘/scratch/mmani_root/mmani0/shared_data/hot/csv_ekoz/quarters/neutral/eko_2009_Q2’ -> ‘/nfs/turbo/flnt-mmani/Reddit_Communities/csv_ekoz/quarters/quarters/neutral/eko_2009_Q2’
‘/scratch/mmani_root/mmani0/shared_data/hot/csv_ekoz/quarters/neutral/eko_2009_Q2/truereddit.csv’ -> ‘/nfs/turbo/flnt-mmani/Reddit_Communities/csv_ekoz/quarters/quarters/neutral/eko_2009_Q2/truereddit.csv’
‘/scratch/mmani_root/mmani0/shared_data/hot/csv_ekoz/quarters/neutral/eko_2019_Q1’ -> ‘/nfs/turbo/flnt-mmani/Reddit_Communities/csv_ekoz/quarters/quarters/neutral/eko_2019_Q1’
‘/scratch/mmani_root/mmani0/shared_data/hot/csv_ekoz/quarters/neutral/eko_2019_Q1/truereddit.csv’ -> ‘/nfs/turbo/flnt-mmani/Reddit_Communities/csv_ekoz/quarters/quarters/neutral/eko_2019_Q1/truereddit.csv’
‘/scratch/mmani_root/mmani0/shared_data/hot/csv_ekoz/quarters/neutral/eko_2020_Q1’ -> ‘/nfs/turbo/flnt-mmani/Reddit_Communities/csv_ekoz/quarters/quarters/neutral/eko_2020_Q1’
‘/scratch/mmani_root/mmani0/shared_data/hot/csv_ekoz/quarters/neutral/eko_2020_Q1/truereddit.csv’ -> ‘/nfs/turbo/flnt-mmani/Reddit_Communities/csv_ekoz/quarters/quarters/neutral/eko_2020_Q1/truereddit.csv’
‘/scratch/mmani_root/mmani0/shared_data/hot/csv_ekoz/quarters/neutral/eko_2017_Q1’ -> ‘/nfs/turbo/flnt-mmani/Reddit_Communities/csv_ekoz/quarters/quarters/neutral/eko_2017_Q1’
‘/scratch/mmani_root/mmani0/shared_data/hot/csv_ekoz/quarters/neutral/eko_2017_Q1/truereddit.csv’ -> ‘/nfs/turbo/flnt-mmani/Reddit_Communities/csv_ekoz/quarters/quarters/neutral/eko_2017_Q1/truereddit.csv’
‘/scratch/mmani_root/mmani0/shared_data/hot/csv_ekoz/quarters/neutral/eko_2022_Q1’ -> ‘/nfs/turbo/flnt-mmani/Reddit_Communities/csv_ekoz/quarters/quarters/neutral/eko_2022_Q1’
‘/scratch/mmani_root/mmani0/shared_data/hot/csv_ekoz/quarters/neutral/eko_2022_Q1/truereddit.csv’ -> ‘/nfs/turbo/flnt-mmani/Reddit_Communities/csv_ekoz/quarters/quarters/neutral/eko_2022_Q1/truereddit.csv’
‘/scratch/mmani_root/mmani0/shared_data/hot/csv_ekoz/quarters/neutral/eko_2011_Q3’ -> ‘/nfs/turbo/flnt-mmani/Reddit_Communities/csv_ekoz/quarters/quarters/neutral/eko_2011_Q3’
‘/scratch/mmani_root/mmani0/shared_data/hot/csv_ekoz/quarters/neutral/eko_2011_Q3/truereddit.csv’ -> ‘/nfs/turbo/flnt-mmani/Reddit_Communities/csv_ekoz/quarters/quarters/neutral/eko_2011_Q3/truereddit.csv’
‘/scratch/mmani_root/mmani0/shared_data/hot/csv_ekoz/quarters/neutral/eko_2021_Q4’ -> ‘/nfs/turbo/flnt-mmani/Reddit_Communities/csv_ekoz/quarters/quarters/neutral/eko_2021_Q4’
‘/scratch/mmani_root/mmani0/shared_data/hot/csv_ekoz/quarters/neutral/eko_2021_Q4/truereddit.csv’ -> ‘/nfs/turbo/flnt-mmani/Reddit_Communities/csv_ekoz/quarters/quarters/neutral/eko_2021_Q4/truereddit.csv’
‘/scratch/mmani_root/mmani0/shared_data/hot/csv_ekoz/quarters/neutral/eko_2016_Q1’ -> ‘/nfs/turbo/flnt-mmani/Reddit_Communities/csv_ekoz/quarters/quarters/neutral/eko_2016_Q1’
‘/scratch/mmani_root/mmani0/shared_data/hot/csv_ekoz/quarters/neutral/eko_2016_Q1/truereddit.csv’ -> ‘/nfs/turbo/flnt-mmani/Reddit_Communities/csv_ekoz/quarters/quarters/neutral/eko_2016_Q1/truereddit.csv’
‘/scratch/mmani_root/mmani0/shared_data/hot/csv_ekoz/quarters/neutral/eko_2015_Q3’ -> ‘/nfs/turbo/flnt-mmani/Reddit_Communities/csv_ekoz/quarters/quarters/neutral/eko_2015_Q3’
‘/scratch/mmani_root/mmani0/shared_data/hot/csv_ekoz/quarters/neutral/eko_2015_Q3/truereddit.csv’ -> ‘/nfs/turbo/flnt-mmani/Reddit_Communities/csv_ekoz/quarters/quarters/neutral/eko_2015_Q3/truereddit.csv’
‘/scratch/mmani_root/mmani0/shared_data/hot/csv_ekoz/quarters/neutral/eko_2012_Q1’ -> ‘/nfs/turbo/flnt-mmani/Reddit_Communities/csv_ekoz/quarters/quarters/neutral/eko_2012_Q1’
‘/scratch/mmani_root/mmani0/shared_data/hot/csv_ekoz/quarters/neutral/eko_2012_Q1/truereddit.csv’ -> ‘/nfs/turbo/flnt-mmani/Reddit_Communities/csv_ekoz/quarters/quarters/neutral/eko_2012_Q1/truereddit.csv’
‘/scratch/mmani_root/mmani0/shared_data/hot/csv_ekoz/quarters/neutral/eko_2019_Q2’ -> ‘/nfs/turbo/flnt-mmani/Reddit_Communities/csv_ekoz/quarters/quarters/neutral/eko_2019_Q2’
‘/scratch/mmani_root/mmani0/shared_data/hot/csv_ekoz/quarters/neutral/eko_2019_Q2/truereddit.csv’ -> ‘/nfs/turbo/flnt-mmani/Reddit_Communities/csv_ekoz/quarters/quarters/neutral/eko_2019_Q2/truereddit.csv’
‘/scratch/mmani_root/mmani0/shared_data/hot/csv_ekoz/quarters/neutral/eko_2014_Q1’ -> ‘/nfs/turbo/flnt-mmani/Reddit_Communities/csv_ekoz/quarters/quarters/neutral/eko_2014_Q1’
‘/scratch/mmani_root/mmani0/shared_data/hot/csv_ekoz/quarters/neutral/eko_2014_Q1/truereddit.csv’ -> ‘/nfs/turbo/flnt-mmani/Reddit_Communities/csv_ekoz/quarters/quarters/neutral/eko_2014_Q1/truereddit.csv’
‘/scratch/mmani_root/mmani0/shared_data/hot/csv_ekoz/quarters/neutral/eko_2013_Q3’ -> ‘/nfs/turbo/flnt-mmani/Reddit_Communities/csv_ekoz/quarters/quarters/neutral/eko_2013_Q3’
‘/scratch/mmani_root/mmani0/shared_data/hot/csv_ekoz/quarters/neutral/eko_2013_Q3/truereddit.csv’ -> ‘/nfs/turbo/flnt-mmani/Reddit_Communities/csv_ekoz/quarters/quarters/neutral/eko_2013_Q3/truereddit.csv’
‘/scratch/mmani_root/mmani0/shared_data/hot/csv_ekoz/quarters/neutral/eko_2020_Q2’ -> ‘/nfs/turbo/flnt-mmani/Reddit_Communities/csv_ekoz/quarters/quarters/neutral/eko_2020_Q2’
‘/scratch/mmani_root/mmani0/shared_data/hot/csv_ekoz/quarters/neutral/eko_2020_Q2/truereddit.csv’ -> ‘/nfs/turbo/flnt-mmani/Reddit_Communities/csv_ekoz/quarters/quarters/neutral/eko_2020_Q2/truereddit.csv’
‘/scratch/mmani_root/mmani0/shared_data/hot/csv_ekoz/quarters/neutral/eko_2017_Q3’ -> ‘/nfs/turbo/flnt-mmani/Reddit_Communities/csv_ekoz/quarters/quarters/neutral/eko_2017_Q3’
‘/scratch/mmani_root/mmani0/shared_data/hot/csv_ekoz/quarters/neutral/eko_2017_Q3/truereddit.csv’ -> ‘/nfs/turbo/flnt-mmani/Reddit_Communities/csv_ekoz/quarters/quarters/neutral/eko_2017_Q3/truereddit.csv’
‘/scratch/mmani_root/mmani0/shared_data/hot/csv_ekoz/quarters/neutral/eko_2019_Q4’ -> ‘/nfs/turbo/flnt-mmani/Reddit_Communities/csv_ekoz/quarters/quarters/neutral/eko_2019_Q4’
‘/scratch/mmani_root/mmani0/shared_data/hot/csv_ekoz/quarters/neutral/eko_2019_Q4/truereddit.csv’ -> ‘/nfs/turbo/flnt-mmani/Reddit_Communities/csv_ekoz/quarters/quarters/neutral/eko_2019_Q4/truereddit.csv’
‘/scratch/mmani_root/mmani0/shared_data/hot/csv_ekoz/quarters/neutral/eko_2009_Q4’ -> ‘/nfs/turbo/flnt-mmani/Reddit_Communities/csv_ekoz/quarters/quarters/neutral/eko_2009_Q4’
‘/scratch/mmani_root/mmani0/shared_data/hot/csv_ekoz/quarters/neutral/eko_2009_Q4/truereddit.csv’ -> ‘/nfs/turbo/flnt-mmani/Reddit_Communities/csv_ekoz/quarters/quarters/neutral/eko_2009_Q4/truereddit.csv’
‘/scratch/mmani_root/mmani0/shared_data/hot/csv_ekoz/quarters/neutral/eko_2011_Q4’ -> ‘/nfs/turbo/flnt-mmani/Reddit_Communities/csv_ekoz/quarters/quarters/neutral/eko_2011_Q4’
‘/scratch/mmani_root/mmani0/shared_data/hot/csv_ekoz/quarters/neutral/eko_2011_Q4/truereddit.csv’ -> ‘/nfs/turbo/flnt-mmani/Reddit_Communities/csv_ekoz/quarters/quarters/neutral/eko_2011_Q4/truereddit.csv’
‘/scratch/mmani_root/mmani0/shared_data/hot/csv_ekoz/quarters/neutral/eko_2014_Q3’ -> ‘/nfs/turbo/flnt-mmani/Reddit_Communities/csv_ekoz/quarters/quarters/neutral/eko_2014_Q3’
‘/scratch/mmani_root/mmani0/shared_data/hot/csv_ekoz/quarters/neutral/eko_2014_Q3/truereddit.csv’ -> ‘/nfs/turbo/flnt-mmani/Reddit_Communities/csv_ekoz/quarters/quarters/neutral/eko_2014_Q3/truereddit.csv’
‘/scratch/mmani_root/mmani0/shared_data/hot/csv_ekoz/quarters/neutral/eko_2010_Q3’ -> ‘/nfs/turbo/flnt-mmani/Reddit_Communities/csv_ekoz/quarters/quarters/neutral/eko_2010_Q3’
‘/scratch/mmani_root/mmani0/shared_data/hot/csv_ekoz/quarters/neutral/eko_2010_Q3/truereddit.csv’ -> ‘/nfs/turbo/flnt-mmani/Reddit_Communities/csv_ekoz/quarters/quarters/neutral/eko_2010_Q3/truereddit.csv’
‘/scratch/mmani_root/mmani0/shared_data/hot/csv_ekoz/quarters/neutral/eko_2019_Q3’ -> ‘/nfs/turbo/flnt-mmani/Reddit_Communities/csv_ekoz/quarters/quarters/neutral/eko_2019_Q3’
‘/scratch/mmani_root/mmani0/shared_data/hot/csv_ekoz/quarters/neutral/eko_2019_Q3/truereddit.csv’ -> ‘/nfs/turbo/flnt-mmani/Reddit_Communities/csv_ekoz/quarters/quarters/neutral/eko_2019_Q3/truereddit.csv’
‘/scratch/mmani_root/mmani0/shared_data/hot/csv_ekoz/quarters/neutral/eko_2014_Q4’ -> ‘/nfs/turbo/flnt-mmani/Reddit_Communities/csv_ekoz/quarters/quarters/neutral/eko_2014_Q4’
‘/scratch/mmani_root/mmani0/shared_data/hot/csv_ekoz/quarters/neutral/eko_2014_Q4/truereddit.csv’ -> ‘/nfs/turbo/flnt-mmani/Reddit_Communities/csv_ekoz/quarters/quarters/neutral/eko_2014_Q4/truereddit.csv’
‘/scratch/mmani_root/mmani0/shared_data/hot/csv_ekoz/quarters/neutral/eko_2012_Q2’ -> ‘/nfs/turbo/flnt-mmani/Reddit_Communities/csv_ekoz/quarters/quarters/neutral/eko_2012_Q2’
‘/scratch/mmani_root/mmani0/shared_data/hot/csv_ekoz/quarters/neutral/eko_2012_Q2/truereddit.csv’ -> ‘/nfs/turbo/flnt-mmani/Reddit_Communities/csv_ekoz/quarters/quarters/neutral/eko_2012_Q2/truereddit.csv’
‘/scratch/mmani_root/mmani0/shared_data/hot/csv_ekoz/quarters/neutral/eko_2011_Q2’ -> ‘/nfs/turbo/flnt-mmani/Reddit_Communities/csv_ekoz/quarters/quarters/neutral/eko_2011_Q2’
‘/scratch/mmani_root/mmani0/shared_data/hot/csv_ekoz/quarters/neutral/eko_2011_Q2/truereddit.csv’ -> ‘/nfs/turbo/flnt-mmani/Reddit_Communities/csv_ekoz/quarters/quarters/neutral/eko_2011_Q2/truereddit.csv’
‘/scratch/mmani_root/mmani0/shared_data/hot/csv_ekoz/quarters/neutral/eko_2010_Q2’ -> ‘/nfs/turbo/flnt-mmani/Reddit_Communities/csv_ekoz/quarters/quarters/neutral/eko_2010_Q2’
‘/scratch/mmani_root/mmani0/shared_data/hot/csv_ekoz/quarters/neutral/eko_2010_Q2/truereddit.csv’ -> ‘/nfs/turbo/flnt-mmani/Reddit_Communities/csv_ekoz/quarters/quarters/neutral/eko_2010_Q2/truereddit.csv’
‘/scratch/mmani_root/mmani0/shared_data/hot/csv_ekoz/quarters/neutral/eko_2010_Q4’ -> ‘/nfs/turbo/flnt-mmani/Reddit_Communities/csv_ekoz/quarters/quarters/neutral/eko_2010_Q4’
‘/scratch/mmani_root/mmani0/shared_data/hot/csv_ekoz/quarters/neutral/eko_2010_Q4/truereddit.csv’ -> ‘/nfs/turbo/flnt-mmani/Reddit_Communities/csv_ekoz/quarters/quarters/neutral/eko_2010_Q4/truereddit.csv’
‘/scratch/mmani_root/mmani0/shared_data/hot/csv_ekoz/quarters/neutral/eko_2021_Q3’ -> ‘/nfs/turbo/flnt-mmani/Reddit_Communities/csv_ekoz/quarters/quarters/neutral/eko_2021_Q3’
‘/scratch/mmani_root/mmani0/shared_data/hot/csv_ekoz/quarters/neutral/eko_2021_Q3/truereddit.csv’ -> ‘/nfs/turbo/flnt-mmani/Reddit_Communities/csv_ekoz/quarters/quarters/neutral/eko_2021_Q3/truereddit.csv’
‘/scratch/mmani_root/mmani0/shared_data/hot/csv_ekoz/quarters/neutral/eko_2012_Q4’ -> ‘/nfs/turbo/flnt-mmani/Reddit_Communities/csv_ekoz/quarters/quarters/neutral/eko_2012_Q4’
‘/scratch/mmani_root/mmani0/shared_data/hot/csv_ekoz/quarters/neutral/eko_2012_Q4/truereddit.csv’ -> ‘/nfs/turbo/flnt-mmani/Reddit_Communities/csv_ekoz/quarters/quarters/neutral/eko_2012_Q4/truereddit.csv’
‘/scratch/mmani_root/mmani0/shared_data/hot/csv_ekoz/quarters/neutral/eko_2013_Q2’ -> ‘/nfs/turbo/flnt-mmani/Reddit_Communities/csv_ekoz/quarters/quarters/neutral/eko_2013_Q2’
‘/scratch/mmani_root/mmani0/shared_data/hot/csv_ekoz/quarters/neutral/eko_2013_Q2/truereddit.csv’ -> ‘/nfs/turbo/flnt-mmani/Reddit_Communities/csv_ekoz/quarters/quarters/neutral/eko_2013_Q2/truereddit.csv’
‘/scratch/mmani_root/mmani0/shared_data/hot/csv_ekoz/quarters/neutral/eko_2011_Q1’ -> ‘/nfs/turbo/flnt-mmani/Reddit_Communities/csv_ekoz/quarters/quarters/neutral/eko_2011_Q1’
‘/scratch/mmani_root/mmani0/shared_data/hot/csv_ekoz/quarters/neutral/eko_2011_Q1/truereddit.csv’ -> ‘/nfs/turbo/flnt-mmani/Reddit_Communities/csv_ekoz/quarters/quarters/neutral/eko_2011_Q1/truereddit.csv’
‘/scratch/mmani_root/mmani0/shared_data/hot/csv_ekoz/quarters/neutral/eko_2021_Q2’ -> ‘/nfs/turbo/flnt-mmani/Reddit_Communities/csv_ekoz/quarters/quarters/neutral/eko_2021_Q2’
‘/scratch/mmani_root/mmani0/shared_data/hot/csv_ekoz/quarters/neutral/eko_2021_Q2/truereddit.csv’ -> ‘/nfs/turbo/flnt-mmani/Reddit_Communities/csv_ekoz/quarters/quarters/neutral/eko_2021_Q2/truereddit.csv’
‘/scratch/mmani_root/mmani0/shared_data/hot/csv_ekoz/quarters/neutral/eko_2017_Q4’ -> ‘/nfs/turbo/flnt-mmani/Reddit_Communities/csv_ekoz/quarters/quarters/neutral/eko_2017_Q4’
‘/scratch/mmani_root/mmani0/shared_data/hot/csv_ekoz/quarters/neutral/eko_2017_Q4/truereddit.csv’ -> ‘/nfs/turbo/flnt-mmani/Reddit_Communities/csv_ekoz/quarters/quarters/neutral/eko_2017_Q4/truereddit.csv’
‘/scratch/mmani_root/mmani0/shared_data/hot/csv_ekoz/quarters/neutral/eko_2021_Q1’ -> ‘/nfs/turbo/flnt-mmani/Reddit_Communities/csv_ekoz/quarters/quarters/neutral/eko_2021_Q1’
‘/scratch/mmani_root/mmani0/shared_data/hot/csv_ekoz/quarters/neutral/eko_2021_Q1/truereddit.csv’ -> ‘/nfs/turbo/flnt-mmani/Reddit_Communities/csv_ekoz/quarters/quarters/neutral/eko_2021_Q1/truereddit.csv’
‘/scratch/mmani_root/mmani0/shared_data/hot/csv_ekoz/quarters/neutral/eko_2016_Q2’ -> ‘/nfs/turbo/flnt-mmani/Reddit_Communities/csv_ekoz/quarters/quarters/neutral/eko_2016_Q2’
‘/scratch/mmani_root/mmani0/shared_data/hot/csv_ekoz/quarters/neutral/eko_2016_Q2/truereddit.csv’ -> ‘/nfs/turbo/flnt-mmani/Reddit_Communities/csv_ekoz/quarters/quarters/neutral/eko_2016_Q2/truereddit.csv’
‘/scratch/mmani_root/mmani0/shared_data/hot/csv_ekoz/quarters/neutral/eko_2018_Q2’ -> ‘/nfs/turbo/flnt-mmani/Reddit_Communities/csv_ekoz/quarters/quarters/neutral/eko_2018_Q2’
‘/scratch/mmani_root/mmani0/shared_data/hot/csv_ekoz/quarters/neutral/eko_2018_Q2/truereddit.csv’ -> ‘/nfs/turbo/flnt-mmani/Reddit_Communities/csv_ekoz/quarters/quarters/neutral/eko_2018_Q2/truereddit.csv’
‘/scratch/mmani_root/mmani0/shared_data/hot/csv_ekoz/quarters/neutral/eko_2014_Q2’ -> ‘/nfs/turbo/flnt-mmani/Reddit_Communities/csv_ekoz/quarters/quarters/neutral/eko_2014_Q2’
‘/scratch/mmani_root/mmani0/shared_data/hot/csv_ekoz/quarters/neutral/eko_2014_Q2/truereddit.csv’ -> ‘/nfs/turbo/flnt-mmani/Reddit_Communities/csv_ekoz/quarters/quarters/neutral/eko_2014_Q2/truereddit.csv’
‘/scratch/mmani_root/mmani0/shared_data/hot/csv_ekoz/quarters/neutral/eko_2013_Q1’ -> ‘/nfs/turbo/flnt-mmani/Reddit_Communities/csv_ekoz/quarters/quarters/neutral/eko_2013_Q1’
‘/scratch/mmani_root/mmani0/shared_data/hot/csv_ekoz/quarters/neutral/eko_2013_Q1/truereddit.csv’ -> ‘/nfs/turbo/flnt-mmani/Reddit_Communities/csv_ekoz/quarters/quarters/neutral/eko_2013_Q1/truereddit.csv’
‘/scratch/mmani_root/mmani0/shared_data/hot/csv_ekoz/quarters/neutral/eko_2015_Q1’ -> ‘/nfs/turbo/flnt-mmani/Reddit_Communities/csv_ekoz/quarters/quarters/neutral/eko_2015_Q1’
‘/scratch/mmani_root/mmani0/shared_data/hot/csv_ekoz/quarters/neutral/eko_2015_Q1/truereddit.csv’ -> ‘/nfs/turbo/flnt-mmani/Reddit_Communities/csv_ekoz/quarters/quarters/neutral/eko_2015_Q1/truereddit.csv’
‘/scratch/mmani_root/mmani0/shared_data/hot/csv_ekoz/quarters/neutral/eko_2017_Q2’ -> ‘/nfs/turbo/flnt-mmani/Reddit_Communities/csv_ekoz/quarters/quarters/neutral/eko_2017_Q2’
‘/scratch/mmani_root/mmani0/shared_data/hot/csv_ekoz/quarters/neutral/eko_2017_Q2/truereddit.csv’ -> ‘/nfs/turbo/flnt-mmani/Reddit_Communities/csv_ekoz/quarters/quarters/neutral/eko_2017_Q2/truereddit.csv’
‘/scratch/mmani_root/mmani0/shared_data/hot/csv_ekoz/quarters/neutral/eko_2012_Q3’ -> ‘/nfs/turbo/flnt-mmani/Reddit_Communities/csv_ekoz/quarters/quarters/neutral/eko_2012_Q3’
‘/scratch/mmani_root/mmani0/shared_data/hot/csv_ekoz/quarters/neutral/eko_2012_Q3/truereddit.csv’ -> ‘/nfs/turbo/flnt-mmani/Reddit_Communities/csv_ekoz/quarters/quarters/neutral/eko_2012_Q3/truereddit.csv’
‘/scratch/mmani_root/mmani0/shared_data/hot/csv_ekoz/quarters/neutral/eko_2009_Q3’ -> ‘/nfs/turbo/flnt-mmani/Reddit_Communities/csv_ekoz/quarters/quarters/neutral/eko_2009_Q3’
‘/scratch/mmani_root/mmani0/shared_data/hot/csv_ekoz/quarters/neutral/eko_2009_Q3/truereddit.csv’ -> ‘/nfs/turbo/flnt-mmani/Reddit_Communities/csv_ekoz/quarters/quarters/neutral/eko_2009_Q3/truereddit.csv’
‘/scratch/mmani_root/mmani0/shared_data/hot/csv_ekoz/quarters/neutral/eko_2015_Q2’ -> ‘/nfs/turbo/flnt-mmani/Reddit_Communities/csv_ekoz/quarters/quarters/neutral/eko_2015_Q2’
‘/scratch/mmani_root/mmani0/shared_data/hot/csv_ekoz/quarters/neutral/eko_2015_Q2/truereddit.csv’ -> ‘/nfs/turbo/flnt-mmani/Reddit_Communities/csv_ekoz/quarters/quarters/neutral/eko_2015_Q2/truereddit.csv’
‘/scratch/mmani_root/mmani0/shared_data/hot/csv_ekoz/quarters/neutral/eko_2015_Q4’ -> ‘/nfs/turbo/flnt-mmani/Reddit_Communities/csv_ekoz/quarters/quarters/neutral/eko_2015_Q4’
‘/scratch/mmani_root/mmani0/shared_data/hot/csv_ekoz/quarters/neutral/eko_2015_Q4/truereddit.csv’ -> ‘/nfs/turbo/flnt-mmani/Reddit_Communities/csv_ekoz/quarters/quarters/neutral/eko_2015_Q4/truereddit.csv’
‘/scratch/mmani_root/mmani0/shared_data/hot/csv_ekoz/quarters/neutral/eko_2010_Q1’ -> ‘/nfs/turbo/flnt-mmani/Reddit_Communities/csv_ekoz/quarters/quarters/neutral/eko_2010_Q1’
‘/scratch/mmani_root/mmani0/shared_data/hot/csv_ekoz/quarters/neutral/eko_2010_Q1/truereddit.csv’ -> ‘/nfs/turbo/flnt-mmani/Reddit_Communities/csv_ekoz/quarters/quarters/neutral/eko_2010_Q1/truereddit.csv’
‘/scratch/mmani_root/mmani0/shared_data/hot/csv_ekoz/quarters/neutral/eko_2020_Q4’ -> ‘/nfs/turbo/flnt-mmani/Reddit_Communities/csv_ekoz/quarters/quarters/neutral/eko_2020_Q4’
‘/scratch/mmani_root/mmani0/shared_data/hot/csv_ekoz/quarters/neutral/eko_2020_Q4/truereddit.csv’ -> ‘/nfs/turbo/flnt-mmani/Reddit_Communities/csv_ekoz/quarters/quarters/neutral/eko_2020_Q4/truereddit.csv’
‘/scratch/mmani_root/mmani0/shared_data/hot/csv_ekoz/quarters/neutral/eko_2022_Q2’ -> ‘/nfs/turbo/flnt-mmani/Reddit_Communities/csv_ekoz/quarters/quarters/neutral/eko_2022_Q2’
‘/scratch/mmani_root/mmani0/shared_data/hot/csv_ekoz/quarters/neutral/eko_2022_Q2/truereddit.csv’ -> ‘/nfs/turbo/flnt-mmani/Reddit_Communities/csv_ekoz/quarters/quarters/neutral/eko_2022_Q2/truereddit.csv’
‘/scratch/mmani_root/mmani0/shared_data/hot/csv_ekoz/quarters/neutral/eko_2013_Q4’ -> ‘/nfs/turbo/flnt-mmani/Reddit_Communities/csv_ekoz/quarters/quarters/neutral/eko_2013_Q4’
‘/scratch/mmani_root/mmani0/shared_data/hot/csv_ekoz/quarters/neutral/eko_2013_Q4/truereddit.csv’ -> ‘/nfs/turbo/flnt-mmani/Reddit_Communities/csv_ekoz/quarters/quarters/neutral/eko_2013_Q4/truereddit.csv’
‘/scratch/mmani_root/mmani0/shared_data/hot/csv_ekoz/quarters/neutral/eko_2020_Q3’ -> ‘/nfs/turbo/flnt-mmani/Reddit_Communities/csv_ekoz/quarters/quarters/neutral/eko_2020_Q3’
‘/scratch/mmani_root/mmani0/shared_data/hot/csv_ekoz/quarters/neutral/eko_2020_Q3/truereddit.csv’ -> ‘/nfs/turbo/flnt-mmani/Reddit_Communities/csv_ekoz/quarters/quarters/neutral/eko_2020_Q3/truereddit.csv’
‘/scratch/mmani_root/mmani0/shared_data/hot/csv_ekoz/quarters/conspiracy’ -> ‘/nfs/turbo/flnt-mmani/Reddit_Communities/csv_ekoz/quarters/quarters/conspiracy’
‘/scratch/mmani_root/mmani0/shared_data/hot/csv_ekoz/quarters/conspiracy/eko_2016_Q4’ -> ‘/nfs/turbo/flnt-mmani/Reddit_Communities/csv_ekoz/quarters/quarters/conspiracy/eko_2016_Q4’
‘/scratch/mmani_root/mmani0/shared_data/hot/csv_ekoz/quarters/conspiracy/eko_2016_Q4/truereddit.csv’ -> ‘/nfs/turbo/flnt-mmani/Reddit_Communities/csv_ekoz/quarters/quarters/conspiracy/eko_2016_Q4/truereddit.csv’
‘/scratch/mmani_root/mmani0/shared_data/hot/csv_ekoz/quarters/conspiracy/eko_2018_Q1’ -> ‘/nfs/turbo/flnt-mmani/Reddit_Communities/csv_ekoz/quarters/quarters/conspiracy/eko_2018_Q1’
‘/scratch/mmani_root/mmani0/shared_data/hot/csv_ekoz/quarters/conspiracy/eko_2018_Q1/truereddit.csv’ -> ‘/nfs/turbo/flnt-mmani/Reddit_Communities/csv_ekoz/quarters/quarters/conspiracy/eko_2018_Q1/truereddit.csv’
‘/scratch/mmani_root/mmani0/shared_data/hot/csv_ekoz/quarters/conspiracy/eko_2018_Q4’ -> ‘/nfs/turbo/flnt-mmani/Reddit_Communities/csv_ekoz/quarters/quarters/conspiracy/eko_2018_Q4’
‘/scratch/mmani_root/mmani0/shared_data/hot/csv_ekoz/quarters/conspiracy/eko_2018_Q4/truereddit.csv’ -> ‘/nfs/turbo/flnt-mmani/Reddit_Communities/csv_ekoz/quarters/quarters/conspiracy/eko_2018_Q4/truereddit.csv’
‘/scratch/mmani_root/mmani0/shared_data/hot/csv_ekoz/quarters/conspiracy/eko_2016_Q3’ -> ‘/nfs/turbo/flnt-mmani/Reddit_Communities/csv_ekoz/quarters/quarters/conspiracy/eko_2016_Q3’
‘/scratch/mmani_root/mmani0/shared_data/hot/csv_ekoz/quarters/conspiracy/eko_2016_Q3/truereddit.csv’ -> ‘/nfs/turbo/flnt-mmani/Reddit_Communities/csv_ekoz/quarters/quarters/conspiracy/eko_2016_Q3/truereddit.csv’
‘/scratch/mmani_root/mmani0/shared_data/hot/csv_ekoz/quarters/conspiracy/eko_2018_Q3’ -> ‘/nfs/turbo/flnt-mmani/Reddit_Communities/csv_ekoz/quarters/quarters/conspiracy/eko_2018_Q3’
‘/scratch/mmani_root/mmani0/shared_data/hot/csv_ekoz/quarters/conspiracy/eko_2018_Q3/truereddit.csv’ -> ‘/nfs/turbo/flnt-mmani/Reddit_Communities/csv_ekoz/quarters/quarters/conspiracy/eko_2018_Q3/truereddit.csv’
‘/scratch/mmani_root/mmani0/shared_data/hot/csv_ekoz/quarters/conspiracy/eko_2009_Q2’ -> ‘/nfs/turbo/flnt-mmani/Reddit_Communities/csv_ekoz/quarters/quarters/conspiracy/eko_2009_Q2’
‘/scratch/mmani_root/mmani0/shared_data/hot/csv_ekoz/quarters/conspiracy/eko_2009_Q2/truereddit.csv’ -> ‘/nfs/turbo/flnt-mmani/Reddit_Communities/csv_ekoz/quarters/quarters/conspiracy/eko_2009_Q2/truereddit.csv’
‘/scratch/mmani_root/mmani0/shared_data/hot/csv_ekoz/quarters/conspiracy/eko_2019_Q1’ -> ‘/nfs/turbo/flnt-mmani/Reddit_Communities/csv_ekoz/quarters/quarters/conspiracy/eko_2019_Q1’
‘/scratch/mmani_root/mmani0/shared_data/hot/csv_ekoz/quarters/conspiracy/eko_2019_Q1/truereddit.csv’ -> ‘/nfs/turbo/flnt-mmani/Reddit_Communities/csv_ekoz/quarters/quarters/conspiracy/eko_2019_Q1/truereddit.csv’
‘/scratch/mmani_root/mmani0/shared_data/hot/csv_ekoz/quarters/conspiracy/eko_2020_Q1’ -> ‘/nfs/turbo/flnt-mmani/Reddit_Communities/csv_ekoz/quarters/quarters/conspiracy/eko_2020_Q1’
‘/scratch/mmani_root/mmani0/shared_data/hot/csv_ekoz/quarters/conspiracy/eko_2020_Q1/truereddit.csv’ -> ‘/nfs/turbo/flnt-mmani/Reddit_Communities/csv_ekoz/quarters/quarters/conspiracy/eko_2020_Q1/truereddit.csv’
‘/scratch/mmani_root/mmani0/shared_data/hot/csv_ekoz/quarters/conspiracy/eko_2017_Q1’ -> ‘/nfs/turbo/flnt-mmani/Reddit_Communities/csv_ekoz/quarters/quarters/conspiracy/eko_2017_Q1’
‘/scratch/mmani_root/mmani0/shared_data/hot/csv_ekoz/quarters/conspiracy/eko_2017_Q1/truereddit.csv’ -> ‘/nfs/turbo/flnt-mmani/Reddit_Communities/csv_ekoz/quarters/quarters/conspiracy/eko_2017_Q1/truereddit.csv’
‘/scratch/mmani_root/mmani0/shared_data/hot/csv_ekoz/quarters/conspiracy/eko_2022_Q1’ -> ‘/nfs/turbo/flnt-mmani/Reddit_Communities/csv_ekoz/quarters/quarters/conspiracy/eko_2022_Q1’
‘/scratch/mmani_root/mmani0/shared_data/hot/csv_ekoz/quarters/conspiracy/eko_2022_Q1/truereddit.csv’ -> ‘/nfs/turbo/flnt-mmani/Reddit_Communities/csv_ekoz/quarters/quarters/conspiracy/eko_2022_Q1/truereddit.csv’
‘/scratch/mmani_root/mmani0/shared_data/hot/csv_ekoz/quarters/conspiracy/eko_2011_Q3’ -> ‘/nfs/turbo/flnt-mmani/Reddit_Communities/csv_ekoz/quarters/quarters/conspiracy/eko_2011_Q3’
‘/scratch/mmani_root/mmani0/shared_data/hot/csv_ekoz/quarters/conspiracy/eko_2011_Q3/truereddit.csv’ -> ‘/nfs/turbo/flnt-mmani/Reddit_Communities/csv_ekoz/quarters/quarters/conspiracy/eko_2011_Q3/truereddit.csv’
‘/scratch/mmani_root/mmani0/shared_data/hot/csv_ekoz/quarters/conspiracy/eko_2021_Q4’ -> ‘/nfs/turbo/flnt-mmani/Reddit_Communities/csv_ekoz/quarters/quarters/conspiracy/eko_2021_Q4’
‘/scratch/mmani_root/mmani0/shared_data/hot/csv_ekoz/quarters/conspiracy/eko_2021_Q4/truereddit.csv’ -> ‘/nfs/turbo/flnt-mmani/Reddit_Communities/csv_ekoz/quarters/quarters/conspiracy/eko_2021_Q4/truereddit.csv’
‘/scratch/mmani_root/mmani0/shared_data/hot/csv_ekoz/quarters/conspiracy/eko_2016_Q1’ -> ‘/nfs/turbo/flnt-mmani/Reddit_Communities/csv_ekoz/quarters/quarters/conspiracy/eko_2016_Q1’
‘/scratch/mmani_root/mmani0/shared_data/hot/csv_ekoz/quarters/conspiracy/eko_2016_Q1/truereddit.csv’ -> ‘/nfs/turbo/flnt-mmani/Reddit_Communities/csv_ekoz/quarters/quarters/conspiracy/eko_2016_Q1/truereddit.csv’
‘/scratch/mmani_root/mmani0/shared_data/hot/csv_ekoz/quarters/conspiracy/eko_2015_Q3’ -> ‘/nfs/turbo/flnt-mmani/Reddit_Communities/csv_ekoz/quarters/quarters/conspiracy/eko_2015_Q3’
‘/scratch/mmani_root/mmani0/shared_data/hot/csv_ekoz/quarters/conspiracy/eko_2015_Q3/truereddit.csv’ -> ‘/nfs/turbo/flnt-mmani/Reddit_Communities/csv_ekoz/quarters/quarters/conspiracy/eko_2015_Q3/truereddit.csv’
‘/scratch/mmani_root/mmani0/shared_data/hot/csv_ekoz/quarters/conspiracy/eko_2012_Q1’ -> ‘/nfs/turbo/flnt-mmani/Reddit_Communities/csv_ekoz/quarters/quarters/conspiracy/eko_2012_Q1’
‘/scratch/mmani_root/mmani0/shared_data/hot/csv_ekoz/quarters/conspiracy/eko_2012_Q1/truereddit.csv’ -> ‘/nfs/turbo/flnt-mmani/Reddit_Communities/csv_ekoz/quarters/quarters/conspiracy/eko_2012_Q1/truereddit.csv’
‘/scratch/mmani_root/mmani0/shared_data/hot/csv_ekoz/quarters/conspiracy/eko_2019_Q2’ -> ‘/nfs/turbo/flnt-mmani/Reddit_Communities/csv_ekoz/quarters/quarters/conspiracy/eko_2019_Q2’
‘/scratch/mmani_root/mmani0/shared_data/hot/csv_ekoz/quarters/conspiracy/eko_2019_Q2/truereddit.csv’ -> ‘/nfs/turbo/flnt-mmani/Reddit_Communities/csv_ekoz/quarters/quarters/conspiracy/eko_2019_Q2/truereddit.csv’
‘/scratch/mmani_root/mmani0/shared_data/hot/csv_ekoz/quarters/conspiracy/eko_2014_Q1’ -> ‘/nfs/turbo/flnt-mmani/Reddit_Communities/csv_ekoz/quarters/quarters/conspiracy/eko_2014_Q1’
‘/scratch/mmani_root/mmani0/shared_data/hot/csv_ekoz/quarters/conspiracy/eko_2014_Q1/truereddit.csv’ -> ‘/nfs/turbo/flnt-mmani/Reddit_Communities/csv_ekoz/quarters/quarters/conspiracy/eko_2014_Q1/truereddit.csv’
‘/scratch/mmani_root/mmani0/shared_data/hot/csv_ekoz/quarters/conspiracy/eko_2013_Q3’ -> ‘/nfs/turbo/flnt-mmani/Reddit_Communities/csv_ekoz/quarters/quarters/conspiracy/eko_2013_Q3’
‘/scratch/mmani_root/mmani0/shared_data/hot/csv_ekoz/quarters/conspiracy/eko_2013_Q3/truereddit.csv’ -> ‘/nfs/turbo/flnt-mmani/Reddit_Communities/csv_ekoz/quarters/quarters/conspiracy/eko_2013_Q3/truereddit.csv’
‘/scratch/mmani_root/mmani0/shared_data/hot/csv_ekoz/quarters/conspiracy/eko_2020_Q2’ -> ‘/nfs/turbo/flnt-mmani/Reddit_Communities/csv_ekoz/quarters/quarters/conspiracy/eko_2020_Q2’
‘/scratch/mmani_root/mmani0/shared_data/hot/csv_ekoz/quarters/conspiracy/eko_2020_Q2/truereddit.csv’ -> ‘/nfs/turbo/flnt-mmani/Reddit_Communities/csv_ekoz/quarters/quarters/conspiracy/eko_2020_Q2/truereddit.csv’
‘/scratch/mmani_root/mmani0/shared_data/hot/csv_ekoz/quarters/conspiracy/eko_2017_Q3’ -> ‘/nfs/turbo/flnt-mmani/Reddit_Communities/csv_ekoz/quarters/quarters/conspiracy/eko_2017_Q3’
‘/scratch/mmani_root/mmani0/shared_data/hot/csv_ekoz/quarters/conspiracy/eko_2017_Q3/truereddit.csv’ -> ‘/nfs/turbo/flnt-mmani/Reddit_Communities/csv_ekoz/quarters/quarters/conspiracy/eko_2017_Q3/truereddit.csv’
‘/scratch/mmani_root/mmani0/shared_data/hot/csv_ekoz/quarters/conspiracy/eko_2019_Q4’ -> ‘/nfs/turbo/flnt-mmani/Reddit_Communities/csv_ekoz/quarters/quarters/conspiracy/eko_2019_Q4’
‘/scratch/mmani_root/mmani0/shared_data/hot/csv_ekoz/quarters/conspiracy/eko_2019_Q4/truereddit.csv’ -> ‘/nfs/turbo/flnt-mmani/Reddit_Communities/csv_ekoz/quarters/quarters/conspiracy/eko_2019_Q4/truereddit.csv’
‘/scratch/mmani_root/mmani0/shared_data/hot/csv_ekoz/quarters/conspiracy/eko_2009_Q4’ -> ‘/nfs/turbo/flnt-mmani/Reddit_Communities/csv_ekoz/quarters/quarters/conspiracy/eko_2009_Q4’
‘/scratch/mmani_root/mmani0/shared_data/hot/csv_ekoz/quarters/conspiracy/eko_2009_Q4/truereddit.csv’ -> ‘/nfs/turbo/flnt-mmani/Reddit_Communities/csv_ekoz/quarters/quarters/conspiracy/eko_2009_Q4/truereddit.csv’
‘/scratch/mmani_root/mmani0/shared_data/hot/csv_ekoz/quarters/conspiracy/eko_2011_Q4’ -> ‘/nfs/turbo/flnt-mmani/Reddit_Communities/csv_ekoz/quarters/quarters/conspiracy/eko_2011_Q4’
‘/scratch/mmani_root/mmani0/shared_data/hot/csv_ekoz/quarters/conspiracy/eko_2011_Q4/truereddit.csv’ -> ‘/nfs/turbo/flnt-mmani/Reddit_Communities/csv_ekoz/quarters/quarters/conspiracy/eko_2011_Q4/truereddit.csv’
‘/scratch/mmani_root/mmani0/shared_data/hot/csv_ekoz/quarters/conspiracy/eko_2014_Q3’ -> ‘/nfs/turbo/flnt-mmani/Reddit_Communities/csv_ekoz/quarters/quarters/conspiracy/eko_2014_Q3’
‘/scratch/mmani_root/mmani0/shared_data/hot/csv_ekoz/quarters/conspiracy/eko_2014_Q3/truereddit.csv’ -> ‘/nfs/turbo/flnt-mmani/Reddit_Communities/csv_ekoz/quarters/quarters/conspiracy/eko_2014_Q3/truereddit.csv’
‘/scratch/mmani_root/mmani0/shared_data/hot/csv_ekoz/quarters/conspiracy/eko_2010_Q3’ -> ‘/nfs/turbo/flnt-mmani/Reddit_Communities/csv_ekoz/quarters/quarters/conspiracy/eko_2010_Q3’
‘/scratch/mmani_root/mmani0/shared_data/hot/csv_ekoz/quarters/conspiracy/eko_2010_Q3/truereddit.csv’ -> ‘/nfs/turbo/flnt-mmani/Reddit_Communities/csv_ekoz/quarters/quarters/conspiracy/eko_2010_Q3/truereddit.csv’
‘/scratch/mmani_root/mmani0/shared_data/hot/csv_ekoz/quarters/conspiracy/eko_2019_Q3’ -> ‘/nfs/turbo/flnt-mmani/Reddit_Communities/csv_ekoz/quarters/quarters/conspiracy/eko_2019_Q3’
‘/scratch/mmani_root/mmani0/shared_data/hot/csv_ekoz/quarters/conspiracy/eko_2019_Q3/truereddit.csv’ -> ‘/nfs/turbo/flnt-mmani/Reddit_Communities/csv_ekoz/quarters/quarters/conspiracy/eko_2019_Q3/truereddit.csv’
‘/scratch/mmani_root/mmani0/shared_data/hot/csv_ekoz/quarters/conspiracy/eko_2014_Q4’ -> ‘/nfs/turbo/flnt-mmani/Reddit_Communities/csv_ekoz/quarters/quarters/conspiracy/eko_2014_Q4’
‘/scratch/mmani_root/mmani0/shared_data/hot/csv_ekoz/quarters/conspiracy/eko_2014_Q4/truereddit.csv’ -> ‘/nfs/turbo/flnt-mmani/Reddit_Communities/csv_ekoz/quarters/quarters/conspiracy/eko_2014_Q4/truereddit.csv’
‘/scratch/mmani_root/mmani0/shared_data/hot/csv_ekoz/quarters/conspiracy/eko_2012_Q2’ -> ‘/nfs/turbo/flnt-mmani/Reddit_Communities/csv_ekoz/quarters/quarters/conspiracy/eko_2012_Q2’
‘/scratch/mmani_root/mmani0/shared_data/hot/csv_ekoz/quarters/conspiracy/eko_2012_Q2/truereddit.csv’ -> ‘/nfs/turbo/flnt-mmani/Reddit_Communities/csv_ekoz/quarters/quarters/conspiracy/eko_2012_Q2/truereddit.csv’
‘/scratch/mmani_root/mmani0/shared_data/hot/csv_ekoz/quarters/conspiracy/eko_2011_Q2’ -> ‘/nfs/turbo/flnt-mmani/Reddit_Communities/csv_ekoz/quarters/quarters/conspiracy/eko_2011_Q2’
‘/scratch/mmani_root/mmani0/shared_data/hot/csv_ekoz/quarters/conspiracy/eko_2011_Q2/truereddit.csv’ -> ‘/nfs/turbo/flnt-mmani/Reddit_Communities/csv_ekoz/quarters/quarters/conspiracy/eko_2011_Q2/truereddit.csv’
‘/scratch/mmani_root/mmani0/shared_data/hot/csv_ekoz/quarters/conspiracy/eko_2010_Q2’ -> ‘/nfs/turbo/flnt-mmani/Reddit_Communities/csv_ekoz/quarters/quarters/conspiracy/eko_2010_Q2’
‘/scratch/mmani_root/mmani0/shared_data/hot/csv_ekoz/quarters/conspiracy/eko_2010_Q2/truereddit.csv’ -> ‘/nfs/turbo/flnt-mmani/Reddit_Communities/csv_ekoz/quarters/quarters/conspiracy/eko_2010_Q2/truereddit.csv’
‘/scratch/mmani_root/mmani0/shared_data/hot/csv_ekoz/quarters/conspiracy/eko_2010_Q4’ -> ‘/nfs/turbo/flnt-mmani/Reddit_Communities/csv_ekoz/quarters/quarters/conspiracy/eko_2010_Q4’
‘/scratch/mmani_root/mmani0/shared_data/hot/csv_ekoz/quarters/conspiracy/eko_2010_Q4/truereddit.csv’ -> ‘/nfs/turbo/flnt-mmani/Reddit_Communities/csv_ekoz/quarters/quarters/conspiracy/eko_2010_Q4/truereddit.csv’
‘/scratch/mmani_root/mmani0/shared_data/hot/csv_ekoz/quarters/conspiracy/eko_2021_Q3’ -> ‘/nfs/turbo/flnt-mmani/Reddit_Communities/csv_ekoz/quarters/quarters/conspiracy/eko_2021_Q3’
‘/scratch/mmani_root/mmani0/shared_data/hot/csv_ekoz/quarters/conspiracy/eko_2021_Q3/truereddit.csv’ -> ‘/nfs/turbo/flnt-mmani/Reddit_Communities/csv_ekoz/quarters/quarters/conspiracy/eko_2021_Q3/truereddit.csv’
‘/scratch/mmani_root/mmani0/shared_data/hot/csv_ekoz/quarters/conspiracy/eko_2012_Q4’ -> ‘/nfs/turbo/flnt-mmani/Reddit_Communities/csv_ekoz/quarters/quarters/conspiracy/eko_2012_Q4’
‘/scratch/mmani_root/mmani0/shared_data/hot/csv_ekoz/quarters/conspiracy/eko_2012_Q4/truereddit.csv’ -> ‘/nfs/turbo/flnt-mmani/Reddit_Communities/csv_ekoz/quarters/quarters/conspiracy/eko_2012_Q4/truereddit.csv’
‘/scratch/mmani_root/mmani0/shared_data/hot/csv_ekoz/quarters/conspiracy/eko_2013_Q2’ -> ‘/nfs/turbo/flnt-mmani/Reddit_Communities/csv_ekoz/quarters/quarters/conspiracy/eko_2013_Q2’
‘/scratch/mmani_root/mmani0/shared_data/hot/csv_ekoz/quarters/conspiracy/eko_2013_Q2/truereddit.csv’ -> ‘/nfs/turbo/flnt-mmani/Reddit_Communities/csv_ekoz/quarters/quarters/conspiracy/eko_2013_Q2/truereddit.csv’
‘/scratch/mmani_root/mmani0/shared_data/hot/csv_ekoz/quarters/conspiracy/eko_2011_Q1’ -> ‘/nfs/turbo/flnt-mmani/Reddit_Communities/csv_ekoz/quarters/quarters/conspiracy/eko_2011_Q1’
‘/scratch/mmani_root/mmani0/shared_data/hot/csv_ekoz/quarters/conspiracy/eko_2011_Q1/truereddit.csv’ -> ‘/nfs/turbo/flnt-mmani/Reddit_Communities/csv_ekoz/quarters/quarters/conspiracy/eko_2011_Q1/truereddit.csv’
‘/scratch/mmani_root/mmani0/shared_data/hot/csv_ekoz/quarters/conspiracy/eko_2021_Q2’ -> ‘/nfs/turbo/flnt-mmani/Reddit_Communities/csv_ekoz/quarters/quarters/conspiracy/eko_2021_Q2’
‘/scratch/mmani_root/mmani0/shared_data/hot/csv_ekoz/quarters/conspiracy/eko_2021_Q2/truereddit.csv’ -> ‘/nfs/turbo/flnt-mmani/Reddit_Communities/csv_ekoz/quarters/quarters/conspiracy/eko_2021_Q2/truereddit.csv’
‘/scratch/mmani_root/mmani0/shared_data/hot/csv_ekoz/quarters/conspiracy/eko_2017_Q4’ -> ‘/nfs/turbo/flnt-mmani/Reddit_Communities/csv_ekoz/quarters/quarters/conspiracy/eko_2017_Q4’
‘/scratch/mmani_root/mmani0/shared_data/hot/csv_ekoz/quarters/conspiracy/eko_2017_Q4/truereddit.csv’ -> ‘/nfs/turbo/flnt-mmani/Reddit_Communities/csv_ekoz/quarters/quarters/conspiracy/eko_2017_Q4/truereddit.csv’
‘/scratch/mmani_root/mmani0/shared_data/hot/csv_ekoz/quarters/conspiracy/eko_2021_Q1’ -> ‘/nfs/turbo/flnt-mmani/Reddit_Communities/csv_ekoz/quarters/quarters/conspiracy/eko_2021_Q1’
‘/scratch/mmani_root/mmani0/shared_data/hot/csv_ekoz/quarters/conspiracy/eko_2021_Q1/truereddit.csv’ -> ‘/nfs/turbo/flnt-mmani/Reddit_Communities/csv_ekoz/quarters/quarters/conspiracy/eko_2021_Q1/truereddit.csv’
‘/scratch/mmani_root/mmani0/shared_data/hot/csv_ekoz/quarters/conspiracy/eko_2016_Q2’ -> ‘/nfs/turbo/flnt-mmani/Reddit_Communities/csv_ekoz/quarters/quarters/conspiracy/eko_2016_Q2’
‘/scratch/mmani_root/mmani0/shared_data/hot/csv_ekoz/quarters/conspiracy/eko_2016_Q2/truereddit.csv’ -> ‘/nfs/turbo/flnt-mmani/Reddit_Communities/csv_ekoz/quarters/quarters/conspiracy/eko_2016_Q2/truereddit.csv’
‘/scratch/mmani_root/mmani0/shared_data/hot/csv_ekoz/quarters/conspiracy/eko_2018_Q2’ -> ‘/nfs/turbo/flnt-mmani/Reddit_Communities/csv_ekoz/quarters/quarters/conspiracy/eko_2018_Q2’
‘/scratch/mmani_root/mmani0/shared_data/hot/csv_ekoz/quarters/conspiracy/eko_2018_Q2/truereddit.csv’ -> ‘/nfs/turbo/flnt-mmani/Reddit_Communities/csv_ekoz/quarters/quarters/conspiracy/eko_2018_Q2/truereddit.csv’
‘/scratch/mmani_root/mmani0/shared_data/hot/csv_ekoz/quarters/conspiracy/eko_2014_Q2’ -> ‘/nfs/turbo/flnt-mmani/Reddit_Communities/csv_ekoz/quarters/quarters/conspiracy/eko_2014_Q2’
‘/scratch/mmani_root/mmani0/shared_data/hot/csv_ekoz/quarters/conspiracy/eko_2014_Q2/truereddit.csv’ -> ‘/nfs/turbo/flnt-mmani/Reddit_Communities/csv_ekoz/quarters/quarters/conspiracy/eko_2014_Q2/truereddit.csv’
‘/scratch/mmani_root/mmani0/shared_data/hot/csv_ekoz/quarters/conspiracy/eko_2013_Q1’ -> ‘/nfs/turbo/flnt-mmani/Reddit_Communities/csv_ekoz/quarters/quarters/conspiracy/eko_2013_Q1’
‘/scratch/mmani_root/mmani0/shared_data/hot/csv_ekoz/quarters/conspiracy/eko_2013_Q1/truereddit.csv’ -> ‘/nfs/turbo/flnt-mmani/Reddit_Communities/csv_ekoz/quarters/quarters/conspiracy/eko_2013_Q1/truereddit.csv’
‘/scratch/mmani_root/mmani0/shared_data/hot/csv_ekoz/quarters/conspiracy/eko_2015_Q1’ -> ‘/nfs/turbo/flnt-mmani/Reddit_Communities/csv_ekoz/quarters/quarters/conspiracy/eko_2015_Q1’
‘/scratch/mmani_root/mmani0/shared_data/hot/csv_ekoz/quarters/conspiracy/eko_2015_Q1/truereddit.csv’ -> ‘/nfs/turbo/flnt-mmani/Reddit_Communities/csv_ekoz/quarters/quarters/conspiracy/eko_2015_Q1/truereddit.csv’
‘/scratch/mmani_root/mmani0/shared_data/hot/csv_ekoz/quarters/conspiracy/eko_2017_Q2’ -> ‘/nfs/turbo/flnt-mmani/Reddit_Communities/csv_ekoz/quarters/quarters/conspiracy/eko_2017_Q2’
‘/scratch/mmani_root/mmani0/shared_data/hot/csv_ekoz/quarters/conspiracy/eko_2017_Q2/truereddit.csv’ -> ‘/nfs/turbo/flnt-mmani/Reddit_Communities/csv_ekoz/quarters/quarters/conspiracy/eko_2017_Q2/truereddit.csv’
‘/scratch/mmani_root/mmani0/shared_data/hot/csv_ekoz/quarters/conspiracy/eko_2012_Q3’ -> ‘/nfs/turbo/flnt-mmani/Reddit_Communities/csv_ekoz/quarters/quarters/conspiracy/eko_2012_Q3’
‘/scratch/mmani_root/mmani0/shared_data/hot/csv_ekoz/quarters/conspiracy/eko_2012_Q3/truereddit.csv’ -> ‘/nfs/turbo/flnt-mmani/Reddit_Communities/csv_ekoz/quarters/quarters/conspiracy/eko_2012_Q3/truereddit.csv’
‘/scratch/mmani_root/mmani0/shared_data/hot/csv_ekoz/quarters/conspiracy/eko_2009_Q3’ -> ‘/nfs/turbo/flnt-mmani/Reddit_Communities/csv_ekoz/quarters/quarters/conspiracy/eko_2009_Q3’
‘/scratch/mmani_root/mmani0/shared_data/hot/csv_ekoz/quarters/conspiracy/eko_2009_Q3/truereddit.csv’ -> ‘/nfs/turbo/flnt-mmani/Reddit_Communities/csv_ekoz/quarters/quarters/conspiracy/eko_2009_Q3/truereddit.csv’
‘/scratch/mmani_root/mmani0/shared_data/hot/csv_ekoz/quarters/conspiracy/eko_2015_Q2’ -> ‘/nfs/turbo/flnt-mmani/Reddit_Communities/csv_ekoz/quarters/quarters/conspiracy/eko_2015_Q2’
‘/scratch/mmani_root/mmani0/shared_data/hot/csv_ekoz/quarters/conspiracy/eko_2015_Q2/truereddit.csv’ -> ‘/nfs/turbo/flnt-mmani/Reddit_Communities/csv_ekoz/quarters/quarters/conspiracy/eko_2015_Q2/truereddit.csv’
‘/scratch/mmani_root/mmani0/shared_data/hot/csv_ekoz/quarters/conspiracy/eko_2015_Q4’ -> ‘/nfs/turbo/flnt-mmani/Reddit_Communities/csv_ekoz/quarters/quarters/conspiracy/eko_2015_Q4’
‘/scratch/mmani_root/mmani0/shared_data/hot/csv_ekoz/quarters/conspiracy/eko_2015_Q4/truereddit.csv’ -> ‘/nfs/turbo/flnt-mmani/Reddit_Communities/csv_ekoz/quarters/quarters/conspiracy/eko_2015_Q4/truereddit.csv’
‘/scratch/mmani_root/mmani0/shared_data/hot/csv_ekoz/quarters/conspiracy/eko_2010_Q1’ -> ‘/nfs/turbo/flnt-mmani/Reddit_Communities/csv_ekoz/quarters/quarters/conspiracy/eko_2010_Q1’
‘/scratch/mmani_root/mmani0/shared_data/hot/csv_ekoz/quarters/conspiracy/eko_2010_Q1/truereddit.csv’ -> ‘/nfs/turbo/flnt-mmani/Reddit_Communities/csv_ekoz/quarters/quarters/conspiracy/eko_2010_Q1/truereddit.csv’
‘/scratch/mmani_root/mmani0/shared_data/hot/csv_ekoz/quarters/conspiracy/eko_2020_Q4’ -> ‘/nfs/turbo/flnt-mmani/Reddit_Communities/csv_ekoz/quarters/quarters/conspiracy/eko_2020_Q4’
‘/scratch/mmani_root/mmani0/shared_data/hot/csv_ekoz/quarters/conspiracy/eko_2020_Q4/truereddit.csv’ -> ‘/nfs/turbo/flnt-mmani/Reddit_Communities/csv_ekoz/quarters/quarters/conspiracy/eko_2020_Q4/truereddit.csv’
‘/scratch/mmani_root/mmani0/shared_data/hot/csv_ekoz/quarters/conspiracy/eko_2022_Q2’ -> ‘/nfs/turbo/flnt-mmani/Reddit_Communities/csv_ekoz/quarters/quarters/conspiracy/eko_2022_Q2’
‘/scratch/mmani_root/mmani0/shared_data/hot/csv_ekoz/quarters/conspiracy/eko_2022_Q2/truereddit.csv’ -> ‘/nfs/turbo/flnt-mmani/Reddit_Communities/csv_ekoz/quarters/quarters/conspiracy/eko_2022_Q2/truereddit.csv’
‘/scratch/mmani_root/mmani0/shared_data/hot/csv_ekoz/quarters/conspiracy/eko_2013_Q4’ -> ‘/nfs/turbo/flnt-mmani/Reddit_Communities/csv_ekoz/quarters/quarters/conspiracy/eko_2013_Q4’
‘/scratch/mmani_root/mmani0/shared_data/hot/csv_ekoz/quarters/conspiracy/eko_2013_Q4/truereddit.csv’ -> ‘/nfs/turbo/flnt-mmani/Reddit_Communities/csv_ekoz/quarters/quarters/conspiracy/eko_2013_Q4/truereddit.csv’
‘/scratch/mmani_root/mmani0/shared_data/hot/csv_ekoz/quarters/conspiracy/eko_2020_Q3’ -> ‘/nfs/turbo/flnt-mmani/Reddit_Communities/csv_ekoz/quarters/quarters/conspiracy/eko_2020_Q3’
‘/scratch/mmani_root/mmani0/shared_data/hot/csv_ekoz/quarters/conspiracy/eko_2020_Q3/truereddit.csv’ -> ‘/nfs/turbo/flnt-mmani/Reddit_Communities/csv_ekoz/quarters/quarters/conspiracy/eko_2020_Q3/truereddit.csv’

spinning down at: Fri May 20 07:03:34 EDT 2022
