root_script: network_maker.sbat

/sw/arcts/centos7/python3.8-anaconda/2021.05/bin/python

spinning up at: Thu Mar 24 22:59:01 EDT 2022
Job submitted by gl-login1.arc-ts.umich.edu
Job ID 34054615
Running on gl3148
Running in /home/casonk/pushshift_python/Great_Lakes_HPC/sbats 

initialization
try:
phase=0
phase=1
phase=2
phase=3
phase=4
making dir : 2007_Q1
exception as : name 'file' is not defined
backing up data to turbo buffer
source_csvz := /scratch/mmani_root/mmani0/shared_data/hot/csv_networkz/
target_csvz := /nfs/turbo/flnt-mmani/Reddit_Communities/buffer/csv_networkz/

1 files to copy

target_csvz directory purged

copying *.csv*
cp: cannot stat ‘/scratch/mmani_root/mmani0/shared_data/hot/csv_networkz/*.csv*’: No such file or directory

1 of 1 files copied

source_pklz := /scratch/mmani_root/mmani0/shared_data/hot/pkl_networkz/
target_pklz := /nfs/turbo/flnt-mmani/Reddit_Communities/buffer/pkl_networkz/

1 files to copy

target directory purged

copying *.pkl*
cp: cannot stat ‘/scratch/mmani_root/mmani0/shared_data/hot/pkl_networkz/*.pkl*’: No such file or directory

1 of 1 files copied

spinning down at: Thu Mar 24 22:59:08 EDT 2022
