root_script: network_maker.sbat
Requirement already satisfied: decorator==5.1.0 in /home/casonk/.local/lib/python3.9/site-packages (5.1.0)
WARNING: You are using pip version 21.2.4; however, version 22.0.4 is available.
You should consider upgrading via the '/sw/arcts/centos7/python/3.9.7/bin/python3.9 -m pip install --upgrade pip' command.
Requirement already satisfied: networkx==2.6.3 in /home/casonk/.local/lib/python3.9/site-packages (2.6.3)
WARNING: You are using pip version 21.2.4; however, version 22.0.4 is available.
You should consider upgrading via the '/sw/arcts/centos7/python/3.9.7/bin/python3.9 -m pip install --upgrade pip' command.
Requirement already satisfied: pandas==1.3.5 in /home/casonk/.local/lib/python3.9/site-packages (1.3.5)
Requirement already satisfied: numpy>=1.17.3 in /home/casonk/.local/lib/python3.9/site-packages (from pandas==1.3.5) (1.22.3)
Requirement already satisfied: python-dateutil>=2.7.3 in /home/casonk/.local/lib/python3.9/site-packages (from pandas==1.3.5) (2.8.2)
Requirement already satisfied: pytz>=2017.3 in /home/casonk/.local/lib/python3.9/site-packages (from pandas==1.3.5) (2022.1)
Requirement already satisfied: six>=1.5 in /sw/arcts/centos7/python/3.9.7/lib/python3.9/site-packages (from python-dateutil>=2.7.3->pandas==1.3.5) (1.16.0)
WARNING: You are using pip version 21.2.4; however, version 22.0.4 is available.
You should consider upgrading via the '/sw/arcts/centos7/python/3.9.7/bin/python3.9 -m pip install --upgrade pip' command.
Collecting scipy==1.8.0
  Downloading scipy-1.8.0-cp39-cp39-manylinux_2_17_x86_64.manylinux2014_x86_64.whl (42.1 MB)
Requirement already satisfied: numpy<1.25.0,>=1.17.3 in /home/casonk/.local/lib/python3.9/site-packages (from scipy==1.8.0) (1.22.3)
Installing collected packages: scipy
Successfully installed scipy-1.8.0
WARNING: You are using pip version 21.2.4; however, version 22.0.4 is available.
You should consider upgrading via the '/sw/arcts/centos7/python/3.9.7/bin/python3.9 -m pip install --upgrade pip' command.

/sw/arcts/centos7/python/3.9.7/bin/python

spinning up at: Sun Apr 17 22:08:18 EDT 2022
Job submitted by gl-login1.arc-ts.umich.edu
Job ID 35404256
Running on gl3034
Running in /home/casonk/path/mmani_root/mmani0/shared_data/pushshift_python/Great_Lakes_HPC/pys 

initialization of python script 


quarters read

trying


ford.csv


quarters loop : 0
loop skipped, file too small

quarters loop : 1
loop skipped, file too small

quarters loop : 2
loop skipped, file too small

quarters loop : 3
loop skipped, file too small

quarters loop : 4
loop skipped, file too small

quarters loop : 5
loop skipped, file too small

quarters loop : 6
loop skipped, file too small

quarters loop : 7
loop skipped, file too small

quarters loop : 8
loop skipped, file too small

quarters loop : 9
loop skipped, file too small

quarters loop : 10
loop skipped, file too small

quarters loop : 11
loop skipped, file too small

quarters loop : 12
loop skipped, file too small

quarters loop : 13
loop skipped, file too small

quarters loop : 14
loop skipped, file too small

quarters loop : 15
loop skipped, file too small

quarters loop : 16
loop skipped, file too small

quarters loop : 17
loop skipped, file too small

quarters loop : 18
loop skipped, file too small

quarters loop : 19
loop skipped, file too small

quarters loop : 20
phase=1
phase=2
phase=3
phase=4
file phase
making dirs : 2011_Q4
quarters loop exception as : [Errno 17] File exists: '/scratch/mmani_root/mmani0/shared_data/hot/csv_networkz/2011_Q4'

quarters loop : 21
phase=1
phase=2
phase=3
phase=4
file phase
quarters loop exception as : single positional indexer is out-of-bounds

quarters loop : 22
phase=1
phase=2
phase=3
phase=4
file phase
quarters loop exception as : single positional indexer is out-of-bounds

quarters loop : 23
phase=1
phase=2
phase=3
phase=4
file phase
quarters loop exception as : single positional indexer is out-of-bounds

quarters loop : 24
phase=1
phase=2
phase=3
phase=4
file phase
quarters loop exception as : single positional indexer is out-of-bounds

quarters loop : 25
phase=1
phase=2
phase=3
phase=4
file phase
quarters loop exception as : single positional indexer is out-of-bounds

quarters loop : 26
phase=1
phase=2
phase=3
phase=4
file phase
quarters loop exception as : single positional indexer is out-of-bounds

quarters loop : 27
phase=1
phase=2
phase=3
phase=4
file phase
quarters loop exception as : single positional indexer is out-of-bounds

quarters loop : 28
phase=1
phase=2
phase=3
phase=4
file phase
quarters loop exception as : single positional indexer is out-of-bounds

quarters loop : 29
phase=1
phase=2
phase=3
phase=4
file phase
quarters loop exception as : single positional indexer is out-of-bounds

quarters loop : 30
phase=1
phase=2
phase=3
phase=4
file phase
quarters loop exception as : single positional indexer is out-of-bounds

quarters loop : 31
phase=1
phase=2
phase=3
phase=4
file phase
quarters loop exception as : single positional indexer is out-of-bounds

quarters loop : 32
phase=1
phase=2
phase=3
phase=4
file phase
quarters loop exception as : single positional indexer is out-of-bounds

quarters loop : 33
phase=1
phase=2
phase=3
phase=4
file phase
quarters loop exception as : single positional indexer is out-of-bounds

quarters loop : 34
phase=1
phase=2
phase=3
phase=4
file phase
quarters loop exception as : single positional indexer is out-of-bounds

quarters loop : 35
phase=1
phase=2
phase=3
phase=4
file phase
quarters loop exception as : single positional indexer is out-of-bounds

quarters loop : 36
phase=1
phase=2
phase=3
phase=4
file phase
quarters loop exception as : single positional indexer is out-of-bounds

quarters loop : 37
phase=1
phase=2
phase=3
phase=4
file phase
quarters loop exception as : single positional indexer is out-of-bounds

quarters loop : 38
phase=1
phase=2
phase=3
phase=4
file phase
quarters loop exception as : single positional indexer is out-of-bounds

quarters loop : 39
phase=1
phase=2
phase=3
phase=4
file phase
quarters loop exception as : single positional indexer is out-of-bounds

quarters loop : 40
phase=1
phase=2
phase=3
phase=4
file phase
quarters loop exception as : single positional indexer is out-of-bounds

quarters loop : 41
phase=1
phase=2
phase=3
phase=4
file phase
quarters loop exception as : single positional indexer is out-of-bounds

quarters loop : 42
phase=1
phase=2
phase=3
phase=4
file phase
quarters loop exception as : single positional indexer is out-of-bounds

quarters loop : 43
phase=1
phase=2
phase=3
phase=4
file phase
quarters loop exception as : single positional indexer is out-of-bounds

quarters loop : 44
phase=1
phase=2
phase=3
phase=4
file phase
quarters loop exception as : single positional indexer is out-of-bounds

quarters loop : 45
phase=1
phase=2
phase=3
phase=4
file phase
quarters loop exception as : single positional indexer is out-of-bounds

quarters loop : 46
phase=1
phase=2
phase=3
phase=4
file phase
quarters loop exception as : single positional indexer is out-of-bounds

quarters loop : 47
phase=1
phase=2
phase=3
phase=4
file phase
quarters loop exception as : single positional indexer is out-of-bounds

quarters loop : 48
phase=1
phase=2
phase=3
phase=4
file phase
quarters loop exception as : single positional indexer is out-of-bounds

quarters loop : 49
phase=1
phase=2
phase=3
phase=4
file phase
quarters loop exception as : single positional indexer is out-of-bounds

quarters loop : 50
phase=1
phase=2
phase=3
phase=4
file phase
quarters loop exception as : single positional indexer is out-of-bounds

quarters loop : 51
phase=1
phase=2
phase=3
phase=4
file phase
quarters loop exception as : single positional indexer is out-of-bounds

quarters loop : 52
phase=1
phase=2
phase=3
phase=4
file phase
quarters loop exception as : single positional indexer is out-of-bounds

quarters loop : 53
phase=1
phase=2
phase=3
phase=4
file phase
quarters loop exception as : single positional indexer is out-of-bounds

quarters loop : 54
phase=1
phase=2
phase=3
phase=4
file phase
quarters loop exception as : single positional indexer is out-of-bounds

quarters loop : 55
phase=1
phase=2
phase=3
phase=4
file phase
quarters loop exception as : single positional indexer is out-of-bounds

quarters loop : 56
phase=1
phase=2
phase=3
phase=4
file phase
quarters loop exception as : single positional indexer is out-of-bounds

quarters loop : 57
phase=1
phase=2
phase=3
phase=4
file phase
quarters loop exception as : single positional indexer is out-of-bounds

quarters loop : 58
phase=1
phase=2
phase=3
phase=4
file phase
quarters loop exception as : single positional indexer is out-of-bounds

quarters loop : 59
phase=1
phase=2
phase=3
phase=4
file phase
quarters loop exception as : single positional indexer is out-of-bounds

quarters loop : 60
phase=1
phase=2
phase=3
phase=4
file phase
quarters loop exception as : single positional indexer is out-of-bounds

quarters loop : 61
loop skipped, file too small

quarters loop : 62
loop skipped, file too small

quarters loop : 63
loop skipped, file too small
narcos.csv


quarters loop : 0
loop skipped, file too small

quarters loop : 1
loop skipped, file too small

quarters loop : 2
loop skipped, file too small

quarters loop : 3
loop skipped, file too small

quarters loop : 4
loop skipped, file too small

quarters loop : 5
loop skipped, file too small

quarters loop : 6
loop skipped, file too small

quarters loop : 7
loop skipped, file too small

quarters loop : 8
loop skipped, file too small

quarters loop : 9
loop skipped, file too small

quarters loop : 10
loop skipped, file too small

quarters loop : 11
loop skipped, file too small

quarters loop : 12
loop skipped, file too small

quarters loop : 13
loop skipped, file too small

quarters loop : 14
loop skipped, file too small

quarters loop : 15
loop skipped, file too small

quarters loop : 16
loop skipped, file too small

quarters loop : 17
loop skipped, file too small

quarters loop : 18
loop skipped, file too small

quarters loop : 19
loop skipped, file too small

quarters loop : 20
loop skipped, file too small

quarters loop : 21
loop skipped, file too small

quarters loop : 22
loop skipped, file too small

quarters loop : 23
loop skipped, file too small

quarters loop : 24
loop skipped, file too small

quarters loop : 25
loop skipped, file too small

quarters loop : 26
loop skipped, file too small

quarters loop : 27
loop skipped, file too small

quarters loop : 28
loop skipped, file too small

quarters loop : 29
loop skipped, file too small

quarters loop : 30
loop skipped, file too small

quarters loop : 31
loop skipped, file too small

quarters loop : 32
loop skipped, file too small

quarters loop : 33
loop skipped, file too small

quarters loop : 34
phase=1
phase=2
phase=3
phase=4
file phase
quarters loop exception as : single positional indexer is out-of-bounds

quarters loop : 35
phase=1
phase=2
phase=3
phase=4
file phase
quarters loop exception as : single positional indexer is out-of-bounds

quarters loop : 36
phase=1
phase=2
phase=3
phase=4
file phase
quarters loop exception as : single positional indexer is out-of-bounds

quarters loop : 37
phase=1
phase=2
phase=3
phase=4
file phase
quarters loop exception as : single positional indexer is out-of-bounds

quarters loop : 38
phase=1
phase=2
phase=3
phase=4
file phase
quarters loop exception as : single positional indexer is out-of-bounds

quarters loop : 39
phase=1
phase=2
phase=3
phase=4
file phase
quarters loop exception as : single positional indexer is out-of-bounds

quarters loop : 40
phase=1
phase=2
phase=3
phase=4
file phase
quarters loop exception as : single positional indexer is out-of-bounds

quarters loop : 41
phase=1
phase=2
phase=3
phase=4
file phase
quarters loop exception as : single positional indexer is out-of-bounds

quarters loop : 42
phase=1
phase=2
phase=3
phase=4
file phase
quarters loop exception as : single positional indexer is out-of-bounds

quarters loop : 43
phase=1
phase=2
phase=3
phase=4
file phase
quarters loop exception as : single positional indexer is out-of-bounds

quarters loop : 44
phase=1
phase=2
phase=3
phase=4
file phase
quarters loop exception as : single positional indexer is out-of-bounds

quarters loop : 45
phase=1
phase=2
phase=3
phase=4
file phase
quarters loop exception as : single positional indexer is out-of-bounds

quarters loop : 46
phase=1
phase=2
phase=3
phase=4
file phase
quarters loop exception as : single positional indexer is out-of-bounds

quarters loop : 47
phase=1
phase=2
phase=3
phase=4
file phase
quarters loop exception as : single positional indexer is out-of-bounds

quarters loop : 48
phase=1
phase=2
phase=3
phase=4
file phase
quarters loop exception as : single positional indexer is out-of-bounds

quarters loop : 49
phase=1
phase=2
phase=3
phase=4
file phase
quarters loop exception as : single positional indexer is out-of-bounds

quarters loop : 50
phase=1
phase=2
phase=3
phase=4
file phase
quarters loop exception as : single positional indexer is out-of-bounds

quarters loop : 51
phase=1
phase=2
phase=3
phase=4
file phase
quarters loop exception as : single positional indexer is out-of-bounds

quarters loop : 52
phase=1
phase=2
phase=3
phase=4
file phase
quarters loop exception as : single positional indexer is out-of-bounds

quarters loop : 53
phase=1
phase=2
phase=3
phase=4
file phase
quarters loop exception as : single positional indexer is out-of-bounds

quarters loop : 54
phase=1
phase=2
phase=3
phase=4
file phase
quarters loop exception as : single positional indexer is out-of-bounds

quarters loop : 55
phase=1
phase=2
phase=3
phase=4
file phase
quarters loop exception as : single positional indexer is out-of-bounds

quarters loop : 56
phase=1
phase=2
phase=3
phase=4
file phase
quarters loop exception as : single positional indexer is out-of-bounds

quarters loop : 57
phase=1
phase=2
phase=3
phase=4
file phase
quarters loop exception as : single positional indexer is out-of-bounds

quarters loop : 58
phase=1
phase=2
phase=3
phase=4
file phase
quarters loop exception as : single positional indexer is out-of-bounds

quarters loop : 59
phase=1
phase=2
phase=3
phase=4
file phase
quarters loop exception as : single positional indexer is out-of-bounds

quarters loop : 60
phase=1
phase=2
phase=3
phase=4
file phase
quarters loop exception as : single positional indexer is out-of-bounds

quarters loop : 61
loop skipped, file too small

quarters loop : 62
loop skipped, file too small

quarters loop : 63
loop skipped, file too small
termination of python script 


backing up data to turbo buffer
source_csvz := /scratch/mmani_root/mmani0/shared_data/hot/csv_networkz/
target_csvz := /nfs/turbo/flnt-mmani/Reddit_Communities/buffer/csv_networkz/

64 files to copy

target_csvz directory purged

copying 2007_Q1
‘/scratch/mmani_root/mmani0/shared_data/hot/csv_networkz/2007_Q1’ -> ‘/nfs/turbo/flnt-mmani/Reddit_Communities/buffer/csv_networkz/2007_Q1’

1 of 64 files copied

copying 2007_Q2
‘/scratch/mmani_root/mmani0/shared_data/hot/csv_networkz/2007_Q2’ -> ‘/nfs/turbo/flnt-mmani/Reddit_Communities/buffer/csv_networkz/2007_Q2’

2 of 64 files copied

copying 2007_Q3
‘/scratch/mmani_root/mmani0/shared_data/hot/csv_networkz/2007_Q3’ -> ‘/nfs/turbo/flnt-mmani/Reddit_Communities/buffer/csv_networkz/2007_Q3’

3 of 64 files copied

copying 2007_Q4
‘/scratch/mmani_root/mmani0/shared_data/hot/csv_networkz/2007_Q4’ -> ‘/nfs/turbo/flnt-mmani/Reddit_Communities/buffer/csv_networkz/2007_Q4’

4 of 64 files copied

copying 2008_Q1
‘/scratch/mmani_root/mmani0/shared_data/hot/csv_networkz/2008_Q1’ -> ‘/nfs/turbo/flnt-mmani/Reddit_Communities/buffer/csv_networkz/2008_Q1’

5 of 64 files copied

copying 2008_Q2
‘/scratch/mmani_root/mmani0/shared_data/hot/csv_networkz/2008_Q2’ -> ‘/nfs/turbo/flnt-mmani/Reddit_Communities/buffer/csv_networkz/2008_Q2’

6 of 64 files copied

copying 2008_Q3
‘/scratch/mmani_root/mmani0/shared_data/hot/csv_networkz/2008_Q3’ -> ‘/nfs/turbo/flnt-mmani/Reddit_Communities/buffer/csv_networkz/2008_Q3’

7 of 64 files copied

copying 2008_Q4
‘/scratch/mmani_root/mmani0/shared_data/hot/csv_networkz/2008_Q4’ -> ‘/nfs/turbo/flnt-mmani/Reddit_Communities/buffer/csv_networkz/2008_Q4’

8 of 64 files copied

copying 2009_Q1
‘/scratch/mmani_root/mmani0/shared_data/hot/csv_networkz/2009_Q1’ -> ‘/nfs/turbo/flnt-mmani/Reddit_Communities/buffer/csv_networkz/2009_Q1’

9 of 64 files copied

copying 2009_Q2
‘/scratch/mmani_root/mmani0/shared_data/hot/csv_networkz/2009_Q2’ -> ‘/nfs/turbo/flnt-mmani/Reddit_Communities/buffer/csv_networkz/2009_Q2’

10 of 64 files copied

copying 2009_Q3
‘/scratch/mmani_root/mmani0/shared_data/hot/csv_networkz/2009_Q3’ -> ‘/nfs/turbo/flnt-mmani/Reddit_Communities/buffer/csv_networkz/2009_Q3’

11 of 64 files copied

copying 2009_Q4
‘/scratch/mmani_root/mmani0/shared_data/hot/csv_networkz/2009_Q4’ -> ‘/nfs/turbo/flnt-mmani/Reddit_Communities/buffer/csv_networkz/2009_Q4’

12 of 64 files copied

copying 2010_Q1
‘/scratch/mmani_root/mmani0/shared_data/hot/csv_networkz/2010_Q1’ -> ‘/nfs/turbo/flnt-mmani/Reddit_Communities/buffer/csv_networkz/2010_Q1’

13 of 64 files copied

copying 2010_Q2
‘/scratch/mmani_root/mmani0/shared_data/hot/csv_networkz/2010_Q2’ -> ‘/nfs/turbo/flnt-mmani/Reddit_Communities/buffer/csv_networkz/2010_Q2’

14 of 64 files copied

copying 2010_Q3
‘/scratch/mmani_root/mmani0/shared_data/hot/csv_networkz/2010_Q3’ -> ‘/nfs/turbo/flnt-mmani/Reddit_Communities/buffer/csv_networkz/2010_Q3’

15 of 64 files copied

copying 2010_Q4
‘/scratch/mmani_root/mmani0/shared_data/hot/csv_networkz/2010_Q4’ -> ‘/nfs/turbo/flnt-mmani/Reddit_Communities/buffer/csv_networkz/2010_Q4’

16 of 64 files copied

copying 2011_Q1
‘/scratch/mmani_root/mmani0/shared_data/hot/csv_networkz/2011_Q1’ -> ‘/nfs/turbo/flnt-mmani/Reddit_Communities/buffer/csv_networkz/2011_Q1’

17 of 64 files copied

copying 2011_Q2
‘/scratch/mmani_root/mmani0/shared_data/hot/csv_networkz/2011_Q2’ -> ‘/nfs/turbo/flnt-mmani/Reddit_Communities/buffer/csv_networkz/2011_Q2’

18 of 64 files copied

copying 2011_Q3
‘/scratch/mmani_root/mmani0/shared_data/hot/csv_networkz/2011_Q3’ -> ‘/nfs/turbo/flnt-mmani/Reddit_Communities/buffer/csv_networkz/2011_Q3’

19 of 64 files copied

copying 2011_Q4
‘/scratch/mmani_root/mmani0/shared_data/hot/csv_networkz/2011_Q4’ -> ‘/nfs/turbo/flnt-mmani/Reddit_Communities/buffer/csv_networkz/2011_Q4’
‘/scratch/mmani_root/mmani0/shared_data/hot/csv_networkz/2011_Q4/network_features_ford.csv’ -> ‘/nfs/turbo/flnt-mmani/Reddit_Communities/buffer/csv_networkz/2011_Q4/network_features_ford.csv’

20 of 64 files copied

copying 2012_Q1
‘/scratch/mmani_root/mmani0/shared_data/hot/csv_networkz/2012_Q1’ -> ‘/nfs/turbo/flnt-mmani/Reddit_Communities/buffer/csv_networkz/2012_Q1’

21 of 64 files copied

copying 2012_Q2
‘/scratch/mmani_root/mmani0/shared_data/hot/csv_networkz/2012_Q2’ -> ‘/nfs/turbo/flnt-mmani/Reddit_Communities/buffer/csv_networkz/2012_Q2’

22 of 64 files copied

copying 2012_Q3
‘/scratch/mmani_root/mmani0/shared_data/hot/csv_networkz/2012_Q3’ -> ‘/nfs/turbo/flnt-mmani/Reddit_Communities/buffer/csv_networkz/2012_Q3’

23 of 64 files copied

copying 2012_Q4
‘/scratch/mmani_root/mmani0/shared_data/hot/csv_networkz/2012_Q4’ -> ‘/nfs/turbo/flnt-mmani/Reddit_Communities/buffer/csv_networkz/2012_Q4’

24 of 64 files copied

copying 2013_Q1
‘/scratch/mmani_root/mmani0/shared_data/hot/csv_networkz/2013_Q1’ -> ‘/nfs/turbo/flnt-mmani/Reddit_Communities/buffer/csv_networkz/2013_Q1’

25 of 64 files copied

copying 2013_Q2
‘/scratch/mmani_root/mmani0/shared_data/hot/csv_networkz/2013_Q2’ -> ‘/nfs/turbo/flnt-mmani/Reddit_Communities/buffer/csv_networkz/2013_Q2’

26 of 64 files copied

copying 2013_Q3
‘/scratch/mmani_root/mmani0/shared_data/hot/csv_networkz/2013_Q3’ -> ‘/nfs/turbo/flnt-mmani/Reddit_Communities/buffer/csv_networkz/2013_Q3’

27 of 64 files copied

copying 2013_Q4
‘/scratch/mmani_root/mmani0/shared_data/hot/csv_networkz/2013_Q4’ -> ‘/nfs/turbo/flnt-mmani/Reddit_Communities/buffer/csv_networkz/2013_Q4’

28 of 64 files copied

copying 2014_Q1
‘/scratch/mmani_root/mmani0/shared_data/hot/csv_networkz/2014_Q1’ -> ‘/nfs/turbo/flnt-mmani/Reddit_Communities/buffer/csv_networkz/2014_Q1’

29 of 64 files copied

copying 2014_Q2
‘/scratch/mmani_root/mmani0/shared_data/hot/csv_networkz/2014_Q2’ -> ‘/nfs/turbo/flnt-mmani/Reddit_Communities/buffer/csv_networkz/2014_Q2’

30 of 64 files copied

copying 2014_Q3
‘/scratch/mmani_root/mmani0/shared_data/hot/csv_networkz/2014_Q3’ -> ‘/nfs/turbo/flnt-mmani/Reddit_Communities/buffer/csv_networkz/2014_Q3’

31 of 64 files copied

copying 2014_Q4
‘/scratch/mmani_root/mmani0/shared_data/hot/csv_networkz/2014_Q4’ -> ‘/nfs/turbo/flnt-mmani/Reddit_Communities/buffer/csv_networkz/2014_Q4’

32 of 64 files copied

copying 2015_Q1
‘/scratch/mmani_root/mmani0/shared_data/hot/csv_networkz/2015_Q1’ -> ‘/nfs/turbo/flnt-mmani/Reddit_Communities/buffer/csv_networkz/2015_Q1’

33 of 64 files copied

copying 2015_Q2
‘/scratch/mmani_root/mmani0/shared_data/hot/csv_networkz/2015_Q2’ -> ‘/nfs/turbo/flnt-mmani/Reddit_Communities/buffer/csv_networkz/2015_Q2’

34 of 64 files copied

copying 2015_Q3
‘/scratch/mmani_root/mmani0/shared_data/hot/csv_networkz/2015_Q3’ -> ‘/nfs/turbo/flnt-mmani/Reddit_Communities/buffer/csv_networkz/2015_Q3’

35 of 64 files copied

copying 2015_Q4
‘/scratch/mmani_root/mmani0/shared_data/hot/csv_networkz/2015_Q4’ -> ‘/nfs/turbo/flnt-mmani/Reddit_Communities/buffer/csv_networkz/2015_Q4’

36 of 64 files copied

copying 2016_Q1
‘/scratch/mmani_root/mmani0/shared_data/hot/csv_networkz/2016_Q1’ -> ‘/nfs/turbo/flnt-mmani/Reddit_Communities/buffer/csv_networkz/2016_Q1’

37 of 64 files copied

copying 2016_Q2
‘/scratch/mmani_root/mmani0/shared_data/hot/csv_networkz/2016_Q2’ -> ‘/nfs/turbo/flnt-mmani/Reddit_Communities/buffer/csv_networkz/2016_Q2’

38 of 64 files copied

copying 2016_Q3
‘/scratch/mmani_root/mmani0/shared_data/hot/csv_networkz/2016_Q3’ -> ‘/nfs/turbo/flnt-mmani/Reddit_Communities/buffer/csv_networkz/2016_Q3’

39 of 64 files copied

copying 2016_Q4
‘/scratch/mmani_root/mmani0/shared_data/hot/csv_networkz/2016_Q4’ -> ‘/nfs/turbo/flnt-mmani/Reddit_Communities/buffer/csv_networkz/2016_Q4’

40 of 64 files copied

copying 2017_Q1
‘/scratch/mmani_root/mmani0/shared_data/hot/csv_networkz/2017_Q1’ -> ‘/nfs/turbo/flnt-mmani/Reddit_Communities/buffer/csv_networkz/2017_Q1’

41 of 64 files copied

copying 2017_Q2
‘/scratch/mmani_root/mmani0/shared_data/hot/csv_networkz/2017_Q2’ -> ‘/nfs/turbo/flnt-mmani/Reddit_Communities/buffer/csv_networkz/2017_Q2’

42 of 64 files copied

copying 2017_Q3
‘/scratch/mmani_root/mmani0/shared_data/hot/csv_networkz/2017_Q3’ -> ‘/nfs/turbo/flnt-mmani/Reddit_Communities/buffer/csv_networkz/2017_Q3’

43 of 64 files copied

copying 2017_Q4
‘/scratch/mmani_root/mmani0/shared_data/hot/csv_networkz/2017_Q4’ -> ‘/nfs/turbo/flnt-mmani/Reddit_Communities/buffer/csv_networkz/2017_Q4’

44 of 64 files copied

copying 2018_Q1
‘/scratch/mmani_root/mmani0/shared_data/hot/csv_networkz/2018_Q1’ -> ‘/nfs/turbo/flnt-mmani/Reddit_Communities/buffer/csv_networkz/2018_Q1’

45 of 64 files copied

copying 2018_Q2
‘/scratch/mmani_root/mmani0/shared_data/hot/csv_networkz/2018_Q2’ -> ‘/nfs/turbo/flnt-mmani/Reddit_Communities/buffer/csv_networkz/2018_Q2’

46 of 64 files copied

copying 2018_Q3
‘/scratch/mmani_root/mmani0/shared_data/hot/csv_networkz/2018_Q3’ -> ‘/nfs/turbo/flnt-mmani/Reddit_Communities/buffer/csv_networkz/2018_Q3’

47 of 64 files copied

copying 2018_Q4
‘/scratch/mmani_root/mmani0/shared_data/hot/csv_networkz/2018_Q4’ -> ‘/nfs/turbo/flnt-mmani/Reddit_Communities/buffer/csv_networkz/2018_Q4’

48 of 64 files copied

copying 2019_Q1
‘/scratch/mmani_root/mmani0/shared_data/hot/csv_networkz/2019_Q1’ -> ‘/nfs/turbo/flnt-mmani/Reddit_Communities/buffer/csv_networkz/2019_Q1’

49 of 64 files copied

copying 2019_Q2
‘/scratch/mmani_root/mmani0/shared_data/hot/csv_networkz/2019_Q2’ -> ‘/nfs/turbo/flnt-mmani/Reddit_Communities/buffer/csv_networkz/2019_Q2’

50 of 64 files copied

copying 2019_Q3
‘/scratch/mmani_root/mmani0/shared_data/hot/csv_networkz/2019_Q3’ -> ‘/nfs/turbo/flnt-mmani/Reddit_Communities/buffer/csv_networkz/2019_Q3’

51 of 64 files copied

copying 2019_Q4
‘/scratch/mmani_root/mmani0/shared_data/hot/csv_networkz/2019_Q4’ -> ‘/nfs/turbo/flnt-mmani/Reddit_Communities/buffer/csv_networkz/2019_Q4’

52 of 64 files copied

copying 2020_Q1
‘/scratch/mmani_root/mmani0/shared_data/hot/csv_networkz/2020_Q1’ -> ‘/nfs/turbo/flnt-mmani/Reddit_Communities/buffer/csv_networkz/2020_Q1’

53 of 64 files copied

copying 2020_Q2
‘/scratch/mmani_root/mmani0/shared_data/hot/csv_networkz/2020_Q2’ -> ‘/nfs/turbo/flnt-mmani/Reddit_Communities/buffer/csv_networkz/2020_Q2’

54 of 64 files copied

copying 2020_Q3
‘/scratch/mmani_root/mmani0/shared_data/hot/csv_networkz/2020_Q3’ -> ‘/nfs/turbo/flnt-mmani/Reddit_Communities/buffer/csv_networkz/2020_Q3’

55 of 64 files copied

copying 2020_Q4
‘/scratch/mmani_root/mmani0/shared_data/hot/csv_networkz/2020_Q4’ -> ‘/nfs/turbo/flnt-mmani/Reddit_Communities/buffer/csv_networkz/2020_Q4’

56 of 64 files copied

copying 2021_Q1
‘/scratch/mmani_root/mmani0/shared_data/hot/csv_networkz/2021_Q1’ -> ‘/nfs/turbo/flnt-mmani/Reddit_Communities/buffer/csv_networkz/2021_Q1’

57 of 64 files copied

copying 2021_Q2
‘/scratch/mmani_root/mmani0/shared_data/hot/csv_networkz/2021_Q2’ -> ‘/nfs/turbo/flnt-mmani/Reddit_Communities/buffer/csv_networkz/2021_Q2’

58 of 64 files copied

copying 2021_Q3
‘/scratch/mmani_root/mmani0/shared_data/hot/csv_networkz/2021_Q3’ -> ‘/nfs/turbo/flnt-mmani/Reddit_Communities/buffer/csv_networkz/2021_Q3’

59 of 64 files copied

copying 2021_Q4
‘/scratch/mmani_root/mmani0/shared_data/hot/csv_networkz/2021_Q4’ -> ‘/nfs/turbo/flnt-mmani/Reddit_Communities/buffer/csv_networkz/2021_Q4’

60 of 64 files copied

copying 2022_Q1
‘/scratch/mmani_root/mmani0/shared_data/hot/csv_networkz/2022_Q1’ -> ‘/nfs/turbo/flnt-mmani/Reddit_Communities/buffer/csv_networkz/2022_Q1’

61 of 64 files copied

copying 2022_Q2
‘/scratch/mmani_root/mmani0/shared_data/hot/csv_networkz/2022_Q2’ -> ‘/nfs/turbo/flnt-mmani/Reddit_Communities/buffer/csv_networkz/2022_Q2’

62 of 64 files copied

copying 2022_Q3
‘/scratch/mmani_root/mmani0/shared_data/hot/csv_networkz/2022_Q3’ -> ‘/nfs/turbo/flnt-mmani/Reddit_Communities/buffer/csv_networkz/2022_Q3’

63 of 64 files copied

copying 2022_Q4
‘/scratch/mmani_root/mmani0/shared_data/hot/csv_networkz/2022_Q4’ -> ‘/nfs/turbo/flnt-mmani/Reddit_Communities/buffer/csv_networkz/2022_Q4’

64 of 64 files copied

source_pklz := /scratch/mmani_root/mmani0/shared_data/hot/pkl_networkz/
target_pklz := /nfs/turbo/flnt-mmani/Reddit_Communities/buffer/pkl_networkz/

0 files to copy

target directory purged

copying *
cp: cannot stat ‘/scratch/mmani_root/mmani0/shared_data/hot/pkl_networkz/*’: No such file or directory

1 of 0 files copied

spinning down at: Sun Apr 17 22:10:27 EDT 2022
