root_script: label_maker.sbat

/sw/arcts/centos7/python3.8-anaconda/2021.05/bin/python

spinning up at: Thu May 12 06:59:10 EDT 2022
Job submitted by gl-login2.arc-ts.umich.edu
Job ID 36497286
Running on gl3110
Running in /scratch/mmani_root/mmani0/shared_data/pushshift_python/Great_Lakes_HPC/pys 

/var/spool/slurmd.spool/job36497286/slurm_script: line 40: 102965 Killed                  python label_maker.py
backing up data to turbo buffer
source := /scratch/mmani_root/mmani0/shared_data/hot/csv_labelz/
target := /nfs/turbo/flnt-mmani/Reddit_Communities/buffer/csv_labelz/

39 files to copy

target directory purged

copying label_911truth.csv
‘/scratch/mmani_root/mmani0/shared_data/hot/csv_labelz/label_911truth.csv’ -> ‘/nfs/turbo/flnt-mmani/Reddit_Communities/buffer/csv_labelz/label_911truth.csv’

copying label_actualconspiracies.csv
‘/scratch/mmani_root/mmani0/shared_data/hot/csv_labelz/label_actualconspiracies.csv’ -> ‘/nfs/turbo/flnt-mmani/Reddit_Communities/buffer/csv_labelz/label_actualconspiracies.csv’

copying label_antiwork.csv
‘/scratch/mmani_root/mmani0/shared_data/hot/csv_labelz/label_antiwork.csv’ -> ‘/nfs/turbo/flnt-mmani/Reddit_Communities/buffer/csv_labelz/label_antiwork.csv’

copying label_bidenbro.csv
‘/scratch/mmani_root/mmani0/shared_data/hot/csv_labelz/label_bidenbro.csv’ -> ‘/nfs/turbo/flnt-mmani/Reddit_Communities/buffer/csv_labelz/label_bidenbro.csv’

copying label_conspiracy_commons.csv
‘/scratch/mmani_root/mmani0/shared_data/hot/csv_labelz/label_conspiracy_commons.csv’ -> ‘/nfs/turbo/flnt-mmani/Reddit_Communities/buffer/csv_labelz/label_conspiracy_commons.csv’

copying label_conspiracy.csv
‘/scratch/mmani_root/mmani0/shared_data/hot/csv_labelz/label_conspiracy.csv’ -> ‘/nfs/turbo/flnt-mmani/Reddit_Communities/buffer/csv_labelz/label_conspiracy.csv’

copying label_conspiracytheories.csv
‘/scratch/mmani_root/mmani0/shared_data/hot/csv_labelz/label_conspiracytheories.csv’ -> ‘/nfs/turbo/flnt-mmani/Reddit_Communities/buffer/csv_labelz/label_conspiracytheories.csv’

copying label_conspiracyultra.csv
‘/scratch/mmani_root/mmani0/shared_data/hot/csv_labelz/label_conspiracyultra.csv’ -> ‘/nfs/turbo/flnt-mmani/Reddit_Communities/buffer/csv_labelz/label_conspiracyultra.csv’

copying label_conspiracyundone.csv
‘/scratch/mmani_root/mmani0/shared_data/hot/csv_labelz/label_conspiracyundone.csv’ -> ‘/nfs/turbo/flnt-mmani/Reddit_Communities/buffer/csv_labelz/label_conspiracyundone.csv’

copying label_c_s_t.csv
‘/scratch/mmani_root/mmani0/shared_data/hot/csv_labelz/label_c_s_t.csv’ -> ‘/nfs/turbo/flnt-mmani/Reddit_Communities/buffer/csv_labelz/label_c_s_t.csv’

copying label_culturallayer.csv
‘/scratch/mmani_root/mmani0/shared_data/hot/csv_labelz/label_culturallayer.csv’ -> ‘/nfs/turbo/flnt-mmani/Reddit_Communities/buffer/csv_labelz/label_culturallayer.csv’

copying label_datasets.csv
‘/scratch/mmani_root/mmani0/shared_data/hot/csv_labelz/label_datasets.csv’ -> ‘/nfs/turbo/flnt-mmani/Reddit_Communities/buffer/csv_labelz/label_datasets.csv’

copying label_epstein.csv
‘/scratch/mmani_root/mmani0/shared_data/hot/csv_labelz/label_epstein.csv’ -> ‘/nfs/turbo/flnt-mmani/Reddit_Communities/buffer/csv_labelz/label_epstein.csv’

copying label_flatearth.csv
‘/scratch/mmani_root/mmani0/shared_data/hot/csv_labelz/label_flatearth.csv’ -> ‘/nfs/turbo/flnt-mmani/Reddit_Communities/buffer/csv_labelz/label_flatearth.csv’

copying label_ford.csv
‘/scratch/mmani_root/mmani0/shared_data/hot/csv_labelz/label_ford.csv’ -> ‘/nfs/turbo/flnt-mmani/Reddit_Communities/buffer/csv_labelz/label_ford.csv’

copying label_globeskeptic.csv
‘/scratch/mmani_root/mmani0/shared_data/hot/csv_labelz/label_globeskeptic.csv’ -> ‘/nfs/turbo/flnt-mmani/Reddit_Communities/buffer/csv_labelz/label_globeskeptic.csv’

copying label_hankaaronaward.csv
‘/scratch/mmani_root/mmani0/shared_data/hot/csv_labelz/label_hankaaronaward.csv’ -> ‘/nfs/turbo/flnt-mmani/Reddit_Communities/buffer/csv_labelz/label_hankaaronaward.csv’

copying label_highstrangeness.csv
‘/scratch/mmani_root/mmani0/shared_data/hot/csv_labelz/label_highstrangeness.csv’ -> ‘/nfs/turbo/flnt-mmani/Reddit_Communities/buffer/csv_labelz/label_highstrangeness.csv’

copying label_honda.csv
‘/scratch/mmani_root/mmani0/shared_data/hot/csv_labelz/label_honda.csv’ -> ‘/nfs/turbo/flnt-mmani/Reddit_Communities/buffer/csv_labelz/label_honda.csv’

copying label_java.csv
‘/scratch/mmani_root/mmani0/shared_data/hot/csv_labelz/label_java.csv’ -> ‘/nfs/turbo/flnt-mmani/Reddit_Communities/buffer/csv_labelz/label_java.csv’

copying label_joerogan.csv
‘/scratch/mmani_root/mmani0/shared_data/hot/csv_labelz/label_joerogan.csv’ -> ‘/nfs/turbo/flnt-mmani/Reddit_Communities/buffer/csv_labelz/label_joerogan.csv’

copying label_linux.csv
‘/scratch/mmani_root/mmani0/shared_data/hot/csv_labelz/label_linux.csv’ -> ‘/nfs/turbo/flnt-mmani/Reddit_Communities/buffer/csv_labelz/label_linux.csv’

copying label_mandelaeffect.csv
‘/scratch/mmani_root/mmani0/shared_data/hot/csv_labelz/label_mandelaeffect.csv’ -> ‘/nfs/turbo/flnt-mmani/Reddit_Communities/buffer/csv_labelz/label_mandelaeffect.csv’

copying label_math.csv
‘/scratch/mmani_root/mmani0/shared_data/hot/csv_labelz/label_math.csv’ -> ‘/nfs/turbo/flnt-mmani/Reddit_Communities/buffer/csv_labelz/label_math.csv’

copying label_narcos.csv
‘/scratch/mmani_root/mmani0/shared_data/hot/csv_labelz/label_narcos.csv’ -> ‘/nfs/turbo/flnt-mmani/Reddit_Communities/buffer/csv_labelz/label_narcos.csv’

copying label_nonewnormal.csv
‘/scratch/mmani_root/mmani0/shared_data/hot/csv_labelz/label_nonewnormal.csv’ -> ‘/nfs/turbo/flnt-mmani/Reddit_Communities/buffer/csv_labelz/label_nonewnormal.csv’

copying label_outoftheloop.csv
‘/scratch/mmani_root/mmani0/shared_data/hot/csv_labelz/label_outoftheloop.csv’ -> ‘/nfs/turbo/flnt-mmani/Reddit_Communities/buffer/csv_labelz/label_outoftheloop.csv’

copying label_pedogate.csv
‘/scratch/mmani_root/mmani0/shared_data/hot/csv_labelz/label_pedogate.csv’ -> ‘/nfs/turbo/flnt-mmani/Reddit_Communities/buffer/csv_labelz/label_pedogate.csv’

copying label_pushshift.csv
‘/scratch/mmani_root/mmani0/shared_data/hot/csv_labelz/label_pushshift.csv’ -> ‘/nfs/turbo/flnt-mmani/Reddit_Communities/buffer/csv_labelz/label_pushshift.csv’

copying label_qult_headquarters.csv
‘/scratch/mmani_root/mmani0/shared_data/hot/csv_labelz/label_qult_headquarters.csv’ -> ‘/nfs/turbo/flnt-mmani/Reddit_Communities/buffer/csv_labelz/label_qult_headquarters.csv’

copying label_snowfall.csv
‘/scratch/mmani_root/mmani0/shared_data/hot/csv_labelz/label_snowfall.csv’ -> ‘/nfs/turbo/flnt-mmani/Reddit_Communities/buffer/csv_labelz/label_snowfall.csv’

copying label_subredditdrama.csv
‘/scratch/mmani_root/mmani0/shared_data/hot/csv_labelz/label_subredditdrama.csv’ -> ‘/nfs/turbo/flnt-mmani/Reddit_Communities/buffer/csv_labelz/label_subredditdrama.csv’

copying label_the_donald.csv
‘/scratch/mmani_root/mmani0/shared_data/hot/csv_labelz/label_the_donald.csv’ -> ‘/nfs/turbo/flnt-mmani/Reddit_Communities/buffer/csv_labelz/label_the_donald.csv’

copying label_ufos.csv
‘/scratch/mmani_root/mmani0/shared_data/hot/csv_labelz/label_ufos.csv’ -> ‘/nfs/turbo/flnt-mmani/Reddit_Communities/buffer/csv_labelz/label_ufos.csv’

copying label_undelete.csv
‘/scratch/mmani_root/mmani0/shared_data/hot/csv_labelz/label_undelete.csv’ -> ‘/nfs/turbo/flnt-mmani/Reddit_Communities/buffer/csv_labelz/label_undelete.csv’

copying label_unresolvedmysteries.csv
‘/scratch/mmani_root/mmani0/shared_data/hot/csv_labelz/label_unresolvedmysteries.csv’ -> ‘/nfs/turbo/flnt-mmani/Reddit_Communities/buffer/csv_labelz/label_unresolvedmysteries.csv’

copying label_volvo.csv
‘/scratch/mmani_root/mmani0/shared_data/hot/csv_labelz/label_volvo.csv’ -> ‘/nfs/turbo/flnt-mmani/Reddit_Communities/buffer/csv_labelz/label_volvo.csv’

copying label_watchredditdie.csv
‘/scratch/mmani_root/mmani0/shared_data/hot/csv_labelz/label_watchredditdie.csv’ -> ‘/nfs/turbo/flnt-mmani/Reddit_Communities/buffer/csv_labelz/label_watchredditdie.csv’

copying label_wayofthebern.csv
‘/scratch/mmani_root/mmani0/shared_data/hot/csv_labelz/label_wayofthebern.csv’ -> ‘/nfs/turbo/flnt-mmani/Reddit_Communities/buffer/csv_labelz/label_wayofthebern.csv’

spinning down at: Thu May 12 08:19:57 EDT 2022
slurmstepd: error: Detected 1 oom-kill event(s) in StepId=36497286.batch. Some of your processes may have been killed by the cgroup out-of-memory handler.
