root_script: label_maker.sbat

/sw/arcts/centos7/python3.8-anaconda/2021.05/bin/python

spinning up at: Thu May 12 18:44:35 EDT 2022
Job submitted by gl-login2.arc-ts.umich.edu
Job ID 36545897
Running on gl[3175-3176]
Running in /scratch/mmani_root/mmani0/shared_data/pushshift_python/Great_Lakes_HPC/pys 

honda.csv
conspiracyundone.csv
bidenbro.csv
antiwork.csv
snowfall.csv
java.csv
volvo.csv
news.csv
math.csv
racism.csv
conspiracyultra.csv
hankaaronaward.csv
cardinals.csv
paris.csv
wayofthebern.csv
ballet.csv
neutralpolitics.csv
ufos.csv
python.csv
conspiracytheories.csv
outoftheloop.csv
epstein.csv
boulder.csv
fedora.csv
ontariouniversities.csv
conspiracy.csv
subredditdrama.csv
yankees.csv
ford.csv
watchredditdie.csv
911truth.csv
globeskeptic.csv
business.csv
mariners.csv
socialism.csv
datasets.csv
rust.csv
flatearther.csv
linux.csv
mandelaeffect.csv
unresolvedmysteries.csv
jeep.csv
budapest.csv
cad.csv
justiceserved.csv
berkeley.csv
fullcommunism.csv
webhosting.csv
narcos.csv
nonewnormal.csv
birdsarentreal.csv
the_donald.csv
simulated.csv
conspiracy_commons.csv
panama.csv
qult_headquarters.csv
flatearth.csv
infographics.csv
anticonsumption.csv
fuckyoukaren.csv
joerogan.csv
actualconspiracies.csv
michigan.csv
culturallayer.csv
hacking.csv
c_s_t.csv
occult.csv
aoc.csv
audi.csv
honolulu.csv
ruby.csv
anarcho_capitalism.csv
truereddit.csv
antivax.csv
maine.csv
database.csv
nio.csv
minimalism.csv
pedogate.csv
pushshift.csv
computervision.csv
highstrangeness.csv
political_revolution.csv
undelete.csv
toyota.csv
rutgers.csv
kansascitychiefs.csv
firearms.csv
computers.csv
oaklandraiders.csv
datascience.csv
trumpvirus.csv
psychonaut.csv
computerscience.csv
backing up data to turbo buffer
source := /scratch/mmani_root/mmani0/shared_data/hot/csv_labelz/
target := /nfs/turbo/flnt-mmani/Reddit_Communities/buffer/csv_labelz/

94 files to copy

target directory purged

copying label_911truth.csv
‘/scratch/mmani_root/mmani0/shared_data/hot/csv_labelz/label_911truth.csv’ -> ‘/nfs/turbo/flnt-mmani/Reddit_Communities/buffer/csv_labelz/label_911truth.csv’

copying label_actualconspiracies.csv
‘/scratch/mmani_root/mmani0/shared_data/hot/csv_labelz/label_actualconspiracies.csv’ -> ‘/nfs/turbo/flnt-mmani/Reddit_Communities/buffer/csv_labelz/label_actualconspiracies.csv’

copying label_anarcho_capitalism.csv
‘/scratch/mmani_root/mmani0/shared_data/hot/csv_labelz/label_anarcho_capitalism.csv’ -> ‘/nfs/turbo/flnt-mmani/Reddit_Communities/buffer/csv_labelz/label_anarcho_capitalism.csv’

copying label_anticonsumption.csv
‘/scratch/mmani_root/mmani0/shared_data/hot/csv_labelz/label_anticonsumption.csv’ -> ‘/nfs/turbo/flnt-mmani/Reddit_Communities/buffer/csv_labelz/label_anticonsumption.csv’

copying label_antivax.csv
‘/scratch/mmani_root/mmani0/shared_data/hot/csv_labelz/label_antivax.csv’ -> ‘/nfs/turbo/flnt-mmani/Reddit_Communities/buffer/csv_labelz/label_antivax.csv’

copying label_antiwork.csv
‘/scratch/mmani_root/mmani0/shared_data/hot/csv_labelz/label_antiwork.csv’ -> ‘/nfs/turbo/flnt-mmani/Reddit_Communities/buffer/csv_labelz/label_antiwork.csv’

copying label_aoc.csv
‘/scratch/mmani_root/mmani0/shared_data/hot/csv_labelz/label_aoc.csv’ -> ‘/nfs/turbo/flnt-mmani/Reddit_Communities/buffer/csv_labelz/label_aoc.csv’

copying label_audi.csv
‘/scratch/mmani_root/mmani0/shared_data/hot/csv_labelz/label_audi.csv’ -> ‘/nfs/turbo/flnt-mmani/Reddit_Communities/buffer/csv_labelz/label_audi.csv’

copying label_ballet.csv
‘/scratch/mmani_root/mmani0/shared_data/hot/csv_labelz/label_ballet.csv’ -> ‘/nfs/turbo/flnt-mmani/Reddit_Communities/buffer/csv_labelz/label_ballet.csv’

copying label_berkeley.csv
‘/scratch/mmani_root/mmani0/shared_data/hot/csv_labelz/label_berkeley.csv’ -> ‘/nfs/turbo/flnt-mmani/Reddit_Communities/buffer/csv_labelz/label_berkeley.csv’

copying label_bidenbro.csv
‘/scratch/mmani_root/mmani0/shared_data/hot/csv_labelz/label_bidenbro.csv’ -> ‘/nfs/turbo/flnt-mmani/Reddit_Communities/buffer/csv_labelz/label_bidenbro.csv’

copying label_birdsarentreal.csv
‘/scratch/mmani_root/mmani0/shared_data/hot/csv_labelz/label_birdsarentreal.csv’ -> ‘/nfs/turbo/flnt-mmani/Reddit_Communities/buffer/csv_labelz/label_birdsarentreal.csv’

copying label_boulder.csv
‘/scratch/mmani_root/mmani0/shared_data/hot/csv_labelz/label_boulder.csv’ -> ‘/nfs/turbo/flnt-mmani/Reddit_Communities/buffer/csv_labelz/label_boulder.csv’

copying label_budapest.csv
‘/scratch/mmani_root/mmani0/shared_data/hot/csv_labelz/label_budapest.csv’ -> ‘/nfs/turbo/flnt-mmani/Reddit_Communities/buffer/csv_labelz/label_budapest.csv’

copying label_business.csv
‘/scratch/mmani_root/mmani0/shared_data/hot/csv_labelz/label_business.csv’ -> ‘/nfs/turbo/flnt-mmani/Reddit_Communities/buffer/csv_labelz/label_business.csv’

copying label_cad.csv
‘/scratch/mmani_root/mmani0/shared_data/hot/csv_labelz/label_cad.csv’ -> ‘/nfs/turbo/flnt-mmani/Reddit_Communities/buffer/csv_labelz/label_cad.csv’

copying label_cardinals.csv
‘/scratch/mmani_root/mmani0/shared_data/hot/csv_labelz/label_cardinals.csv’ -> ‘/nfs/turbo/flnt-mmani/Reddit_Communities/buffer/csv_labelz/label_cardinals.csv’

copying label_computerscience.csv
‘/scratch/mmani_root/mmani0/shared_data/hot/csv_labelz/label_computerscience.csv’ -> ‘/nfs/turbo/flnt-mmani/Reddit_Communities/buffer/csv_labelz/label_computerscience.csv’

copying label_computers.csv
‘/scratch/mmani_root/mmani0/shared_data/hot/csv_labelz/label_computers.csv’ -> ‘/nfs/turbo/flnt-mmani/Reddit_Communities/buffer/csv_labelz/label_computers.csv’

copying label_computervision.csv
‘/scratch/mmani_root/mmani0/shared_data/hot/csv_labelz/label_computervision.csv’ -> ‘/nfs/turbo/flnt-mmani/Reddit_Communities/buffer/csv_labelz/label_computervision.csv’

copying label_conspiracy_commons.csv
‘/scratch/mmani_root/mmani0/shared_data/hot/csv_labelz/label_conspiracy_commons.csv’ -> ‘/nfs/turbo/flnt-mmani/Reddit_Communities/buffer/csv_labelz/label_conspiracy_commons.csv’

copying label_conspiracy.csv
‘/scratch/mmani_root/mmani0/shared_data/hot/csv_labelz/label_conspiracy.csv’ -> ‘/nfs/turbo/flnt-mmani/Reddit_Communities/buffer/csv_labelz/label_conspiracy.csv’

copying label_conspiracytheories.csv
‘/scratch/mmani_root/mmani0/shared_data/hot/csv_labelz/label_conspiracytheories.csv’ -> ‘/nfs/turbo/flnt-mmani/Reddit_Communities/buffer/csv_labelz/label_conspiracytheories.csv’

copying label_conspiracyultra.csv
‘/scratch/mmani_root/mmani0/shared_data/hot/csv_labelz/label_conspiracyultra.csv’ -> ‘/nfs/turbo/flnt-mmani/Reddit_Communities/buffer/csv_labelz/label_conspiracyultra.csv’

copying label_conspiracyundone.csv
‘/scratch/mmani_root/mmani0/shared_data/hot/csv_labelz/label_conspiracyundone.csv’ -> ‘/nfs/turbo/flnt-mmani/Reddit_Communities/buffer/csv_labelz/label_conspiracyundone.csv’

copying label_c_s_t.csv
‘/scratch/mmani_root/mmani0/shared_data/hot/csv_labelz/label_c_s_t.csv’ -> ‘/nfs/turbo/flnt-mmani/Reddit_Communities/buffer/csv_labelz/label_c_s_t.csv’

copying label_culturallayer.csv
‘/scratch/mmani_root/mmani0/shared_data/hot/csv_labelz/label_culturallayer.csv’ -> ‘/nfs/turbo/flnt-mmani/Reddit_Communities/buffer/csv_labelz/label_culturallayer.csv’

copying label_database.csv
‘/scratch/mmani_root/mmani0/shared_data/hot/csv_labelz/label_database.csv’ -> ‘/nfs/turbo/flnt-mmani/Reddit_Communities/buffer/csv_labelz/label_database.csv’

copying label_datascience.csv
‘/scratch/mmani_root/mmani0/shared_data/hot/csv_labelz/label_datascience.csv’ -> ‘/nfs/turbo/flnt-mmani/Reddit_Communities/buffer/csv_labelz/label_datascience.csv’

copying label_datasets.csv
‘/scratch/mmani_root/mmani0/shared_data/hot/csv_labelz/label_datasets.csv’ -> ‘/nfs/turbo/flnt-mmani/Reddit_Communities/buffer/csv_labelz/label_datasets.csv’

copying label_epstein.csv
‘/scratch/mmani_root/mmani0/shared_data/hot/csv_labelz/label_epstein.csv’ -> ‘/nfs/turbo/flnt-mmani/Reddit_Communities/buffer/csv_labelz/label_epstein.csv’

copying label_fedora.csv
‘/scratch/mmani_root/mmani0/shared_data/hot/csv_labelz/label_fedora.csv’ -> ‘/nfs/turbo/flnt-mmani/Reddit_Communities/buffer/csv_labelz/label_fedora.csv’

copying label_firearms.csv
‘/scratch/mmani_root/mmani0/shared_data/hot/csv_labelz/label_firearms.csv’ -> ‘/nfs/turbo/flnt-mmani/Reddit_Communities/buffer/csv_labelz/label_firearms.csv’

copying label_flatearth.csv
‘/scratch/mmani_root/mmani0/shared_data/hot/csv_labelz/label_flatearth.csv’ -> ‘/nfs/turbo/flnt-mmani/Reddit_Communities/buffer/csv_labelz/label_flatearth.csv’

copying label_flatearther.csv
‘/scratch/mmani_root/mmani0/shared_data/hot/csv_labelz/label_flatearther.csv’ -> ‘/nfs/turbo/flnt-mmani/Reddit_Communities/buffer/csv_labelz/label_flatearther.csv’

copying label_ford.csv
‘/scratch/mmani_root/mmani0/shared_data/hot/csv_labelz/label_ford.csv’ -> ‘/nfs/turbo/flnt-mmani/Reddit_Communities/buffer/csv_labelz/label_ford.csv’

copying label_fuckyoukaren.csv
‘/scratch/mmani_root/mmani0/shared_data/hot/csv_labelz/label_fuckyoukaren.csv’ -> ‘/nfs/turbo/flnt-mmani/Reddit_Communities/buffer/csv_labelz/label_fuckyoukaren.csv’

copying label_fullcommunism.csv
‘/scratch/mmani_root/mmani0/shared_data/hot/csv_labelz/label_fullcommunism.csv’ -> ‘/nfs/turbo/flnt-mmani/Reddit_Communities/buffer/csv_labelz/label_fullcommunism.csv’

copying label_globeskeptic.csv
‘/scratch/mmani_root/mmani0/shared_data/hot/csv_labelz/label_globeskeptic.csv’ -> ‘/nfs/turbo/flnt-mmani/Reddit_Communities/buffer/csv_labelz/label_globeskeptic.csv’

copying label_hacking.csv
‘/scratch/mmani_root/mmani0/shared_data/hot/csv_labelz/label_hacking.csv’ -> ‘/nfs/turbo/flnt-mmani/Reddit_Communities/buffer/csv_labelz/label_hacking.csv’

copying label_hankaaronaward.csv
‘/scratch/mmani_root/mmani0/shared_data/hot/csv_labelz/label_hankaaronaward.csv’ -> ‘/nfs/turbo/flnt-mmani/Reddit_Communities/buffer/csv_labelz/label_hankaaronaward.csv’

copying label_highstrangeness.csv
‘/scratch/mmani_root/mmani0/shared_data/hot/csv_labelz/label_highstrangeness.csv’ -> ‘/nfs/turbo/flnt-mmani/Reddit_Communities/buffer/csv_labelz/label_highstrangeness.csv’

copying label_honda.csv
‘/scratch/mmani_root/mmani0/shared_data/hot/csv_labelz/label_honda.csv’ -> ‘/nfs/turbo/flnt-mmani/Reddit_Communities/buffer/csv_labelz/label_honda.csv’

copying label_honolulu.csv
‘/scratch/mmani_root/mmani0/shared_data/hot/csv_labelz/label_honolulu.csv’ -> ‘/nfs/turbo/flnt-mmani/Reddit_Communities/buffer/csv_labelz/label_honolulu.csv’

copying label_infographics.csv
‘/scratch/mmani_root/mmani0/shared_data/hot/csv_labelz/label_infographics.csv’ -> ‘/nfs/turbo/flnt-mmani/Reddit_Communities/buffer/csv_labelz/label_infographics.csv’

copying label_java.csv
‘/scratch/mmani_root/mmani0/shared_data/hot/csv_labelz/label_java.csv’ -> ‘/nfs/turbo/flnt-mmani/Reddit_Communities/buffer/csv_labelz/label_java.csv’

copying label_jeep.csv
‘/scratch/mmani_root/mmani0/shared_data/hot/csv_labelz/label_jeep.csv’ -> ‘/nfs/turbo/flnt-mmani/Reddit_Communities/buffer/csv_labelz/label_jeep.csv’

copying label_joerogan.csv
‘/scratch/mmani_root/mmani0/shared_data/hot/csv_labelz/label_joerogan.csv’ -> ‘/nfs/turbo/flnt-mmani/Reddit_Communities/buffer/csv_labelz/label_joerogan.csv’

copying label_justiceserved.csv
‘/scratch/mmani_root/mmani0/shared_data/hot/csv_labelz/label_justiceserved.csv’ -> ‘/nfs/turbo/flnt-mmani/Reddit_Communities/buffer/csv_labelz/label_justiceserved.csv’

copying label_kansascitychiefs.csv
‘/scratch/mmani_root/mmani0/shared_data/hot/csv_labelz/label_kansascitychiefs.csv’ -> ‘/nfs/turbo/flnt-mmani/Reddit_Communities/buffer/csv_labelz/label_kansascitychiefs.csv’

copying label_linux.csv
‘/scratch/mmani_root/mmani0/shared_data/hot/csv_labelz/label_linux.csv’ -> ‘/nfs/turbo/flnt-mmani/Reddit_Communities/buffer/csv_labelz/label_linux.csv’

copying label_maine.csv
‘/scratch/mmani_root/mmani0/shared_data/hot/csv_labelz/label_maine.csv’ -> ‘/nfs/turbo/flnt-mmani/Reddit_Communities/buffer/csv_labelz/label_maine.csv’

copying label_mandelaeffect.csv
‘/scratch/mmani_root/mmani0/shared_data/hot/csv_labelz/label_mandelaeffect.csv’ -> ‘/nfs/turbo/flnt-mmani/Reddit_Communities/buffer/csv_labelz/label_mandelaeffect.csv’

copying label_mariners.csv
‘/scratch/mmani_root/mmani0/shared_data/hot/csv_labelz/label_mariners.csv’ -> ‘/nfs/turbo/flnt-mmani/Reddit_Communities/buffer/csv_labelz/label_mariners.csv’

copying label_math.csv
‘/scratch/mmani_root/mmani0/shared_data/hot/csv_labelz/label_math.csv’ -> ‘/nfs/turbo/flnt-mmani/Reddit_Communities/buffer/csv_labelz/label_math.csv’

copying label_michigan.csv
‘/scratch/mmani_root/mmani0/shared_data/hot/csv_labelz/label_michigan.csv’ -> ‘/nfs/turbo/flnt-mmani/Reddit_Communities/buffer/csv_labelz/label_michigan.csv’

copying label_minimalism.csv
‘/scratch/mmani_root/mmani0/shared_data/hot/csv_labelz/label_minimalism.csv’ -> ‘/nfs/turbo/flnt-mmani/Reddit_Communities/buffer/csv_labelz/label_minimalism.csv’

copying label_narcos.csv
‘/scratch/mmani_root/mmani0/shared_data/hot/csv_labelz/label_narcos.csv’ -> ‘/nfs/turbo/flnt-mmani/Reddit_Communities/buffer/csv_labelz/label_narcos.csv’

copying label_neutralpolitics.csv
‘/scratch/mmani_root/mmani0/shared_data/hot/csv_labelz/label_neutralpolitics.csv’ -> ‘/nfs/turbo/flnt-mmani/Reddit_Communities/buffer/csv_labelz/label_neutralpolitics.csv’

copying label_news.csv
‘/scratch/mmani_root/mmani0/shared_data/hot/csv_labelz/label_news.csv’ -> ‘/nfs/turbo/flnt-mmani/Reddit_Communities/buffer/csv_labelz/label_news.csv’

copying label_nio.csv
‘/scratch/mmani_root/mmani0/shared_data/hot/csv_labelz/label_nio.csv’ -> ‘/nfs/turbo/flnt-mmani/Reddit_Communities/buffer/csv_labelz/label_nio.csv’

copying label_nonewnormal.csv
‘/scratch/mmani_root/mmani0/shared_data/hot/csv_labelz/label_nonewnormal.csv’ -> ‘/nfs/turbo/flnt-mmani/Reddit_Communities/buffer/csv_labelz/label_nonewnormal.csv’

copying label_oaklandraiders.csv
‘/scratch/mmani_root/mmani0/shared_data/hot/csv_labelz/label_oaklandraiders.csv’ -> ‘/nfs/turbo/flnt-mmani/Reddit_Communities/buffer/csv_labelz/label_oaklandraiders.csv’

copying label_occult.csv
‘/scratch/mmani_root/mmani0/shared_data/hot/csv_labelz/label_occult.csv’ -> ‘/nfs/turbo/flnt-mmani/Reddit_Communities/buffer/csv_labelz/label_occult.csv’

copying label_ontariouniversities.csv
‘/scratch/mmani_root/mmani0/shared_data/hot/csv_labelz/label_ontariouniversities.csv’ -> ‘/nfs/turbo/flnt-mmani/Reddit_Communities/buffer/csv_labelz/label_ontariouniversities.csv’

copying label_outoftheloop.csv
‘/scratch/mmani_root/mmani0/shared_data/hot/csv_labelz/label_outoftheloop.csv’ -> ‘/nfs/turbo/flnt-mmani/Reddit_Communities/buffer/csv_labelz/label_outoftheloop.csv’

copying label_panama.csv
‘/scratch/mmani_root/mmani0/shared_data/hot/csv_labelz/label_panama.csv’ -> ‘/nfs/turbo/flnt-mmani/Reddit_Communities/buffer/csv_labelz/label_panama.csv’

copying label_paris.csv
‘/scratch/mmani_root/mmani0/shared_data/hot/csv_labelz/label_paris.csv’ -> ‘/nfs/turbo/flnt-mmani/Reddit_Communities/buffer/csv_labelz/label_paris.csv’

copying label_pedogate.csv
‘/scratch/mmani_root/mmani0/shared_data/hot/csv_labelz/label_pedogate.csv’ -> ‘/nfs/turbo/flnt-mmani/Reddit_Communities/buffer/csv_labelz/label_pedogate.csv’

copying label_political_revolution.csv
‘/scratch/mmani_root/mmani0/shared_data/hot/csv_labelz/label_political_revolution.csv’ -> ‘/nfs/turbo/flnt-mmani/Reddit_Communities/buffer/csv_labelz/label_political_revolution.csv’

copying label_psychonaut.csv
‘/scratch/mmani_root/mmani0/shared_data/hot/csv_labelz/label_psychonaut.csv’ -> ‘/nfs/turbo/flnt-mmani/Reddit_Communities/buffer/csv_labelz/label_psychonaut.csv’

copying label_pushshift.csv
‘/scratch/mmani_root/mmani0/shared_data/hot/csv_labelz/label_pushshift.csv’ -> ‘/nfs/turbo/flnt-mmani/Reddit_Communities/buffer/csv_labelz/label_pushshift.csv’

copying label_python.csv
‘/scratch/mmani_root/mmani0/shared_data/hot/csv_labelz/label_python.csv’ -> ‘/nfs/turbo/flnt-mmani/Reddit_Communities/buffer/csv_labelz/label_python.csv’

copying label_qult_headquarters.csv
‘/scratch/mmani_root/mmani0/shared_data/hot/csv_labelz/label_qult_headquarters.csv’ -> ‘/nfs/turbo/flnt-mmani/Reddit_Communities/buffer/csv_labelz/label_qult_headquarters.csv’

copying label_racism.csv
‘/scratch/mmani_root/mmani0/shared_data/hot/csv_labelz/label_racism.csv’ -> ‘/nfs/turbo/flnt-mmani/Reddit_Communities/buffer/csv_labelz/label_racism.csv’

copying label_ruby.csv
‘/scratch/mmani_root/mmani0/shared_data/hot/csv_labelz/label_ruby.csv’ -> ‘/nfs/turbo/flnt-mmani/Reddit_Communities/buffer/csv_labelz/label_ruby.csv’

copying label_rust.csv
‘/scratch/mmani_root/mmani0/shared_data/hot/csv_labelz/label_rust.csv’ -> ‘/nfs/turbo/flnt-mmani/Reddit_Communities/buffer/csv_labelz/label_rust.csv’

copying label_rutgers.csv
‘/scratch/mmani_root/mmani0/shared_data/hot/csv_labelz/label_rutgers.csv’ -> ‘/nfs/turbo/flnt-mmani/Reddit_Communities/buffer/csv_labelz/label_rutgers.csv’

copying label_simulated.csv
‘/scratch/mmani_root/mmani0/shared_data/hot/csv_labelz/label_simulated.csv’ -> ‘/nfs/turbo/flnt-mmani/Reddit_Communities/buffer/csv_labelz/label_simulated.csv’

copying label_snowfall.csv
‘/scratch/mmani_root/mmani0/shared_data/hot/csv_labelz/label_snowfall.csv’ -> ‘/nfs/turbo/flnt-mmani/Reddit_Communities/buffer/csv_labelz/label_snowfall.csv’

copying label_socialism.csv
‘/scratch/mmani_root/mmani0/shared_data/hot/csv_labelz/label_socialism.csv’ -> ‘/nfs/turbo/flnt-mmani/Reddit_Communities/buffer/csv_labelz/label_socialism.csv’

copying label_subredditdrama.csv
‘/scratch/mmani_root/mmani0/shared_data/hot/csv_labelz/label_subredditdrama.csv’ -> ‘/nfs/turbo/flnt-mmani/Reddit_Communities/buffer/csv_labelz/label_subredditdrama.csv’

copying label_the_donald.csv
‘/scratch/mmani_root/mmani0/shared_data/hot/csv_labelz/label_the_donald.csv’ -> ‘/nfs/turbo/flnt-mmani/Reddit_Communities/buffer/csv_labelz/label_the_donald.csv’

copying label_toyota.csv
‘/scratch/mmani_root/mmani0/shared_data/hot/csv_labelz/label_toyota.csv’ -> ‘/nfs/turbo/flnt-mmani/Reddit_Communities/buffer/csv_labelz/label_toyota.csv’

copying label_truereddit.csv
‘/scratch/mmani_root/mmani0/shared_data/hot/csv_labelz/label_truereddit.csv’ -> ‘/nfs/turbo/flnt-mmani/Reddit_Communities/buffer/csv_labelz/label_truereddit.csv’

copying label_trumpvirus.csv
‘/scratch/mmani_root/mmani0/shared_data/hot/csv_labelz/label_trumpvirus.csv’ -> ‘/nfs/turbo/flnt-mmani/Reddit_Communities/buffer/csv_labelz/label_trumpvirus.csv’

copying label_ufos.csv
‘/scratch/mmani_root/mmani0/shared_data/hot/csv_labelz/label_ufos.csv’ -> ‘/nfs/turbo/flnt-mmani/Reddit_Communities/buffer/csv_labelz/label_ufos.csv’

copying label_undelete.csv
‘/scratch/mmani_root/mmani0/shared_data/hot/csv_labelz/label_undelete.csv’ -> ‘/nfs/turbo/flnt-mmani/Reddit_Communities/buffer/csv_labelz/label_undelete.csv’

copying label_unresolvedmysteries.csv
‘/scratch/mmani_root/mmani0/shared_data/hot/csv_labelz/label_unresolvedmysteries.csv’ -> ‘/nfs/turbo/flnt-mmani/Reddit_Communities/buffer/csv_labelz/label_unresolvedmysteries.csv’

copying label_volvo.csv
‘/scratch/mmani_root/mmani0/shared_data/hot/csv_labelz/label_volvo.csv’ -> ‘/nfs/turbo/flnt-mmani/Reddit_Communities/buffer/csv_labelz/label_volvo.csv’

copying label_watchredditdie.csv
‘/scratch/mmani_root/mmani0/shared_data/hot/csv_labelz/label_watchredditdie.csv’ -> ‘/nfs/turbo/flnt-mmani/Reddit_Communities/buffer/csv_labelz/label_watchredditdie.csv’

copying label_wayofthebern.csv
‘/scratch/mmani_root/mmani0/shared_data/hot/csv_labelz/label_wayofthebern.csv’ -> ‘/nfs/turbo/flnt-mmani/Reddit_Communities/buffer/csv_labelz/label_wayofthebern.csv’

copying label_webhosting.csv
‘/scratch/mmani_root/mmani0/shared_data/hot/csv_labelz/label_webhosting.csv’ -> ‘/nfs/turbo/flnt-mmani/Reddit_Communities/buffer/csv_labelz/label_webhosting.csv’

copying label_yankees.csv
‘/scratch/mmani_root/mmani0/shared_data/hot/csv_labelz/label_yankees.csv’ -> ‘/nfs/turbo/flnt-mmani/Reddit_Communities/buffer/csv_labelz/label_yankees.csv’

spinning down at: Fri May 13 23:31:17 EDT 2022
