root_script: label_maker.sbat

/sw/arcts/centos7/python3.8-anaconda/2021.05/bin/python

spinning up at: Wed Apr 20 20:50:18 EDT 2022
Job submitted by gl-login2.arc-ts.umich.edu
Job ID 35581307
Running on gl3043
Running in /scratch/mmani_root/mmani0/shared_data/pushshift_python/Great_Lakes_HPC/pys 

honda.csv
conspiracyundone.csv
snowfall.csv
volvo.csv
math.csv
conspiracyultra.csv
hankaaronaward.csv
wayofthebern.csv
ufos.csv
conspiracytheories.csv
outoftheloop.csv
epstein.csv
conspiracy.csv
subredditdrama.csv
ford.csv
watchredditdie.csv
911truth.csv
globeskeptic.csv
datasets.csv
linux.csv
mandelaeffect.csv
unresolvedmysteries.csv
narcos.csv
nonewnormal.csv
the_donald.csv
conspiracy_commons.csv
qult_headquarters.csv
flatearth.csv
joerogan.csv
actualconspiracies.csv
culturallayer.csv
c_s_t.csv
pedogate.csv
pushshift.csv
highstrangeness.csv
test.csv
exception as : [Errno 2] No such file or directory: 'test.csv'
undelete.csv
backing up data to turbo buffer
source := /scratch/mmani_root/mmani0/shared_data/hot/csv_labelz/
target := /nfs/turbo/flnt-mmani/Reddit_Communities/buffer/csv_labelz/

37 files to copy

target directory purged

copying label_911truth.csv
‘/scratch/mmani_root/mmani0/shared_data/hot/csv_labelz/label_911truth.csv’ -> ‘/nfs/turbo/flnt-mmani/Reddit_Communities/buffer/csv_labelz/label_911truth.csv’

1 of 37 files copied

copying label_actualconspiracies.csv
‘/scratch/mmani_root/mmani0/shared_data/hot/csv_labelz/label_actualconspiracies.csv’ -> ‘/nfs/turbo/flnt-mmani/Reddit_Communities/buffer/csv_labelz/label_actualconspiracies.csv’

2 of 37 files copied

copying label_conspiracy_commons.csv
‘/scratch/mmani_root/mmani0/shared_data/hot/csv_labelz/label_conspiracy_commons.csv’ -> ‘/nfs/turbo/flnt-mmani/Reddit_Communities/buffer/csv_labelz/label_conspiracy_commons.csv’

3 of 37 files copied

copying label_conspiracy.csv
‘/scratch/mmani_root/mmani0/shared_data/hot/csv_labelz/label_conspiracy.csv’ -> ‘/nfs/turbo/flnt-mmani/Reddit_Communities/buffer/csv_labelz/label_conspiracy.csv’

4 of 37 files copied

copying label_conspiracytheories.csv
‘/scratch/mmani_root/mmani0/shared_data/hot/csv_labelz/label_conspiracytheories.csv’ -> ‘/nfs/turbo/flnt-mmani/Reddit_Communities/buffer/csv_labelz/label_conspiracytheories.csv’

5 of 37 files copied

copying label_conspiracyultra.csv
‘/scratch/mmani_root/mmani0/shared_data/hot/csv_labelz/label_conspiracyultra.csv’ -> ‘/nfs/turbo/flnt-mmani/Reddit_Communities/buffer/csv_labelz/label_conspiracyultra.csv’

6 of 37 files copied

copying label_conspiracyundone.csv
‘/scratch/mmani_root/mmani0/shared_data/hot/csv_labelz/label_conspiracyundone.csv’ -> ‘/nfs/turbo/flnt-mmani/Reddit_Communities/buffer/csv_labelz/label_conspiracyundone.csv’

7 of 37 files copied

copying label_c_s_t.csv
‘/scratch/mmani_root/mmani0/shared_data/hot/csv_labelz/label_c_s_t.csv’ -> ‘/nfs/turbo/flnt-mmani/Reddit_Communities/buffer/csv_labelz/label_c_s_t.csv’

8 of 37 files copied

copying label_culturallayer.csv
‘/scratch/mmani_root/mmani0/shared_data/hot/csv_labelz/label_culturallayer.csv’ -> ‘/nfs/turbo/flnt-mmani/Reddit_Communities/buffer/csv_labelz/label_culturallayer.csv’

9 of 37 files copied

copying label_datasets.csv
‘/scratch/mmani_root/mmani0/shared_data/hot/csv_labelz/label_datasets.csv’ -> ‘/nfs/turbo/flnt-mmani/Reddit_Communities/buffer/csv_labelz/label_datasets.csv’

10 of 37 files copied

copying label_epstein.csv
‘/scratch/mmani_root/mmani0/shared_data/hot/csv_labelz/label_epstein.csv’ -> ‘/nfs/turbo/flnt-mmani/Reddit_Communities/buffer/csv_labelz/label_epstein.csv’

11 of 37 files copied

copying label_flatearth.csv
‘/scratch/mmani_root/mmani0/shared_data/hot/csv_labelz/label_flatearth.csv’ -> ‘/nfs/turbo/flnt-mmani/Reddit_Communities/buffer/csv_labelz/label_flatearth.csv’

12 of 37 files copied

copying label_ford.csv
‘/scratch/mmani_root/mmani0/shared_data/hot/csv_labelz/label_ford.csv’ -> ‘/nfs/turbo/flnt-mmani/Reddit_Communities/buffer/csv_labelz/label_ford.csv’

13 of 37 files copied

copying label_globeskeptic.csv
‘/scratch/mmani_root/mmani0/shared_data/hot/csv_labelz/label_globeskeptic.csv’ -> ‘/nfs/turbo/flnt-mmani/Reddit_Communities/buffer/csv_labelz/label_globeskeptic.csv’

14 of 37 files copied

copying label_hankaaronaward.csv
‘/scratch/mmani_root/mmani0/shared_data/hot/csv_labelz/label_hankaaronaward.csv’ -> ‘/nfs/turbo/flnt-mmani/Reddit_Communities/buffer/csv_labelz/label_hankaaronaward.csv’

15 of 37 files copied

copying label_highstrangeness.csv
‘/scratch/mmani_root/mmani0/shared_data/hot/csv_labelz/label_highstrangeness.csv’ -> ‘/nfs/turbo/flnt-mmani/Reddit_Communities/buffer/csv_labelz/label_highstrangeness.csv’

16 of 37 files copied

copying label_honda.csv
‘/scratch/mmani_root/mmani0/shared_data/hot/csv_labelz/label_honda.csv’ -> ‘/nfs/turbo/flnt-mmani/Reddit_Communities/buffer/csv_labelz/label_honda.csv’

17 of 37 files copied

copying label_joerogan.csv
‘/scratch/mmani_root/mmani0/shared_data/hot/csv_labelz/label_joerogan.csv’ -> ‘/nfs/turbo/flnt-mmani/Reddit_Communities/buffer/csv_labelz/label_joerogan.csv’

18 of 37 files copied

copying label_linux.csv
‘/scratch/mmani_root/mmani0/shared_data/hot/csv_labelz/label_linux.csv’ -> ‘/nfs/turbo/flnt-mmani/Reddit_Communities/buffer/csv_labelz/label_linux.csv’

19 of 37 files copied

copying label_mandelaeffect.csv
‘/scratch/mmani_root/mmani0/shared_data/hot/csv_labelz/label_mandelaeffect.csv’ -> ‘/nfs/turbo/flnt-mmani/Reddit_Communities/buffer/csv_labelz/label_mandelaeffect.csv’

20 of 37 files copied

copying label_math.csv
‘/scratch/mmani_root/mmani0/shared_data/hot/csv_labelz/label_math.csv’ -> ‘/nfs/turbo/flnt-mmani/Reddit_Communities/buffer/csv_labelz/label_math.csv’

21 of 37 files copied

copying label_narcos.csv
‘/scratch/mmani_root/mmani0/shared_data/hot/csv_labelz/label_narcos.csv’ -> ‘/nfs/turbo/flnt-mmani/Reddit_Communities/buffer/csv_labelz/label_narcos.csv’

22 of 37 files copied

copying label_nonewnormal.csv
‘/scratch/mmani_root/mmani0/shared_data/hot/csv_labelz/label_nonewnormal.csv’ -> ‘/nfs/turbo/flnt-mmani/Reddit_Communities/buffer/csv_labelz/label_nonewnormal.csv’

23 of 37 files copied

copying label_outoftheloop.csv
‘/scratch/mmani_root/mmani0/shared_data/hot/csv_labelz/label_outoftheloop.csv’ -> ‘/nfs/turbo/flnt-mmani/Reddit_Communities/buffer/csv_labelz/label_outoftheloop.csv’

24 of 37 files copied

copying label_pedogate.csv
‘/scratch/mmani_root/mmani0/shared_data/hot/csv_labelz/label_pedogate.csv’ -> ‘/nfs/turbo/flnt-mmani/Reddit_Communities/buffer/csv_labelz/label_pedogate.csv’

25 of 37 files copied

copying label_pushshift.csv
‘/scratch/mmani_root/mmani0/shared_data/hot/csv_labelz/label_pushshift.csv’ -> ‘/nfs/turbo/flnt-mmani/Reddit_Communities/buffer/csv_labelz/label_pushshift.csv’

26 of 37 files copied

copying label_qult_headquarters.csv
‘/scratch/mmani_root/mmani0/shared_data/hot/csv_labelz/label_qult_headquarters.csv’ -> ‘/nfs/turbo/flnt-mmani/Reddit_Communities/buffer/csv_labelz/label_qult_headquarters.csv’

27 of 37 files copied

copying label_snowfall.csv
‘/scratch/mmani_root/mmani0/shared_data/hot/csv_labelz/label_snowfall.csv’ -> ‘/nfs/turbo/flnt-mmani/Reddit_Communities/buffer/csv_labelz/label_snowfall.csv’

28 of 37 files copied

copying label_subredditdrama.csv
‘/scratch/mmani_root/mmani0/shared_data/hot/csv_labelz/label_subredditdrama.csv’ -> ‘/nfs/turbo/flnt-mmani/Reddit_Communities/buffer/csv_labelz/label_subredditdrama.csv’

29 of 37 files copied

copying label_test.csv
‘/scratch/mmani_root/mmani0/shared_data/hot/csv_labelz/label_test.csv’ -> ‘/nfs/turbo/flnt-mmani/Reddit_Communities/buffer/csv_labelz/label_test.csv’

30 of 37 files copied

copying label_the_donald.csv
‘/scratch/mmani_root/mmani0/shared_data/hot/csv_labelz/label_the_donald.csv’ -> ‘/nfs/turbo/flnt-mmani/Reddit_Communities/buffer/csv_labelz/label_the_donald.csv’

31 of 37 files copied

copying label_ufos.csv
‘/scratch/mmani_root/mmani0/shared_data/hot/csv_labelz/label_ufos.csv’ -> ‘/nfs/turbo/flnt-mmani/Reddit_Communities/buffer/csv_labelz/label_ufos.csv’

32 of 37 files copied

copying label_undelete.csv
‘/scratch/mmani_root/mmani0/shared_data/hot/csv_labelz/label_undelete.csv’ -> ‘/nfs/turbo/flnt-mmani/Reddit_Communities/buffer/csv_labelz/label_undelete.csv’

33 of 37 files copied

copying label_unresolvedmysteries.csv
‘/scratch/mmani_root/mmani0/shared_data/hot/csv_labelz/label_unresolvedmysteries.csv’ -> ‘/nfs/turbo/flnt-mmani/Reddit_Communities/buffer/csv_labelz/label_unresolvedmysteries.csv’

34 of 37 files copied

copying label_volvo.csv
‘/scratch/mmani_root/mmani0/shared_data/hot/csv_labelz/label_volvo.csv’ -> ‘/nfs/turbo/flnt-mmani/Reddit_Communities/buffer/csv_labelz/label_volvo.csv’

35 of 37 files copied

copying label_watchredditdie.csv
‘/scratch/mmani_root/mmani0/shared_data/hot/csv_labelz/label_watchredditdie.csv’ -> ‘/nfs/turbo/flnt-mmani/Reddit_Communities/buffer/csv_labelz/label_watchredditdie.csv’

36 of 37 files copied

copying label_wayofthebern.csv
‘/scratch/mmani_root/mmani0/shared_data/hot/csv_labelz/label_wayofthebern.csv’ -> ‘/nfs/turbo/flnt-mmani/Reddit_Communities/buffer/csv_labelz/label_wayofthebern.csv’

37 of 37 files copied

spinning down at: Thu Apr 21 11:11:25 EDT 2022
