root_script: extract_edges.sbat
Requirement already satisfied: decorator==5.1.0 in /home/casonk/.local/lib/python3.9/site-packages (5.1.0)
WARNING: You are using pip version 22.0.4; however, version 22.3 is available.
You should consider upgrading via the '/sw/pkgs/arc/python/3.9.12/bin/python3.9 -m pip install --upgrade pip' command.
Requirement already satisfied: pandas==1.4.2 in /home/casonk/.local/lib/python3.9/site-packages (1.4.2)
Requirement already satisfied: python-dateutil>=2.8.1 in /home/casonk/.local/lib/python3.9/site-packages (from pandas==1.4.2) (2.8.2)
Requirement already satisfied: pytz>=2020.1 in /home/casonk/.local/lib/python3.9/site-packages (from pandas==1.4.2) (2022.1)
Requirement already satisfied: numpy>=1.18.5 in /home/casonk/.local/lib/python3.9/site-packages (from pandas==1.4.2) (1.22.3)
Requirement already satisfied: six>=1.5 in /sw/pkgs/arc/python/3.9.12/lib/python3.9/site-packages (from python-dateutil>=2.8.1->pandas==1.4.2) (1.16.0)
WARNING: You are using pip version 22.0.4; however, version 22.3 is available.
You should consider upgrading via the '/sw/pkgs/arc/python/3.9.12/bin/python3.9 -m pip install --upgrade pip' command.

/sw/pkgs/arc/python/3.9.12/bin/python

spinning up at: Thu Nov  3 20:17:11 EDT 2022
Job submitted by gl-login2.arc-ts.umich.edu
Job ID 44531230
Running on gl3032
Running in /home/casonk/path/mmani_root/mmani0/shared_data/pushshift_python/Great_Lakes_HPC/pys/insurrection 

2020-10-04 1 2423 6 2498
2020-10-05 1 2482 6 2497
2020-10-06 1 2478 6 2496
2020-10-07 1 2271 6 2498
2020-10-08 1 2385 6 2494
2020-10-09 1 2487 6 2498
2020-10-10 1 2492 6 2498
2020-10-11 1 2445 6 2497
2020-10-12 1 2416 6 2497
2020-10-13 1 2499 6 2498
2020-10-14 1 2442 6 2498
2020-10-15 1 2475 6 2498
2020-10-16 1 2481 6 2498
2020-10-17 1 2483 6 2498
2020-10-18 1 2479 6 2499
2020-10-19 1 2415 6 2493
2020-10-20 1 2460 6 2494
2020-10-21 1 2418 6 2494
2020-10-22 1 2415 6 2496
2020-10-23 1 2484 6 2497
2020-10-24 1 2498 6 2494
2020-10-25 1 2477 6 2493
2020-10-26 1 2476 6 2498
2020-10-27 1 2401 6 2495
2020-10-28 1 2435 6 2495
2020-10-29 1 2471 6 2499
2020-10-30 1 2428 6 2496
2020-10-31 1 2462 6 2497
2020-11-01 1 2490 7 2494
2020-11-02 1 2442 7 2498
2020-11-03 1 2385 7 2499
2020-11-04 1 2456 7 2499
2020-11-05 1 2466 7 2495
2020-11-06 1 2481 7 2498
2020-11-07 1 2442 7 2497
2020-11-08 1 2494 6 2498
2020-11-09 1 2486 6 2499
2020-11-10 1 2479 6 2498
2020-11-11 1 2423 6 2499
2020-11-12 1 2442 6 2499
2020-11-13 1 2469 6 2495
2020-11-14 1 2393 6 2499
2020-11-15 1 2394 6 2498
2020-11-16 1 2489 6 2499
2020-11-17 1 2315 6 2499
2020-11-18 1 2316 6 2499
2020-11-19 1 2441 6 2499
2020-11-20 1 2452 6 2497
2020-11-21 1 2463 6 2485
2020-11-22 1 2448 6 2499
2020-11-23 1 2465 6 2499
2020-11-24 1 2434 6 2488
2020-11-25 1 2499 6 2499
2020-11-26 1 2475 6 2494
2020-11-27 1 2466 6 2494
2020-11-28 1 2486 6 2499
2020-11-29 1 2477 6 2495
2020-11-30 1 2486 6 2497
2020-12-01 1 2459 6 2495
2020-12-02 1 2369 6 2497
2020-12-03 1 2466 6 2499
2020-12-04 1 2407 6 2499
2020-12-05 1 2426 6 2498
2020-12-06 1 2361 6 2496
2020-12-07 1 2429 6 2491
2020-12-08 1 2440 6 2491
2020-12-09 1 2483 6 2499
2020-12-10 1 2499 6 2497
2020-12-11 1 2399 6 2499
2020-12-12 1 2472 6 2497
2020-12-13 1 2432 6 2498
2020-12-14 1 2344 6 2494
2020-12-15 1 2467 6 2495
2020-12-16 1 2358 6 2498
2020-12-17 1 2421 6 2497
2020-12-18 1 2479 6 2498
2020-12-19 1 2381 6 2498
2020-12-20 1 2489 6 2499
2020-12-21 1 2473 6 2497
2020-12-22 1 2456 6 2490
2020-12-23 1 2474 6 2491
2020-12-24 1 2476 6 2495
2020-12-25 1 2474 6 2498
2020-12-26 1 2476 6 2494
2020-12-27 1 2418 6 2499
2020-12-28 1 2459 6 2496
2020-12-29 1 2436 6 2492
2020-12-30 1 2431 6 2498
2020-12-31 1 2498 6 2499
2021-01-01 1 2393 6 2494
2021-01-02 1 2482 6 2498
2021-01-03 1 2430 6 2499
2021-01-04 1 2376 6 2498
2021-01-05 1 2295 7 2499
2021-01-06 1 2402 7 2498
2021-01-07 1 2494 7 2496
2021-01-08 1 2487 7 2498
2021-01-09 1 2453 7 2491
2021-01-10 1 2497 7 2497
2021-01-11 1 2451 7 2489
2021-01-12 1 2499 7 2495
2021-01-13 1 2460 6 2498
2021-01-14 1 2476 6 2498
2021-01-15 1 2479 6 2499
2021-01-16 1 2478 6 2498
2021-01-17 1 2470 6 2499
2021-01-18 1 2489 6 2497
2021-01-19 1 2497 6 2498
2021-01-20 1 2473 6 2498
2021-01-21 1 2405 7 2494
2021-01-22 1 2416 7 2493
2021-01-23 1 2377 7 2487
2021-01-24 1 2414 7 2497
2021-01-25 1 2465 7 2497
2021-01-26 1 2478 7 2497
2021-01-27 1 2472 7 2499
2021-01-28 1 2486 7 2499
2021-01-29 1 2492 7 2499
2021-01-30 1 2412 7 2494
2021-01-31 1 2489 7 2493
2021-02-01 1 2495 7 2494
2021-02-02 1 2439 7 2498
2021-02-03 1 2467 7 2497
2021-02-04 1 2444 7 2495
2021-02-05 1 2474 6 2498
2021-02-06 1 2486 6 2499
2021-02-07 1 2499 6 2494
2021-02-08 1 2499 6 2498
2021-02-09 1 2481 6 2498
2021-02-10 1 2488 6 2499
2021-02-11 1 2492 6 2499
2021-02-12 1 2402 6 2495
2021-02-13 1 2429 6 2495
2021-02-14 1 2490 6 2494
2021-02-15 1 2462 6 2498
2021-02-16 1 2362 6 2498
2021-02-17 1 2447 6 2495
2021-02-18 1 2456 6 2498
2021-02-19 1 2456 6 2499
2021-02-20 1 2438 6 2499
2021-02-21 1 2485 6 2498
2021-02-22 1 2466 6 2498
2021-02-23 1 2484 6 2496
2021-02-24 1 2491 6 2498
2021-02-25 1 2386 6 2498
2021-02-26 1 2362 6 2499
2021-02-27 1 2483 6 2499
2021-02-28 1 2444 6 2496
2021-03-01 1 2495 6 2498
2021-03-02 1 2418 6 2495
2021-03-03 1 2451 6 2499
2021-03-04 1 2479 6 2494
2021-03-05 1 2450 6 2493
2021-03-06 1 2423 6 2499
2021-03-07 1 2477 6 2496
2021-03-08 1 2476 6 2499
2021-03-09 1 2457 6 2495
2021-03-10 1 2427 6 2495
2021-03-11 1 2435 6 2499
2021-03-12 1 2386 6 2499
2021-03-13 1 2496 6 2499
2021-03-14 1 2498 6 2492
2021-03-15 1 2476 6 2497
2021-03-16 1 2469 6 2499
2021-03-17 1 2497 6 2499
2021-03-18 1 2495 6 2496
2021-03-19 1 2495 6 2499
2021-03-20 1 2494 6 2497
2021-03-21 1 2494 6 2498
2021-03-22 1 2495 6 2496
2021-03-23 1 2404 6 2495
2021-03-24 1 2408 6 2493
2021-03-25 1 2361 6 2496
2021-03-26 1 2495 6 2499
2021-03-27 1 2483 6 2494
spinning down at: Fri Nov  4 01:05:34 EDT 2022
