root_script: extract_edges.sbat
Requirement already satisfied: decorator==5.1.0 in /home/casonk/.local/lib/python3.9/site-packages (5.1.0)
WARNING: You are using pip version 22.0.4; however, version 22.3 is available.
You should consider upgrading via the '/sw/pkgs/arc/python/3.9.12/bin/python3.9 -m pip install --upgrade pip' command.
Requirement already satisfied: pandas==1.4.2 in /home/casonk/.local/lib/python3.9/site-packages (1.4.2)
Requirement already satisfied: python-dateutil>=2.8.1 in /home/casonk/.local/lib/python3.9/site-packages (from pandas==1.4.2) (2.8.2)
Requirement already satisfied: pytz>=2020.1 in /home/casonk/.local/lib/python3.9/site-packages (from pandas==1.4.2) (2022.1)
Requirement already satisfied: numpy>=1.18.5 in /home/casonk/.local/lib/python3.9/site-packages (from pandas==1.4.2) (1.22.3)
Requirement already satisfied: six>=1.5 in /sw/pkgs/arc/python/3.9.12/lib/python3.9/site-packages (from python-dateutil>=2.8.1->pandas==1.4.2) (1.16.0)
WARNING: You are using pip version 22.0.4; however, version 22.3 is available.
You should consider upgrading via the '/sw/pkgs/arc/python/3.9.12/bin/python3.9 -m pip install --upgrade pip' command.

/sw/pkgs/arc/python/3.9.12/bin/python

spinning up at: Mon Oct 31 05:27:32 EDT 2022
Job submitted by gl-login1.arc-ts.umich.edu
Job ID 44293267
Running on gl[3141-3145]
Running in /home/casonk/path/mmani_root/mmani0/shared_data/pushshift_python/Great_Lakes_HPC/pys/insurrection 

2020-10-04 100
2020-10-04 75
2020-10-04 60
2020-10-04 50
2020-10-04 40
2020-10-04 30
2020-10-05 100
2020-10-05 75
2020-10-05 60
2020-10-05 50
2020-10-05 40
2020-10-05 30
2020-10-06 100
2020-10-06 75
2020-10-06 60
2020-10-06 50
2020-10-06 40
2020-10-06 30
2020-10-07 100
2020-10-07 75
2020-10-07 60
2020-10-07 50
2020-10-07 40
2020-10-07 30
2020-10-08 100
2020-10-08 75
2020-10-08 60
2020-10-08 50
2020-10-08 40
2020-10-08 30
2020-10-09 100
2020-10-09 75
2020-10-09 60
2020-10-09 50
2020-10-09 40
2020-10-09 30
2020-10-10 100
2020-10-10 75
2020-10-10 60
2020-10-10 50
2020-10-10 40
2020-10-10 30
2020-10-11 100
2020-10-11 75
2020-10-11 60
2020-10-11 50
2020-10-11 40
2020-10-11 30
2020-10-12 100
2020-10-12 75
2020-10-12 60
2020-10-12 50
2020-10-12 40
2020-10-12 30
2020-10-13 100
2020-10-13 75
2020-10-13 60
2020-10-13 50
2020-10-13 40
2020-10-13 30
2020-10-14 100
2020-10-14 75
2020-10-14 60
2020-10-14 50
2020-10-14 40
2020-10-14 30
2020-10-15 100
2020-10-15 75
2020-10-15 60
2020-10-15 50
2020-10-15 40
2020-10-15 30
2020-10-16 100
2020-10-16 75
2020-10-16 60
2020-10-16 50
2020-10-16 40
2020-10-16 30
2020-10-17 100
2020-10-17 75
2020-10-17 60
2020-10-17 50
2020-10-17 40
2020-10-17 30
2020-10-18 100
2020-10-18 75
2020-10-18 60
2020-10-18 50
2020-10-18 40
2020-10-18 30
2020-10-19 100
2020-10-19 75
2020-10-19 60
2020-10-19 50
2020-10-19 40
2020-10-19 30
2020-10-20 100
2020-10-20 75
2020-10-20 60
2020-10-20 50
2020-10-20 40
2020-10-20 30
2020-10-21 100
2020-10-21 75
2020-10-21 60
2020-10-21 50
2020-10-21 40
2020-10-21 30
2020-10-22 100
2020-10-22 75
2020-10-22 60
2020-10-22 50
2020-10-22 40
2020-10-22 30
2020-10-23 100
2020-10-23 75
2020-10-23 60
2020-10-23 50
2020-10-23 40
2020-10-23 30
2020-10-24 100
2020-10-24 75
2020-10-24 60
2020-10-24 50
2020-10-24 40
2020-10-24 30
2020-10-25 100
2020-10-25 75
2020-10-25 60
2020-10-25 50
2020-10-25 40
2020-10-25 30
2020-10-26 100
2020-10-26 75
2020-10-26 60
2020-10-26 50
2020-10-26 40
2020-10-26 30
2020-10-27 100
2020-10-27 75
2020-10-27 60
2020-10-27 50
2020-10-27 40
2020-10-27 30
2020-10-28 100
2020-10-28 75
2020-10-28 60
2020-10-28 50
2020-10-28 40
2020-10-28 30
2020-10-29 100
2020-10-29 75
2020-10-29 60
2020-10-29 50
2020-10-29 40
2020-10-29 30
2020-10-30 100
2020-10-30 75
2020-10-30 60
2020-10-30 50
2020-10-30 40
2020-10-30 30
2020-10-31 100
2020-10-31 75
2020-10-31 60
2020-10-31 50
2020-10-31 40
2020-10-31 30
2020-11-01 100
2020-11-01 75
2020-11-01 60
2020-11-01 50
2020-11-01 40
2020-11-01 30
2020-11-02 100
2020-11-02 75
2020-11-02 60
2020-11-02 50
2020-11-02 40
2020-11-02 30
2020-11-03 100
2020-11-03 75
2020-11-03 60
2020-11-03 50
2020-11-03 40
2020-11-03 30
2020-11-04 100
2020-11-04 75
2020-11-04 60
2020-11-04 50
2020-11-04 40
2020-11-04 30
2020-11-05 100
2020-11-05 75
2020-11-05 60
2020-11-05 50
2020-11-05 40
2020-11-05 30
2020-11-06 100
2020-11-06 75
2020-11-06 60
2020-11-06 50
2020-11-06 40
2020-11-06 30
2020-11-07 100
2020-11-07 75
2020-11-07 60
2020-11-07 50
2020-11-07 40
2020-11-07 30
2020-11-08 100
2020-11-08 75
2020-11-08 60
2020-11-08 50
2020-11-08 40
2020-11-08 30
2020-11-09 100
2020-11-09 75
2020-11-09 60
2020-11-09 50
2020-11-09 40
2020-11-09 30
2020-11-10 100
2020-11-10 75
2020-11-10 60
2020-11-10 50
2020-11-10 40
2020-11-10 30
2020-11-11 100
2020-11-11 75
2020-11-11 60
2020-11-11 50
2020-11-11 40
2020-11-11 30
2020-11-12 100
2020-11-12 75
2020-11-12 60
2020-11-12 50
2020-11-12 40
2020-11-12 30
2020-11-13 100
2020-11-13 75
2020-11-13 60
2020-11-13 50
2020-11-13 40
2020-11-13 30
2020-11-14 100
2020-11-14 75
2020-11-14 60
2020-11-14 50
2020-11-14 40
2020-11-14 30
2020-11-15 100
2020-11-15 75
2020-11-15 60
2020-11-15 50
2020-11-15 40
2020-11-15 30
2020-11-16 100
2020-11-16 75
2020-11-16 60
2020-11-16 50
2020-11-16 40
2020-11-16 30
2020-11-17 100
2020-11-17 75
2020-11-17 60
2020-11-17 50
2020-11-17 40
2020-11-17 30
2020-11-18 100
2020-11-18 75
2020-11-18 60
2020-11-18 50
2020-11-18 40
2020-11-18 30
2020-11-19 100
2020-11-19 75
2020-11-19 60
2020-11-19 50
2020-11-19 40
2020-11-19 30
2020-11-20 100
2020-11-20 75
2020-11-20 60
2020-11-20 50
2020-11-20 40
2020-11-20 30
2020-11-21 100
2020-11-21 75
2020-11-21 60
2020-11-21 50
2020-11-21 40
2020-11-21 30
2020-11-22 100
2020-11-22 75
2020-11-22 60
2020-11-22 50
2020-11-22 40
2020-11-22 30
2020-11-23 100
2020-11-23 75
2020-11-23 60
2020-11-23 50
2020-11-23 40
2020-11-23 30
2020-11-24 100
2020-11-24 75
2020-11-24 60
2020-11-24 50
2020-11-24 40
2020-11-24 30
2020-11-25 100
2020-11-25 75
2020-11-25 60
2020-11-25 50
2020-11-25 40
2020-11-25 30
2020-11-26 100
2020-11-26 75
2020-11-26 60
2020-11-26 50
2020-11-26 40
2020-11-26 30
2020-11-27 100
2020-11-27 75
2020-11-27 60
2020-11-27 50
2020-11-27 40
2020-11-27 30
2020-11-28 100
2020-11-28 75
2020-11-28 60
2020-11-28 50
2020-11-28 40
2020-11-28 30
2020-11-29 100
2020-11-29 75
2020-11-29 60
2020-11-29 50
2020-11-29 40
2020-11-29 30
2020-11-30 100
2020-11-30 75
2020-11-30 60
2020-11-30 50
2020-11-30 40
2020-11-30 30
2020-12-01 100
2020-12-01 75
2020-12-01 60
2020-12-01 50
2020-12-01 40
2020-12-01 30
2020-12-02 100
2020-12-02 75
2020-12-02 60
2020-12-02 50
2020-12-02 40
2020-12-02 30
2020-12-03 100
2020-12-03 75
2020-12-03 60
2020-12-03 50
2020-12-03 40
2020-12-03 30
2020-12-04 100
2020-12-04 75
2020-12-04 60
2020-12-04 50
2020-12-04 40
2020-12-04 30
2020-12-05 100
2020-12-05 75
2020-12-05 60
2020-12-05 50
2020-12-05 40
2020-12-05 30
2020-12-06 100
2020-12-06 75
2020-12-06 60
2020-12-06 50
2020-12-06 40
2020-12-06 30
2020-12-07 100
2020-12-07 75
2020-12-07 60
2020-12-07 50
2020-12-07 40
2020-12-07 30
2020-12-08 100
2020-12-08 75
2020-12-08 60
2020-12-08 50
2020-12-08 40
2020-12-08 30
2020-12-09 100
2020-12-09 75
2020-12-09 60
2020-12-09 50
2020-12-09 40
2020-12-09 30
2020-12-10 100
2020-12-10 75
2020-12-10 60
2020-12-10 50
2020-12-10 40
2020-12-10 30
2020-12-11 100
2020-12-11 75
2020-12-11 60
2020-12-11 50
2020-12-11 40
2020-12-11 30
2020-12-12 100
2020-12-12 75
2020-12-12 60
2020-12-12 50
2020-12-12 40
2020-12-12 30
2020-12-13 100
2020-12-13 75
2020-12-13 60
2020-12-13 50
2020-12-13 40
2020-12-13 30
2020-12-14 100
2020-12-14 75
2020-12-14 60
2020-12-14 50
2020-12-14 40
2020-12-14 30
2020-12-15 100
2020-12-15 75
2020-12-15 60
2020-12-15 50
2020-12-15 40
2020-12-15 30
2020-12-16 100
2020-12-16 75
2020-12-16 60
2020-12-16 50
2020-12-16 40
2020-12-16 30
2020-12-17 100
2020-12-17 75
2020-12-17 60
2020-12-17 50
2020-12-17 40
2020-12-17 30
2020-12-18 100
2020-12-18 75
2020-12-18 60
2020-12-18 50
2020-12-18 40
2020-12-18 30
2020-12-19 100
2020-12-19 75
2020-12-19 60
2020-12-19 50
2020-12-19 40
2020-12-19 30
2020-12-20 100
2020-12-20 75
2020-12-20 60
2020-12-20 50
2020-12-20 40
2020-12-20 30
2020-12-21 100
2020-12-21 75
2020-12-21 60
2020-12-21 50
2020-12-21 40
2020-12-21 30
2020-12-22 100
2020-12-22 75
2020-12-22 60
2020-12-22 50
2020-12-22 40
2020-12-22 30
2020-12-23 100
2020-12-23 75
2020-12-23 60
2020-12-23 50
2020-12-23 40
2020-12-23 30
2020-12-24 100
2020-12-24 75
2020-12-24 60
2020-12-24 50
2020-12-24 40
2020-12-24 30
2020-12-25 100
2020-12-25 75
2020-12-25 60
2020-12-25 50
2020-12-25 40
2020-12-25 30
2020-12-26 100
2020-12-26 75
2020-12-26 60
2020-12-26 50
2020-12-26 40
2020-12-26 30
2020-12-27 100
2020-12-27 75
2020-12-27 60
2020-12-27 50
2020-12-27 40
2020-12-27 30
2020-12-28 100
2020-12-28 75
2020-12-28 60
2020-12-28 50
2020-12-28 40
2020-12-28 30
2020-12-29 100
2020-12-29 75
2020-12-29 60
2020-12-29 50
2020-12-29 40
2020-12-29 30
2020-12-30 100
2020-12-30 75
2020-12-30 60
2020-12-30 50
2020-12-30 40
2020-12-30 30
2020-12-31 100
2020-12-31 75
2020-12-31 60
2020-12-31 50
2020-12-31 40
2020-12-31 30
2021-01-01 100
2021-01-01 75
2021-01-01 60
2021-01-01 50
2021-01-01 40
2021-01-01 30
2021-01-02 100
2021-01-02 75
2021-01-02 60
2021-01-02 50
2021-01-02 40
2021-01-02 30
2021-01-03 100
2021-01-03 75
2021-01-03 60
2021-01-03 50
2021-01-03 40
2021-01-03 30
2021-01-04 100
2021-01-04 75
2021-01-04 60
2021-01-04 50
2021-01-04 40
2021-01-04 30
2021-01-05 100
2021-01-05 75
2021-01-05 60
2021-01-05 50
2021-01-05 40
2021-01-05 30
2021-01-06 100
2021-01-06 75
2021-01-06 60
2021-01-06 50
2021-01-06 40
2021-01-06 30
2021-01-07 100
2021-01-07 75
2021-01-07 60
2021-01-07 50
2021-01-07 40
2021-01-07 30
2021-01-08 100
2021-01-08 75
2021-01-08 60
2021-01-08 50
2021-01-08 40
2021-01-08 30
2021-01-09 100
2021-01-09 75
2021-01-09 60
2021-01-09 50
2021-01-09 40
2021-01-09 30
2021-01-10 100
2021-01-10 75
2021-01-10 60
2021-01-10 50
2021-01-10 40
2021-01-10 30
2021-01-11 100
2021-01-11 75
2021-01-11 60
2021-01-11 50
2021-01-11 40
2021-01-11 30
2021-01-12 100
2021-01-12 75
2021-01-12 60
2021-01-12 50
2021-01-12 40
2021-01-12 30
2021-01-13 100
2021-01-13 75
2021-01-13 60
2021-01-13 50
2021-01-13 40
2021-01-13 30
2021-01-14 100
2021-01-14 75
2021-01-14 60
2021-01-14 50
2021-01-14 40
2021-01-14 30
2021-01-15 100
2021-01-15 75
2021-01-15 60
2021-01-15 50
2021-01-15 40
2021-01-15 30
2021-01-16 100
2021-01-16 75
2021-01-16 60
2021-01-16 50
2021-01-16 40
2021-01-16 30
2021-01-17 100
2021-01-17 75
2021-01-17 60
2021-01-17 50
2021-01-17 40
2021-01-17 30
2021-01-18 100
2021-01-18 75
2021-01-18 60
2021-01-18 50
2021-01-18 40
2021-01-18 30
2021-01-19 100
2021-01-19 75
2021-01-19 60
2021-01-19 50
2021-01-19 40
2021-01-19 30
2021-01-20 100
2021-01-20 75
2021-01-20 60
2021-01-20 50
2021-01-20 40
2021-01-20 30
2021-01-21 100
2021-01-21 75
2021-01-21 60
2021-01-21 50
2021-01-21 40
2021-01-21 30
2021-01-22 100
2021-01-22 75
2021-01-22 60
2021-01-22 50
2021-01-22 40
2021-01-22 30
2021-01-23 100
2021-01-23 75
2021-01-23 60
2021-01-23 50
2021-01-23 40
2021-01-23 30
2021-01-24 100
2021-01-24 75
2021-01-24 60
2021-01-24 50
2021-01-24 40
2021-01-24 30
2021-01-25 100
2021-01-25 75
2021-01-25 60
2021-01-25 50
2021-01-25 40
2021-01-25 30
2021-01-26 100
2021-01-26 75
2021-01-26 60
2021-01-26 50
2021-01-26 40
2021-01-26 30
2021-01-27 100
2021-01-27 75
2021-01-27 60
2021-01-27 50
2021-01-27 40
2021-01-27 30
2021-01-28 100
2021-01-28 75
2021-01-28 60
2021-01-28 50
2021-01-28 40
2021-01-28 30
2021-01-29 100
2021-01-29 75
2021-01-29 60
2021-01-29 50
2021-01-29 40
2021-01-29 30
2021-01-30 100
2021-01-30 75
2021-01-30 60
2021-01-30 50
2021-01-30 40
2021-01-30 30
2021-01-31 100
2021-01-31 75
2021-01-31 60
2021-01-31 50
2021-01-31 40
2021-01-31 30
2021-02-01 100
2021-02-01 75
2021-02-01 60
2021-02-01 50
2021-02-01 40
2021-02-01 30
2021-02-02 100
2021-02-02 75
2021-02-02 60
2021-02-02 50
2021-02-02 40
2021-02-02 30
2021-02-03 100
2021-02-03 75
2021-02-03 60
2021-02-03 50
2021-02-03 40
2021-02-03 30
2021-02-04 100
2021-02-04 75
2021-02-04 60
2021-02-04 50
2021-02-04 40
2021-02-04 30
2021-02-05 100
2021-02-05 75
2021-02-05 60
2021-02-05 50
2021-02-05 40
2021-02-05 30
2021-02-06 100
2021-02-06 75
2021-02-06 60
2021-02-06 50
2021-02-06 40
2021-02-06 30
2021-02-07 100
2021-02-07 75
2021-02-07 60
2021-02-07 50
2021-02-07 40
2021-02-07 30
2021-02-08 100
2021-02-08 75
2021-02-08 60
2021-02-08 50
2021-02-08 40
2021-02-08 30
2021-02-09 100
2021-02-09 75
2021-02-09 60
2021-02-09 50
2021-02-09 40
2021-02-09 30
2021-02-10 100
2021-02-10 75
2021-02-10 60
2021-02-10 50
2021-02-10 40
2021-02-10 30
2021-02-11 100
2021-02-11 75
2021-02-11 60
2021-02-11 50
2021-02-11 40
2021-02-11 30
2021-02-12 100
2021-02-12 75
2021-02-12 60
2021-02-12 50
2021-02-12 40
2021-02-12 30
2021-02-13 100
2021-02-13 75
2021-02-13 60
2021-02-13 50
2021-02-13 40
2021-02-13 30
2021-02-14 100
2021-02-14 75
2021-02-14 60
2021-02-14 50
2021-02-14 40
2021-02-14 30
2021-02-15 100
2021-02-15 75
2021-02-15 60
2021-02-15 50
2021-02-15 40
2021-02-15 30
2021-02-16 100
2021-02-16 75
2021-02-16 60
2021-02-16 50
2021-02-16 40
2021-02-16 30
2021-02-17 100
2021-02-17 75
2021-02-17 60
2021-02-17 50
2021-02-17 40
2021-02-17 30
2021-02-18 100
2021-02-18 75
2021-02-18 60
2021-02-18 50
2021-02-18 40
2021-02-18 30
2021-02-19 100
2021-02-19 75
2021-02-19 60
2021-02-19 50
2021-02-19 40
2021-02-19 30
2021-02-20 100
2021-02-20 75
2021-02-20 60
2021-02-20 50
2021-02-20 40
2021-02-20 30
2021-02-21 100
2021-02-21 75
2021-02-21 60
2021-02-21 50
2021-02-21 40
2021-02-21 30
2021-02-22 100
2021-02-22 75
2021-02-22 60
2021-02-22 50
2021-02-22 40
2021-02-22 30
2021-02-23 100
2021-02-23 75
2021-02-23 60
2021-02-23 50
2021-02-23 40
2021-02-23 30
2021-02-24 100
2021-02-24 75
2021-02-24 60
2021-02-24 50
2021-02-24 40
2021-02-24 30
2021-02-25 100
2021-02-25 75
2021-02-25 60
2021-02-25 50
2021-02-25 40
2021-02-25 30
2021-02-26 100
2021-02-26 75
2021-02-26 60
2021-02-26 50
2021-02-26 40
2021-02-26 30
2021-02-27 100
2021-02-27 75
2021-02-27 60
2021-02-27 50
2021-02-27 40
2021-02-27 30
2021-02-28 100
2021-02-28 75
2021-02-28 60
2021-02-28 50
2021-02-28 40
2021-02-28 30
2021-03-01 100
2021-03-01 75
2021-03-01 60
2021-03-01 50
2021-03-01 40
2021-03-01 30
2021-03-02 100
2021-03-02 75
2021-03-02 60
2021-03-02 50
2021-03-02 40
2021-03-02 30
2021-03-03 100
2021-03-03 75
2021-03-03 60
2021-03-03 50
2021-03-03 40
2021-03-03 30
2021-03-04 100
2021-03-04 75
2021-03-04 60
2021-03-04 50
2021-03-04 40
2021-03-04 30
2021-03-05 100
2021-03-05 75
2021-03-05 60
2021-03-05 50
2021-03-05 40
2021-03-05 30
2021-03-06 100
2021-03-06 75
2021-03-06 60
2021-03-06 50
2021-03-06 40
2021-03-06 30
2021-03-07 100
2021-03-07 75
2021-03-07 60
2021-03-07 50
2021-03-07 40
2021-03-07 30
2021-03-08 100
2021-03-08 75
2021-03-08 60
2021-03-08 50
2021-03-08 40
2021-03-08 30
2021-03-09 100
2021-03-09 75
2021-03-09 60
2021-03-09 50
2021-03-09 40
2021-03-09 30
2021-03-10 100
2021-03-10 75
2021-03-10 60
2021-03-10 50
2021-03-10 40
2021-03-10 30
2021-03-11 100
2021-03-11 75
2021-03-11 60
2021-03-11 50
2021-03-11 40
2021-03-11 30
2021-03-12 100
2021-03-12 75
2021-03-12 60
2021-03-12 50
2021-03-12 40
2021-03-12 30
2021-03-13 100
2021-03-13 75
2021-03-13 60
2021-03-13 50
2021-03-13 40
2021-03-13 30
2021-03-14 100
2021-03-14 75
2021-03-14 60
2021-03-14 50
2021-03-14 40
2021-03-14 30
2021-03-15 100
2021-03-15 75
2021-03-15 60
2021-03-15 50
2021-03-15 40
2021-03-15 30
2021-03-16 100
2021-03-16 75
2021-03-16 60
2021-03-16 50
2021-03-16 40
2021-03-16 30
2021-03-17 100
2021-03-17 75
2021-03-17 60
2021-03-17 50
2021-03-17 40
2021-03-17 30
2021-03-18 100
2021-03-18 75
2021-03-18 60
2021-03-18 50
2021-03-18 40
2021-03-18 30
2021-03-19 100
2021-03-19 75
2021-03-19 60
2021-03-19 50
2021-03-19 40
2021-03-19 30
2021-03-20 100
2021-03-20 75
2021-03-20 60
2021-03-20 50
2021-03-20 40
2021-03-20 30
2021-03-21 100
2021-03-21 75
2021-03-21 60
2021-03-21 50
2021-03-21 40
2021-03-21 30
2021-03-22 100
2021-03-22 75
2021-03-22 60
2021-03-22 50
2021-03-22 40
2021-03-22 30
2021-03-23 100
2021-03-23 75
2021-03-23 60
2021-03-23 50
2021-03-23 40
2021-03-23 30
2021-03-24 100
2021-03-24 75
2021-03-24 60
2021-03-24 50
2021-03-24 40
2021-03-24 30
2021-03-25 100
2021-03-25 75
2021-03-25 60
2021-03-25 50
2021-03-25 40
2021-03-25 30
2021-03-26 100
2021-03-26 75
2021-03-26 60
2021-03-26 50
2021-03-26 40
2021-03-26 30
2021-03-27 100
2021-03-27 75
2021-03-27 60
2021-03-27 50
2021-03-27 40
2021-03-27 30
spinning down at: Mon Oct 31 14:40:55 EDT 2022
