root_script: map_communities_util.sbat
Lmod has detected the following error: The following module(s) are unknown:
"python/3.9.7"

Please check the spelling or version number. Also try "module spider ..."
It is also possible your cache file is out-of-date; it may help to try:
  $ module --ignore_cache load "python/3.9.7"

Also make sure that all modulefiles written in TCL start with the string
#%Module



/var/spool/slurmd.spool/job40718028/slurm_script: line 24: pip: command not found
/var/spool/slurmd.spool/job40718028/slurm_script: line 25: pip: command not found

which: no python in (/home/casonk/.vscode-server/bin/6d9b74a70ca9c7733b29f0456fd8195364076dda/bin/remote-cli:/opt/TurboVNC/bin:/opt/slurm/bin:/opt/slurm/sbin:/sw/pkgs/arc/usertools/bin:/usr/local/bin:/usr/bin:/usr/local/sbin:/usr/sbin:/usr/lpp/mmfs/bin:/home/casonk/.local/bin:/home/casonk/bin)

spinning up at: Thu Aug 11 20:20:17 EDT 2022
Job submitted by gl-login2.arc-ts.umich.edu
Job ID 40718028
Running on gl[3163,3165]
Running in /home/casonk/path/mmani_root/mmani0/shared_data/pushshift_python/Great_Lakes_HPC/pys/insurrection 

/var/spool/slurmd.spool/job40718028/slurm_script: line 44: python: command not found
backing up data to turbo buffer
source := /home/casonk/path/mmani_root/mmani0/shared_data/hot/push_file/IDL/
target := /home/casonk/path/flnt-mmani/Reddit_Communities/push_file/IDL/

176 files/directories to copy

rm: cannot remove '/home/casonk/path/flnt-mmani/Reddit_Communities/push_file/IDL/IDL': Directory not empty
mkdir: cannot create directory ‘/home/casonk/path/flnt-mmani/Reddit_Communities/push_file/IDL/’: File exists
target directory purged

copying IDL
