root_script: extract_edges.sbat
Lmod has detected the following error: The following module(s) are unknown:
"python/3.9.7"

Please check the spelling or version number. Also try "module spider ..."
It is also possible your cache file is out-of-date; it may help to try:
  $ module --ignore_cache load "python/3.9.7"

Also make sure that all modulefiles written in TCL start with the string
#%Module



/var/spool/slurmd.spool/job43758112/slurm_script: line 24: pip: command not found
/var/spool/slurmd.spool/job43758112/slurm_script: line 25: pip: command not found

/usr/bin/python

spinning up at: Thu Oct 13 13:48:41 EDT 2022
Job submitted by gl-login2.arc-ts.umich.edu
Job ID 43758112
Running on gl[3103-3104,3469-3471]
Running in /home/casonk/path/mmani_root/mmani0/shared_data/pushshift_python/Great_Lakes_HPC/pys/insurrection 


The Python interpreter is no longer available using the generic name 'python'.
Please specify either 'python2' or 'python3' to select the interpreter you wish
to use.  For additional information, please see:

   https://arc.umich.edu/software/python2-eol/

backing up data to turbo buffer
source := /home/casonk/path/mmani_root/mmani0/shared_data/hot/push_file/IDL/
target := /home/casonk/path/flnt-mmani/Reddit_Communities/push_file/IDL/

176 files/directories to copy

target directory purged

copying IDL
'/home/casonk/path/mmani_root/mmani0/shared_data/hot/push_file/IDL/' -> '/home/casonk/path/flnt-mmani/Reddit_Communities/push_file/IDL/IDL'
'/home/casonk/path/mmani_root/mmani0/shared_data/hot/push_file/IDL/2020-10-04' -> '/home/casonk/path/flnt-mmani/Reddit_Communities/push_file/IDL/IDL/2020-10-04'
'/home/casonk/path/mmani_root/mmani0/shared_data/hot/push_file/IDL/2020-10-04/COMMUNITIES_SERIES_1_21_5.pkl' -> '/home/casonk/path/flnt-mmani/Reddit_Communities/push_file/IDL/IDL/2020-10-04/COMMUNITIES_SERIES_1_21_5.pkl'
'/home/casonk/path/mmani_root/mmani0/shared_data/hot/push_file/IDL/2020-10-04/LEVEL_MAP_1_21_5.pkl' -> '/home/casonk/path/flnt-mmani/Reddit_Communities/push_file/IDL/IDL/2020-10-04/LEVEL_MAP_1_21_5.pkl'
'/home/casonk/path/mmani_root/mmani0/shared_data/hot/push_file/IDL/2020-10-04/LEVEL_DF_1_21_5.pkl' -> '/home/casonk/path/flnt-mmani/Reddit_Communities/push_file/IDL/IDL/2020-10-04/LEVEL_DF_1_21_5.pkl'
'/home/casonk/path/mmani_root/mmani0/shared_data/hot/push_file/IDL/2020-10-04/MAXIMALIST_DF_1_21_5.pkl' -> '/home/casonk/path/flnt-mmani/Reddit_Communities/push_file/IDL/IDL/2020-10-04/MAXIMALIST_DF_1_21_5.pkl'
'/home/casonk/path/mmani_root/mmani0/shared_data/hot/push_file/IDL/2020-10-04/EI_DF_1_21_5.pkl' -> '/home/casonk/path/flnt-mmani/Reddit_Communities/push_file/IDL/IDL/2020-10-04/EI_DF_1_21_5.pkl'
'/home/casonk/path/mmani_root/mmani0/shared_data/hot/push_file/IDL/2020-10-04/CSP_1_21_5.pkl' -> '/home/casonk/path/flnt-mmani/Reddit_Communities/push_file/IDL/IDL/2020-10-04/CSP_1_21_5.pkl'
'/home/casonk/path/mmani_root/mmani0/shared_data/hot/push_file/IDL/2020-10-04/COMMUNITIES_DF_1_21_5.pkl' -> '/home/casonk/path/flnt-mmani/Reddit_Communities/push_file/IDL/IDL/2020-10-04/COMMUNITIES_DF_1_21_5.pkl'
'/home/casonk/path/mmani_root/mmani0/shared_data/hot/push_file/IDL/2020-10-04/CAP_1_21_5.pkl' -> '/home/casonk/path/flnt-mmani/Reddit_Communities/push_file/IDL/IDL/2020-10-04/CAP_1_21_5.pkl'
'/home/casonk/path/mmani_root/mmani0/shared_data/hot/push_file/IDL/2020-10-04/SUB_SETS_1_21_5.pkl' -> '/home/casonk/path/flnt-mmani/Reddit_Communities/push_file/IDL/IDL/2020-10-04/SUB_SETS_1_21_5.pkl'
'/home/casonk/path/mmani_root/mmani0/shared_data/hot/push_file/IDL/2020-10-04/AUTH_SETS_1_21_5.pkl' -> '/home/casonk/path/flnt-mmani/Reddit_Communities/push_file/IDL/IDL/2020-10-04/AUTH_SETS_1_21_5.pkl'
'/home/casonk/path/mmani_root/mmani0/shared_data/hot/push_file/IDL/2020-10-04/EDGE_LIST_SELFLESS.pkl' -> '/home/casonk/path/flnt-mmani/Reddit_Communities/push_file/IDL/IDL/2020-10-04/EDGE_LIST_SELFLESS.pkl'
'/home/casonk/path/mmani_root/mmani0/shared_data/hot/push_file/IDL/2020-10-04/AUTHOR_NET.pkl' -> '/home/casonk/path/flnt-mmani/Reddit_Communities/push_file/IDL/IDL/2020-10-04/AUTHOR_NET.pkl'
'/home/casonk/path/mmani_root/mmani0/shared_data/hot/push_file/IDL/2020-10-04/EDGE_LIST_SELFLESS_1_21.pkl' -> '/home/casonk/path/flnt-mmani/Reddit_Communities/push_file/IDL/IDL/2020-10-04/EDGE_LIST_SELFLESS_1_21.pkl'
'/home/casonk/path/mmani_root/mmani0/shared_data/hot/push_file/IDL/2020-10-04/EDGE_LIST_SELFLESS_2_21.pkl' -> '/home/casonk/path/flnt-mmani/Reddit_Communities/push_file/IDL/IDL/2020-10-04/EDGE_LIST_SELFLESS_2_21.pkl'
'/home/casonk/path/mmani_root/mmani0/shared_data/hot/push_file/IDL/2020-10-04/ID_PAIRS.pkl' -> '/home/casonk/path/flnt-mmani/Reddit_Communities/push_file/IDL/IDL/2020-10-04/ID_PAIRS.pkl'
'/home/casonk/path/mmani_root/mmani0/shared_data/hot/push_file/IDL/2020-10-04/EDGE_LIST_RAW.pkl' -> '/home/casonk/path/flnt-mmani/Reddit_Communities/push_file/IDL/IDL/2020-10-04/EDGE_LIST_RAW.pkl'
'/home/casonk/path/mmani_root/mmani0/shared_data/hot/push_file/IDL/2020-10-04/COMMUNITIES_SERIES_1_21_0.5.pkl' -> '/home/casonk/path/flnt-mmani/Reddit_Communities/push_file/IDL/IDL/2020-10-04/COMMUNITIES_SERIES_1_21_0.5.pkl'
'/home/casonk/path/mmani_root/mmani0/shared_data/hot/push_file/IDL/2020-10-04/LEVEL_MAP_1_21_0.5.pkl' -> '/home/casonk/path/flnt-mmani/Reddit_Communities/push_file/IDL/IDL/2020-10-04/LEVEL_MAP_1_21_0.5.pkl'
'/home/casonk/path/mmani_root/mmani0/shared_data/hot/push_file/IDL/2020-10-04/G_733_1_21_5.pkl' -> '/home/casonk/path/flnt-mmani/Reddit_Communities/push_file/IDL/IDL/2020-10-04/G_733_1_21_5.pkl'
'/home/casonk/path/mmani_root/mmani0/shared_data/hot/push_file/IDL/2020-10-04/G_4621_1_21_5.pkl' -> '/home/casonk/path/flnt-mmani/Reddit_Communities/push_file/IDL/IDL/2020-10-04/G_4621_1_21_5.pkl'
'/home/casonk/path/mmani_root/mmani0/shared_data/hot/push_file/IDL/2020-10-04/G_99_1_21_5.pkl' -> '/home/casonk/path/flnt-mmani/Reddit_Communities/push_file/IDL/IDL/2020-10-04/G_99_1_21_5.pkl'
'/home/casonk/path/mmani_root/mmani0/shared_data/hot/push_file/IDL/2020-10-04/G_159_1_21_5.pkl' -> '/home/casonk/path/flnt-mmani/Reddit_Communities/push_file/IDL/IDL/2020-10-04/G_159_1_21_5.pkl'
'/home/casonk/path/mmani_root/mmani0/shared_data/hot/push_file/IDL/2020-10-04/G_38_1_21_5.pkl' -> '/home/casonk/path/flnt-mmani/Reddit_Communities/push_file/IDL/IDL/2020-10-04/G_38_1_21_5.pkl'
'/home/casonk/path/mmani_root/mmani0/shared_data/hot/push_file/IDL/2020-10-04/COMMUNITIES_SERIES_1_21_2.pkl' -> '/home/casonk/path/flnt-mmani/Reddit_Communities/push_file/IDL/IDL/2020-10-04/COMMUNITIES_SERIES_1_21_2.pkl'
'/home/casonk/path/mmani_root/mmani0/shared_data/hot/push_file/IDL/2020-10-04/LEVEL_MAP_1_21_2.pkl' -> '/home/casonk/path/flnt-mmani/Reddit_Communities/push_file/IDL/IDL/2020-10-04/LEVEL_MAP_1_21_2.pkl'
'/home/casonk/path/mmani_root/mmani0/shared_data/hot/push_file/IDL/2020-10-04/LEVEL_DF_1_21_2.pkl' -> '/home/casonk/path/flnt-mmani/Reddit_Communities/push_file/IDL/IDL/2020-10-04/LEVEL_DF_1_21_2.pkl'
'/home/casonk/path/mmani_root/mmani0/shared_data/hot/push_file/IDL/2020-10-04/MAXIMALIST_DF_1_21_2.pkl' -> '/home/casonk/path/flnt-mmani/Reddit_Communities/push_file/IDL/IDL/2020-10-04/MAXIMALIST_DF_1_21_2.pkl'
'/home/casonk/path/mmani_root/mmani0/shared_data/hot/push_file/IDL/2020-10-04/EI_DF_1_21_2.pkl' -> '/home/casonk/path/flnt-mmani/Reddit_Communities/push_file/IDL/IDL/2020-10-04/EI_DF_1_21_2.pkl'
'/home/casonk/path/mmani_root/mmani0/shared_data/hot/push_file/IDL/2020-10-04/CSP_1_21_2.pkl' -> '/home/casonk/path/flnt-mmani/Reddit_Communities/push_file/IDL/IDL/2020-10-04/CSP_1_21_2.pkl'
'/home/casonk/path/mmani_root/mmani0/shared_data/hot/push_file/IDL/2020-10-04/COMMUNITIES_DF_1_21_2.pkl' -> '/home/casonk/path/flnt-mmani/Reddit_Communities/push_file/IDL/IDL/2020-10-04/COMMUNITIES_DF_1_21_2.pkl'
'/home/casonk/path/mmani_root/mmani0/shared_data/hot/push_file/IDL/2020-10-04/CAP_1_21_2.pkl' -> '/home/casonk/path/flnt-mmani/Reddit_Communities/push_file/IDL/IDL/2020-10-04/CAP_1_21_2.pkl'
'/home/casonk/path/mmani_root/mmani0/shared_data/hot/push_file/IDL/2020-10-04/SUB_SETS_1_21_2.pkl' -> '/home/casonk/path/flnt-mmani/Reddit_Communities/push_file/IDL/IDL/2020-10-04/SUB_SETS_1_21_2.pkl'
'/home/casonk/path/mmani_root/mmani0/shared_data/hot/push_file/IDL/2020-10-04/AUTH_SETS_1_21_2.pkl' -> '/home/casonk/path/flnt-mmani/Reddit_Communities/push_file/IDL/IDL/2020-10-04/AUTH_SETS_1_21_2.pkl'
'/home/casonk/path/mmani_root/mmani0/shared_data/hot/push_file/IDL/2020-10-04/LEVEL_DF_1_21_1.pkl' -> '/home/casonk/path/flnt-mmani/Reddit_Communities/push_file/IDL/IDL/2020-10-04/LEVEL_DF_1_21_1.pkl'
'/home/casonk/path/mmani_root/mmani0/shared_data/hot/push_file/IDL/2020-10-04/MAXIMALIST_DF_1_21_1.pkl' -> '/home/casonk/path/flnt-mmani/Reddit_Communities/push_file/IDL/IDL/2020-10-04/MAXIMALIST_DF_1_21_1.pkl'
'/home/casonk/path/mmani_root/mmani0/shared_data/hot/push_file/IDL/2020-10-04/EI_DF_1_21_1.pkl' -> '/home/casonk/path/flnt-mmani/Reddit_Communities/push_file/IDL/IDL/2020-10-04/EI_DF_1_21_1.pkl'
'/home/casonk/path/mmani_root/mmani0/shared_data/hot/push_file/IDL/2020-10-04/CSP_1_21_1.pkl' -> '/home/casonk/path/flnt-mmani/Reddit_Communities/push_file/IDL/IDL/2020-10-04/CSP_1_21_1.pkl'
'/home/casonk/path/mmani_root/mmani0/shared_data/hot/push_file/IDL/2020-10-04/COMMUNITIES_DF_1_21_1.pkl' -> '/home/casonk/path/flnt-mmani/Reddit_Communities/push_file/IDL/IDL/2020-10-04/COMMUNITIES_DF_1_21_1.pkl'
'/home/casonk/path/mmani_root/mmani0/shared_data/hot/push_file/IDL/2020-10-04/CAP_1_21_1.pkl' -> '/home/casonk/path/flnt-mmani/Reddit_Communities/push_file/IDL/IDL/2020-10-04/CAP_1_21_1.pkl'
'/home/casonk/path/mmani_root/mmani0/shared_data/hot/push_file/IDL/2020-10-04/SUB_SETS_1_21_1.pkl' -> '/home/casonk/path/flnt-mmani/Reddit_Communities/push_file/IDL/IDL/2020-10-04/SUB_SETS_1_21_1.pkl'
'/home/casonk/path/mmani_root/mmani0/shared_data/hot/push_file/IDL/2020-10-04/AUTH_SETS_1_21_1.pkl' -> '/home/casonk/path/flnt-mmani/Reddit_Communities/push_file/IDL/IDL/2020-10-04/AUTH_SETS_1_21_1.pkl'
'/home/casonk/path/mmani_root/mmani0/shared_data/hot/push_file/IDL/2020-10-04/COMMUNITIES_SERIES_1_21_10.pkl' -> '/home/casonk/path/flnt-mmani/Reddit_Communities/push_file/IDL/IDL/2020-10-04/COMMUNITIES_SERIES_1_21_10.pkl'
'/home/casonk/path/mmani_root/mmani0/shared_data/hot/push_file/IDL/2020-10-04/LEVEL_MAP_1_21_10.pkl' -> '/home/casonk/path/flnt-mmani/Reddit_Communities/push_file/IDL/IDL/2020-10-04/LEVEL_MAP_1_21_10.pkl'
'/home/casonk/path/mmani_root/mmani0/shared_data/hot/push_file/IDL/2020-10-04/LEVEL_DF_1_21_10.pkl' -> '/home/casonk/path/flnt-mmani/Reddit_Communities/push_file/IDL/IDL/2020-10-04/LEVEL_DF_1_21_10.pkl'
'/home/casonk/path/mmani_root/mmani0/shared_data/hot/push_file/IDL/2020-10-04/MAXIMALIST_DF_1_21_10.pkl' -> '/home/casonk/path/flnt-mmani/Reddit_Communities/push_file/IDL/IDL/2020-10-04/MAXIMALIST_DF_1_21_10.pkl'
'/home/casonk/path/mmani_root/mmani0/shared_data/hot/push_file/IDL/2020-10-04/EI_DF_1_21_10.pkl' -> '/home/casonk/path/flnt-mmani/Reddit_Communities/push_file/IDL/IDL/2020-10-04/EI_DF_1_21_10.pkl'
'/home/casonk/path/mmani_root/mmani0/shared_data/hot/push_file/IDL/2020-10-04/CSP_1_21_10.pkl' -> '/home/casonk/path/flnt-mmani/Reddit_Communities/push_file/IDL/IDL/2020-10-04/CSP_1_21_10.pkl'
'/home/casonk/path/mmani_root/mmani0/shared_data/hot/push_file/IDL/2020-10-04/COMMUNITIES_DF_1_21_10.pkl' -> '/home/casonk/path/flnt-mmani/Reddit_Communities/push_file/IDL/IDL/2020-10-04/COMMUNITIES_DF_1_21_10.pkl'
'/home/casonk/path/mmani_root/mmani0/shared_data/hot/push_file/IDL/2020-10-04/CAP_1_21_10.pkl' -> '/home/casonk/path/flnt-mmani/Reddit_Communities/push_file/IDL/IDL/2020-10-04/CAP_1_21_10.pkl'
'/home/casonk/path/mmani_root/mmani0/shared_data/hot/push_file/IDL/2020-10-04/SUB_SETS_1_21_10.pkl' -> '/home/casonk/path/flnt-mmani/Reddit_Communities/push_file/IDL/IDL/2020-10-04/SUB_SETS_1_21_10.pkl'
'/home/casonk/path/mmani_root/mmani0/shared_data/hot/push_file/IDL/2020-10-04/AUTH_SETS_1_21_10.pkl' -> '/home/casonk/path/flnt-mmani/Reddit_Communities/push_file/IDL/IDL/2020-10-04/AUTH_SETS_1_21_10.pkl'
'/home/casonk/path/mmani_root/mmani0/shared_data/hot/push_file/IDL/2020-10-04/TCD1_21_1.csv' -> '/home/casonk/path/flnt-mmani/Reddit_Communities/push_file/IDL/IDL/2020-10-04/TCD1_21_1.csv'
'/home/casonk/path/mmani_root/mmani0/shared_data/hot/push_file/IDL/2020-10-04/TCD1_21_1.pkl' -> '/home/casonk/path/flnt-mmani/Reddit_Communities/push_file/IDL/IDL/2020-10-04/TCD1_21_1.pkl'
'/home/casonk/path/mmani_root/mmani0/shared_data/hot/push_file/IDL/2020-10-04/LC_1_21_0.5.pkl' -> '/home/casonk/path/flnt-mmani/Reddit_Communities/push_file/IDL/IDL/2020-10-04/LC_1_21_0.5.pkl'
'/home/casonk/path/mmani_root/mmani0/shared_data/hot/push_file/IDL/2020-10-04/LC_1_21_2.pkl' -> '/home/casonk/path/flnt-mmani/Reddit_Communities/push_file/IDL/IDL/2020-10-04/LC_1_21_2.pkl'
'/home/casonk/path/mmani_root/mmani0/shared_data/hot/push_file/IDL/2020-10-04/dG_1_21.pkl' -> '/home/casonk/path/flnt-mmani/Reddit_Communities/push_file/IDL/IDL/2020-10-04/dG_1_21.pkl'
'/home/casonk/path/mmani_root/mmani0/shared_data/hot/push_file/IDL/2020-10-04/LEVEL_DF_1_21_0.5.pkl' -> '/home/casonk/path/flnt-mmani/Reddit_Communities/push_file/IDL/IDL/2020-10-04/LEVEL_DF_1_21_0.5.pkl'
'/home/casonk/path/mmani_root/mmani0/shared_data/hot/push_file/IDL/2020-10-04/MAXIMALIST_DF_1_21_0.5.pkl' -> '/home/casonk/path/flnt-mmani/Reddit_Communities/push_file/IDL/IDL/2020-10-04/MAXIMALIST_DF_1_21_0.5.pkl'
'/home/casonk/path/mmani_root/mmani0/shared_data/hot/push_file/IDL/2020-10-04/EI_DF_1_21_0.5.pkl' -> '/home/casonk/path/flnt-mmani/Reddit_Communities/push_file/IDL/IDL/2020-10-04/EI_DF_1_21_0.5.pkl'
'/home/casonk/path/mmani_root/mmani0/shared_data/hot/push_file/IDL/2020-10-04/CSP_1_21_0.5.pkl' -> '/home/casonk/path/flnt-mmani/Reddit_Communities/push_file/IDL/IDL/2020-10-04/CSP_1_21_0.5.pkl'
'/home/casonk/path/mmani_root/mmani0/shared_data/hot/push_file/IDL/2020-10-04/COMMUNITIES_DF_1_21_0.5.pkl' -> '/home/casonk/path/flnt-mmani/Reddit_Communities/push_file/IDL/IDL/2020-10-04/COMMUNITIES_DF_1_21_0.5.pkl'
'/home/casonk/path/mmani_root/mmani0/shared_data/hot/push_file/IDL/2020-10-04/CAP_1_21_0.5.pkl' -> '/home/casonk/path/flnt-mmani/Reddit_Communities/push_file/IDL/IDL/2020-10-04/CAP_1_21_0.5.pkl'
'/home/casonk/path/mmani_root/mmani0/shared_data/hot/push_file/IDL/2020-10-04/SUB_SETS_1_21_0.5.pkl' -> '/home/casonk/path/flnt-mmani/Reddit_Communities/push_file/IDL/IDL/2020-10-04/SUB_SETS_1_21_0.5.pkl'
'/home/casonk/path/mmani_root/mmani0/shared_data/hot/push_file/IDL/2020-10-04/AUTH_SETS_1_21_0.5.pkl' -> '/home/casonk/path/flnt-mmani/Reddit_Communities/push_file/IDL/IDL/2020-10-04/AUTH_SETS_1_21_0.5.pkl'
'/home/casonk/path/mmani_root/mmani0/shared_data/hot/push_file/IDL/2020-10-04/COMMUNITIES_SERIES_1_21_1.pkl' -> '/home/casonk/path/flnt-mmani/Reddit_Communities/push_file/IDL/IDL/2020-10-04/COMMUNITIES_SERIES_1_21_1.pkl'
'/home/casonk/path/mmani_root/mmani0/shared_data/hot/push_file/IDL/2020-10-04/LEVEL_MAP_1_21_1.pkl' -> '/home/casonk/path/flnt-mmani/Reddit_Communities/push_file/IDL/IDL/2020-10-04/LEVEL_MAP_1_21_1.pkl'
'/home/casonk/path/mmani_root/mmani0/shared_data/hot/push_file/IDL/2020-10-04/LC_1_21_5.pkl' -> '/home/casonk/path/flnt-mmani/Reddit_Communities/push_file/IDL/IDL/2020-10-04/LC_1_21_5.pkl'
'/home/casonk/path/mmani_root/mmani0/shared_data/hot/push_file/IDL/2020-10-04/LC_1_21_10.pkl' -> '/home/casonk/path/flnt-mmani/Reddit_Communities/push_file/IDL/IDL/2020-10-04/LC_1_21_10.pkl'
'/home/casonk/path/mmani_root/mmani0/shared_data/hot/push_file/IDL/2020-10-04/TRIMMED_DF_1_21.pkl' -> '/home/casonk/path/flnt-mmani/Reddit_Communities/push_file/IDL/IDL/2020-10-04/TRIMMED_DF_1_21.pkl'
'/home/casonk/path/mmani_root/mmani0/shared_data/hot/push_file/IDL/2020-10-04/G_1_21.pkl' -> '/home/casonk/path/flnt-mmani/Reddit_Communities/push_file/IDL/IDL/2020-10-04/G_1_21.pkl'
'/home/casonk/path/mmani_root/mmani0/shared_data/hot/push_file/IDL/2020-10-04/LC_1_21_1.pkl' -> '/home/casonk/path/flnt-mmani/Reddit_Communities/push_file/IDL/IDL/2020-10-04/LC_1_21_1.pkl'
'/home/casonk/path/mmani_root/mmani0/shared_data/hot/push_file/IDL/2020-10-05' -> '/home/casonk/path/flnt-mmani/Reddit_Communities/push_file/IDL/IDL/2020-10-05'
'/home/casonk/path/mmani_root/mmani0/shared_data/hot/push_file/IDL/2020-10-05/COMMUNITIES_SERIES_1_21_5.pkl' -> '/home/casonk/path/flnt-mmani/Reddit_Communities/push_file/IDL/IDL/2020-10-05/COMMUNITIES_SERIES_1_21_5.pkl'
'/home/casonk/path/mmani_root/mmani0/shared_data/hot/push_file/IDL/2020-10-05/LEVEL_MAP_1_21_5.pkl' -> '/home/casonk/path/flnt-mmani/Reddit_Communities/push_file/IDL/IDL/2020-10-05/LEVEL_MAP_1_21_5.pkl'
'/home/casonk/path/mmani_root/mmani0/shared_data/hot/push_file/IDL/2020-10-05/LEVEL_DF_1_21_5.pkl' -> '/home/casonk/path/flnt-mmani/Reddit_Communities/push_file/IDL/IDL/2020-10-05/LEVEL_DF_1_21_5.pkl'
'/home/casonk/path/mmani_root/mmani0/shared_data/hot/push_file/IDL/2020-10-05/MAXIMALIST_DF_1_21_5.pkl' -> '/home/casonk/path/flnt-mmani/Reddit_Communities/push_file/IDL/IDL/2020-10-05/MAXIMALIST_DF_1_21_5.pkl'
'/home/casonk/path/mmani_root/mmani0/shared_data/hot/push_file/IDL/2020-10-05/EI_DF_1_21_5.pkl' -> '/home/casonk/path/flnt-mmani/Reddit_Communities/push_file/IDL/IDL/2020-10-05/EI_DF_1_21_5.pkl'
'/home/casonk/path/mmani_root/mmani0/shared_data/hot/push_file/IDL/2020-10-05/CSP_1_21_5.pkl' -> '/home/casonk/path/flnt-mmani/Reddit_Communities/push_file/IDL/IDL/2020-10-05/CSP_1_21_5.pkl'
'/home/casonk/path/mmani_root/mmani0/shared_data/hot/push_file/IDL/2020-10-05/COMMUNITIES_DF_1_21_5.pkl' -> '/home/casonk/path/flnt-mmani/Reddit_Communities/push_file/IDL/IDL/2020-10-05/COMMUNITIES_DF_1_21_5.pkl'
'/home/casonk/path/mmani_root/mmani0/shared_data/hot/push_file/IDL/2020-10-05/CAP_1_21_5.pkl' -> '/home/casonk/path/flnt-mmani/Reddit_Communities/push_file/IDL/IDL/2020-10-05/CAP_1_21_5.pkl'
'/home/casonk/path/mmani_root/mmani0/shared_data/hot/push_file/IDL/2020-10-05/SUB_SETS_1_21_5.pkl' -> '/home/casonk/path/flnt-mmani/Reddit_Communities/push_file/IDL/IDL/2020-10-05/SUB_SETS_1_21_5.pkl'
'/home/casonk/path/mmani_root/mmani0/shared_data/hot/push_file/IDL/2020-10-05/AUTH_SETS_1_21_5.pkl' -> '/home/casonk/path/flnt-mmani/Reddit_Communities/push_file/IDL/IDL/2020-10-05/AUTH_SETS_1_21_5.pkl'
'/home/casonk/path/mmani_root/mmani0/shared_data/hot/push_file/IDL/2020-10-05/EDGE_LIST_SELFLESS.pkl' -> '/home/casonk/path/flnt-mmani/Reddit_Communities/push_file/IDL/IDL/2020-10-05/EDGE_LIST_SELFLESS.pkl'
'/home/casonk/path/mmani_root/mmani0/shared_data/hot/push_file/IDL/2020-10-05/AUTHOR_NET.pkl' -> '/home/casonk/path/flnt-mmani/Reddit_Communities/push_file/IDL/IDL/2020-10-05/AUTHOR_NET.pkl'
'/home/casonk/path/mmani_root/mmani0/shared_data/hot/push_file/IDL/2020-10-05/EDGE_LIST_SELFLESS_1_21.pkl' -> '/home/casonk/path/flnt-mmani/Reddit_Communities/push_file/IDL/IDL/2020-10-05/EDGE_LIST_SELFLESS_1_21.pkl'
'/home/casonk/path/mmani_root/mmani0/shared_data/hot/push_file/IDL/2020-10-05/EDGE_LIST_SELFLESS_2_21.pkl' -> '/home/casonk/path/flnt-mmani/Reddit_Communities/push_file/IDL/IDL/2020-10-05/EDGE_LIST_SELFLESS_2_21.pkl'
'/home/casonk/path/mmani_root/mmani0/shared_data/hot/push_file/IDL/2020-10-05/ID_PAIRS.pkl' -> '/home/casonk/path/flnt-mmani/Reddit_Communities/push_file/IDL/IDL/2020-10-05/ID_PAIRS.pkl'
'/home/casonk/path/mmani_root/mmani0/shared_data/hot/push_file/IDL/2020-10-05/EDGE_LIST_RAW.pkl' -> '/home/casonk/path/flnt-mmani/Reddit_Communities/push_file/IDL/IDL/2020-10-05/EDGE_LIST_RAW.pkl'
'/home/casonk/path/mmani_root/mmani0/shared_data/hot/push_file/IDL/2020-10-05/G_181_1_21_5.pkl' -> '/home/casonk/path/flnt-mmani/Reddit_Communities/push_file/IDL/IDL/2020-10-05/G_181_1_21_5.pkl'
'/home/casonk/path/mmani_root/mmani0/shared_data/hot/push_file/IDL/2020-10-05/G_115_1_21_5.pkl' -> '/home/casonk/path/flnt-mmani/Reddit_Communities/push_file/IDL/IDL/2020-10-05/G_115_1_21_5.pkl'
'/home/casonk/path/mmani_root/mmani0/shared_data/hot/push_file/IDL/2020-10-05/G_63_1_21_5.pkl' -> '/home/casonk/path/flnt-mmani/Reddit_Communities/push_file/IDL/IDL/2020-10-05/G_63_1_21_5.pkl'
'/home/casonk/path/mmani_root/mmani0/shared_data/hot/push_file/IDL/2020-10-05/G_210_1_21_5.pkl' -> '/home/casonk/path/flnt-mmani/Reddit_Communities/push_file/IDL/IDL/2020-10-05/G_210_1_21_5.pkl'
'/home/casonk/path/mmani_root/mmani0/shared_data/hot/push_file/IDL/2020-10-05/G_13657_1_21_5.pkl' -> '/home/casonk/path/flnt-mmani/Reddit_Communities/push_file/IDL/IDL/2020-10-05/G_13657_1_21_5.pkl'
'/home/casonk/path/mmani_root/mmani0/shared_data/hot/push_file/IDL/2020-10-05/COMMUNITIES_SERIES_1_21_2.pkl' -> '/home/casonk/path/flnt-mmani/Reddit_Communities/push_file/IDL/IDL/2020-10-05/COMMUNITIES_SERIES_1_21_2.pkl'
'/home/casonk/path/mmani_root/mmani0/shared_data/hot/push_file/IDL/2020-10-05/LEVEL_MAP_1_21_2.pkl' -> '/home/casonk/path/flnt-mmani/Reddit_Communities/push_file/IDL/IDL/2020-10-05/LEVEL_MAP_1_21_2.pkl'
'/home/casonk/path/mmani_root/mmani0/shared_data/hot/push_file/IDL/2020-10-05/LEVEL_DF_1_21_2.pkl' -> '/home/casonk/path/flnt-mmani/Reddit_Communities/push_file/IDL/IDL/2020-10-05/LEVEL_DF_1_21_2.pkl'
'/home/casonk/path/mmani_root/mmani0/shared_data/hot/push_file/IDL/2020-10-05/MAXIMALIST_DF_1_21_2.pkl' -> '/home/casonk/path/flnt-mmani/Reddit_Communities/push_file/IDL/IDL/2020-10-05/MAXIMALIST_DF_1_21_2.pkl'
'/home/casonk/path/mmani_root/mmani0/shared_data/hot/push_file/IDL/2020-10-05/EI_DF_1_21_2.pkl' -> '/home/casonk/path/flnt-mmani/Reddit_Communities/push_file/IDL/IDL/2020-10-05/EI_DF_1_21_2.pkl'
'/home/casonk/path/mmani_root/mmani0/shared_data/hot/push_file/IDL/2020-10-05/CSP_1_21_2.pkl' -> '/home/casonk/path/flnt-mmani/Reddit_Communities/push_file/IDL/IDL/2020-10-05/CSP_1_21_2.pkl'
'/home/casonk/path/mmani_root/mmani0/shared_data/hot/push_file/IDL/2020-10-05/COMMUNITIES_DF_1_21_2.pkl' -> '/home/casonk/path/flnt-mmani/Reddit_Communities/push_file/IDL/IDL/2020-10-05/COMMUNITIES_DF_1_21_2.pkl'
'/home/casonk/path/mmani_root/mmani0/shared_data/hot/push_file/IDL/2020-10-05/CAP_1_21_2.pkl' -> '/home/casonk/path/flnt-mmani/Reddit_Communities/push_file/IDL/IDL/2020-10-05/CAP_1_21_2.pkl'
'/home/casonk/path/mmani_root/mmani0/shared_data/hot/push_file/IDL/2020-10-05/SUB_SETS_1_21_2.pkl' -> '/home/casonk/path/flnt-mmani/Reddit_Communities/push_file/IDL/IDL/2020-10-05/SUB_SETS_1_21_2.pkl'
'/home/casonk/path/mmani_root/mmani0/shared_data/hot/push_file/IDL/2020-10-05/AUTH_SETS_1_21_2.pkl' -> '/home/casonk/path/flnt-mmani/Reddit_Communities/push_file/IDL/IDL/2020-10-05/AUTH_SETS_1_21_2.pkl'
'/home/casonk/path/mmani_root/mmani0/shared_data/hot/push_file/IDL/2020-10-05/COMMUNITIES_SERIES_1_21_0.5.pkl' -> '/home/casonk/path/flnt-mmani/Reddit_Communities/push_file/IDL/IDL/2020-10-05/COMMUNITIES_SERIES_1_21_0.5.pkl'
'/home/casonk/path/mmani_root/mmani0/shared_data/hot/push_file/IDL/2020-10-05/LEVEL_MAP_1_21_0.5.pkl' -> '/home/casonk/path/flnt-mmani/Reddit_Communities/push_file/IDL/IDL/2020-10-05/LEVEL_MAP_1_21_0.5.pkl'
'/home/casonk/path/mmani_root/mmani0/shared_data/hot/push_file/IDL/2020-10-05/LEVEL_DF_1_21_0.5.pkl' -> '/home/casonk/path/flnt-mmani/Reddit_Communities/push_file/IDL/IDL/2020-10-05/LEVEL_DF_1_21_0.5.pkl'
'/home/casonk/path/mmani_root/mmani0/shared_data/hot/push_file/IDL/2020-10-05/MAXIMALIST_DF_1_21_0.5.pkl' -> '/home/casonk/path/flnt-mmani/Reddit_Communities/push_file/IDL/IDL/2020-10-05/MAXIMALIST_DF_1_21_0.5.pkl'
'/home/casonk/path/mmani_root/mmani0/shared_data/hot/push_file/IDL/2020-10-05/EI_DF_1_21_0.5.pkl' -> '/home/casonk/path/flnt-mmani/Reddit_Communities/push_file/IDL/IDL/2020-10-05/EI_DF_1_21_0.5.pkl'
'/home/casonk/path/mmani_root/mmani0/shared_data/hot/push_file/IDL/2020-10-05/CSP_1_21_0.5.pkl' -> '/home/casonk/path/flnt-mmani/Reddit_Communities/push_file/IDL/IDL/2020-10-05/CSP_1_21_0.5.pkl'
'/home/casonk/path/mmani_root/mmani0/shared_data/hot/push_file/IDL/2020-10-05/COMMUNITIES_DF_1_21_0.5.pkl' -> '/home/casonk/path/flnt-mmani/Reddit_Communities/push_file/IDL/IDL/2020-10-05/COMMUNITIES_DF_1_21_0.5.pkl'
'/home/casonk/path/mmani_root/mmani0/shared_data/hot/push_file/IDL/2020-10-05/CAP_1_21_0.5.pkl' -> '/home/casonk/path/flnt-mmani/Reddit_Communities/push_file/IDL/IDL/2020-10-05/CAP_1_21_0.5.pkl'
'/home/casonk/path/mmani_root/mmani0/shared_data/hot/push_file/IDL/2020-10-05/COMMUNITIES_SERIES_1_21_1.pkl' -> '/home/casonk/path/flnt-mmani/Reddit_Communities/push_file/IDL/IDL/2020-10-05/COMMUNITIES_SERIES_1_21_1.pkl'
'/home/casonk/path/mmani_root/mmani0/shared_data/hot/push_file/IDL/2020-10-05/LEVEL_MAP_1_21_1.pkl' -> '/home/casonk/path/flnt-mmani/Reddit_Communities/push_file/IDL/IDL/2020-10-05/LEVEL_MAP_1_21_1.pkl'
'/home/casonk/path/mmani_root/mmani0/shared_data/hot/push_file/IDL/2020-10-05/LEVEL_DF_1_21_1.pkl' -> '/home/casonk/path/flnt-mmani/Reddit_Communities/push_file/IDL/IDL/2020-10-05/LEVEL_DF_1_21_1.pkl'
'/home/casonk/path/mmani_root/mmani0/shared_data/hot/push_file/IDL/2020-10-05/MAXIMALIST_DF_1_21_1.pkl' -> '/home/casonk/path/flnt-mmani/Reddit_Communities/push_file/IDL/IDL/2020-10-05/MAXIMALIST_DF_1_21_1.pkl'
'/home/casonk/path/mmani_root/mmani0/shared_data/hot/push_file/IDL/2020-10-05/EI_DF_1_21_1.pkl' -> '/home/casonk/path/flnt-mmani/Reddit_Communities/push_file/IDL/IDL/2020-10-05/EI_DF_1_21_1.pkl'
'/home/casonk/path/mmani_root/mmani0/shared_data/hot/push_file/IDL/2020-10-05/CSP_1_21_1.pkl' -> '/home/casonk/path/flnt-mmani/Reddit_Communities/push_file/IDL/IDL/2020-10-05/CSP_1_21_1.pkl'
'/home/casonk/path/mmani_root/mmani0/shared_data/hot/push_file/IDL/2020-10-05/COMMUNITIES_DF_1_21_1.pkl' -> '/home/casonk/path/flnt-mmani/Reddit_Communities/push_file/IDL/IDL/2020-10-05/COMMUNITIES_DF_1_21_1.pkl'
'/home/casonk/path/mmani_root/mmani0/shared_data/hot/push_file/IDL/2020-10-05/CAP_1_21_1.pkl' -> '/home/casonk/path/flnt-mmani/Reddit_Communities/push_file/IDL/IDL/2020-10-05/CAP_1_21_1.pkl'
'/home/casonk/path/mmani_root/mmani0/shared_data/hot/push_file/IDL/2020-10-05/SUB_SETS_1_21_1.pkl' -> '/home/casonk/path/flnt-mmani/Reddit_Communities/push_file/IDL/IDL/2020-10-05/SUB_SETS_1_21_1.pkl'
'/home/casonk/path/mmani_root/mmani0/shared_data/hot/push_file/IDL/2020-10-05/AUTH_SETS_1_21_1.pkl' -> '/home/casonk/path/flnt-mmani/Reddit_Communities/push_file/IDL/IDL/2020-10-05/AUTH_SETS_1_21_1.pkl'
'/home/casonk/path/mmani_root/mmani0/shared_data/hot/push_file/IDL/2020-10-05/COMMUNITIES_SERIES_1_21_10.pkl' -> '/home/casonk/path/flnt-mmani/Reddit_Communities/push_file/IDL/IDL/2020-10-05/COMMUNITIES_SERIES_1_21_10.pkl'
'/home/casonk/path/mmani_root/mmani0/shared_data/hot/push_file/IDL/2020-10-05/LEVEL_MAP_1_21_10.pkl' -> '/home/casonk/path/flnt-mmani/Reddit_Communities/push_file/IDL/IDL/2020-10-05/LEVEL_MAP_1_21_10.pkl'
'/home/casonk/path/mmani_root/mmani0/shared_data/hot/push_file/IDL/2020-10-05/LEVEL_DF_1_21_10.pkl' -> '/home/casonk/path/flnt-mmani/Reddit_Communities/push_file/IDL/IDL/2020-10-05/LEVEL_DF_1_21_10.pkl'
'/home/casonk/path/mmani_root/mmani0/shared_data/hot/push_file/IDL/2020-10-05/MAXIMALIST_DF_1_21_10.pkl' -> '/home/casonk/path/flnt-mmani/Reddit_Communities/push_file/IDL/IDL/2020-10-05/MAXIMALIST_DF_1_21_10.pkl'
'/home/casonk/path/mmani_root/mmani0/shared_data/hot/push_file/IDL/2020-10-05/EI_DF_1_21_10.pkl' -> '/home/casonk/path/flnt-mmani/Reddit_Communities/push_file/IDL/IDL/2020-10-05/EI_DF_1_21_10.pkl'
'/home/casonk/path/mmani_root/mmani0/shared_data/hot/push_file/IDL/2020-10-05/CSP_1_21_10.pkl' -> '/home/casonk/path/flnt-mmani/Reddit_Communities/push_file/IDL/IDL/2020-10-05/CSP_1_21_10.pkl'
'/home/casonk/path/mmani_root/mmani0/shared_data/hot/push_file/IDL/2020-10-05/COMMUNITIES_DF_1_21_10.pkl' -> '/home/casonk/path/flnt-mmani/Reddit_Communities/push_file/IDL/IDL/2020-10-05/COMMUNITIES_DF_1_21_10.pkl'
'/home/casonk/path/mmani_root/mmani0/shared_data/hot/push_file/IDL/2020-10-05/CAP_1_21_10.pkl' -> '/home/casonk/path/flnt-mmani/Reddit_Communities/push_file/IDL/IDL/2020-10-05/CAP_1_21_10.pkl'
'/home/casonk/path/mmani_root/mmani0/shared_data/hot/push_file/IDL/2020-10-05/SUB_SETS_1_21_10.pkl' -> '/home/casonk/path/flnt-mmani/Reddit_Communities/push_file/IDL/IDL/2020-10-05/SUB_SETS_1_21_10.pkl'
'/home/casonk/path/mmani_root/mmani0/shared_data/hot/push_file/IDL/2020-10-05/AUTH_SETS_1_21_10.pkl' -> '/home/casonk/path/flnt-mmani/Reddit_Communities/push_file/IDL/IDL/2020-10-05/AUTH_SETS_1_21_10.pkl'
'/home/casonk/path/mmani_root/mmani0/shared_data/hot/push_file/IDL/2020-10-05/TCD1_21_1.csv' -> '/home/casonk/path/flnt-mmani/Reddit_Communities/push_file/IDL/IDL/2020-10-05/TCD1_21_1.csv'
'/home/casonk/path/mmani_root/mmani0/shared_data/hot/push_file/IDL/2020-10-05/TCD1_21_1.pkl' -> '/home/casonk/path/flnt-mmani/Reddit_Communities/push_file/IDL/IDL/2020-10-05/TCD1_21_1.pkl'
'/home/casonk/path/mmani_root/mmani0/shared_data/hot/push_file/IDL/2020-10-05/LC_1_21_2.pkl' -> '/home/casonk/path/flnt-mmani/Reddit_Communities/push_file/IDL/IDL/2020-10-05/LC_1_21_2.pkl'
'/home/casonk/path/mmani_root/mmani0/shared_data/hot/push_file/IDL/2020-10-05/SUB_SETS_1_21_0.5.pkl' -> '/home/casonk/path/flnt-mmani/Reddit_Communities/push_file/IDL/IDL/2020-10-05/SUB_SETS_1_21_0.5.pkl'
'/home/casonk/path/mmani_root/mmani0/shared_data/hot/push_file/IDL/2020-10-05/AUTH_SETS_1_21_0.5.pkl' -> '/home/casonk/path/flnt-mmani/Reddit_Communities/push_file/IDL/IDL/2020-10-05/AUTH_SETS_1_21_0.5.pkl'
'/home/casonk/path/mmani_root/mmani0/shared_data/hot/push_file/IDL/2020-10-05/dG_1_21.pkl' -> '/home/casonk/path/flnt-mmani/Reddit_Communities/push_file/IDL/IDL/2020-10-05/dG_1_21.pkl'
'/home/casonk/path/mmani_root/mmani0/shared_data/hot/push_file/IDL/2020-10-05/LC_1_21_5.pkl' -> '/home/casonk/path/flnt-mmani/Reddit_Communities/push_file/IDL/IDL/2020-10-05/LC_1_21_5.pkl'
'/home/casonk/path/mmani_root/mmani0/shared_data/hot/push_file/IDL/2020-10-05/LC_1_21_10.pkl' -> '/home/casonk/path/flnt-mmani/Reddit_Communities/push_file/IDL/IDL/2020-10-05/LC_1_21_10.pkl'
'/home/casonk/path/mmani_root/mmani0/shared_data/hot/push_file/IDL/2020-10-05/TRIMMED_DF_1_21.pkl' -> '/home/casonk/path/flnt-mmani/Reddit_Communities/push_file/IDL/IDL/2020-10-05/TRIMMED_DF_1_21.pkl'
'/home/casonk/path/mmani_root/mmani0/shared_data/hot/push_file/IDL/2020-10-05/G_1_21.pkl' -> '/home/casonk/path/flnt-mmani/Reddit_Communities/push_file/IDL/IDL/2020-10-05/G_1_21.pkl'
'/home/casonk/path/mmani_root/mmani0/shared_data/hot/push_file/IDL/2020-10-05/LC_1_21_0.5.pkl' -> '/home/casonk/path/flnt-mmani/Reddit_Communities/push_file/IDL/IDL/2020-10-05/LC_1_21_0.5.pkl'
'/home/casonk/path/mmani_root/mmani0/shared_data/hot/push_file/IDL/2020-10-05/LC_1_21_1.pkl' -> '/home/casonk/path/flnt-mmani/Reddit_Communities/push_file/IDL/IDL/2020-10-05/LC_1_21_1.pkl'
'/home/casonk/path/mmani_root/mmani0/shared_data/hot/push_file/IDL/2020-10-06' -> '/home/casonk/path/flnt-mmani/Reddit_Communities/push_file/IDL/IDL/2020-10-06'
'/home/casonk/path/mmani_root/mmani0/shared_data/hot/push_file/IDL/2020-10-06/COMMUNITIES_SERIES_1_21_5.pkl' -> '/home/casonk/path/flnt-mmani/Reddit_Communities/push_file/IDL/IDL/2020-10-06/COMMUNITIES_SERIES_1_21_5.pkl'
'/home/casonk/path/mmani_root/mmani0/shared_data/hot/push_file/IDL/2020-10-06/LEVEL_MAP_1_21_5.pkl' -> '/home/casonk/path/flnt-mmani/Reddit_Communities/push_file/IDL/IDL/2020-10-06/LEVEL_MAP_1_21_5.pkl'
'/home/casonk/path/mmani_root/mmani0/shared_data/hot/push_file/IDL/2020-10-06/LEVEL_DF_1_21_5.pkl' -> '/home/casonk/path/flnt-mmani/Reddit_Communities/push_file/IDL/IDL/2020-10-06/LEVEL_DF_1_21_5.pkl'
'/home/casonk/path/mmani_root/mmani0/shared_data/hot/push_file/IDL/2020-10-06/MAXIMALIST_DF_1_21_5.pkl' -> '/home/casonk/path/flnt-mmani/Reddit_Communities/push_file/IDL/IDL/2020-10-06/MAXIMALIST_DF_1_21_5.pkl'
'/home/casonk/path/mmani_root/mmani0/shared_data/hot/push_file/IDL/2020-10-06/EI_DF_1_21_5.pkl' -> '/home/casonk/path/flnt-mmani/Reddit_Communities/push_file/IDL/IDL/2020-10-06/EI_DF_1_21_5.pkl'
'/home/casonk/path/mmani_root/mmani0/shared_data/hot/push_file/IDL/2020-10-06/CSP_1_21_5.pkl' -> '/home/casonk/path/flnt-mmani/Reddit_Communities/push_file/IDL/IDL/2020-10-06/CSP_1_21_5.pkl'
'/home/casonk/path/mmani_root/mmani0/shared_data/hot/push_file/IDL/2020-10-06/COMMUNITIES_DF_1_21_5.pkl' -> '/home/casonk/path/flnt-mmani/Reddit_Communities/push_file/IDL/IDL/2020-10-06/COMMUNITIES_DF_1_21_5.pkl'
'/home/casonk/path/mmani_root/mmani0/shared_data/hot/push_file/IDL/2020-10-06/CAP_1_21_5.pkl' -> '/home/casonk/path/flnt-mmani/Reddit_Communities/push_file/IDL/IDL/2020-10-06/CAP_1_21_5.pkl'
'/home/casonk/path/mmani_root/mmani0/shared_data/hot/push_file/IDL/2020-10-06/SUB_SETS_1_21_5.pkl' -> '/home/casonk/path/flnt-mmani/Reddit_Communities/push_file/IDL/IDL/2020-10-06/SUB_SETS_1_21_5.pkl'
'/home/casonk/path/mmani_root/mmani0/shared_data/hot/push_file/IDL/2020-10-06/AUTH_SETS_1_21_5.pkl' -> '/home/casonk/path/flnt-mmani/Reddit_Communities/push_file/IDL/IDL/2020-10-06/AUTH_SETS_1_21_5.pkl'
'/home/casonk/path/mmani_root/mmani0/shared_data/hot/push_file/IDL/2020-10-06/EDGE_LIST_SELFLESS.pkl' -> '/home/casonk/path/flnt-mmani/Reddit_Communities/push_file/IDL/IDL/2020-10-06/EDGE_LIST_SELFLESS.pkl'
'/home/casonk/path/mmani_root/mmani0/shared_data/hot/push_file/IDL/2020-10-06/AUTHOR_NET.pkl' -> '/home/casonk/path/flnt-mmani/Reddit_Communities/push_file/IDL/IDL/2020-10-06/AUTHOR_NET.pkl'
'/home/casonk/path/mmani_root/mmani0/shared_data/hot/push_file/IDL/2020-10-06/EDGE_LIST_SELFLESS_1_21.pkl' -> '/home/casonk/path/flnt-mmani/Reddit_Communities/push_file/IDL/IDL/2020-10-06/EDGE_LIST_SELFLESS_1_21.pkl'
'/home/casonk/path/mmani_root/mmani0/shared_data/hot/push_file/IDL/2020-10-06/EDGE_LIST_SELFLESS_2_21.pkl' -> '/home/casonk/path/flnt-mmani/Reddit_Communities/push_file/IDL/IDL/2020-10-06/EDGE_LIST_SELFLESS_2_21.pkl'
'/home/casonk/path/mmani_root/mmani0/shared_data/hot/push_file/IDL/2020-10-06/ID_PAIRS.pkl' -> '/home/casonk/path/flnt-mmani/Reddit_Communities/push_file/IDL/IDL/2020-10-06/ID_PAIRS.pkl'
'/home/casonk/path/mmani_root/mmani0/shared_data/hot/push_file/IDL/2020-10-06/EDGE_LIST_RAW.pkl' -> '/home/casonk/path/flnt-mmani/Reddit_Communities/push_file/IDL/IDL/2020-10-06/EDGE_LIST_RAW.pkl'
'/home/casonk/path/mmani_root/mmani0/shared_data/hot/push_file/IDL/2020-10-06/G_1685_1_21_5.pkl' -> '/home/casonk/path/flnt-mmani/Reddit_Communities/push_file/IDL/IDL/2020-10-06/G_1685_1_21_5.pkl'
'/home/casonk/path/mmani_root/mmani0/shared_data/hot/push_file/IDL/2020-10-06/G_1437_1_21_5.pkl' -> '/home/casonk/path/flnt-mmani/Reddit_Communities/push_file/IDL/IDL/2020-10-06/G_1437_1_21_5.pkl'
'/home/casonk/path/mmani_root/mmani0/shared_data/hot/push_file/IDL/2020-10-06/G_114_1_21_5.pkl' -> '/home/casonk/path/flnt-mmani/Reddit_Communities/push_file/IDL/IDL/2020-10-06/G_114_1_21_5.pkl'
'/home/casonk/path/mmani_root/mmani0/shared_data/hot/push_file/IDL/2020-10-06/G_72_1_21_5.pkl' -> '/home/casonk/path/flnt-mmani/Reddit_Communities/push_file/IDL/IDL/2020-10-06/G_72_1_21_5.pkl'
'/home/casonk/path/mmani_root/mmani0/shared_data/hot/push_file/IDL/2020-10-06/G_8640_1_21_5.pkl' -> '/home/casonk/path/flnt-mmani/Reddit_Communities/push_file/IDL/IDL/2020-10-06/G_8640_1_21_5.pkl'
'/home/casonk/path/mmani_root/mmani0/shared_data/hot/push_file/IDL/2020-10-06/COMMUNITIES_SERIES_1_21_2.pkl' -> '/home/casonk/path/flnt-mmani/Reddit_Communities/push_file/IDL/IDL/2020-10-06/COMMUNITIES_SERIES_1_21_2.pkl'
'/home/casonk/path/mmani_root/mmani0/shared_data/hot/push_file/IDL/2020-10-06/LEVEL_MAP_1_21_2.pkl' -> '/home/casonk/path/flnt-mmani/Reddit_Communities/push_file/IDL/IDL/2020-10-06/LEVEL_MAP_1_21_2.pkl'
'/home/casonk/path/mmani_root/mmani0/shared_data/hot/push_file/IDL/2020-10-06/LEVEL_DF_1_21_2.pkl' -> '/home/casonk/path/flnt-mmani/Reddit_Communities/push_file/IDL/IDL/2020-10-06/LEVEL_DF_1_21_2.pkl'
'/home/casonk/path/mmani_root/mmani0/shared_data/hot/push_file/IDL/2020-10-06/MAXIMALIST_DF_1_21_2.pkl' -> '/home/casonk/path/flnt-mmani/Reddit_Communities/push_file/IDL/IDL/2020-10-06/MAXIMALIST_DF_1_21_2.pkl'
'/home/casonk/path/mmani_root/mmani0/shared_data/hot/push_file/IDL/2020-10-06/EI_DF_1_21_2.pkl' -> '/home/casonk/path/flnt-mmani/Reddit_Communities/push_file/IDL/IDL/2020-10-06/EI_DF_1_21_2.pkl'
'/home/casonk/path/mmani_root/mmani0/shared_data/hot/push_file/IDL/2020-10-06/CSP_1_21_2.pkl' -> '/home/casonk/path/flnt-mmani/Reddit_Communities/push_file/IDL/IDL/2020-10-06/CSP_1_21_2.pkl'
'/home/casonk/path/mmani_root/mmani0/shared_data/hot/push_file/IDL/2020-10-06/COMMUNITIES_DF_1_21_2.pkl' -> '/home/casonk/path/flnt-mmani/Reddit_Communities/push_file/IDL/IDL/2020-10-06/COMMUNITIES_DF_1_21_2.pkl'
'/home/casonk/path/mmani_root/mmani0/shared_data/hot/push_file/IDL/2020-10-06/CAP_1_21_2.pkl' -> '/home/casonk/path/flnt-mmani/Reddit_Communities/push_file/IDL/IDL/2020-10-06/CAP_1_21_2.pkl'
'/home/casonk/path/mmani_root/mmani0/shared_data/hot/push_file/IDL/2020-10-06/SUB_SETS_1_21_2.pkl' -> '/home/casonk/path/flnt-mmani/Reddit_Communities/push_file/IDL/IDL/2020-10-06/SUB_SETS_1_21_2.pkl'
'/home/casonk/path/mmani_root/mmani0/shared_data/hot/push_file/IDL/2020-10-06/AUTH_SETS_1_21_2.pkl' -> '/home/casonk/path/flnt-mmani/Reddit_Communities/push_file/IDL/IDL/2020-10-06/AUTH_SETS_1_21_2.pkl'
'/home/casonk/path/mmani_root/mmani0/shared_data/hot/push_file/IDL/2020-10-06/COMMUNITIES_SERIES_1_21_1.pkl' -> '/home/casonk/path/flnt-mmani/Reddit_Communities/push_file/IDL/IDL/2020-10-06/COMMUNITIES_SERIES_1_21_1.pkl'
'/home/casonk/path/mmani_root/mmani0/shared_data/hot/push_file/IDL/2020-10-06/LEVEL_MAP_1_21_1.pkl' -> '/home/casonk/path/flnt-mmani/Reddit_Communities/push_file/IDL/IDL/2020-10-06/LEVEL_MAP_1_21_1.pkl'
'/home/casonk/path/mmani_root/mmani0/shared_data/hot/push_file/IDL/2020-10-06/LEVEL_DF_1_21_1.pkl' -> '/home/casonk/path/flnt-mmani/Reddit_Communities/push_file/IDL/IDL/2020-10-06/LEVEL_DF_1_21_1.pkl'
'/home/casonk/path/mmani_root/mmani0/shared_data/hot/push_file/IDL/2020-10-06/MAXIMALIST_DF_1_21_1.pkl' -> '/home/casonk/path/flnt-mmani/Reddit_Communities/push_file/IDL/IDL/2020-10-06/MAXIMALIST_DF_1_21_1.pkl'
'/home/casonk/path/mmani_root/mmani0/shared_data/hot/push_file/IDL/2020-10-06/EI_DF_1_21_1.pkl' -> '/home/casonk/path/flnt-mmani/Reddit_Communities/push_file/IDL/IDL/2020-10-06/EI_DF_1_21_1.pkl'
'/home/casonk/path/mmani_root/mmani0/shared_data/hot/push_file/IDL/2020-10-06/CSP_1_21_1.pkl' -> '/home/casonk/path/flnt-mmani/Reddit_Communities/push_file/IDL/IDL/2020-10-06/CSP_1_21_1.pkl'
'/home/casonk/path/mmani_root/mmani0/shared_data/hot/push_file/IDL/2020-10-06/COMMUNITIES_DF_1_21_1.pkl' -> '/home/casonk/path/flnt-mmani/Reddit_Communities/push_file/IDL/IDL/2020-10-06/COMMUNITIES_DF_1_21_1.pkl'
'/home/casonk/path/mmani_root/mmani0/shared_data/hot/push_file/IDL/2020-10-06/CAP_1_21_1.pkl' -> '/home/casonk/path/flnt-mmani/Reddit_Communities/push_file/IDL/IDL/2020-10-06/CAP_1_21_1.pkl'
'/home/casonk/path/mmani_root/mmani0/shared_data/hot/push_file/IDL/2020-10-06/SUB_SETS_1_21_1.pkl' -> '/home/casonk/path/flnt-mmani/Reddit_Communities/push_file/IDL/IDL/2020-10-06/SUB_SETS_1_21_1.pkl'
'/home/casonk/path/mmani_root/mmani0/shared_data/hot/push_file/IDL/2020-10-06/AUTH_SETS_1_21_1.pkl' -> '/home/casonk/path/flnt-mmani/Reddit_Communities/push_file/IDL/IDL/2020-10-06/AUTH_SETS_1_21_1.pkl'
'/home/casonk/path/mmani_root/mmani0/shared_data/hot/push_file/IDL/2020-10-06/COMMUNITIES_SERIES_1_21_10.pkl' -> '/home/casonk/path/flnt-mmani/Reddit_Communities/push_file/IDL/IDL/2020-10-06/COMMUNITIES_SERIES_1_21_10.pkl'
'/home/casonk/path/mmani_root/mmani0/shared_data/hot/push_file/IDL/2020-10-06/LEVEL_MAP_1_21_10.pkl' -> '/home/casonk/path/flnt-mmani/Reddit_Communities/push_file/IDL/IDL/2020-10-06/LEVEL_MAP_1_21_10.pkl'
'/home/casonk/path/mmani_root/mmani0/shared_data/hot/push_file/IDL/2020-10-06/LEVEL_DF_1_21_10.pkl' -> '/home/casonk/path/flnt-mmani/Reddit_Communities/push_file/IDL/IDL/2020-10-06/LEVEL_DF_1_21_10.pkl'
'/home/casonk/path/mmani_root/mmani0/shared_data/hot/push_file/IDL/2020-10-06/MAXIMALIST_DF_1_21_10.pkl' -> '/home/casonk/path/flnt-mmani/Reddit_Communities/push_file/IDL/IDL/2020-10-06/MAXIMALIST_DF_1_21_10.pkl'
'/home/casonk/path/mmani_root/mmani0/shared_data/hot/push_file/IDL/2020-10-06/EI_DF_1_21_10.pkl' -> '/home/casonk/path/flnt-mmani/Reddit_Communities/push_file/IDL/IDL/2020-10-06/EI_DF_1_21_10.pkl'
'/home/casonk/path/mmani_root/mmani0/shared_data/hot/push_file/IDL/2020-10-06/CSP_1_21_10.pkl' -> '/home/casonk/path/flnt-mmani/Reddit_Communities/push_file/IDL/IDL/2020-10-06/CSP_1_21_10.pkl'
'/home/casonk/path/mmani_root/mmani0/shared_data/hot/push_file/IDL/2020-10-06/COMMUNITIES_DF_1_21_10.pkl' -> '/home/casonk/path/flnt-mmani/Reddit_Communities/push_file/IDL/IDL/2020-10-06/COMMUNITIES_DF_1_21_10.pkl'
'/home/casonk/path/mmani_root/mmani0/shared_data/hot/push_file/IDL/2020-10-06/CAP_1_21_10.pkl' -> '/home/casonk/path/flnt-mmani/Reddit_Communities/push_file/IDL/IDL/2020-10-06/CAP_1_21_10.pkl'
'/home/casonk/path/mmani_root/mmani0/shared_data/hot/push_file/IDL/2020-10-06/SUB_SETS_1_21_10.pkl' -> '/home/casonk/path/flnt-mmani/Reddit_Communities/push_file/IDL/IDL/2020-10-06/SUB_SETS_1_21_10.pkl'
'/home/casonk/path/mmani_root/mmani0/shared_data/hot/push_file/IDL/2020-10-06/AUTH_SETS_1_21_10.pkl' -> '/home/casonk/path/flnt-mmani/Reddit_Communities/push_file/IDL/IDL/2020-10-06/AUTH_SETS_1_21_10.pkl'
'/home/casonk/path/mmani_root/mmani0/shared_data/hot/push_file/IDL/2020-10-06/TCD1_21_1.csv' -> '/home/casonk/path/flnt-mmani/Reddit_Communities/push_file/IDL/IDL/2020-10-06/TCD1_21_1.csv'
'/home/casonk/path/mmani_root/mmani0/shared_data/hot/push_file/IDL/2020-10-06/TCD1_21_1.pkl' -> '/home/casonk/path/flnt-mmani/Reddit_Communities/push_file/IDL/IDL/2020-10-06/TCD1_21_1.pkl'
'/home/casonk/path/mmani_root/mmani0/shared_data/hot/push_file/IDL/2020-10-06/LC_1_21_2.pkl' -> '/home/casonk/path/flnt-mmani/Reddit_Communities/push_file/IDL/IDL/2020-10-06/LC_1_21_2.pkl'
'/home/casonk/path/mmani_root/mmani0/shared_data/hot/push_file/IDL/2020-10-06/COMMUNITIES_SERIES_1_21_0.5.pkl' -> '/home/casonk/path/flnt-mmani/Reddit_Communities/push_file/IDL/IDL/2020-10-06/COMMUNITIES_SERIES_1_21_0.5.pkl'
'/home/casonk/path/mmani_root/mmani0/shared_data/hot/push_file/IDL/2020-10-06/LEVEL_MAP_1_21_0.5.pkl' -> '/home/casonk/path/flnt-mmani/Reddit_Communities/push_file/IDL/IDL/2020-10-06/LEVEL_MAP_1_21_0.5.pkl'
'/home/casonk/path/mmani_root/mmani0/shared_data/hot/push_file/IDL/2020-10-06/LEVEL_DF_1_21_0.5.pkl' -> '/home/casonk/path/flnt-mmani/Reddit_Communities/push_file/IDL/IDL/2020-10-06/LEVEL_DF_1_21_0.5.pkl'
'/home/casonk/path/mmani_root/mmani0/shared_data/hot/push_file/IDL/2020-10-06/MAXIMALIST_DF_1_21_0.5.pkl' -> '/home/casonk/path/flnt-mmani/Reddit_Communities/push_file/IDL/IDL/2020-10-06/MAXIMALIST_DF_1_21_0.5.pkl'
'/home/casonk/path/mmani_root/mmani0/shared_data/hot/push_file/IDL/2020-10-06/EI_DF_1_21_0.5.pkl' -> '/home/casonk/path/flnt-mmani/Reddit_Communities/push_file/IDL/IDL/2020-10-06/EI_DF_1_21_0.5.pkl'
'/home/casonk/path/mmani_root/mmani0/shared_data/hot/push_file/IDL/2020-10-06/CSP_1_21_0.5.pkl' -> '/home/casonk/path/flnt-mmani/Reddit_Communities/push_file/IDL/IDL/2020-10-06/CSP_1_21_0.5.pkl'
'/home/casonk/path/mmani_root/mmani0/shared_data/hot/push_file/IDL/2020-10-06/COMMUNITIES_DF_1_21_0.5.pkl' -> '/home/casonk/path/flnt-mmani/Reddit_Communities/push_file/IDL/IDL/2020-10-06/COMMUNITIES_DF_1_21_0.5.pkl'
'/home/casonk/path/mmani_root/mmani0/shared_data/hot/push_file/IDL/2020-10-06/CAP_1_21_0.5.pkl' -> '/home/casonk/path/flnt-mmani/Reddit_Communities/push_file/IDL/IDL/2020-10-06/CAP_1_21_0.5.pkl'
'/home/casonk/path/mmani_root/mmani0/shared_data/hot/push_file/IDL/2020-10-06/SUB_SETS_1_21_0.5.pkl' -> '/home/casonk/path/flnt-mmani/Reddit_Communities/push_file/IDL/IDL/2020-10-06/SUB_SETS_1_21_0.5.pkl'
'/home/casonk/path/mmani_root/mmani0/shared_data/hot/push_file/IDL/2020-10-06/AUTH_SETS_1_21_0.5.pkl' -> '/home/casonk/path/flnt-mmani/Reddit_Communities/push_file/IDL/IDL/2020-10-06/AUTH_SETS_1_21_0.5.pkl'
'/home/casonk/path/mmani_root/mmani0/shared_data/hot/push_file/IDL/2020-10-06/dG_1_21.pkl' -> '/home/casonk/path/flnt-mmani/Reddit_Communities/push_file/IDL/IDL/2020-10-06/dG_1_21.pkl'
'/home/casonk/path/mmani_root/mmani0/shared_data/hot/push_file/IDL/2020-10-06/LC_1_21_5.pkl' -> '/home/casonk/path/flnt-mmani/Reddit_Communities/push_file/IDL/IDL/2020-10-06/LC_1_21_5.pkl'
'/home/casonk/path/mmani_root/mmani0/shared_data/hot/push_file/IDL/2020-10-06/LC_1_21_10.pkl' -> '/home/casonk/path/flnt-mmani/Reddit_Communities/push_file/IDL/IDL/2020-10-06/LC_1_21_10.pkl'
'/home/casonk/path/mmani_root/mmani0/shared_data/hot/push_file/IDL/2020-10-06/TRIMMED_DF_1_21.pkl' -> '/home/casonk/path/flnt-mmani/Reddit_Communities/push_file/IDL/IDL/2020-10-06/TRIMMED_DF_1_21.pkl'
'/home/casonk/path/mmani_root/mmani0/shared_data/hot/push_file/IDL/2020-10-06/G_1_21.pkl' -> '/home/casonk/path/flnt-mmani/Reddit_Communities/push_file/IDL/IDL/2020-10-06/G_1_21.pkl'
'/home/casonk/path/mmani_root/mmani0/shared_data/hot/push_file/IDL/2020-10-06/LC_1_21_0.5.pkl' -> '/home/casonk/path/flnt-mmani/Reddit_Communities/push_file/IDL/IDL/2020-10-06/LC_1_21_0.5.pkl'
'/home/casonk/path/mmani_root/mmani0/shared_data/hot/push_file/IDL/2020-10-06/LC_1_21_1.pkl' -> '/home/casonk/path/flnt-mmani/Reddit_Communities/push_file/IDL/IDL/2020-10-06/LC_1_21_1.pkl'
'/home/casonk/path/mmani_root/mmani0/shared_data/hot/push_file/IDL/2020-10-07' -> '/home/casonk/path/flnt-mmani/Reddit_Communities/push_file/IDL/IDL/2020-10-07'
'/home/casonk/path/mmani_root/mmani0/shared_data/hot/push_file/IDL/2020-10-07/COMMUNITIES_SERIES_1_21_5.pkl' -> '/home/casonk/path/flnt-mmani/Reddit_Communities/push_file/IDL/IDL/2020-10-07/COMMUNITIES_SERIES_1_21_5.pkl'
'/home/casonk/path/mmani_root/mmani0/shared_data/hot/push_file/IDL/2020-10-07/LEVEL_MAP_1_21_5.pkl' -> '/home/casonk/path/flnt-mmani/Reddit_Communities/push_file/IDL/IDL/2020-10-07/LEVEL_MAP_1_21_5.pkl'
'/home/casonk/path/mmani_root/mmani0/shared_data/hot/push_file/IDL/2020-10-07/LEVEL_DF_1_21_5.pkl' -> '/home/casonk/path/flnt-mmani/Reddit_Communities/push_file/IDL/IDL/2020-10-07/LEVEL_DF_1_21_5.pkl'
'/home/casonk/path/mmani_root/mmani0/shared_data/hot/push_file/IDL/2020-10-07/MAXIMALIST_DF_1_21_5.pkl' -> '/home/casonk/path/flnt-mmani/Reddit_Communities/push_file/IDL/IDL/2020-10-07/MAXIMALIST_DF_1_21_5.pkl'
'/home/casonk/path/mmani_root/mmani0/shared_data/hot/push_file/IDL/2020-10-07/EI_DF_1_21_5.pkl' -> '/home/casonk/path/flnt-mmani/Reddit_Communities/push_file/IDL/IDL/2020-10-07/EI_DF_1_21_5.pkl'
'/home/casonk/path/mmani_root/mmani0/shared_data/hot/push_file/IDL/2020-10-07/CSP_1_21_5.pkl' -> '/home/casonk/path/flnt-mmani/Reddit_Communities/push_file/IDL/IDL/2020-10-07/CSP_1_21_5.pkl'
'/home/casonk/path/mmani_root/mmani0/shared_data/hot/push_file/IDL/2020-10-07/COMMUNITIES_DF_1_21_5.pkl' -> '/home/casonk/path/flnt-mmani/Reddit_Communities/push_file/IDL/IDL/2020-10-07/COMMUNITIES_DF_1_21_5.pkl'
'/home/casonk/path/mmani_root/mmani0/shared_data/hot/push_file/IDL/2020-10-07/CAP_1_21_5.pkl' -> '/home/casonk/path/flnt-mmani/Reddit_Communities/push_file/IDL/IDL/2020-10-07/CAP_1_21_5.pkl'
'/home/casonk/path/mmani_root/mmani0/shared_data/hot/push_file/IDL/2020-10-07/SUB_SETS_1_21_5.pkl' -> '/home/casonk/path/flnt-mmani/Reddit_Communities/push_file/IDL/IDL/2020-10-07/SUB_SETS_1_21_5.pkl'
'/home/casonk/path/mmani_root/mmani0/shared_data/hot/push_file/IDL/2020-10-07/AUTH_SETS_1_21_5.pkl' -> '/home/casonk/path/flnt-mmani/Reddit_Communities/push_file/IDL/IDL/2020-10-07/AUTH_SETS_1_21_5.pkl'
'/home/casonk/path/mmani_root/mmani0/shared_data/hot/push_file/IDL/2020-10-07/EDGE_LIST_SELFLESS.pkl' -> '/home/casonk/path/flnt-mmani/Reddit_Communities/push_file/IDL/IDL/2020-10-07/EDGE_LIST_SELFLESS.pkl'
'/home/casonk/path/mmani_root/mmani0/shared_data/hot/push_file/IDL/2020-10-07/AUTHOR_NET.pkl' -> '/home/casonk/path/flnt-mmani/Reddit_Communities/push_file/IDL/IDL/2020-10-07/AUTHOR_NET.pkl'
'/home/casonk/path/mmani_root/mmani0/shared_data/hot/push_file/IDL/2020-10-07/EDGE_LIST_SELFLESS_1_21.pkl' -> '/home/casonk/path/flnt-mmani/Reddit_Communities/push_file/IDL/IDL/2020-10-07/EDGE_LIST_SELFLESS_1_21.pkl'
'/home/casonk/path/mmani_root/mmani0/shared_data/hot/push_file/IDL/2020-10-07/EDGE_LIST_SELFLESS_2_21.pkl' -> '/home/casonk/path/flnt-mmani/Reddit_Communities/push_file/IDL/IDL/2020-10-07/EDGE_LIST_SELFLESS_2_21.pkl'
'/home/casonk/path/mmani_root/mmani0/shared_data/hot/push_file/IDL/2020-10-07/ID_PAIRS.pkl' -> '/home/casonk/path/flnt-mmani/Reddit_Communities/push_file/IDL/IDL/2020-10-07/ID_PAIRS.pkl'
'/home/casonk/path/mmani_root/mmani0/shared_data/hot/push_file/IDL/2020-10-07/EDGE_LIST_RAW.pkl' -> '/home/casonk/path/flnt-mmani/Reddit_Communities/push_file/IDL/IDL/2020-10-07/EDGE_LIST_RAW.pkl'
'/home/casonk/path/mmani_root/mmani0/shared_data/hot/push_file/IDL/2020-10-07/G_74_1_21_5.pkl' -> '/home/casonk/path/flnt-mmani/Reddit_Communities/push_file/IDL/IDL/2020-10-07/G_74_1_21_5.pkl'
'/home/casonk/path/mmani_root/mmani0/shared_data/hot/push_file/IDL/2020-10-07/G_7445_1_21_5.pkl' -> '/home/casonk/path/flnt-mmani/Reddit_Communities/push_file/IDL/IDL/2020-10-07/G_7445_1_21_5.pkl'
'/home/casonk/path/mmani_root/mmani0/shared_data/hot/push_file/IDL/2020-10-07/G_11851_1_21_5.pkl' -> '/home/casonk/path/flnt-mmani/Reddit_Communities/push_file/IDL/IDL/2020-10-07/G_11851_1_21_5.pkl'
'/home/casonk/path/mmani_root/mmani0/shared_data/hot/push_file/IDL/2020-10-07/G_9682_1_21_5.pkl' -> '/home/casonk/path/flnt-mmani/Reddit_Communities/push_file/IDL/IDL/2020-10-07/G_9682_1_21_5.pkl'
'/home/casonk/path/mmani_root/mmani0/shared_data/hot/push_file/IDL/2020-10-07/G_73_1_21_5.pkl' -> '/home/casonk/path/flnt-mmani/Reddit_Communities/push_file/IDL/IDL/2020-10-07/G_73_1_21_5.pkl'
'/home/casonk/path/mmani_root/mmani0/shared_data/hot/push_file/IDL/2020-10-07/COMMUNITIES_SERIES_1_21_2.pkl' -> '/home/casonk/path/flnt-mmani/Reddit_Communities/push_file/IDL/IDL/2020-10-07/COMMUNITIES_SERIES_1_21_2.pkl'
'/home/casonk/path/mmani_root/mmani0/shared_data/hot/push_file/IDL/2020-10-07/LEVEL_MAP_1_21_2.pkl' -> '/home/casonk/path/flnt-mmani/Reddit_Communities/push_file/IDL/IDL/2020-10-07/LEVEL_MAP_1_21_2.pkl'
'/home/casonk/path/mmani_root/mmani0/shared_data/hot/push_file/IDL/2020-10-07/LEVEL_DF_1_21_2.pkl' -> '/home/casonk/path/flnt-mmani/Reddit_Communities/push_file/IDL/IDL/2020-10-07/LEVEL_DF_1_21_2.pkl'
'/home/casonk/path/mmani_root/mmani0/shared_data/hot/push_file/IDL/2020-10-07/MAXIMALIST_DF_1_21_2.pkl' -> '/home/casonk/path/flnt-mmani/Reddit_Communities/push_file/IDL/IDL/2020-10-07/MAXIMALIST_DF_1_21_2.pkl'
'/home/casonk/path/mmani_root/mmani0/shared_data/hot/push_file/IDL/2020-10-07/EI_DF_1_21_2.pkl' -> '/home/casonk/path/flnt-mmani/Reddit_Communities/push_file/IDL/IDL/2020-10-07/EI_DF_1_21_2.pkl'
'/home/casonk/path/mmani_root/mmani0/shared_data/hot/push_file/IDL/2020-10-07/CSP_1_21_2.pkl' -> '/home/casonk/path/flnt-mmani/Reddit_Communities/push_file/IDL/IDL/2020-10-07/CSP_1_21_2.pkl'
'/home/casonk/path/mmani_root/mmani0/shared_data/hot/push_file/IDL/2020-10-07/COMMUNITIES_DF_1_21_2.pkl' -> '/home/casonk/path/flnt-mmani/Reddit_Communities/push_file/IDL/IDL/2020-10-07/COMMUNITIES_DF_1_21_2.pkl'
'/home/casonk/path/mmani_root/mmani0/shared_data/hot/push_file/IDL/2020-10-07/CAP_1_21_2.pkl' -> '/home/casonk/path/flnt-mmani/Reddit_Communities/push_file/IDL/IDL/2020-10-07/CAP_1_21_2.pkl'
'/home/casonk/path/mmani_root/mmani0/shared_data/hot/push_file/IDL/2020-10-07/SUB_SETS_1_21_2.pkl' -> '/home/casonk/path/flnt-mmani/Reddit_Communities/push_file/IDL/IDL/2020-10-07/SUB_SETS_1_21_2.pkl'
'/home/casonk/path/mmani_root/mmani0/shared_data/hot/push_file/IDL/2020-10-07/AUTH_SETS_1_21_2.pkl' -> '/home/casonk/path/flnt-mmani/Reddit_Communities/push_file/IDL/IDL/2020-10-07/AUTH_SETS_1_21_2.pkl'
'/home/casonk/path/mmani_root/mmani0/shared_data/hot/push_file/IDL/2020-10-07/COMMUNITIES_SERIES_1_21_1.pkl' -> '/home/casonk/path/flnt-mmani/Reddit_Communities/push_file/IDL/IDL/2020-10-07/COMMUNITIES_SERIES_1_21_1.pkl'
'/home/casonk/path/mmani_root/mmani0/shared_data/hot/push_file/IDL/2020-10-07/LEVEL_MAP_1_21_1.pkl' -> '/home/casonk/path/flnt-mmani/Reddit_Communities/push_file/IDL/IDL/2020-10-07/LEVEL_MAP_1_21_1.pkl'
'/home/casonk/path/mmani_root/mmani0/shared_data/hot/push_file/IDL/2020-10-07/LEVEL_DF_1_21_1.pkl' -> '/home/casonk/path/flnt-mmani/Reddit_Communities/push_file/IDL/IDL/2020-10-07/LEVEL_DF_1_21_1.pkl'
'/home/casonk/path/mmani_root/mmani0/shared_data/hot/push_file/IDL/2020-10-07/MAXIMALIST_DF_1_21_1.pkl' -> '/home/casonk/path/flnt-mmani/Reddit_Communities/push_file/IDL/IDL/2020-10-07/MAXIMALIST_DF_1_21_1.pkl'
'/home/casonk/path/mmani_root/mmani0/shared_data/hot/push_file/IDL/2020-10-07/EI_DF_1_21_1.pkl' -> '/home/casonk/path/flnt-mmani/Reddit_Communities/push_file/IDL/IDL/2020-10-07/EI_DF_1_21_1.pkl'
'/home/casonk/path/mmani_root/mmani0/shared_data/hot/push_file/IDL/2020-10-07/CSP_1_21_1.pkl' -> '/home/casonk/path/flnt-mmani/Reddit_Communities/push_file/IDL/IDL/2020-10-07/CSP_1_21_1.pkl'
'/home/casonk/path/mmani_root/mmani0/shared_data/hot/push_file/IDL/2020-10-07/COMMUNITIES_DF_1_21_1.pkl' -> '/home/casonk/path/flnt-mmani/Reddit_Communities/push_file/IDL/IDL/2020-10-07/COMMUNITIES_DF_1_21_1.pkl'
'/home/casonk/path/mmani_root/mmani0/shared_data/hot/push_file/IDL/2020-10-07/CAP_1_21_1.pkl' -> '/home/casonk/path/flnt-mmani/Reddit_Communities/push_file/IDL/IDL/2020-10-07/CAP_1_21_1.pkl'
'/home/casonk/path/mmani_root/mmani0/shared_data/hot/push_file/IDL/2020-10-07/SUB_SETS_1_21_1.pkl' -> '/home/casonk/path/flnt-mmani/Reddit_Communities/push_file/IDL/IDL/2020-10-07/SUB_SETS_1_21_1.pkl'
'/home/casonk/path/mmani_root/mmani0/shared_data/hot/push_file/IDL/2020-10-07/AUTH_SETS_1_21_1.pkl' -> '/home/casonk/path/flnt-mmani/Reddit_Communities/push_file/IDL/IDL/2020-10-07/AUTH_SETS_1_21_1.pkl'
'/home/casonk/path/mmani_root/mmani0/shared_data/hot/push_file/IDL/2020-10-07/COMMUNITIES_SERIES_1_21_10.pkl' -> '/home/casonk/path/flnt-mmani/Reddit_Communities/push_file/IDL/IDL/2020-10-07/COMMUNITIES_SERIES_1_21_10.pkl'
'/home/casonk/path/mmani_root/mmani0/shared_data/hot/push_file/IDL/2020-10-07/LEVEL_MAP_1_21_10.pkl' -> '/home/casonk/path/flnt-mmani/Reddit_Communities/push_file/IDL/IDL/2020-10-07/LEVEL_MAP_1_21_10.pkl'
'/home/casonk/path/mmani_root/mmani0/shared_data/hot/push_file/IDL/2020-10-07/LEVEL_DF_1_21_10.pkl' -> '/home/casonk/path/flnt-mmani/Reddit_Communities/push_file/IDL/IDL/2020-10-07/LEVEL_DF_1_21_10.pkl'
'/home/casonk/path/mmani_root/mmani0/shared_data/hot/push_file/IDL/2020-10-07/MAXIMALIST_DF_1_21_10.pkl' -> '/home/casonk/path/flnt-mmani/Reddit_Communities/push_file/IDL/IDL/2020-10-07/MAXIMALIST_DF_1_21_10.pkl'
'/home/casonk/path/mmani_root/mmani0/shared_data/hot/push_file/IDL/2020-10-07/EI_DF_1_21_10.pkl' -> '/home/casonk/path/flnt-mmani/Reddit_Communities/push_file/IDL/IDL/2020-10-07/EI_DF_1_21_10.pkl'
'/home/casonk/path/mmani_root/mmani0/shared_data/hot/push_file/IDL/2020-10-07/CSP_1_21_10.pkl' -> '/home/casonk/path/flnt-mmani/Reddit_Communities/push_file/IDL/IDL/2020-10-07/CSP_1_21_10.pkl'
'/home/casonk/path/mmani_root/mmani0/shared_data/hot/push_file/IDL/2020-10-07/COMMUNITIES_DF_1_21_10.pkl' -> '/home/casonk/path/flnt-mmani/Reddit_Communities/push_file/IDL/IDL/2020-10-07/COMMUNITIES_DF_1_21_10.pkl'
'/home/casonk/path/mmani_root/mmani0/shared_data/hot/push_file/IDL/2020-10-07/CAP_1_21_10.pkl' -> '/home/casonk/path/flnt-mmani/Reddit_Communities/push_file/IDL/IDL/2020-10-07/CAP_1_21_10.pkl'
'/home/casonk/path/mmani_root/mmani0/shared_data/hot/push_file/IDL/2020-10-07/SUB_SETS_1_21_10.pkl' -> '/home/casonk/path/flnt-mmani/Reddit_Communities/push_file/IDL/IDL/2020-10-07/SUB_SETS_1_21_10.pkl'
'/home/casonk/path/mmani_root/mmani0/shared_data/hot/push_file/IDL/2020-10-07/AUTH_SETS_1_21_10.pkl' -> '/home/casonk/path/flnt-mmani/Reddit_Communities/push_file/IDL/IDL/2020-10-07/AUTH_SETS_1_21_10.pkl'
'/home/casonk/path/mmani_root/mmani0/shared_data/hot/push_file/IDL/2020-10-07/TCD1_21_1.csv' -> '/home/casonk/path/flnt-mmani/Reddit_Communities/push_file/IDL/IDL/2020-10-07/TCD1_21_1.csv'
'/home/casonk/path/mmani_root/mmani0/shared_data/hot/push_file/IDL/2020-10-07/TCD1_21_1.pkl' -> '/home/casonk/path/flnt-mmani/Reddit_Communities/push_file/IDL/IDL/2020-10-07/TCD1_21_1.pkl'
'/home/casonk/path/mmani_root/mmani0/shared_data/hot/push_file/IDL/2020-10-07/LC_1_21_2.pkl' -> '/home/casonk/path/flnt-mmani/Reddit_Communities/push_file/IDL/IDL/2020-10-07/LC_1_21_2.pkl'
'/home/casonk/path/mmani_root/mmani0/shared_data/hot/push_file/IDL/2020-10-07/COMMUNITIES_SERIES_1_21_0.5.pkl' -> '/home/casonk/path/flnt-mmani/Reddit_Communities/push_file/IDL/IDL/2020-10-07/COMMUNITIES_SERIES_1_21_0.5.pkl'
'/home/casonk/path/mmani_root/mmani0/shared_data/hot/push_file/IDL/2020-10-07/LEVEL_MAP_1_21_0.5.pkl' -> '/home/casonk/path/flnt-mmani/Reddit_Communities/push_file/IDL/IDL/2020-10-07/LEVEL_MAP_1_21_0.5.pkl'
'/home/casonk/path/mmani_root/mmani0/shared_data/hot/push_file/IDL/2020-10-07/LEVEL_DF_1_21_0.5.pkl' -> '/home/casonk/path/flnt-mmani/Reddit_Communities/push_file/IDL/IDL/2020-10-07/LEVEL_DF_1_21_0.5.pkl'
'/home/casonk/path/mmani_root/mmani0/shared_data/hot/push_file/IDL/2020-10-07/MAXIMALIST_DF_1_21_0.5.pkl' -> '/home/casonk/path/flnt-mmani/Reddit_Communities/push_file/IDL/IDL/2020-10-07/MAXIMALIST_DF_1_21_0.5.pkl'
'/home/casonk/path/mmani_root/mmani0/shared_data/hot/push_file/IDL/2020-10-07/EI_DF_1_21_0.5.pkl' -> '/home/casonk/path/flnt-mmani/Reddit_Communities/push_file/IDL/IDL/2020-10-07/EI_DF_1_21_0.5.pkl'
'/home/casonk/path/mmani_root/mmani0/shared_data/hot/push_file/IDL/2020-10-07/CSP_1_21_0.5.pkl' -> '/home/casonk/path/flnt-mmani/Reddit_Communities/push_file/IDL/IDL/2020-10-07/CSP_1_21_0.5.pkl'
'/home/casonk/path/mmani_root/mmani0/shared_data/hot/push_file/IDL/2020-10-07/COMMUNITIES_DF_1_21_0.5.pkl' -> '/home/casonk/path/flnt-mmani/Reddit_Communities/push_file/IDL/IDL/2020-10-07/COMMUNITIES_DF_1_21_0.5.pkl'
'/home/casonk/path/mmani_root/mmani0/shared_data/hot/push_file/IDL/2020-10-07/CAP_1_21_0.5.pkl' -> '/home/casonk/path/flnt-mmani/Reddit_Communities/push_file/IDL/IDL/2020-10-07/CAP_1_21_0.5.pkl'
'/home/casonk/path/mmani_root/mmani0/shared_data/hot/push_file/IDL/2020-10-07/SUB_SETS_1_21_0.5.pkl' -> '/home/casonk/path/flnt-mmani/Reddit_Communities/push_file/IDL/IDL/2020-10-07/SUB_SETS_1_21_0.5.pkl'
'/home/casonk/path/mmani_root/mmani0/shared_data/hot/push_file/IDL/2020-10-07/AUTH_SETS_1_21_0.5.pkl' -> '/home/casonk/path/flnt-mmani/Reddit_Communities/push_file/IDL/IDL/2020-10-07/AUTH_SETS_1_21_0.5.pkl'
'/home/casonk/path/mmani_root/mmani0/shared_data/hot/push_file/IDL/2020-10-07/dG_1_21.pkl' -> '/home/casonk/path/flnt-mmani/Reddit_Communities/push_file/IDL/IDL/2020-10-07/dG_1_21.pkl'
'/home/casonk/path/mmani_root/mmani0/shared_data/hot/push_file/IDL/2020-10-07/LC_1_21_5.pkl' -> '/home/casonk/path/flnt-mmani/Reddit_Communities/push_file/IDL/IDL/2020-10-07/LC_1_21_5.pkl'
'/home/casonk/path/mmani_root/mmani0/shared_data/hot/push_file/IDL/2020-10-07/LC_1_21_10.pkl' -> '/home/casonk/path/flnt-mmani/Reddit_Communities/push_file/IDL/IDL/2020-10-07/LC_1_21_10.pkl'
'/home/casonk/path/mmani_root/mmani0/shared_data/hot/push_file/IDL/2020-10-07/TRIMMED_DF_1_21.pkl' -> '/home/casonk/path/flnt-mmani/Reddit_Communities/push_file/IDL/IDL/2020-10-07/TRIMMED_DF_1_21.pkl'
'/home/casonk/path/mmani_root/mmani0/shared_data/hot/push_file/IDL/2020-10-07/G_1_21.pkl' -> '/home/casonk/path/flnt-mmani/Reddit_Communities/push_file/IDL/IDL/2020-10-07/G_1_21.pkl'
'/home/casonk/path/mmani_root/mmani0/shared_data/hot/push_file/IDL/2020-10-07/LC_1_21_0.5.pkl' -> '/home/casonk/path/flnt-mmani/Reddit_Communities/push_file/IDL/IDL/2020-10-07/LC_1_21_0.5.pkl'
'/home/casonk/path/mmani_root/mmani0/shared_data/hot/push_file/IDL/2020-10-07/LC_1_21_1.pkl' -> '/home/casonk/path/flnt-mmani/Reddit_Communities/push_file/IDL/IDL/2020-10-07/LC_1_21_1.pkl'
'/home/casonk/path/mmani_root/mmani0/shared_data/hot/push_file/IDL/2020-10-08' -> '/home/casonk/path/flnt-mmani/Reddit_Communities/push_file/IDL/IDL/2020-10-08'
'/home/casonk/path/mmani_root/mmani0/shared_data/hot/push_file/IDL/2020-10-08/COMMUNITIES_SERIES_1_21_5.pkl' -> '/home/casonk/path/flnt-mmani/Reddit_Communities/push_file/IDL/IDL/2020-10-08/COMMUNITIES_SERIES_1_21_5.pkl'
'/home/casonk/path/mmani_root/mmani0/shared_data/hot/push_file/IDL/2020-10-08/LEVEL_MAP_1_21_5.pkl' -> '/home/casonk/path/flnt-mmani/Reddit_Communities/push_file/IDL/IDL/2020-10-08/LEVEL_MAP_1_21_5.pkl'
'/home/casonk/path/mmani_root/mmani0/shared_data/hot/push_file/IDL/2020-10-08/LEVEL_DF_1_21_5.pkl' -> '/home/casonk/path/flnt-mmani/Reddit_Communities/push_file/IDL/IDL/2020-10-08/LEVEL_DF_1_21_5.pkl'
'/home/casonk/path/mmani_root/mmani0/shared_data/hot/push_file/IDL/2020-10-08/MAXIMALIST_DF_1_21_5.pkl' -> '/home/casonk/path/flnt-mmani/Reddit_Communities/push_file/IDL/IDL/2020-10-08/MAXIMALIST_DF_1_21_5.pkl'
'/home/casonk/path/mmani_root/mmani0/shared_data/hot/push_file/IDL/2020-10-08/EI_DF_1_21_5.pkl' -> '/home/casonk/path/flnt-mmani/Reddit_Communities/push_file/IDL/IDL/2020-10-08/EI_DF_1_21_5.pkl'
'/home/casonk/path/mmani_root/mmani0/shared_data/hot/push_file/IDL/2020-10-08/CSP_1_21_5.pkl' -> '/home/casonk/path/flnt-mmani/Reddit_Communities/push_file/IDL/IDL/2020-10-08/CSP_1_21_5.pkl'
'/home/casonk/path/mmani_root/mmani0/shared_data/hot/push_file/IDL/2020-10-08/COMMUNITIES_DF_1_21_5.pkl' -> '/home/casonk/path/flnt-mmani/Reddit_Communities/push_file/IDL/IDL/2020-10-08/COMMUNITIES_DF_1_21_5.pkl'
'/home/casonk/path/mmani_root/mmani0/shared_data/hot/push_file/IDL/2020-10-08/CAP_1_21_5.pkl' -> '/home/casonk/path/flnt-mmani/Reddit_Communities/push_file/IDL/IDL/2020-10-08/CAP_1_21_5.pkl'
'/home/casonk/path/mmani_root/mmani0/shared_data/hot/push_file/IDL/2020-10-08/SUB_SETS_1_21_5.pkl' -> '/home/casonk/path/flnt-mmani/Reddit_Communities/push_file/IDL/IDL/2020-10-08/SUB_SETS_1_21_5.pkl'
'/home/casonk/path/mmani_root/mmani0/shared_data/hot/push_file/IDL/2020-10-08/AUTH_SETS_1_21_5.pkl' -> '/home/casonk/path/flnt-mmani/Reddit_Communities/push_file/IDL/IDL/2020-10-08/AUTH_SETS_1_21_5.pkl'
'/home/casonk/path/mmani_root/mmani0/shared_data/hot/push_file/IDL/2020-10-08/EDGE_LIST_SELFLESS.pkl' -> '/home/casonk/path/flnt-mmani/Reddit_Communities/push_file/IDL/IDL/2020-10-08/EDGE_LIST_SELFLESS.pkl'
'/home/casonk/path/mmani_root/mmani0/shared_data/hot/push_file/IDL/2020-10-08/AUTHOR_NET.pkl' -> '/home/casonk/path/flnt-mmani/Reddit_Communities/push_file/IDL/IDL/2020-10-08/AUTHOR_NET.pkl'
'/home/casonk/path/mmani_root/mmani0/shared_data/hot/push_file/IDL/2020-10-08/EDGE_LIST_SELFLESS_1_21.pkl' -> '/home/casonk/path/flnt-mmani/Reddit_Communities/push_file/IDL/IDL/2020-10-08/EDGE_LIST_SELFLESS_1_21.pkl'
'/home/casonk/path/mmani_root/mmani0/shared_data/hot/push_file/IDL/2020-10-08/EDGE_LIST_SELFLESS_2_21.pkl' -> '/home/casonk/path/flnt-mmani/Reddit_Communities/push_file/IDL/IDL/2020-10-08/EDGE_LIST_SELFLESS_2_21.pkl'
'/home/casonk/path/mmani_root/mmani0/shared_data/hot/push_file/IDL/2020-10-08/ID_PAIRS.pkl' -> '/home/casonk/path/flnt-mmani/Reddit_Communities/push_file/IDL/IDL/2020-10-08/ID_PAIRS.pkl'
'/home/casonk/path/mmani_root/mmani0/shared_data/hot/push_file/IDL/2020-10-08/EDGE_LIST_RAW.pkl' -> '/home/casonk/path/flnt-mmani/Reddit_Communities/push_file/IDL/IDL/2020-10-08/EDGE_LIST_RAW.pkl'
'/home/casonk/path/mmani_root/mmani0/shared_data/hot/push_file/IDL/2020-10-08/G_572_1_21_5.pkl' -> '/home/casonk/path/flnt-mmani/Reddit_Communities/push_file/IDL/IDL/2020-10-08/G_572_1_21_5.pkl'
'/home/casonk/path/mmani_root/mmani0/shared_data/hot/push_file/IDL/2020-10-08/G_13_1_21_5.pkl' -> '/home/casonk/path/flnt-mmani/Reddit_Communities/push_file/IDL/IDL/2020-10-08/G_13_1_21_5.pkl'
'/home/casonk/path/mmani_root/mmani0/shared_data/hot/push_file/IDL/2020-10-08/G_326_1_21_5.pkl' -> '/home/casonk/path/flnt-mmani/Reddit_Communities/push_file/IDL/IDL/2020-10-08/G_326_1_21_5.pkl'
'/home/casonk/path/mmani_root/mmani0/shared_data/hot/push_file/IDL/2020-10-08/G_68_1_21_5.pkl' -> '/home/casonk/path/flnt-mmani/Reddit_Communities/push_file/IDL/IDL/2020-10-08/G_68_1_21_5.pkl'
'/home/casonk/path/mmani_root/mmani0/shared_data/hot/push_file/IDL/2020-10-08/G_9673_1_21_5.pkl' -> '/home/casonk/path/flnt-mmani/Reddit_Communities/push_file/IDL/IDL/2020-10-08/G_9673_1_21_5.pkl'
'/home/casonk/path/mmani_root/mmani0/shared_data/hot/push_file/IDL/2020-10-08/COMMUNITIES_SERIES_1_21_2.pkl' -> '/home/casonk/path/flnt-mmani/Reddit_Communities/push_file/IDL/IDL/2020-10-08/COMMUNITIES_SERIES_1_21_2.pkl'
'/home/casonk/path/mmani_root/mmani0/shared_data/hot/push_file/IDL/2020-10-08/LEVEL_MAP_1_21_2.pkl' -> '/home/casonk/path/flnt-mmani/Reddit_Communities/push_file/IDL/IDL/2020-10-08/LEVEL_MAP_1_21_2.pkl'
'/home/casonk/path/mmani_root/mmani0/shared_data/hot/push_file/IDL/2020-10-08/LEVEL_DF_1_21_2.pkl' -> '/home/casonk/path/flnt-mmani/Reddit_Communities/push_file/IDL/IDL/2020-10-08/LEVEL_DF_1_21_2.pkl'
'/home/casonk/path/mmani_root/mmani0/shared_data/hot/push_file/IDL/2020-10-08/MAXIMALIST_DF_1_21_2.pkl' -> '/home/casonk/path/flnt-mmani/Reddit_Communities/push_file/IDL/IDL/2020-10-08/MAXIMALIST_DF_1_21_2.pkl'
'/home/casonk/path/mmani_root/mmani0/shared_data/hot/push_file/IDL/2020-10-08/EI_DF_1_21_2.pkl' -> '/home/casonk/path/flnt-mmani/Reddit_Communities/push_file/IDL/IDL/2020-10-08/EI_DF_1_21_2.pkl'
'/home/casonk/path/mmani_root/mmani0/shared_data/hot/push_file/IDL/2020-10-08/CSP_1_21_2.pkl' -> '/home/casonk/path/flnt-mmani/Reddit_Communities/push_file/IDL/IDL/2020-10-08/CSP_1_21_2.pkl'
'/home/casonk/path/mmani_root/mmani0/shared_data/hot/push_file/IDL/2020-10-08/COMMUNITIES_DF_1_21_2.pkl' -> '/home/casonk/path/flnt-mmani/Reddit_Communities/push_file/IDL/IDL/2020-10-08/COMMUNITIES_DF_1_21_2.pkl'
'/home/casonk/path/mmani_root/mmani0/shared_data/hot/push_file/IDL/2020-10-08/CAP_1_21_2.pkl' -> '/home/casonk/path/flnt-mmani/Reddit_Communities/push_file/IDL/IDL/2020-10-08/CAP_1_21_2.pkl'
'/home/casonk/path/mmani_root/mmani0/shared_data/hot/push_file/IDL/2020-10-08/SUB_SETS_1_21_2.pkl' -> '/home/casonk/path/flnt-mmani/Reddit_Communities/push_file/IDL/IDL/2020-10-08/SUB_SETS_1_21_2.pkl'
'/home/casonk/path/mmani_root/mmani0/shared_data/hot/push_file/IDL/2020-10-08/AUTH_SETS_1_21_2.pkl' -> '/home/casonk/path/flnt-mmani/Reddit_Communities/push_file/IDL/IDL/2020-10-08/AUTH_SETS_1_21_2.pkl'
'/home/casonk/path/mmani_root/mmani0/shared_data/hot/push_file/IDL/2020-10-08/COMMUNITIES_SERIES_1_21_1.pkl' -> '/home/casonk/path/flnt-mmani/Reddit_Communities/push_file/IDL/IDL/2020-10-08/COMMUNITIES_SERIES_1_21_1.pkl'
'/home/casonk/path/mmani_root/mmani0/shared_data/hot/push_file/IDL/2020-10-08/LEVEL_MAP_1_21_1.pkl' -> '/home/casonk/path/flnt-mmani/Reddit_Communities/push_file/IDL/IDL/2020-10-08/LEVEL_MAP_1_21_1.pkl'
'/home/casonk/path/mmani_root/mmani0/shared_data/hot/push_file/IDL/2020-10-08/LEVEL_DF_1_21_1.pkl' -> '/home/casonk/path/flnt-mmani/Reddit_Communities/push_file/IDL/IDL/2020-10-08/LEVEL_DF_1_21_1.pkl'
'/home/casonk/path/mmani_root/mmani0/shared_data/hot/push_file/IDL/2020-10-08/MAXIMALIST_DF_1_21_1.pkl' -> '/home/casonk/path/flnt-mmani/Reddit_Communities/push_file/IDL/IDL/2020-10-08/MAXIMALIST_DF_1_21_1.pkl'
'/home/casonk/path/mmani_root/mmani0/shared_data/hot/push_file/IDL/2020-10-08/EI_DF_1_21_1.pkl' -> '/home/casonk/path/flnt-mmani/Reddit_Communities/push_file/IDL/IDL/2020-10-08/EI_DF_1_21_1.pkl'
'/home/casonk/path/mmani_root/mmani0/shared_data/hot/push_file/IDL/2020-10-08/CSP_1_21_1.pkl' -> '/home/casonk/path/flnt-mmani/Reddit_Communities/push_file/IDL/IDL/2020-10-08/CSP_1_21_1.pkl'
'/home/casonk/path/mmani_root/mmani0/shared_data/hot/push_file/IDL/2020-10-08/COMMUNITIES_DF_1_21_1.pkl' -> '/home/casonk/path/flnt-mmani/Reddit_Communities/push_file/IDL/IDL/2020-10-08/COMMUNITIES_DF_1_21_1.pkl'
'/home/casonk/path/mmani_root/mmani0/shared_data/hot/push_file/IDL/2020-10-08/CAP_1_21_1.pkl' -> '/home/casonk/path/flnt-mmani/Reddit_Communities/push_file/IDL/IDL/2020-10-08/CAP_1_21_1.pkl'
'/home/casonk/path/mmani_root/mmani0/shared_data/hot/push_file/IDL/2020-10-08/SUB_SETS_1_21_1.pkl' -> '/home/casonk/path/flnt-mmani/Reddit_Communities/push_file/IDL/IDL/2020-10-08/SUB_SETS_1_21_1.pkl'
'/home/casonk/path/mmani_root/mmani0/shared_data/hot/push_file/IDL/2020-10-08/AUTH_SETS_1_21_1.pkl' -> '/home/casonk/path/flnt-mmani/Reddit_Communities/push_file/IDL/IDL/2020-10-08/AUTH_SETS_1_21_1.pkl'
'/home/casonk/path/mmani_root/mmani0/shared_data/hot/push_file/IDL/2020-10-08/COMMUNITIES_SERIES_1_21_10.pkl' -> '/home/casonk/path/flnt-mmani/Reddit_Communities/push_file/IDL/IDL/2020-10-08/COMMUNITIES_SERIES_1_21_10.pkl'
'/home/casonk/path/mmani_root/mmani0/shared_data/hot/push_file/IDL/2020-10-08/LEVEL_MAP_1_21_10.pkl' -> '/home/casonk/path/flnt-mmani/Reddit_Communities/push_file/IDL/IDL/2020-10-08/LEVEL_MAP_1_21_10.pkl'
'/home/casonk/path/mmani_root/mmani0/shared_data/hot/push_file/IDL/2020-10-08/LEVEL_DF_1_21_10.pkl' -> '/home/casonk/path/flnt-mmani/Reddit_Communities/push_file/IDL/IDL/2020-10-08/LEVEL_DF_1_21_10.pkl'
'/home/casonk/path/mmani_root/mmani0/shared_data/hot/push_file/IDL/2020-10-08/MAXIMALIST_DF_1_21_10.pkl' -> '/home/casonk/path/flnt-mmani/Reddit_Communities/push_file/IDL/IDL/2020-10-08/MAXIMALIST_DF_1_21_10.pkl'
'/home/casonk/path/mmani_root/mmani0/shared_data/hot/push_file/IDL/2020-10-08/EI_DF_1_21_10.pkl' -> '/home/casonk/path/flnt-mmani/Reddit_Communities/push_file/IDL/IDL/2020-10-08/EI_DF_1_21_10.pkl'
'/home/casonk/path/mmani_root/mmani0/shared_data/hot/push_file/IDL/2020-10-08/CSP_1_21_10.pkl' -> '/home/casonk/path/flnt-mmani/Reddit_Communities/push_file/IDL/IDL/2020-10-08/CSP_1_21_10.pkl'
'/home/casonk/path/mmani_root/mmani0/shared_data/hot/push_file/IDL/2020-10-08/COMMUNITIES_DF_1_21_10.pkl' -> '/home/casonk/path/flnt-mmani/Reddit_Communities/push_file/IDL/IDL/2020-10-08/COMMUNITIES_DF_1_21_10.pkl'
'/home/casonk/path/mmani_root/mmani0/shared_data/hot/push_file/IDL/2020-10-08/CAP_1_21_10.pkl' -> '/home/casonk/path/flnt-mmani/Reddit_Communities/push_file/IDL/IDL/2020-10-08/CAP_1_21_10.pkl'
'/home/casonk/path/mmani_root/mmani0/shared_data/hot/push_file/IDL/2020-10-08/SUB_SETS_1_21_10.pkl' -> '/home/casonk/path/flnt-mmani/Reddit_Communities/push_file/IDL/IDL/2020-10-08/SUB_SETS_1_21_10.pkl'
'/home/casonk/path/mmani_root/mmani0/shared_data/hot/push_file/IDL/2020-10-08/AUTH_SETS_1_21_10.pkl' -> '/home/casonk/path/flnt-mmani/Reddit_Communities/push_file/IDL/IDL/2020-10-08/AUTH_SETS_1_21_10.pkl'
'/home/casonk/path/mmani_root/mmani0/shared_data/hot/push_file/IDL/2020-10-08/TCD1_21_1.csv' -> '/home/casonk/path/flnt-mmani/Reddit_Communities/push_file/IDL/IDL/2020-10-08/TCD1_21_1.csv'
'/home/casonk/path/mmani_root/mmani0/shared_data/hot/push_file/IDL/2020-10-08/TCD1_21_1.pkl' -> '/home/casonk/path/flnt-mmani/Reddit_Communities/push_file/IDL/IDL/2020-10-08/TCD1_21_1.pkl'
'/home/casonk/path/mmani_root/mmani0/shared_data/hot/push_file/IDL/2020-10-08/LC_1_21_2.pkl' -> '/home/casonk/path/flnt-mmani/Reddit_Communities/push_file/IDL/IDL/2020-10-08/LC_1_21_2.pkl'
'/home/casonk/path/mmani_root/mmani0/shared_data/hot/push_file/IDL/2020-10-08/COMMUNITIES_SERIES_1_21_0.5.pkl' -> '/home/casonk/path/flnt-mmani/Reddit_Communities/push_file/IDL/IDL/2020-10-08/COMMUNITIES_SERIES_1_21_0.5.pkl'
'/home/casonk/path/mmani_root/mmani0/shared_data/hot/push_file/IDL/2020-10-08/LEVEL_MAP_1_21_0.5.pkl' -> '/home/casonk/path/flnt-mmani/Reddit_Communities/push_file/IDL/IDL/2020-10-08/LEVEL_MAP_1_21_0.5.pkl'
'/home/casonk/path/mmani_root/mmani0/shared_data/hot/push_file/IDL/2020-10-08/LEVEL_DF_1_21_0.5.pkl' -> '/home/casonk/path/flnt-mmani/Reddit_Communities/push_file/IDL/IDL/2020-10-08/LEVEL_DF_1_21_0.5.pkl'
'/home/casonk/path/mmani_root/mmani0/shared_data/hot/push_file/IDL/2020-10-08/MAXIMALIST_DF_1_21_0.5.pkl' -> '/home/casonk/path/flnt-mmani/Reddit_Communities/push_file/IDL/IDL/2020-10-08/MAXIMALIST_DF_1_21_0.5.pkl'
'/home/casonk/path/mmani_root/mmani0/shared_data/hot/push_file/IDL/2020-10-08/EI_DF_1_21_0.5.pkl' -> '/home/casonk/path/flnt-mmani/Reddit_Communities/push_file/IDL/IDL/2020-10-08/EI_DF_1_21_0.5.pkl'
'/home/casonk/path/mmani_root/mmani0/shared_data/hot/push_file/IDL/2020-10-08/CSP_1_21_0.5.pkl' -> '/home/casonk/path/flnt-mmani/Reddit_Communities/push_file/IDL/IDL/2020-10-08/CSP_1_21_0.5.pkl'
'/home/casonk/path/mmani_root/mmani0/shared_data/hot/push_file/IDL/2020-10-08/COMMUNITIES_DF_1_21_0.5.pkl' -> '/home/casonk/path/flnt-mmani/Reddit_Communities/push_file/IDL/IDL/2020-10-08/COMMUNITIES_DF_1_21_0.5.pkl'
'/home/casonk/path/mmani_root/mmani0/shared_data/hot/push_file/IDL/2020-10-08/CAP_1_21_0.5.pkl' -> '/home/casonk/path/flnt-mmani/Reddit_Communities/push_file/IDL/IDL/2020-10-08/CAP_1_21_0.5.pkl'
'/home/casonk/path/mmani_root/mmani0/shared_data/hot/push_file/IDL/2020-10-08/SUB_SETS_1_21_0.5.pkl' -> '/home/casonk/path/flnt-mmani/Reddit_Communities/push_file/IDL/IDL/2020-10-08/SUB_SETS_1_21_0.5.pkl'
'/home/casonk/path/mmani_root/mmani0/shared_data/hot/push_file/IDL/2020-10-08/AUTH_SETS_1_21_0.5.pkl' -> '/home/casonk/path/flnt-mmani/Reddit_Communities/push_file/IDL/IDL/2020-10-08/AUTH_SETS_1_21_0.5.pkl'
'/home/casonk/path/mmani_root/mmani0/shared_data/hot/push_file/IDL/2020-10-08/dG_1_21.pkl' -> '/home/casonk/path/flnt-mmani/Reddit_Communities/push_file/IDL/IDL/2020-10-08/dG_1_21.pkl'
'/home/casonk/path/mmani_root/mmani0/shared_data/hot/push_file/IDL/2020-10-08/LC_1_21_5.pkl' -> '/home/casonk/path/flnt-mmani/Reddit_Communities/push_file/IDL/IDL/2020-10-08/LC_1_21_5.pkl'
'/home/casonk/path/mmani_root/mmani0/shared_data/hot/push_file/IDL/2020-10-08/LC_1_21_10.pkl' -> '/home/casonk/path/flnt-mmani/Reddit_Communities/push_file/IDL/IDL/2020-10-08/LC_1_21_10.pkl'
'/home/casonk/path/mmani_root/mmani0/shared_data/hot/push_file/IDL/2020-10-08/TRIMMED_DF_1_21.pkl' -> '/home/casonk/path/flnt-mmani/Reddit_Communities/push_file/IDL/IDL/2020-10-08/TRIMMED_DF_1_21.pkl'
'/home/casonk/path/mmani_root/mmani0/shared_data/hot/push_file/IDL/2020-10-08/G_1_21.pkl' -> '/home/casonk/path/flnt-mmani/Reddit_Communities/push_file/IDL/IDL/2020-10-08/G_1_21.pkl'
'/home/casonk/path/mmani_root/mmani0/shared_data/hot/push_file/IDL/2020-10-08/LC_1_21_0.5.pkl' -> '/home/casonk/path/flnt-mmani/Reddit_Communities/push_file/IDL/IDL/2020-10-08/LC_1_21_0.5.pkl'
'/home/casonk/path/mmani_root/mmani0/shared_data/hot/push_file/IDL/2020-10-08/LC_1_21_1.pkl' -> '/home/casonk/path/flnt-mmani/Reddit_Communities/push_file/IDL/IDL/2020-10-08/LC_1_21_1.pkl'
'/home/casonk/path/mmani_root/mmani0/shared_data/hot/push_file/IDL/2020-10-09' -> '/home/casonk/path/flnt-mmani/Reddit_Communities/push_file/IDL/IDL/2020-10-09'
'/home/casonk/path/mmani_root/mmani0/shared_data/hot/push_file/IDL/2020-10-09/COMMUNITIES_SERIES_1_21_5.pkl' -> '/home/casonk/path/flnt-mmani/Reddit_Communities/push_file/IDL/IDL/2020-10-09/COMMUNITIES_SERIES_1_21_5.pkl'
'/home/casonk/path/mmani_root/mmani0/shared_data/hot/push_file/IDL/2020-10-09/LEVEL_MAP_1_21_5.pkl' -> '/home/casonk/path/flnt-mmani/Reddit_Communities/push_file/IDL/IDL/2020-10-09/LEVEL_MAP_1_21_5.pkl'
'/home/casonk/path/mmani_root/mmani0/shared_data/hot/push_file/IDL/2020-10-09/LEVEL_DF_1_21_5.pkl' -> '/home/casonk/path/flnt-mmani/Reddit_Communities/push_file/IDL/IDL/2020-10-09/LEVEL_DF_1_21_5.pkl'
'/home/casonk/path/mmani_root/mmani0/shared_data/hot/push_file/IDL/2020-10-09/MAXIMALIST_DF_1_21_5.pkl' -> '/home/casonk/path/flnt-mmani/Reddit_Communities/push_file/IDL/IDL/2020-10-09/MAXIMALIST_DF_1_21_5.pkl'
'/home/casonk/path/mmani_root/mmani0/shared_data/hot/push_file/IDL/2020-10-09/EI_DF_1_21_5.pkl' -> '/home/casonk/path/flnt-mmani/Reddit_Communities/push_file/IDL/IDL/2020-10-09/EI_DF_1_21_5.pkl'
'/home/casonk/path/mmani_root/mmani0/shared_data/hot/push_file/IDL/2020-10-09/CSP_1_21_5.pkl' -> '/home/casonk/path/flnt-mmani/Reddit_Communities/push_file/IDL/IDL/2020-10-09/CSP_1_21_5.pkl'
'/home/casonk/path/mmani_root/mmani0/shared_data/hot/push_file/IDL/2020-10-09/COMMUNITIES_DF_1_21_5.pkl' -> '/home/casonk/path/flnt-mmani/Reddit_Communities/push_file/IDL/IDL/2020-10-09/COMMUNITIES_DF_1_21_5.pkl'
'/home/casonk/path/mmani_root/mmani0/shared_data/hot/push_file/IDL/2020-10-09/CAP_1_21_5.pkl' -> '/home/casonk/path/flnt-mmani/Reddit_Communities/push_file/IDL/IDL/2020-10-09/CAP_1_21_5.pkl'
'/home/casonk/path/mmani_root/mmani0/shared_data/hot/push_file/IDL/2020-10-09/SUB_SETS_1_21_5.pkl' -> '/home/casonk/path/flnt-mmani/Reddit_Communities/push_file/IDL/IDL/2020-10-09/SUB_SETS_1_21_5.pkl'
'/home/casonk/path/mmani_root/mmani0/shared_data/hot/push_file/IDL/2020-10-09/AUTH_SETS_1_21_5.pkl' -> '/home/casonk/path/flnt-mmani/Reddit_Communities/push_file/IDL/IDL/2020-10-09/AUTH_SETS_1_21_5.pkl'
'/home/casonk/path/mmani_root/mmani0/shared_data/hot/push_file/IDL/2020-10-09/EDGE_LIST_SELFLESS.pkl' -> '/home/casonk/path/flnt-mmani/Reddit_Communities/push_file/IDL/IDL/2020-10-09/EDGE_LIST_SELFLESS.pkl'
'/home/casonk/path/mmani_root/mmani0/shared_data/hot/push_file/IDL/2020-10-09/AUTHOR_NET.pkl' -> '/home/casonk/path/flnt-mmani/Reddit_Communities/push_file/IDL/IDL/2020-10-09/AUTHOR_NET.pkl'
'/home/casonk/path/mmani_root/mmani0/shared_data/hot/push_file/IDL/2020-10-09/EDGE_LIST_SELFLESS_1_21.pkl' -> '/home/casonk/path/flnt-mmani/Reddit_Communities/push_file/IDL/IDL/2020-10-09/EDGE_LIST_SELFLESS_1_21.pkl'
'/home/casonk/path/mmani_root/mmani0/shared_data/hot/push_file/IDL/2020-10-09/EDGE_LIST_SELFLESS_2_21.pkl' -> '/home/casonk/path/flnt-mmani/Reddit_Communities/push_file/IDL/IDL/2020-10-09/EDGE_LIST_SELFLESS_2_21.pkl'
'/home/casonk/path/mmani_root/mmani0/shared_data/hot/push_file/IDL/2020-10-09/ID_PAIRS.pkl' -> '/home/casonk/path/flnt-mmani/Reddit_Communities/push_file/IDL/IDL/2020-10-09/ID_PAIRS.pkl'
'/home/casonk/path/mmani_root/mmani0/shared_data/hot/push_file/IDL/2020-10-09/EDGE_LIST_RAW.pkl' -> '/home/casonk/path/flnt-mmani/Reddit_Communities/push_file/IDL/IDL/2020-10-09/EDGE_LIST_RAW.pkl'
'/home/casonk/path/mmani_root/mmani0/shared_data/hot/push_file/IDL/2020-10-09/G_4293_1_21_5.pkl' -> '/home/casonk/path/flnt-mmani/Reddit_Communities/push_file/IDL/IDL/2020-10-09/G_4293_1_21_5.pkl'
'/home/casonk/path/mmani_root/mmani0/shared_data/hot/push_file/IDL/2020-10-09/G_216_1_21_5.pkl' -> '/home/casonk/path/flnt-mmani/Reddit_Communities/push_file/IDL/IDL/2020-10-09/G_216_1_21_5.pkl'
'/home/casonk/path/mmani_root/mmani0/shared_data/hot/push_file/IDL/2020-10-09/G_80_1_21_5.pkl' -> '/home/casonk/path/flnt-mmani/Reddit_Communities/push_file/IDL/IDL/2020-10-09/G_80_1_21_5.pkl'
'/home/casonk/path/mmani_root/mmani0/shared_data/hot/push_file/IDL/2020-10-09/G_30_1_21_5.pkl' -> '/home/casonk/path/flnt-mmani/Reddit_Communities/push_file/IDL/IDL/2020-10-09/G_30_1_21_5.pkl'
'/home/casonk/path/mmani_root/mmani0/shared_data/hot/push_file/IDL/2020-10-09/G_40_1_21_5.pkl' -> '/home/casonk/path/flnt-mmani/Reddit_Communities/push_file/IDL/IDL/2020-10-09/G_40_1_21_5.pkl'
'/home/casonk/path/mmani_root/mmani0/shared_data/hot/push_file/IDL/2020-10-09/COMMUNITIES_SERIES_1_21_2.pkl' -> '/home/casonk/path/flnt-mmani/Reddit_Communities/push_file/IDL/IDL/2020-10-09/COMMUNITIES_SERIES_1_21_2.pkl'
'/home/casonk/path/mmani_root/mmani0/shared_data/hot/push_file/IDL/2020-10-09/LEVEL_MAP_1_21_2.pkl' -> '/home/casonk/path/flnt-mmani/Reddit_Communities/push_file/IDL/IDL/2020-10-09/LEVEL_MAP_1_21_2.pkl'
'/home/casonk/path/mmani_root/mmani0/shared_data/hot/push_file/IDL/2020-10-09/LEVEL_DF_1_21_2.pkl' -> '/home/casonk/path/flnt-mmani/Reddit_Communities/push_file/IDL/IDL/2020-10-09/LEVEL_DF_1_21_2.pkl'
'/home/casonk/path/mmani_root/mmani0/shared_data/hot/push_file/IDL/2020-10-09/MAXIMALIST_DF_1_21_2.pkl' -> '/home/casonk/path/flnt-mmani/Reddit_Communities/push_file/IDL/IDL/2020-10-09/MAXIMALIST_DF_1_21_2.pkl'
'/home/casonk/path/mmani_root/mmani0/shared_data/hot/push_file/IDL/2020-10-09/EI_DF_1_21_2.pkl' -> '/home/casonk/path/flnt-mmani/Reddit_Communities/push_file/IDL/IDL/2020-10-09/EI_DF_1_21_2.pkl'
'/home/casonk/path/mmani_root/mmani0/shared_data/hot/push_file/IDL/2020-10-09/CSP_1_21_2.pkl' -> '/home/casonk/path/flnt-mmani/Reddit_Communities/push_file/IDL/IDL/2020-10-09/CSP_1_21_2.pkl'
'/home/casonk/path/mmani_root/mmani0/shared_data/hot/push_file/IDL/2020-10-09/COMMUNITIES_DF_1_21_2.pkl' -> '/home/casonk/path/flnt-mmani/Reddit_Communities/push_file/IDL/IDL/2020-10-09/COMMUNITIES_DF_1_21_2.pkl'
'/home/casonk/path/mmani_root/mmani0/shared_data/hot/push_file/IDL/2020-10-09/CAP_1_21_2.pkl' -> '/home/casonk/path/flnt-mmani/Reddit_Communities/push_file/IDL/IDL/2020-10-09/CAP_1_21_2.pkl'
'/home/casonk/path/mmani_root/mmani0/shared_data/hot/push_file/IDL/2020-10-09/SUB_SETS_1_21_2.pkl' -> '/home/casonk/path/flnt-mmani/Reddit_Communities/push_file/IDL/IDL/2020-10-09/SUB_SETS_1_21_2.pkl'
'/home/casonk/path/mmani_root/mmani0/shared_data/hot/push_file/IDL/2020-10-09/AUTH_SETS_1_21_2.pkl' -> '/home/casonk/path/flnt-mmani/Reddit_Communities/push_file/IDL/IDL/2020-10-09/AUTH_SETS_1_21_2.pkl'
'/home/casonk/path/mmani_root/mmani0/shared_data/hot/push_file/IDL/2020-10-09/COMMUNITIES_SERIES_1_21_1.pkl' -> '/home/casonk/path/flnt-mmani/Reddit_Communities/push_file/IDL/IDL/2020-10-09/COMMUNITIES_SERIES_1_21_1.pkl'
'/home/casonk/path/mmani_root/mmani0/shared_data/hot/push_file/IDL/2020-10-09/LEVEL_MAP_1_21_1.pkl' -> '/home/casonk/path/flnt-mmani/Reddit_Communities/push_file/IDL/IDL/2020-10-09/LEVEL_MAP_1_21_1.pkl'
'/home/casonk/path/mmani_root/mmani0/shared_data/hot/push_file/IDL/2020-10-09/LEVEL_DF_1_21_1.pkl' -> '/home/casonk/path/flnt-mmani/Reddit_Communities/push_file/IDL/IDL/2020-10-09/LEVEL_DF_1_21_1.pkl'
'/home/casonk/path/mmani_root/mmani0/shared_data/hot/push_file/IDL/2020-10-09/MAXIMALIST_DF_1_21_1.pkl' -> '/home/casonk/path/flnt-mmani/Reddit_Communities/push_file/IDL/IDL/2020-10-09/MAXIMALIST_DF_1_21_1.pkl'
'/home/casonk/path/mmani_root/mmani0/shared_data/hot/push_file/IDL/2020-10-09/EI_DF_1_21_1.pkl' -> '/home/casonk/path/flnt-mmani/Reddit_Communities/push_file/IDL/IDL/2020-10-09/EI_DF_1_21_1.pkl'
'/home/casonk/path/mmani_root/mmani0/shared_data/hot/push_file/IDL/2020-10-09/CSP_1_21_1.pkl' -> '/home/casonk/path/flnt-mmani/Reddit_Communities/push_file/IDL/IDL/2020-10-09/CSP_1_21_1.pkl'
'/home/casonk/path/mmani_root/mmani0/shared_data/hot/push_file/IDL/2020-10-09/COMMUNITIES_DF_1_21_1.pkl' -> '/home/casonk/path/flnt-mmani/Reddit_Communities/push_file/IDL/IDL/2020-10-09/COMMUNITIES_DF_1_21_1.pkl'
'/home/casonk/path/mmani_root/mmani0/shared_data/hot/push_file/IDL/2020-10-09/CAP_1_21_1.pkl' -> '/home/casonk/path/flnt-mmani/Reddit_Communities/push_file/IDL/IDL/2020-10-09/CAP_1_21_1.pkl'
'/home/casonk/path/mmani_root/mmani0/shared_data/hot/push_file/IDL/2020-10-09/SUB_SETS_1_21_1.pkl' -> '/home/casonk/path/flnt-mmani/Reddit_Communities/push_file/IDL/IDL/2020-10-09/SUB_SETS_1_21_1.pkl'
'/home/casonk/path/mmani_root/mmani0/shared_data/hot/push_file/IDL/2020-10-09/AUTH_SETS_1_21_1.pkl' -> '/home/casonk/path/flnt-mmani/Reddit_Communities/push_file/IDL/IDL/2020-10-09/AUTH_SETS_1_21_1.pkl'
'/home/casonk/path/mmani_root/mmani0/shared_data/hot/push_file/IDL/2020-10-09/COMMUNITIES_SERIES_1_21_10.pkl' -> '/home/casonk/path/flnt-mmani/Reddit_Communities/push_file/IDL/IDL/2020-10-09/COMMUNITIES_SERIES_1_21_10.pkl'
'/home/casonk/path/mmani_root/mmani0/shared_data/hot/push_file/IDL/2020-10-09/LEVEL_MAP_1_21_10.pkl' -> '/home/casonk/path/flnt-mmani/Reddit_Communities/push_file/IDL/IDL/2020-10-09/LEVEL_MAP_1_21_10.pkl'
'/home/casonk/path/mmani_root/mmani0/shared_data/hot/push_file/IDL/2020-10-09/LEVEL_DF_1_21_10.pkl' -> '/home/casonk/path/flnt-mmani/Reddit_Communities/push_file/IDL/IDL/2020-10-09/LEVEL_DF_1_21_10.pkl'
'/home/casonk/path/mmani_root/mmani0/shared_data/hot/push_file/IDL/2020-10-09/MAXIMALIST_DF_1_21_10.pkl' -> '/home/casonk/path/flnt-mmani/Reddit_Communities/push_file/IDL/IDL/2020-10-09/MAXIMALIST_DF_1_21_10.pkl'
'/home/casonk/path/mmani_root/mmani0/shared_data/hot/push_file/IDL/2020-10-09/EI_DF_1_21_10.pkl' -> '/home/casonk/path/flnt-mmani/Reddit_Communities/push_file/IDL/IDL/2020-10-09/EI_DF_1_21_10.pkl'
'/home/casonk/path/mmani_root/mmani0/shared_data/hot/push_file/IDL/2020-10-09/CSP_1_21_10.pkl' -> '/home/casonk/path/flnt-mmani/Reddit_Communities/push_file/IDL/IDL/2020-10-09/CSP_1_21_10.pkl'
'/home/casonk/path/mmani_root/mmani0/shared_data/hot/push_file/IDL/2020-10-09/COMMUNITIES_DF_1_21_10.pkl' -> '/home/casonk/path/flnt-mmani/Reddit_Communities/push_file/IDL/IDL/2020-10-09/COMMUNITIES_DF_1_21_10.pkl'
'/home/casonk/path/mmani_root/mmani0/shared_data/hot/push_file/IDL/2020-10-09/CAP_1_21_10.pkl' -> '/home/casonk/path/flnt-mmani/Reddit_Communities/push_file/IDL/IDL/2020-10-09/CAP_1_21_10.pkl'
'/home/casonk/path/mmani_root/mmani0/shared_data/hot/push_file/IDL/2020-10-09/SUB_SETS_1_21_10.pkl' -> '/home/casonk/path/flnt-mmani/Reddit_Communities/push_file/IDL/IDL/2020-10-09/SUB_SETS_1_21_10.pkl'
'/home/casonk/path/mmani_root/mmani0/shared_data/hot/push_file/IDL/2020-10-09/AUTH_SETS_1_21_10.pkl' -> '/home/casonk/path/flnt-mmani/Reddit_Communities/push_file/IDL/IDL/2020-10-09/AUTH_SETS_1_21_10.pkl'
'/home/casonk/path/mmani_root/mmani0/shared_data/hot/push_file/IDL/2020-10-09/TCD1_21_1.csv' -> '/home/casonk/path/flnt-mmani/Reddit_Communities/push_file/IDL/IDL/2020-10-09/TCD1_21_1.csv'
'/home/casonk/path/mmani_root/mmani0/shared_data/hot/push_file/IDL/2020-10-09/TCD1_21_1.pkl' -> '/home/casonk/path/flnt-mmani/Reddit_Communities/push_file/IDL/IDL/2020-10-09/TCD1_21_1.pkl'
'/home/casonk/path/mmani_root/mmani0/shared_data/hot/push_file/IDL/2020-10-09/LC_1_21_2.pkl' -> '/home/casonk/path/flnt-mmani/Reddit_Communities/push_file/IDL/IDL/2020-10-09/LC_1_21_2.pkl'
'/home/casonk/path/mmani_root/mmani0/shared_data/hot/push_file/IDL/2020-10-09/COMMUNITIES_SERIES_1_21_0.5.pkl' -> '/home/casonk/path/flnt-mmani/Reddit_Communities/push_file/IDL/IDL/2020-10-09/COMMUNITIES_SERIES_1_21_0.5.pkl'
'/home/casonk/path/mmani_root/mmani0/shared_data/hot/push_file/IDL/2020-10-09/LEVEL_MAP_1_21_0.5.pkl' -> '/home/casonk/path/flnt-mmani/Reddit_Communities/push_file/IDL/IDL/2020-10-09/LEVEL_MAP_1_21_0.5.pkl'
'/home/casonk/path/mmani_root/mmani0/shared_data/hot/push_file/IDL/2020-10-09/LEVEL_DF_1_21_0.5.pkl' -> '/home/casonk/path/flnt-mmani/Reddit_Communities/push_file/IDL/IDL/2020-10-09/LEVEL_DF_1_21_0.5.pkl'
'/home/casonk/path/mmani_root/mmani0/shared_data/hot/push_file/IDL/2020-10-09/MAXIMALIST_DF_1_21_0.5.pkl' -> '/home/casonk/path/flnt-mmani/Reddit_Communities/push_file/IDL/IDL/2020-10-09/MAXIMALIST_DF_1_21_0.5.pkl'
'/home/casonk/path/mmani_root/mmani0/shared_data/hot/push_file/IDL/2020-10-09/EI_DF_1_21_0.5.pkl' -> '/home/casonk/path/flnt-mmani/Reddit_Communities/push_file/IDL/IDL/2020-10-09/EI_DF_1_21_0.5.pkl'
'/home/casonk/path/mmani_root/mmani0/shared_data/hot/push_file/IDL/2020-10-09/CSP_1_21_0.5.pkl' -> '/home/casonk/path/flnt-mmani/Reddit_Communities/push_file/IDL/IDL/2020-10-09/CSP_1_21_0.5.pkl'
'/home/casonk/path/mmani_root/mmani0/shared_data/hot/push_file/IDL/2020-10-09/COMMUNITIES_DF_1_21_0.5.pkl' -> '/home/casonk/path/flnt-mmani/Reddit_Communities/push_file/IDL/IDL/2020-10-09/COMMUNITIES_DF_1_21_0.5.pkl'
'/home/casonk/path/mmani_root/mmani0/shared_data/hot/push_file/IDL/2020-10-09/CAP_1_21_0.5.pkl' -> '/home/casonk/path/flnt-mmani/Reddit_Communities/push_file/IDL/IDL/2020-10-09/CAP_1_21_0.5.pkl'
'/home/casonk/path/mmani_root/mmani0/shared_data/hot/push_file/IDL/2020-10-09/SUB_SETS_1_21_0.5.pkl' -> '/home/casonk/path/flnt-mmani/Reddit_Communities/push_file/IDL/IDL/2020-10-09/SUB_SETS_1_21_0.5.pkl'
'/home/casonk/path/mmani_root/mmani0/shared_data/hot/push_file/IDL/2020-10-09/AUTH_SETS_1_21_0.5.pkl' -> '/home/casonk/path/flnt-mmani/Reddit_Communities/push_file/IDL/IDL/2020-10-09/AUTH_SETS_1_21_0.5.pkl'
'/home/casonk/path/mmani_root/mmani0/shared_data/hot/push_file/IDL/2020-10-09/dG_1_21.pkl' -> '/home/casonk/path/flnt-mmani/Reddit_Communities/push_file/IDL/IDL/2020-10-09/dG_1_21.pkl'
'/home/casonk/path/mmani_root/mmani0/shared_data/hot/push_file/IDL/2020-10-09/LC_1_21_5.pkl' -> '/home/casonk/path/flnt-mmani/Reddit_Communities/push_file/IDL/IDL/2020-10-09/LC_1_21_5.pkl'
'/home/casonk/path/mmani_root/mmani0/shared_data/hot/push_file/IDL/2020-10-09/LC_1_21_10.pkl' -> '/home/casonk/path/flnt-mmani/Reddit_Communities/push_file/IDL/IDL/2020-10-09/LC_1_21_10.pkl'
'/home/casonk/path/mmani_root/mmani0/shared_data/hot/push_file/IDL/2020-10-09/TRIMMED_DF_1_21.pkl' -> '/home/casonk/path/flnt-mmani/Reddit_Communities/push_file/IDL/IDL/2020-10-09/TRIMMED_DF_1_21.pkl'
'/home/casonk/path/mmani_root/mmani0/shared_data/hot/push_file/IDL/2020-10-09/G_1_21.pkl' -> '/home/casonk/path/flnt-mmani/Reddit_Communities/push_file/IDL/IDL/2020-10-09/G_1_21.pkl'
'/home/casonk/path/mmani_root/mmani0/shared_data/hot/push_file/IDL/2020-10-09/LC_1_21_0.5.pkl' -> '/home/casonk/path/flnt-mmani/Reddit_Communities/push_file/IDL/IDL/2020-10-09/LC_1_21_0.5.pkl'
'/home/casonk/path/mmani_root/mmani0/shared_data/hot/push_file/IDL/2020-10-09/LC_1_21_1.pkl' -> '/home/casonk/path/flnt-mmani/Reddit_Communities/push_file/IDL/IDL/2020-10-09/LC_1_21_1.pkl'
'/home/casonk/path/mmani_root/mmani0/shared_data/hot/push_file/IDL/2020-10-10' -> '/home/casonk/path/flnt-mmani/Reddit_Communities/push_file/IDL/IDL/2020-10-10'
'/home/casonk/path/mmani_root/mmani0/shared_data/hot/push_file/IDL/2020-10-10/COMMUNITIES_SERIES_1_21_5.pkl' -> '/home/casonk/path/flnt-mmani/Reddit_Communities/push_file/IDL/IDL/2020-10-10/COMMUNITIES_SERIES_1_21_5.pkl'
'/home/casonk/path/mmani_root/mmani0/shared_data/hot/push_file/IDL/2020-10-10/LEVEL_MAP_1_21_5.pkl' -> '/home/casonk/path/flnt-mmani/Reddit_Communities/push_file/IDL/IDL/2020-10-10/LEVEL_MAP_1_21_5.pkl'
'/home/casonk/path/mmani_root/mmani0/shared_data/hot/push_file/IDL/2020-10-10/LEVEL_DF_1_21_5.pkl' -> '/home/casonk/path/flnt-mmani/Reddit_Communities/push_file/IDL/IDL/2020-10-10/LEVEL_DF_1_21_5.pkl'
'/home/casonk/path/mmani_root/mmani0/shared_data/hot/push_file/IDL/2020-10-10/MAXIMALIST_DF_1_21_5.pkl' -> '/home/casonk/path/flnt-mmani/Reddit_Communities/push_file/IDL/IDL/2020-10-10/MAXIMALIST_DF_1_21_5.pkl'
'/home/casonk/path/mmani_root/mmani0/shared_data/hot/push_file/IDL/2020-10-10/EI_DF_1_21_5.pkl' -> '/home/casonk/path/flnt-mmani/Reddit_Communities/push_file/IDL/IDL/2020-10-10/EI_DF_1_21_5.pkl'
'/home/casonk/path/mmani_root/mmani0/shared_data/hot/push_file/IDL/2020-10-10/CSP_1_21_5.pkl' -> '/home/casonk/path/flnt-mmani/Reddit_Communities/push_file/IDL/IDL/2020-10-10/CSP_1_21_5.pkl'
'/home/casonk/path/mmani_root/mmani0/shared_data/hot/push_file/IDL/2020-10-10/COMMUNITIES_DF_1_21_5.pkl' -> '/home/casonk/path/flnt-mmani/Reddit_Communities/push_file/IDL/IDL/2020-10-10/COMMUNITIES_DF_1_21_5.pkl'
'/home/casonk/path/mmani_root/mmani0/shared_data/hot/push_file/IDL/2020-10-10/CAP_1_21_5.pkl' -> '/home/casonk/path/flnt-mmani/Reddit_Communities/push_file/IDL/IDL/2020-10-10/CAP_1_21_5.pkl'
'/home/casonk/path/mmani_root/mmani0/shared_data/hot/push_file/IDL/2020-10-10/SUB_SETS_1_21_5.pkl' -> '/home/casonk/path/flnt-mmani/Reddit_Communities/push_file/IDL/IDL/2020-10-10/SUB_SETS_1_21_5.pkl'
'/home/casonk/path/mmani_root/mmani0/shared_data/hot/push_file/IDL/2020-10-10/AUTH_SETS_1_21_5.pkl' -> '/home/casonk/path/flnt-mmani/Reddit_Communities/push_file/IDL/IDL/2020-10-10/AUTH_SETS_1_21_5.pkl'
'/home/casonk/path/mmani_root/mmani0/shared_data/hot/push_file/IDL/2020-10-10/EDGE_LIST_SELFLESS.pkl' -> '/home/casonk/path/flnt-mmani/Reddit_Communities/push_file/IDL/IDL/2020-10-10/EDGE_LIST_SELFLESS.pkl'
'/home/casonk/path/mmani_root/mmani0/shared_data/hot/push_file/IDL/2020-10-10/AUTHOR_NET.pkl' -> '/home/casonk/path/flnt-mmani/Reddit_Communities/push_file/IDL/IDL/2020-10-10/AUTHOR_NET.pkl'
'/home/casonk/path/mmani_root/mmani0/shared_data/hot/push_file/IDL/2020-10-10/EDGE_LIST_SELFLESS_1_21.pkl' -> '/home/casonk/path/flnt-mmani/Reddit_Communities/push_file/IDL/IDL/2020-10-10/EDGE_LIST_SELFLESS_1_21.pkl'
'/home/casonk/path/mmani_root/mmani0/shared_data/hot/push_file/IDL/2020-10-10/EDGE_LIST_SELFLESS_2_21.pkl' -> '/home/casonk/path/flnt-mmani/Reddit_Communities/push_file/IDL/IDL/2020-10-10/EDGE_LIST_SELFLESS_2_21.pkl'
'/home/casonk/path/mmani_root/mmani0/shared_data/hot/push_file/IDL/2020-10-10/ID_PAIRS.pkl' -> '/home/casonk/path/flnt-mmani/Reddit_Communities/push_file/IDL/IDL/2020-10-10/ID_PAIRS.pkl'
'/home/casonk/path/mmani_root/mmani0/shared_data/hot/push_file/IDL/2020-10-10/EDGE_LIST_RAW.pkl' -> '/home/casonk/path/flnt-mmani/Reddit_Communities/push_file/IDL/IDL/2020-10-10/EDGE_LIST_RAW.pkl'
'/home/casonk/path/mmani_root/mmani0/shared_data/hot/push_file/IDL/2020-10-10/G_4116_1_21_5.pkl' -> '/home/casonk/path/flnt-mmani/Reddit_Communities/push_file/IDL/IDL/2020-10-10/G_4116_1_21_5.pkl'
'/home/casonk/path/mmani_root/mmani0/shared_data/hot/push_file/IDL/2020-10-10/G_43_1_21_5.pkl' -> '/home/casonk/path/flnt-mmani/Reddit_Communities/push_file/IDL/IDL/2020-10-10/G_43_1_21_5.pkl'
'/home/casonk/path/mmani_root/mmani0/shared_data/hot/push_file/IDL/2020-10-10/G_2173_1_21_5.pkl' -> '/home/casonk/path/flnt-mmani/Reddit_Communities/push_file/IDL/IDL/2020-10-10/G_2173_1_21_5.pkl'
'/home/casonk/path/mmani_root/mmani0/shared_data/hot/push_file/IDL/2020-10-10/G_40_1_21_5.pkl' -> '/home/casonk/path/flnt-mmani/Reddit_Communities/push_file/IDL/IDL/2020-10-10/G_40_1_21_5.pkl'
'/home/casonk/path/mmani_root/mmani0/shared_data/hot/push_file/IDL/2020-10-10/G_477_1_21_5.pkl' -> '/home/casonk/path/flnt-mmani/Reddit_Communities/push_file/IDL/IDL/2020-10-10/G_477_1_21_5.pkl'
'/home/casonk/path/mmani_root/mmani0/shared_data/hot/push_file/IDL/2020-10-10/COMMUNITIES_SERIES_1_21_2.pkl' -> '/home/casonk/path/flnt-mmani/Reddit_Communities/push_file/IDL/IDL/2020-10-10/COMMUNITIES_SERIES_1_21_2.pkl'
'/home/casonk/path/mmani_root/mmani0/shared_data/hot/push_file/IDL/2020-10-10/LEVEL_MAP_1_21_2.pkl' -> '/home/casonk/path/flnt-mmani/Reddit_Communities/push_file/IDL/IDL/2020-10-10/LEVEL_MAP_1_21_2.pkl'
'/home/casonk/path/mmani_root/mmani0/shared_data/hot/push_file/IDL/2020-10-10/LEVEL_DF_1_21_2.pkl' -> '/home/casonk/path/flnt-mmani/Reddit_Communities/push_file/IDL/IDL/2020-10-10/LEVEL_DF_1_21_2.pkl'
'/home/casonk/path/mmani_root/mmani0/shared_data/hot/push_file/IDL/2020-10-10/MAXIMALIST_DF_1_21_2.pkl' -> '/home/casonk/path/flnt-mmani/Reddit_Communities/push_file/IDL/IDL/2020-10-10/MAXIMALIST_DF_1_21_2.pkl'
'/home/casonk/path/mmani_root/mmani0/shared_data/hot/push_file/IDL/2020-10-10/EI_DF_1_21_2.pkl' -> '/home/casonk/path/flnt-mmani/Reddit_Communities/push_file/IDL/IDL/2020-10-10/EI_DF_1_21_2.pkl'
'/home/casonk/path/mmani_root/mmani0/shared_data/hot/push_file/IDL/2020-10-10/CSP_1_21_2.pkl' -> '/home/casonk/path/flnt-mmani/Reddit_Communities/push_file/IDL/IDL/2020-10-10/CSP_1_21_2.pkl'
'/home/casonk/path/mmani_root/mmani0/shared_data/hot/push_file/IDL/2020-10-10/COMMUNITIES_DF_1_21_2.pkl' -> '/home/casonk/path/flnt-mmani/Reddit_Communities/push_file/IDL/IDL/2020-10-10/COMMUNITIES_DF_1_21_2.pkl'
'/home/casonk/path/mmani_root/mmani0/shared_data/hot/push_file/IDL/2020-10-10/CAP_1_21_2.pkl' -> '/home/casonk/path/flnt-mmani/Reddit_Communities/push_file/IDL/IDL/2020-10-10/CAP_1_21_2.pkl'
'/home/casonk/path/mmani_root/mmani0/shared_data/hot/push_file/IDL/2020-10-10/SUB_SETS_1_21_2.pkl' -> '/home/casonk/path/flnt-mmani/Reddit_Communities/push_file/IDL/IDL/2020-10-10/SUB_SETS_1_21_2.pkl'
'/home/casonk/path/mmani_root/mmani0/shared_data/hot/push_file/IDL/2020-10-10/AUTH_SETS_1_21_2.pkl' -> '/home/casonk/path/flnt-mmani/Reddit_Communities/push_file/IDL/IDL/2020-10-10/AUTH_SETS_1_21_2.pkl'
'/home/casonk/path/mmani_root/mmani0/shared_data/hot/push_file/IDL/2020-10-10/COMMUNITIES_SERIES_1_21_1.pkl' -> '/home/casonk/path/flnt-mmani/Reddit_Communities/push_file/IDL/IDL/2020-10-10/COMMUNITIES_SERIES_1_21_1.pkl'
'/home/casonk/path/mmani_root/mmani0/shared_data/hot/push_file/IDL/2020-10-10/LEVEL_MAP_1_21_1.pkl' -> '/home/casonk/path/flnt-mmani/Reddit_Communities/push_file/IDL/IDL/2020-10-10/LEVEL_MAP_1_21_1.pkl'
'/home/casonk/path/mmani_root/mmani0/shared_data/hot/push_file/IDL/2020-10-10/LEVEL_DF_1_21_1.pkl' -> '/home/casonk/path/flnt-mmani/Reddit_Communities/push_file/IDL/IDL/2020-10-10/LEVEL_DF_1_21_1.pkl'
'/home/casonk/path/mmani_root/mmani0/shared_data/hot/push_file/IDL/2020-10-10/MAXIMALIST_DF_1_21_1.pkl' -> '/home/casonk/path/flnt-mmani/Reddit_Communities/push_file/IDL/IDL/2020-10-10/MAXIMALIST_DF_1_21_1.pkl'
'/home/casonk/path/mmani_root/mmani0/shared_data/hot/push_file/IDL/2020-10-10/EI_DF_1_21_1.pkl' -> '/home/casonk/path/flnt-mmani/Reddit_Communities/push_file/IDL/IDL/2020-10-10/EI_DF_1_21_1.pkl'
'/home/casonk/path/mmani_root/mmani0/shared_data/hot/push_file/IDL/2020-10-10/CSP_1_21_1.pkl' -> '/home/casonk/path/flnt-mmani/Reddit_Communities/push_file/IDL/IDL/2020-10-10/CSP_1_21_1.pkl'
'/home/casonk/path/mmani_root/mmani0/shared_data/hot/push_file/IDL/2020-10-10/COMMUNITIES_DF_1_21_1.pkl' -> '/home/casonk/path/flnt-mmani/Reddit_Communities/push_file/IDL/IDL/2020-10-10/COMMUNITIES_DF_1_21_1.pkl'
'/home/casonk/path/mmani_root/mmani0/shared_data/hot/push_file/IDL/2020-10-10/CAP_1_21_1.pkl' -> '/home/casonk/path/flnt-mmani/Reddit_Communities/push_file/IDL/IDL/2020-10-10/CAP_1_21_1.pkl'
'/home/casonk/path/mmani_root/mmani0/shared_data/hot/push_file/IDL/2020-10-10/SUB_SETS_1_21_1.pkl' -> '/home/casonk/path/flnt-mmani/Reddit_Communities/push_file/IDL/IDL/2020-10-10/SUB_SETS_1_21_1.pkl'
'/home/casonk/path/mmani_root/mmani0/shared_data/hot/push_file/IDL/2020-10-10/AUTH_SETS_1_21_1.pkl' -> '/home/casonk/path/flnt-mmani/Reddit_Communities/push_file/IDL/IDL/2020-10-10/AUTH_SETS_1_21_1.pkl'
'/home/casonk/path/mmani_root/mmani0/shared_data/hot/push_file/IDL/2020-10-10/COMMUNITIES_SERIES_1_21_10.pkl' -> '/home/casonk/path/flnt-mmani/Reddit_Communities/push_file/IDL/IDL/2020-10-10/COMMUNITIES_SERIES_1_21_10.pkl'
'/home/casonk/path/mmani_root/mmani0/shared_data/hot/push_file/IDL/2020-10-10/LEVEL_MAP_1_21_10.pkl' -> '/home/casonk/path/flnt-mmani/Reddit_Communities/push_file/IDL/IDL/2020-10-10/LEVEL_MAP_1_21_10.pkl'
'/home/casonk/path/mmani_root/mmani0/shared_data/hot/push_file/IDL/2020-10-10/LEVEL_DF_1_21_10.pkl' -> '/home/casonk/path/flnt-mmani/Reddit_Communities/push_file/IDL/IDL/2020-10-10/LEVEL_DF_1_21_10.pkl'
'/home/casonk/path/mmani_root/mmani0/shared_data/hot/push_file/IDL/2020-10-10/MAXIMALIST_DF_1_21_10.pkl' -> '/home/casonk/path/flnt-mmani/Reddit_Communities/push_file/IDL/IDL/2020-10-10/MAXIMALIST_DF_1_21_10.pkl'
'/home/casonk/path/mmani_root/mmani0/shared_data/hot/push_file/IDL/2020-10-10/EI_DF_1_21_10.pkl' -> '/home/casonk/path/flnt-mmani/Reddit_Communities/push_file/IDL/IDL/2020-10-10/EI_DF_1_21_10.pkl'
'/home/casonk/path/mmani_root/mmani0/shared_data/hot/push_file/IDL/2020-10-10/CSP_1_21_10.pkl' -> '/home/casonk/path/flnt-mmani/Reddit_Communities/push_file/IDL/IDL/2020-10-10/CSP_1_21_10.pkl'
'/home/casonk/path/mmani_root/mmani0/shared_data/hot/push_file/IDL/2020-10-10/COMMUNITIES_DF_1_21_10.pkl' -> '/home/casonk/path/flnt-mmani/Reddit_Communities/push_file/IDL/IDL/2020-10-10/COMMUNITIES_DF_1_21_10.pkl'
'/home/casonk/path/mmani_root/mmani0/shared_data/hot/push_file/IDL/2020-10-10/CAP_1_21_10.pkl' -> '/home/casonk/path/flnt-mmani/Reddit_Communities/push_file/IDL/IDL/2020-10-10/CAP_1_21_10.pkl'
'/home/casonk/path/mmani_root/mmani0/shared_data/hot/push_file/IDL/2020-10-10/SUB_SETS_1_21_10.pkl' -> '/home/casonk/path/flnt-mmani/Reddit_Communities/push_file/IDL/IDL/2020-10-10/SUB_SETS_1_21_10.pkl'
'/home/casonk/path/mmani_root/mmani0/shared_data/hot/push_file/IDL/2020-10-10/AUTH_SETS_1_21_10.pkl' -> '/home/casonk/path/flnt-mmani/Reddit_Communities/push_file/IDL/IDL/2020-10-10/AUTH_SETS_1_21_10.pkl'
'/home/casonk/path/mmani_root/mmani0/shared_data/hot/push_file/IDL/2020-10-10/TCD1_21_1.csv' -> '/home/casonk/path/flnt-mmani/Reddit_Communities/push_file/IDL/IDL/2020-10-10/TCD1_21_1.csv'
'/home/casonk/path/mmani_root/mmani0/shared_data/hot/push_file/IDL/2020-10-10/TCD1_21_1.pkl' -> '/home/casonk/path/flnt-mmani/Reddit_Communities/push_file/IDL/IDL/2020-10-10/TCD1_21_1.pkl'
'/home/casonk/path/mmani_root/mmani0/shared_data/hot/push_file/IDL/2020-10-10/LC_1_21_2.pkl' -> '/home/casonk/path/flnt-mmani/Reddit_Communities/push_file/IDL/IDL/2020-10-10/LC_1_21_2.pkl'
'/home/casonk/path/mmani_root/mmani0/shared_data/hot/push_file/IDL/2020-10-10/COMMUNITIES_SERIES_1_21_0.5.pkl' -> '/home/casonk/path/flnt-mmani/Reddit_Communities/push_file/IDL/IDL/2020-10-10/COMMUNITIES_SERIES_1_21_0.5.pkl'
'/home/casonk/path/mmani_root/mmani0/shared_data/hot/push_file/IDL/2020-10-10/LEVEL_MAP_1_21_0.5.pkl' -> '/home/casonkslurmstepd: error: *** JOB 43758112 ON gl3103 CANCELLED AT 2022-10-13T13:55:08 ***
