root_script: extract_edges.sbat
Requirement already satisfied: decorator==5.1.0 in /home/casonk/.local/lib/python3.9/site-packages (5.1.0)
WARNING: You are using pip version 21.2.4; however, version 22.1.2 is available.
You should consider upgrading via the '/sw/arcts/centos7/python/3.9.7/bin/python3.9 -m pip install --upgrade pip' command.
Requirement already satisfied: pandas==1.4.2 in /home/casonk/.local/lib/python3.9/site-packages (1.4.2)
Requirement already satisfied: pytz>=2020.1 in /home/casonk/.local/lib/python3.9/site-packages (from pandas==1.4.2) (2022.1)
Requirement already satisfied: python-dateutil>=2.8.1 in /home/casonk/.local/lib/python3.9/site-packages (from pandas==1.4.2) (2.8.2)
Requirement already satisfied: numpy>=1.18.5 in /home/casonk/.local/lib/python3.9/site-packages (from pandas==1.4.2) (1.22.3)
Requirement already satisfied: six>=1.5 in /sw/arcts/centos7/python/3.9.7/lib/python3.9/site-packages (from python-dateutil>=2.8.1->pandas==1.4.2) (1.16.0)
WARNING: You are using pip version 21.2.4; however, version 22.1.2 is available.
You should consider upgrading via the '/sw/arcts/centos7/python/3.9.7/bin/python3.9 -m pip install --upgrade pip' command.

/sw/arcts/centos7/python/3.9.7/bin/python

spinning up at: Tue Jul 19 08:27:25 EDT 2022
Job submitted by gl-login1.arc-ts.umich.edu
Job ID 39654974
Running on gl[3072,3084,3089,3320-3321]
Running in /home/casonk/path/mmani_root/mmani0/shared_data/pushshift_python/Great_Lakes_HPC/pys/insurrection 

2020-10-04 loaded
2020-10-04 framed
2020-10-04 pickled
2020-10-04 now selfless
2020-10-04 repickled

2020-10-05 loaded
2020-10-05 framed
2020-10-05 pickled
2020-10-05 now selfless
2020-10-05 repickled

2020-10-06 loaded
2020-10-06 framed
2020-10-06 pickled
2020-10-06 now selfless
2020-10-06 repickled

2020-10-07 loaded
2020-10-07 framed
2020-10-07 pickled
2020-10-07 now selfless
2020-10-07 repickled

2020-10-08 loaded
2020-10-08 framed
2020-10-08 pickled
2020-10-08 now selfless
2020-10-08 repickled

2020-10-09 loaded
2020-10-09 framed
2020-10-09 pickled
2020-10-09 now selfless
2020-10-09 repickled

2020-10-10 loaded
2020-10-10 framed
2020-10-10 pickled
2020-10-10 now selfless
2020-10-10 repickled

2020-10-11 loaded
2020-10-11 framed
2020-10-11 pickled
2020-10-11 now selfless
2020-10-11 repickled

2020-10-12 loaded
2020-10-12 framed
2020-10-12 pickled
2020-10-12 now selfless
2020-10-12 repickled

2020-10-13 loaded
2020-10-13 framed
2020-10-13 pickled
2020-10-13 now selfless
2020-10-13 repickled

2020-10-14 loaded
2020-10-14 framed
2020-10-14 pickled
2020-10-14 now selfless
2020-10-14 repickled

2020-10-15 loaded
2020-10-15 framed
2020-10-15 pickled
2020-10-15 now selfless
2020-10-15 repickled

2020-10-16 loaded
2020-10-16 framed
2020-10-16 pickled
2020-10-16 now selfless
2020-10-16 repickled

2020-10-17 loaded
2020-10-17 framed
2020-10-17 pickled
2020-10-17 now selfless
2020-10-17 repickled

2020-10-18 loaded
2020-10-18 framed
2020-10-18 pickled
2020-10-18 now selfless
2020-10-18 repickled

2020-10-19 loaded
2020-10-19 framed
2020-10-19 pickled
2020-10-19 now selfless
2020-10-19 repickled

2020-10-20 loaded
2020-10-20 framed
2020-10-20 pickled
2020-10-20 now selfless
2020-10-20 repickled

2020-10-21 loaded
2020-10-21 framed
2020-10-21 pickled
2020-10-21 now selfless
2020-10-21 repickled

2020-10-22 loaded
2020-10-22 framed
2020-10-22 pickled
2020-10-22 now selfless
2020-10-22 repickled

2020-10-23 loaded
2020-10-23 framed
2020-10-23 pickled
2020-10-23 now selfless
2020-10-23 repickled

2020-10-24 loaded
2020-10-24 framed
2020-10-24 pickled
2020-10-24 now selfless
2020-10-24 repickled

2020-10-25 loaded
2020-10-25 framed
2020-10-25 pickled
2020-10-25 now selfless
2020-10-25 repickled

2020-10-26 loaded
2020-10-26 framed
2020-10-26 pickled
2020-10-26 now selfless
2020-10-26 repickled

2020-10-27 loaded
2020-10-27 framed
2020-10-27 pickled
2020-10-27 now selfless
2020-10-27 repickled

2020-10-28 loaded
2020-10-28 framed
2020-10-28 pickled
2020-10-28 now selfless
2020-10-28 repickled

2020-10-29 loaded
2020-10-29 framed
2020-10-29 pickled
2020-10-29 now selfless
2020-10-29 repickled

2020-10-30 loaded
2020-10-30 framed
2020-10-30 pickled
2020-10-30 now selfless
2020-10-30 repickled

2020-10-31 loaded
2020-10-31 framed
2020-10-31 pickled
2020-10-31 now selfless
2020-10-31 repickled

2020-11-01 loaded
2020-11-01 framed
2020-11-01 pickled
2020-11-01 now selfless
2020-11-01 repickled

2020-11-02 loaded
2020-11-02 framed
2020-11-02 pickled
2020-11-02 now selfless
2020-11-02 repickled

2020-11-03 loaded
2020-11-03 framed
2020-11-03 pickled
2020-11-03 now selfless
2020-11-03 repickled

2020-11-04 loaded
2020-11-04 framed
2020-11-04 pickled
2020-11-04 now selfless
2020-11-04 repickled

2020-11-05 loaded
2020-11-05 framed
2020-11-05 pickled
2020-11-05 now selfless
2020-11-05 repickled

2020-11-06 loaded
2020-11-06 framed
2020-11-06 pickled
2020-11-06 now selfless
2020-11-06 repickled

2020-11-07 loaded
2020-11-07 framed
2020-11-07 pickled
2020-11-07 now selfless
2020-11-07 repickled

2020-11-08 loaded
2020-11-08 framed
2020-11-08 pickled
2020-11-08 now selfless
2020-11-08 repickled

2020-11-09 loaded
2020-11-09 framed
2020-11-09 pickled
2020-11-09 now selfless
2020-11-09 repickled

2020-11-10 loaded
2020-11-10 framed
2020-11-10 pickled
2020-11-10 now selfless
2020-11-10 repickled

2020-11-11 loaded
2020-11-11 framed
2020-11-11 pickled
2020-11-11 now selfless
2020-11-11 repickled

2020-11-12 loaded
2020-11-12 framed
2020-11-12 pickled
2020-11-12 now selfless
2020-11-12 repickled

2020-11-13 loaded
2020-11-13 framed
2020-11-13 pickled
2020-11-13 now selfless
2020-11-13 repickled

2020-11-14 loaded
2020-11-14 framed
2020-11-14 pickled
2020-11-14 now selfless
2020-11-14 repickled

2020-11-15 loaded
2020-11-15 framed
2020-11-15 pickled
2020-11-15 now selfless
2020-11-15 repickled

2020-11-16 loaded
2020-11-16 framed
2020-11-16 pickled
2020-11-16 now selfless
2020-11-16 repickled

2020-11-17 loaded
2020-11-17 framed
2020-11-17 pickled
2020-11-17 now selfless
2020-11-17 repickled

2020-11-18 loaded
2020-11-18 framed
2020-11-18 pickled
2020-11-18 now selfless
2020-11-18 repickled

2020-11-19 loaded
2020-11-19 framed
2020-11-19 pickled
2020-11-19 now selfless
2020-11-19 repickled

2020-11-20 loaded
2020-11-20 framed
2020-11-20 pickled
2020-11-20 now selfless
2020-11-20 repickled

2020-11-21 loaded
2020-11-21 framed
2020-11-21 pickled
2020-11-21 now selfless
2020-11-21 repickled

2020-11-22 loaded
2020-11-22 framed
2020-11-22 pickled
2020-11-22 now selfless
2020-11-22 repickled

2020-11-23 loaded
2020-11-23 framed
2020-11-23 pickled
2020-11-23 now selfless
2020-11-23 repickled

2020-11-24 loaded
2020-11-24 framed
2020-11-24 pickled
2020-11-24 now selfless
2020-11-24 repickled

2020-11-25 loaded
2020-11-25 framed
2020-11-25 pickled
2020-11-25 now selfless
2020-11-25 repickled

2020-11-26 loaded
2020-11-26 framed
2020-11-26 pickled
2020-11-26 now selfless
2020-11-26 repickled

2020-11-27 loaded
2020-11-27 framed
2020-11-27 pickled
2020-11-27 now selfless
2020-11-27 repickled

2020-11-28 loaded
2020-11-28 framed
2020-11-28 pickled
2020-11-28 now selfless
2020-11-28 repickled

2020-11-29 loaded
2020-11-29 framed
2020-11-29 pickled
2020-11-29 now selfless
2020-11-29 repickled

2020-11-30 loaded
2020-11-30 framed
2020-11-30 pickled
2020-11-30 now selfless
2020-11-30 repickled

2020-12-01 loaded
2020-12-01 framed
2020-12-01 pickled
2020-12-01 now selfless
2020-12-01 repickled

2020-12-02 loaded
2020-12-02 framed
2020-12-02 pickled
2020-12-02 now selfless
2020-12-02 repickled

2020-12-03 loaded
2020-12-03 framed
2020-12-03 pickled
2020-12-03 now selfless
2020-12-03 repickled

2020-12-04 loaded
2020-12-04 framed
2020-12-04 pickled
2020-12-04 now selfless
2020-12-04 repickled

2020-12-05 loaded
2020-12-05 framed
2020-12-05 pickled
2020-12-05 now selfless
2020-12-05 repickled

2020-12-06 loaded
2020-12-06 framed
2020-12-06 pickled
2020-12-06 now selfless
2020-12-06 repickled

2020-12-07 loaded
2020-12-07 framed
2020-12-07 pickled
2020-12-07 now selfless
2020-12-07 repickled

2020-12-08 loaded
2020-12-08 framed
2020-12-08 pickled
2020-12-08 now selfless
2020-12-08 repickled

2020-12-09 loaded
2020-12-09 framed
2020-12-09 pickled
2020-12-09 now selfless
2020-12-09 repickled

2020-12-10 loaded
2020-12-10 framed
2020-12-10 pickled
2020-12-10 now selfless
2020-12-10 repickled

2020-12-11 loaded
2020-12-11 framed
2020-12-11 pickled
2020-12-11 now selfless
2020-12-11 repickled

2020-12-12 loaded
2020-12-12 framed
2020-12-12 pickled
2020-12-12 now selfless
2020-12-12 repickled

2020-12-13 loaded
2020-12-13 framed
2020-12-13 pickled
2020-12-13 now selfless
2020-12-13 repickled

2020-12-14 loaded
2020-12-14 framed
2020-12-14 pickled
2020-12-14 now selfless
2020-12-14 repickled

2020-12-15 loaded
2020-12-15 framed
2020-12-15 pickled
2020-12-15 now selfless
2020-12-15 repickled

2020-12-16 loaded
2020-12-16 framed
2020-12-16 pickled
2020-12-16 now selfless
2020-12-16 repickled

2020-12-17 loaded
2020-12-17 framed
2020-12-17 pickled
2020-12-17 now selfless
2020-12-17 repickled

2020-12-18 loaded
2020-12-18 framed
2020-12-18 pickled
2020-12-18 now selfless
2020-12-18 repickled

2020-12-19 loaded
2020-12-19 framed
2020-12-19 pickled
2020-12-19 now selfless
2020-12-19 repickled

2020-12-20 loaded
2020-12-20 framed
2020-12-20 pickled
2020-12-20 now selfless
2020-12-20 repickled

2020-12-21 loaded
2020-12-21 framed
2020-12-21 pickled
2020-12-21 now selfless
2020-12-21 repickled

2020-12-22 loaded
2020-12-22 framed
2020-12-22 pickled
2020-12-22 now selfless
2020-12-22 repickled

2020-12-23 loaded
2020-12-23 framed
2020-12-23 pickled
2020-12-23 now selfless
2020-12-23 repickled

2020-12-24 loaded
2020-12-24 framed
2020-12-24 pickled
2020-12-24 now selfless
2020-12-24 repickled

2020-12-25 loaded
2020-12-25 framed
2020-12-25 pickled
2020-12-25 now selfless
2020-12-25 repickled

2020-12-26 loaded
2020-12-26 framed
2020-12-26 pickled
2020-12-26 now selfless
2020-12-26 repickled

2020-12-27 loaded
2020-12-27 framed
2020-12-27 pickled
2020-12-27 now selfless
2020-12-27 repickled

2020-12-28 loaded
2020-12-28 framed
2020-12-28 pickled
2020-12-28 now selfless
2020-12-28 repickled

2020-12-29 loaded
2020-12-29 framed
2020-12-29 pickled
2020-12-29 now selfless
2020-12-29 repickled

2020-12-30 loaded
2020-12-30 framed
2020-12-30 pickled
2020-12-30 now selfless
2020-12-30 repickled

2020-12-31 loaded
2020-12-31 framed
2020-12-31 pickled
2020-12-31 now selfless
2020-12-31 repickled

2021-01-01 loaded
2021-01-01 framed
2021-01-01 pickled
2021-01-01 now selfless
2021-01-01 repickled

2021-01-02 loaded
2021-01-02 framed
2021-01-02 pickled
2021-01-02 now selfless
2021-01-02 repickled

2021-01-03 loaded
2021-01-03 framed
2021-01-03 pickled
2021-01-03 now selfless
2021-01-03 repickled

2021-01-04 loaded
2021-01-04 framed
2021-01-04 pickled
2021-01-04 now selfless
2021-01-04 repickled

2021-01-05 loaded
2021-01-05 framed
2021-01-05 pickled
2021-01-05 now selfless
2021-01-05 repickled

2021-01-06 loaded
2021-01-06 framed
2021-01-06 pickled
2021-01-06 now selfless
2021-01-06 repickled

2021-01-07 loaded
2021-01-07 framed
2021-01-07 pickled
2021-01-07 now selfless
2021-01-07 repickled

2021-01-08 loaded
2021-01-08 framed
2021-01-08 pickled
2021-01-08 now selfless
2021-01-08 repickled

2021-01-09 loaded
2021-01-09 framed
2021-01-09 pickled
2021-01-09 now selfless
2021-01-09 repickled

2021-01-10 loaded
2021-01-10 framed
2021-01-10 pickled
2021-01-10 now selfless
2021-01-10 repickled

2021-01-11 loaded
2021-01-11 framed
2021-01-11 pickled
2021-01-11 now selfless
2021-01-11 repickled

2021-01-12 loaded
2021-01-12 framed
2021-01-12 pickled
2021-01-12 now selfless
2021-01-12 repickled

2021-01-13 loaded
2021-01-13 framed
2021-01-13 pickled
2021-01-13 now selfless
2021-01-13 repickled

2021-01-14 loaded
2021-01-14 framed
2021-01-14 pickled
2021-01-14 now selfless
2021-01-14 repickled

2021-01-15 loaded
2021-01-15 framed
2021-01-15 pickled
2021-01-15 now selfless
2021-01-15 repickled

2021-01-16 loaded
2021-01-16 framed
2021-01-16 pickled
2021-01-16 now selfless
2021-01-16 repickled

2021-01-17 loaded
2021-01-17 framed
2021-01-17 pickled
2021-01-17 now selfless
2021-01-17 repickled

2021-01-18 loaded
2021-01-18 framed
2021-01-18 pickled
2021-01-18 now selfless
2021-01-18 repickled

2021-01-19 loaded
2021-01-19 framed
2021-01-19 pickled
2021-01-19 now selfless
2021-01-19 repickled

2021-01-20 loaded
2021-01-20 framed
2021-01-20 pickled
2021-01-20 now selfless
2021-01-20 repickled

2021-01-21 loaded
2021-01-21 framed
2021-01-21 pickled
2021-01-21 now selfless
2021-01-21 repickled

2021-01-22 loaded
2021-01-22 framed
2021-01-22 pickled
2021-01-22 now selfless
2021-01-22 repickled

2021-01-23 loaded
2021-01-23 framed
2021-01-23 pickled
2021-01-23 now selfless
2021-01-23 repickled

2021-01-24 loaded
2021-01-24 framed
2021-01-24 pickled
2021-01-24 now selfless
2021-01-24 repickled

2021-01-25 loaded
2021-01-25 framed
2021-01-25 pickled
2021-01-25 now selfless
2021-01-25 repickled

2021-01-26 loaded
2021-01-26 framed
2021-01-26 pickled
2021-01-26 now selfless
2021-01-26 repickled

2021-01-27 loaded
2021-01-27 framed
2021-01-27 pickled
2021-01-27 now selfless
2021-01-27 repickled

2021-01-28 loaded
2021-01-28 framed
2021-01-28 pickled
2021-01-28 now selfless
2021-01-28 repickled

2021-01-29 loaded
2021-01-29 framed
2021-01-29 pickled
2021-01-29 now selfless
2021-01-29 repickled

2021-01-30 loaded
2021-01-30 framed
2021-01-30 pickled
2021-01-30 now selfless
2021-01-30 repickled

2021-01-31 loaded
2021-01-31 framed
2021-01-31 pickled
2021-01-31 now selfless
2021-01-31 repickled

2021-02-01 loaded
2021-02-01 framed
2021-02-01 pickled
2021-02-01 now selfless
2021-02-01 repickled

2021-02-02 loaded
2021-02-02 framed
2021-02-02 pickled
2021-02-02 now selfless
2021-02-02 repickled

2021-02-03 loaded
2021-02-03 framed
2021-02-03 pickled
2021-02-03 now selfless
2021-02-03 repickled

2021-02-04 loaded
2021-02-04 framed
2021-02-04 pickled
2021-02-04 now selfless
2021-02-04 repickled

2021-02-05 loaded
2021-02-05 framed
2021-02-05 pickled
2021-02-05 now selfless
2021-02-05 repickled

2021-02-06 loaded
2021-02-06 framed
2021-02-06 pickled
2021-02-06 now selfless
2021-02-06 repickled

2021-02-07 loaded
2021-02-07 framed
2021-02-07 pickled
2021-02-07 now selfless
2021-02-07 repickled

2021-02-08 loaded
2021-02-08 framed
2021-02-08 pickled
2021-02-08 now selfless
2021-02-08 repickled

2021-02-09 loaded
2021-02-09 framed
2021-02-09 pickled
2021-02-09 now selfless
2021-02-09 repickled

2021-02-10 loaded
2021-02-10 framed
2021-02-10 pickled
2021-02-10 now selfless
2021-02-10 repickled

2021-02-11 loaded
2021-02-11 framed
2021-02-11 pickled
2021-02-11 now selfless
2021-02-11 repickled

2021-02-12 loaded
2021-02-12 framed
2021-02-12 pickled
2021-02-12 now selfless
2021-02-12 repickled

2021-02-13 loaded
2021-02-13 framed
2021-02-13 pickled
2021-02-13 now selfless
2021-02-13 repickled

2021-02-14 loaded
2021-02-14 framed
2021-02-14 pickled
2021-02-14 now selfless
2021-02-14 repickled

2021-02-15 loaded
2021-02-15 framed
2021-02-15 pickled
2021-02-15 now selfless
2021-02-15 repickled

2021-02-16 loaded
2021-02-16 framed
2021-02-16 pickled
2021-02-16 now selfless
2021-02-16 repickled

2021-02-17 loaded
2021-02-17 framed
2021-02-17 pickled
2021-02-17 now selfless
2021-02-17 repickled

2021-02-18 loaded
2021-02-18 framed
2021-02-18 pickled
2021-02-18 now selfless
2021-02-18 repickled

2021-02-19 loaded
2021-02-19 framed
2021-02-19 pickled
2021-02-19 now selfless
2021-02-19 repickled

2021-02-20 loaded
2021-02-20 framed
2021-02-20 pickled
2021-02-20 now selfless
2021-02-20 repickled

2021-02-21 loaded
2021-02-21 framed
2021-02-21 pickled
2021-02-21 now selfless
2021-02-21 repickled

2021-02-22 loaded
2021-02-22 framed
2021-02-22 pickled
2021-02-22 now selfless
2021-02-22 repickled

2021-02-23 loaded
2021-02-23 framed
2021-02-23 pickled
2021-02-23 now selfless
2021-02-23 repickled

2021-02-24 loaded
2021-02-24 framed
2021-02-24 pickled
2021-02-24 now selfless
2021-02-24 repickled

2021-02-25 loaded
2021-02-25 framed
2021-02-25 pickled
2021-02-25 now selfless
2021-02-25 repickled

2021-02-26 loaded
2021-02-26 framed
2021-02-26 pickled
2021-02-26 now selfless
2021-02-26 repickled

2021-02-27 loaded
2021-02-27 framed
2021-02-27 pickled
2021-02-27 now selfless
2021-02-27 repickled

2021-02-28 loaded
2021-02-28 framed
2021-02-28 pickled
2021-02-28 now selfless
2021-02-28 repickled

2021-03-01 loaded
2021-03-01 framed
2021-03-01 pickled
2021-03-01 now selfless
2021-03-01 repickled

2021-03-02 loaded
2021-03-02 framed
2021-03-02 pickled
2021-03-02 now selfless
2021-03-02 repickled

2021-03-03 loaded
2021-03-03 framed
2021-03-03 pickled
2021-03-03 now selfless
2021-03-03 repickled

2021-03-04 loaded
2021-03-04 framed
2021-03-04 pickled
2021-03-04 now selfless
2021-03-04 repickled

2021-03-05 loaded
2021-03-05 framed
2021-03-05 pickled
2021-03-05 now selfless
2021-03-05 repickled

2021-03-06 loaded
2021-03-06 framed
2021-03-06 pickled
2021-03-06 now selfless
2021-03-06 repickled

2021-03-07 loaded
2021-03-07 framed
2021-03-07 pickled
2021-03-07 now selfless
2021-03-07 repickled

2021-03-08 loaded
2021-03-08 framed
2021-03-08 pickled
2021-03-08 now selfless
2021-03-08 repickled

2021-03-09 loaded
2021-03-09 framed
2021-03-09 pickled
2021-03-09 now selfless
2021-03-09 repickled

2021-03-10 loaded
2021-03-10 framed
2021-03-10 pickled
2021-03-10 now selfless
2021-03-10 repickled

2021-03-11 loaded
2021-03-11 framed
2021-03-11 pickled
2021-03-11 now selfless
2021-03-11 repickled

2021-03-12 loaded
2021-03-12 framed
2021-03-12 pickled
2021-03-12 now selfless
2021-03-12 repickled

2021-03-13 loaded
2021-03-13 framed
2021-03-13 pickled
2021-03-13 now selfless
2021-03-13 repickled

2021-03-14 loaded
2021-03-14 framed
2021-03-14 pickled
2021-03-14 now selfless
2021-03-14 repickled

2021-03-15 loaded
2021-03-15 framed
2021-03-15 pickled
2021-03-15 now selfless
2021-03-15 repickled

2021-03-16 loaded
2021-03-16 framed
2021-03-16 pickled
2021-03-16 now selfless
2021-03-16 repickled

2021-03-17 loaded
2021-03-17 framed
2021-03-17 pickled
2021-03-17 now selfless
2021-03-17 repickled

2021-03-18 loaded
2021-03-18 framed
2021-03-18 pickled
2021-03-18 now selfless
2021-03-18 repickled

2021-03-19 loaded
2021-03-19 framed
2021-03-19 pickled
2021-03-19 now selfless
2021-03-19 repickled

2021-03-20 loaded
2021-03-20 framed
2021-03-20 pickled
2021-03-20 now selfless
2021-03-20 repickled

2021-03-21 loaded
2021-03-21 framed
2021-03-21 pickled
2021-03-21 now selfless
2021-03-21 repickled

2021-03-22 loaded
2021-03-22 framed
2021-03-22 pickled
2021-03-22 now selfless
2021-03-22 repickled

2021-03-23 loaded
2021-03-23 framed
2021-03-23 pickled
2021-03-23 now selfless
2021-03-23 repickled

2021-03-24 loaded
2021-03-24 framed
2021-03-24 pickled
2021-03-24 now selfless
2021-03-24 repickled

2021-03-25 loaded
2021-03-25 framed
2021-03-25 pickled
2021-03-25 now selfless
2021-03-25 repickled

2021-03-26 loaded
2021-03-26 framed
2021-03-26 pickled
2021-03-26 now selfless
2021-03-26 repickled

2021-03-27 loaded
2021-03-27 framed
2021-03-27 pickled
2021-03-27 now selfless
2021-03-27 repickled

2020-10-04 1 21
2020-10-04 2 21
2020-10-05 1 21
2020-10-05 2 21
2020-10-06 1 21
2020-10-06 2 21
2020-10-07 1 21
2020-10-07 2 21
2020-10-08 1 21
2020-10-08 2 21
2020-10-09 1 21
2020-10-09 2 21
2020-10-10 1 21
2020-10-10 2 21
2020-10-11 1 21
2020-10-11 2 21
2020-10-12 1 21
2020-10-12 2 21
2020-10-13 1 21
2020-10-13 2 21
2020-10-14 1 21
2020-10-14 2 21
2020-10-15 1 21
2020-10-15 2 21
2020-10-16 1 21
2020-10-16 2 21
2020-10-17 1 21
2020-10-17 2 21
2020-10-18 1 21
2020-10-18 2 21
2020-10-19 1 21
2020-10-19 2 21
2020-10-20 1 21
2020-10-20 2 21
2020-10-21 1 21
2020-10-21 2 21
2020-10-22 1 21
2020-10-22 2 21
2020-10-23 1 21
2020-10-23 2 21
2020-10-24 1 21
2020-10-24 2 21
2020-10-25 1 21
2020-10-25 2 21
2020-10-26 1 21
2020-10-26 2 21
2020-10-27 1 21
2020-10-27 2 21
2020-10-28 1 21
2020-10-28 2 21
2020-10-29 1 21
2020-10-29 2 21
2020-10-30 1 21
2020-10-30 2 21
2020-10-31 1 21
2020-10-31 2 21
2020-11-01 1 21
2020-11-01 2 21
2020-11-02 1 21
2020-11-02 2 21
2020-11-03 1 21
2020-11-03 2 21
2020-11-04 1 21
2020-11-04 2 21
2020-11-05 1 21
2020-11-05 2 21
2020-11-06 1 21
2020-11-06 2 21
2020-11-07 1 21
2020-11-07 2 21
2020-11-08 1 21
2020-11-08 2 21
2020-11-09 1 21
2020-11-09 2 21
2020-11-10 1 21
2020-11-10 2 21
2020-11-11 1 21
2020-11-11 2 21
2020-11-12 1 21
2020-11-12 2 21
2020-11-13 1 21
2020-11-13 2 21
2020-11-14 1 21
2020-11-14 2 21
2020-11-15 1 21
2020-11-15 2 21
2020-11-16 1 21
2020-11-16 2 21
2020-11-17 1 21
2020-11-17 2 21
2020-11-18 1 21
2020-11-18 2 21
2020-11-19 1 21
2020-11-19 2 21
2020-11-20 1 21
2020-11-20 2 21
2020-11-21 1 21
2020-11-21 2 21
2020-11-22 1 21
2020-11-22 2 21
2020-11-23 1 21
2020-11-23 2 21
2020-11-24 1 21
2020-11-24 2 21
2020-11-25 1 21
2020-11-25 2 21
2020-11-26 1 21
2020-11-26 2 21
2020-11-27 1 21
2020-11-27 2 21
2020-11-28 1 21
2020-11-28 2 21
2020-11-29 1 21
2020-11-29 2 21
2020-11-30 1 21
2020-11-30 2 21
2020-12-01 1 21
2020-12-01 2 21
2020-12-02 1 21
2020-12-02 2 21
2020-12-03 1 21
2020-12-03 2 21
2020-12-04 1 21
2020-12-04 2 21
2020-12-05 1 21
2020-12-05 2 21
2020-12-06 1 21
2020-12-06 2 21
2020-12-07 1 21
2020-12-07 2 21
2020-12-08 1 21
2020-12-08 2 21
2020-12-09 1 21
2020-12-09 2 21
2020-12-10 1 21
2020-12-10 2 21
2020-12-11 1 21
2020-12-11 2 21
2020-12-12 1 21
2020-12-12 2 21
2020-12-13 1 21
2020-12-13 2 21
2020-12-14 1 21
2020-12-14 2 21
2020-12-15 1 21
2020-12-15 2 21
2020-12-16 1 21
2020-12-16 2 21
2020-12-17 1 21
2020-12-17 2 21
2020-12-18 1 21
2020-12-18 2 21
2020-12-19 1 21
2020-12-19 2 21
2020-12-20 1 21
2020-12-20 2 21
2020-12-21 1 21
2020-12-21 2 21
2020-12-22 1 21
2020-12-22 2 21
2020-12-23 1 21
2020-12-23 2 21
2020-12-24 1 21
2020-12-24 2 21
2020-12-25 1 21
2020-12-25 2 21
2020-12-26 1 21
2020-12-26 2 21
2020-12-27 1 21
2020-12-27 2 21
2020-12-28 1 21
2020-12-28 2 21
2020-12-29 1 21
2020-12-29 2 21
2020-12-30 1 21
2020-12-30 2 21
2020-12-31 1 21
2020-12-31 2 21
2021-01-01 1 21
2021-01-01 2 21
2021-01-02 1 21
2021-01-02 2 21
2021-01-03 1 21
2021-01-03 2 21
2021-01-04 1 21
2021-01-04 2 21
2021-01-05 1 21
2021-01-05 2 21
2021-01-06 1 21
2021-01-06 2 21
2021-01-07 1 21
2021-01-07 2 21
2021-01-08 1 21
2021-01-08 2 21
2021-01-09 1 21
2021-01-09 2 21
2021-01-10 1 21
2021-01-10 2 21
2021-01-11 1 21
2021-01-11 2 21
2021-01-12 1 21
2021-01-12 2 21
2021-01-13 1 21
2021-01-13 2 21
2021-01-14 1 21
2021-01-14 2 21
2021-01-15 1 21
2021-01-15 2 21
2021-01-16 1 21
2021-01-16 2 21
2021-01-17 1 21
2021-01-17 2 21
2021-01-18 1 21
2021-01-18 2 21
2021-01-19 1 21
2021-01-19 2 21
2021-01-20 1 21
2021-01-20 2 21
2021-01-21 1 21
2021-01-21 2 21
2021-01-22 1 21
2021-01-22 2 21
2021-01-23 1 21
2021-01-23 2 21
2021-01-24 1 21
2021-01-24 2 21
2021-01-25 1 21
2021-01-25 2 21
2021-01-26 1 21
2021-01-26 2 21
2021-01-27 1 21
2021-01-27 2 21
2021-01-28 1 21
2021-01-28 2 21
2021-01-29 1 21
2021-01-29 2 21
2021-01-30 1 21
2021-01-30 2 21
2021-01-31 1 21
2021-01-31 2 21
2021-02-01 1 21
2021-02-01 2 21
2021-02-02 1 21
2021-02-02 2 21
2021-02-03 1 21
2021-02-03 2 21
2021-02-04 1 21
2021-02-04 2 21
2021-02-05 1 21
2021-02-05 2 21
2021-02-06 1 21
2021-02-06 2 21
2021-02-07 1 21
2021-02-07 2 21
2021-02-08 1 21
2021-02-08 2 21
2021-02-09 1 21
2021-02-09 2 21
2021-02-10 1 21
2021-02-10 2 21
2021-02-11 1 21
2021-02-11 2 21
2021-02-12 1 21
2021-02-12 2 21
2021-02-13 1 21
2021-02-13 2 21
2021-02-14 1 21
2021-02-14 2 21
2021-02-15 1 21
2021-02-15 2 21
2021-02-16 1 21
2021-02-16 2 21
2021-02-17 1 21
2021-02-17 2 21
2021-02-18 1 21
2021-02-18 2 21
2021-02-19 1 21
2021-02-19 2 21
2021-02-20 1 21
2021-02-20 2 21
2021-02-21 1 21
2021-02-21 2 21
2021-02-22 1 21
2021-02-22 2 21
2021-02-23 1 21
2021-02-23 2 21
2021-02-24 1 21
2021-02-24 2 21
2021-02-25 1 21
2021-02-25 2 21
2021-02-26 1 21
2021-02-26 2 21
2021-02-27 1 21
2021-02-27 2 21
2021-02-28 1 21
2021-02-28 2 21
2021-03-01 1 21
2021-03-01 2 21
2021-03-02 1 21
2021-03-02 2 21
2021-03-03 1 21
2021-03-03 2 21
2021-03-04 1 21
2021-03-04 2 21
2021-03-05 1 21
2021-03-05 2 21
2021-03-06 1 21
2021-03-06 2 21
2021-03-07 1 21
2021-03-07 2 21
2021-03-08 1 21
2021-03-08 2 21
2021-03-09 1 21
2021-03-09 2 21
2021-03-10 1 21
2021-03-10 2 21
2021-03-11 1 21
2021-03-11 2 21
2021-03-12 1 21
2021-03-12 2 21
2021-03-13 1 21
2021-03-13 2 21
2021-03-14 1 21
2021-03-14 2 21
2021-03-15 1 21
2021-03-15 2 21
2021-03-16 1 21
2021-03-16 2 21
2021-03-17 1 21
2021-03-17 2 21
2021-03-18 1 21
2021-03-18 2 21
2021-03-19 1 21
2021-03-19 2 21
2021-03-20 1 21
2021-03-20 2 21
2021-03-21 1 21
2021-03-21 2 21
2021-03-22 1 21
2021-03-22 2 21
2021-03-23 1 21
2021-03-23 2 21
2021-03-24 1 21
2021-03-24 2 21
2021-03-25 1 21
2021-03-25 2 21
2021-03-26 1 21
2021-03-26 2 21
2021-03-27 1 21
2021-03-27 2 21

spinning down at: Wed Jul 20 12:09:48 EDT 2022
