root_script: extract_edges.sbat
Lmod has detected the following error: The following module(s) are unknown:
"python/3.9.7"

Please check the spelling or version number. Also try "module spider ..."
It is also possible your cache file is out-of-date; it may help to try:
  $ module --ignore_cache load "python/3.9.7"

Also make sure that all modulefiles written in TCL start with the string
#%Module



/var/spool/slurmd.spool/job40685208/slurm_script: line 24: pip: command not found
/var/spool/slurmd.spool/job40685208/slurm_script: line 25: pip: command not found

which: no python in (/home/casonk/.vscode-server/bin/6d9b74a70ca9c7733b29f0456fd8195364076dda/bin/remote-cli:/opt/TurboVNC/bin:/opt/slurm/bin:/opt/slurm/sbin:/sw/pkgs/arc/usertools/bin:/usr/local/bin:/usr/bin:/usr/local/sbin:/usr/sbin:/usr/lpp/mmfs/bin:/home/casonk/.local/bin:/home/casonk/bin)

spinning up at: Wed Aug 10 23:14:54 EDT 2022
Job submitted by gl-login2.arc-ts.umich.edu
Job ID 40685208
Running on gl[3347-3348]
Running in /home/casonk/path/mmani_root/mmani0/shared_data/pushshift_python/Great_Lakes_HPC/pys/insurrection 

/var/spool/slurmd.spool/job40685208/slurm_script: line 44: python: command not found
backing up data to turbo buffer
source := /home/casonk/path/mmani_root/mmani0/shared_data/hot/push_file/IDL/
target := /home/casonk/path/flnt-mmani/Reddit_Communities/push_file/IDL/

176 files/directories to copy

rm: cannot remove '/home/casonk/path/flnt-mmani/Reddit_Communities/push_file/IDL/IDL': Directory not empty
mkdir: cannot create directory ‘/home/casonk/path/flnt-mmani/Reddit_Communities/push_file/IDL/’: File exists
target directory purged

copying IDL
'/home/casonk/path/mmani_root/mmani0/shared_data/hot/push_file/IDL/2020-10-04' -> '/home/casonk/path/flnt-mmani/Reddit_Communities/push_file/IDL/IDL/2020-10-04'
'/home/casonk/path/mmani_root/mmani0/shared_data/hot/push_file/IDL/2020-10-04/EDGE_LIST_SELFLESS.pkl' -> '/home/casonk/path/flnt-mmani/Reddit_Communities/push_file/IDL/IDL/2020-10-04/EDGE_LIST_SELFLESS.pkl'
'/home/casonk/path/mmani_root/mmani0/shared_data/hot/push_file/IDL/2020-10-04/AUTHOR_NET.pkl' -> '/home/casonk/path/flnt-mmani/Reddit_Communities/push_file/IDL/IDL/2020-10-04/AUTHOR_NET.pkl'
'/home/casonk/path/mmani_root/mmani0/shared_data/hot/push_file/IDL/2020-10-04/EDGE_LIST_SELFLESS_1_21.pkl' -> '/home/casonk/path/flnt-mmani/Reddit_Communities/push_file/IDL/IDL/2020-10-04/EDGE_LIST_SELFLESS_1_21.pkl'
'/home/casonk/path/mmani_root/mmani0/shared_data/hot/push_file/IDL/2020-10-04/EDGE_LIST_SELFLESS_2_21.pkl' -> '/home/casonk/path/flnt-mmani/Reddit_Communities/push_file/IDL/IDL/2020-10-04/EDGE_LIST_SELFLESS_2_21.pkl'
'/home/casonk/path/mmani_root/mmani0/shared_data/hot/push_file/IDL/2020-10-04/ID_PAIRS.pkl' -> '/home/casonk/path/flnt-mmani/Reddit_Communities/push_file/IDL/IDL/2020-10-04/ID_PAIRS.pkl'
'/home/casonk/path/mmani_root/mmani0/shared_data/hot/push_file/IDL/2020-10-04/EDGE_LIST_RAW.pkl' -> '/home/casonk/path/flnt-mmani/Reddit_Communities/push_file/IDL/IDL/2020-10-04/EDGE_LIST_RAW.pkl'
'/home/casonk/path/mmani_root/mmani0/shared_data/hot/push_file/IDL/2020-10-04/COMMUNITIES_SERIES_1_21_0.5.pkl' -> '/home/casonk/path/flnt-mmani/Reddit_Communities/push_file/IDL/IDL/2020-10-04/COMMUNITIES_SERIES_1_21_0.5.pkl'
'/home/casonk/path/mmani_root/mmani0/shared_data/hot/push_file/IDL/2020-10-04/LEVEL_MAP_1_21_0.5.pkl' -> '/home/casonk/path/flnt-mmani/Reddit_Communities/push_file/IDL/IDL/2020-10-04/LEVEL_MAP_1_21_0.5.pkl'
'/home/casonk/path/mmani_root/mmani0/shared_data/hot/push_file/IDL/2020-10-04/COMMUNITIES_SERIES_1_21_2.pkl' -> '/home/casonk/path/flnt-mmani/Reddit_Communities/push_file/IDL/IDL/2020-10-04/COMMUNITIES_SERIES_1_21_2.pkl'
'/home/casonk/path/mmani_root/mmani0/shared_data/hot/push_file/IDL/2020-10-04/LEVEL_MAP_1_21_2.pkl' -> '/home/casonk/path/flnt-mmani/Reddit_Communities/push_file/IDL/IDL/2020-10-04/LEVEL_MAP_1_21_2.pkl'
'/home/casonk/path/mmani_root/mmani0/shared_data/hot/push_file/IDL/2020-10-04/LEVEL_DF_1_21_2.pkl' -> '/home/casonk/path/flnt-mmani/Reddit_Communities/push_file/IDL/IDL/2020-10-04/LEVEL_DF_1_21_2.pkl'
'/home/casonk/path/mmani_root/mmani0/shared_data/hot/push_file/IDL/2020-10-04/MAXIMALIST_DF_1_21_2.pkl' -> '/home/casonk/path/flnt-mmani/Reddit_Communities/push_file/IDL/IDL/2020-10-04/MAXIMALIST_DF_1_21_2.pkl'
'/home/casonk/path/mmani_root/mmani0/shared_data/hot/push_file/IDL/2020-10-04/EI_DF_1_21_2.pkl' -> '/home/casonk/path/flnt-mmani/Reddit_Communities/push_file/IDL/IDL/2020-10-04/EI_DF_1_21_2.pkl'
'/home/casonk/path/mmani_root/mmani0/shared_data/hot/push_file/IDL/2020-10-04/CSP_1_21_2.pkl' -> '/home/casonk/path/flnt-mmani/Reddit_Communities/push_file/IDL/IDL/2020-10-04/CSP_1_21_2.pkl'
'/home/casonk/path/mmani_root/mmani0/shared_data/hot/push_file/IDL/2020-10-04/COMMUNITIES_DF_1_21_2.pkl' -> '/home/casonk/path/flnt-mmani/Reddit_Communities/push_file/IDL/IDL/2020-10-04/COMMUNITIES_DF_1_21_2.pkl'
'/home/casonk/path/mmani_root/mmani0/shared_data/hot/push_file/IDL/2020-10-04/CAP_1_21_2.pkl' -> '/home/casonk/path/flnt-mmani/Reddit_Communities/push_file/IDL/IDL/2020-10-04/CAP_1_21_2.pkl'
'/home/casonk/path/mmani_root/mmani0/shared_data/hot/push_file/IDL/2020-10-04/SUB_SETS_1_21_2.pkl' -> '/home/casonk/path/flnt-mmani/Reddit_Communities/push_file/IDL/IDL/2020-10-04/SUB_SETS_1_21_2.pkl'
'/home/casonk/path/mmani_root/mmani0/shared_data/hot/push_file/IDL/2020-10-04/AUTH_SETS_1_21_2.pkl' -> '/home/casonk/path/flnt-mmani/Reddit_Communities/push_file/IDL/IDL/2020-10-04/AUTH_SETS_1_21_2.pkl'
'/home/casonk/path/mmani_root/mmani0/shared_data/hot/push_file/IDL/2020-10-04/LEVEL_DF_1_21_1.pkl' -> '/home/casonk/path/flnt-mmani/Reddit_Communities/push_file/IDL/IDL/2020-10-04/LEVEL_DF_1_21_1.pkl'
'/home/casonk/path/mmani_root/mmani0/shared_data/hot/push_file/IDL/2020-10-04/MAXIMALIST_DF_1_21_1.pkl' -> '/home/casonk/path/flnt-mmani/Reddit_Communities/push_file/IDL/IDL/2020-10-04/MAXIMALIST_DF_1_21_1.pkl'
'/home/casonk/path/mmani_root/mmani0/shared_data/hot/push_file/IDL/2020-10-04/EI_DF_1_21_1.pkl' -> '/home/casonk/path/flnt-mmani/Reddit_Communities/push_file/IDL/IDL/2020-10-04/EI_DF_1_21_1.pkl'
'/home/casonk/path/mmani_root/mmani0/shared_data/hot/push_file/IDL/2020-10-04/CSP_1_21_1.pkl' -> '/home/casonk/path/flnt-mmani/Reddit_Communities/push_file/IDL/IDL/2020-10-04/CSP_1_21_1.pkl'
'/home/casonk/path/mmani_root/mmani0/shared_data/hot/push_file/IDL/2020-10-04/COMMUNITIES_DF_1_21_1.pkl' -> '/home/casonk/path/flnt-mmani/Reddit_Communities/push_file/IDL/IDL/2020-10-04/COMMUNITIES_DF_1_21_1.pkl'
'/home/casonk/path/mmani_root/mmani0/shared_data/hot/push_file/IDL/2020-10-04/CAP_1_21_1.pkl' -> '/home/casonk/path/flnt-mmani/Reddit_Communities/push_file/IDL/IDL/2020-10-04/CAP_1_21_1.pkl'
'/home/casonk/path/mmani_root/mmani0/shared_data/hot/push_file/IDL/2020-10-04/SUB_SETS_1_21_1.pkl' -> '/home/casonk/path/flnt-mmani/Reddit_Communities/push_file/IDL/IDL/2020-10-04/SUB_SETS_1_21_1.pkl'
'/home/casonk/path/mmani_root/mmani0/shared_data/hot/push_file/IDL/2020-10-04/AUTH_SETS_1_21_1.pkl' -> '/home/casonk/path/flnt-mmani/Reddit_Communities/push_file/IDL/IDL/2020-10-04/AUTH_SETS_1_21_1.pkl'
'/home/casonk/path/mmani_root/mmani0/shared_data/hot/push_file/IDL/2020-10-04/LC_1_21_0.5.pkl' -> '/home/casonk/path/flnt-mmani/Reddit_Communities/push_file/IDL/IDL/2020-10-04/LC_1_21_0.5.pkl'
'/home/casonk/path/mmani_root/mmani0/shared_data/hot/push_file/IDL/2020-10-04/LC_1_21_2.pkl' -> '/home/casonk/path/flnt-mmani/Reddit_Communities/push_file/IDL/IDL/2020-10-04/LC_1_21_2.pkl'
'/home/casonk/path/mmani_root/mmani0/shared_data/hot/push_file/IDL/2020-10-04/LEVEL_DF_1_21_0.5.pkl' -> '/home/casonk/path/flnt-mmani/Reddit_Communities/push_file/IDL/IDL/2020-10-04/LEVEL_DF_1_21_0.5.pkl'
'/home/casonk/path/mmani_root/mmani0/shared_data/hot/push_file/IDL/2020-10-04/MAXIMALIST_DF_1_21_0.5.pkl' -> '/home/casonk/path/flnt-mmani/Reddit_Communities/push_file/IDL/IDL/2020-10-04/MAXIMALIST_DF_1_21_0.5.pkl'
'/home/casonk/path/mmani_root/mmani0/shared_data/hot/push_file/IDL/2020-10-04/EI_DF_1_21_0.5.pkl' -> '/home/casonk/path/flnt-mmani/Reddit_Communities/push_file/IDL/IDL/2020-10-04/EI_DF_1_21_0.5.pkl'
'/home/casonk/path/mmani_root/mmani0/shared_data/hot/push_file/IDL/2020-10-04/CSP_1_21_0.5.pkl' -> '/home/casonk/path/flnt-mmani/Reddit_Communities/push_file/IDL/IDL/2020-10-04/CSP_1_21_0.5.pkl'
'/home/casonk/path/mmani_root/mmani0/shared_data/hot/push_file/IDL/2020-10-04/COMMUNITIES_DF_1_21_0.5.pkl' -> '/home/casonk/path/flnt-mmani/Reddit_Communities/push_file/IDL/IDL/2020-10-04/COMMUNITIES_DF_1_21_0.5.pkl'
'/home/casonk/path/mmani_root/mmani0/shared_data/hot/push_file/IDL/2020-10-04/CAP_1_21_0.5.pkl' -> '/home/casonk/path/flnt-mmani/Reddit_Communities/push_file/IDL/IDL/2020-10-04/CAP_1_21_0.5.pkl'
'/home/casonk/path/mmani_root/mmani0/shared_data/hot/push_file/IDL/2020-10-04/SUB_SETS_1_21_0.5.pkl' -> '/home/casonk/path/flnt-mmani/Reddit_Communities/push_file/IDL/IDL/2020-10-04/SUB_SETS_1_21_0.5.pkl'
'/home/casonk/path/mmani_root/mmani0/shared_data/hot/push_file/IDL/2020-10-04/AUTH_SETS_1_21_0.5.pkl' -> '/home/casonk/path/flnt-mmani/Reddit_Communities/push_file/IDL/IDL/2020-10-04/AUTH_SETS_1_21_0.5.pkl'
'/home/casonk/path/mmani_root/mmani0/shared_data/hot/push_file/IDL/2020-10-04/COMMUNITIES_SERIES_1_21_1.pkl' -> '/home/casonk/path/flnt-mmani/Reddit_Communities/push_file/IDL/IDL/2020-10-04/COMMUNITIES_SERIES_1_21_1.pkl'
'/home/casonk/path/mmani_root/mmani0/shared_data/hot/push_file/IDL/2020-10-04/LEVEL_MAP_1_21_1.pkl' -> '/home/casonk/path/flnt-mmani/Reddit_Communities/push_file/IDL/IDL/2020-10-04/LEVEL_MAP_1_21_1.pkl'
'/home/casonk/path/mmani_root/mmani0/shared_data/hot/push_file/IDL/2020-10-04/TRIMMED_DF_1_21.pkl' -> '/home/casonk/path/flnt-mmani/Reddit_Communities/push_file/IDL/IDL/2020-10-04/TRIMMED_DF_1_21.pkl'
'/home/casonk/path/mmani_root/mmani0/shared_data/hot/push_file/IDL/2020-10-04/G_1_21.pkl' -> '/home/casonk/path/flnt-mmani/Reddit_Communities/push_file/IDL/IDL/2020-10-04/G_1_21.pkl'
'/home/casonk/path/mmani_root/mmani0/shared_data/hot/push_file/IDL/2020-10-04/LC_1_21_1.pkl' -> '/home/casonk/path/flnt-mmani/Reddit_Communities/push_file/IDL/IDL/2020-10-04/LC_1_21_1.pkl'
'/home/casonk/path/mmani_root/mmani0/shared_data/hot/push_file/IDL/2020-10-05' -> '/home/casonk/path/flnt-mmani/Reddit_Communities/push_file/IDL/IDL/2020-10-05'
'/home/casonk/path/mmani_root/mmani0/shared_data/hot/push_file/IDL/2020-10-05/EDGE_LIST_SELFLESS.pkl' -> '/home/casonk/path/flnt-mmani/Reddit_Communities/push_file/IDL/IDL/2020-10-05/EDGE_LIST_SELFLESS.pkl'
'/home/casonk/path/mmani_root/mmani0/shared_data/hot/push_file/IDL/2020-10-05/AUTHOR_NET.pkl' -> '/home/casonk/path/flnt-mmani/Reddit_Communities/push_file/IDL/IDL/2020-10-05/AUTHOR_NET.pkl'
'/home/casonk/path/mmani_root/mmani0/shared_data/hot/push_file/IDL/2020-10-05/EDGE_LIST_SELFLESS_1_21.pkl' -> '/home/casonk/path/flnt-mmani/Reddit_Communities/push_file/IDL/IDL/2020-10-05/EDGE_LIST_SELFLESS_1_21.pkl'
'/home/casonk/path/mmani_root/mmani0/shared_data/hot/push_file/IDL/2020-10-05/EDGE_LIST_SELFLESS_2_21.pkl' -> '/home/casonk/path/flnt-mmani/Reddit_Communities/push_file/IDL/IDL/2020-10-05/EDGE_LIST_SELFLESS_2_21.pkl'
'/home/casonk/path/mmani_root/mmani0/shared_data/hot/push_file/IDL/2020-10-05/ID_PAIRS.pkl' -> '/home/casonk/path/flnt-mmani/Reddit_Communities/push_file/IDL/IDL/2020-10-05/ID_PAIRS.pkl'
'/home/casonk/path/mmani_root/mmani0/shared_data/hot/push_file/IDL/2020-10-05/EDGE_LIST_RAW.pkl' -> '/home/casonk/path/flnt-mmani/Reddit_Communities/push_file/IDL/IDL/2020-10-05/EDGE_LIST_RAW.pkl'
'/home/casonk/path/mmani_root/mmani0/shared_data/hot/push_file/IDL/2020-10-05/COMMUNITIES_SERIES_1_21_2.pkl' -> '/home/casonk/path/flnt-mmani/Reddit_Communities/push_file/IDL/IDL/2020-10-05/COMMUNITIES_SERIES_1_21_2.pkl'
'/home/casonk/path/mmani_root/mmani0/shared_data/hot/push_file/IDL/2020-10-05/LEVEL_MAP_1_21_2.pkl' -> '/home/casonk/path/flnt-mmani/Reddit_Communities/push_file/IDL/IDL/2020-10-05/LEVEL_MAP_1_21_2.pkl'
'/home/casonk/path/mmani_root/mmani0/shared_data/hot/push_file/IDL/2020-10-05/LEVEL_DF_1_21_2.pkl' -> '/home/casonk/path/flnt-mmani/Reddit_Communities/push_file/IDL/IDL/2020-10-05/LEVEL_DF_1_21_2.pkl'
'/home/casonk/path/mmani_root/mmani0/shared_data/hot/push_file/IDL/2020-10-05/MAXIMALIST_DF_1_21_2.pkl' -> '/home/casonk/path/flnt-mmani/Reddit_Communities/push_file/IDL/IDL/2020-10-05/MAXIMALIST_DF_1_21_2.pkl'
'/home/casonk/path/mmani_root/mmani0/shared_data/hot/push_file/IDL/2020-10-05/EI_DF_1_21_2.pkl' -> '/home/casonk/path/flnt-mmani/Reddit_Communities/push_file/IDL/IDL/2020-10-05/EI_DF_1_21_2.pkl'
'/home/casonk/path/mmani_root/mmani0/shared_data/hot/push_file/IDL/2020-10-05/CSP_1_21_2.pkl' -> '/home/casonk/path/flnt-mmani/Reddit_Communities/push_file/IDL/IDL/2020-10-05/CSP_1_21_2.pkl'
'/home/casonk/path/mmani_root/mmani0/shared_data/hot/push_file/IDL/2020-10-05/COMMUNITIES_DF_1_21_2.pkl' -> '/home/casonk/path/flnt-mmani/Reddit_Communities/push_file/IDL/IDL/2020-10-05/COMMUNITIES_DF_1_21_2.pkl'
'/home/casonk/path/mmani_root/mmani0/shared_data/hot/push_file/IDL/2020-10-05/CAP_1_21_2.pkl' -> '/home/casonk/path/flnt-mmani/Reddit_Communities/push_file/IDL/IDL/2020-10-05/CAP_1_21_2.pkl'
'/home/casonk/path/mmani_root/mmani0/shared_data/hot/push_file/IDL/2020-10-05/SUB_SETS_1_21_2.pkl' -> '/home/casonk/path/flnt-mmani/Reddit_Communities/push_file/IDL/IDL/2020-10-05/SUB_SETS_1_21_2.pkl'
'/home/casonk/path/mmani_root/mmani0/shared_data/hot/push_file/IDL/2020-10-05/AUTH_SETS_1_21_2.pkl' -> '/home/casonk/path/flnt-mmani/Reddit_Communities/push_file/IDL/IDL/2020-10-05/AUTH_SETS_1_21_2.pkl'
'/home/casonk/path/mmani_root/mmani0/shared_data/hot/push_file/IDL/2020-10-05/COMMUNITIES_SERIES_1_21_0.5.pkl' -> '/home/casonk/path/flnt-mmani/Reddit_Communities/push_file/IDL/IDL/2020-10-05/COMMUNITIES_SERIES_1_21_0.5.pkl'
'/home/casonk/path/mmani_root/mmani0/shared_data/hot/push_file/IDL/2020-10-05/LEVEL_MAP_1_21_0.5.pkl' -> '/home/casonk/path/flnt-mmani/Reddit_Communities/push_file/IDL/IDL/2020-10-05/LEVEL_MAP_1_21_0.5.pkl'
'/home/casonk/path/mmani_root/mmani0/shared_data/hot/push_file/IDL/2020-10-05/LEVEL_DF_1_21_0.5.pkl' -> '/home/casonk/path/flnt-mmani/Reddit_Communities/push_file/IDL/IDL/2020-10-05/LEVEL_DF_1_21_0.5.pkl'
'/home/casonk/path/mmani_root/mmani0/shared_data/hot/push_file/IDL/2020-10-05/MAXIMALIST_DF_1_21_0.5.pkl' -> '/home/casonk/path/flnt-mmani/Reddit_Communities/push_file/IDL/IDL/2020-10-05/MAXIMALIST_DF_1_21_0.5.pkl'
'/home/casonk/path/mmani_root/mmani0/shared_data/hot/push_file/IDL/2020-10-05/EI_DF_1_21_0.5.pkl' -> '/home/casonk/path/flnt-mmani/Reddit_Communities/push_file/IDL/IDL/2020-10-05/EI_DF_1_21_0.5.pkl'
'/home/casonk/path/mmani_root/mmani0/shared_data/hot/push_file/IDL/2020-10-05/CSP_1_21_0.5.pkl' -> '/home/casonk/path/flnt-mmani/Reddit_Communities/push_file/IDL/IDL/2020-10-05/CSP_1_21_0.5.pkl'
'/home/casonk/path/mmani_root/mmani0/shared_data/hot/push_file/IDL/2020-10-05/COMMUNITIES_DF_1_21_0.5.pkl' -> '/home/casonk/path/flnt-mmani/Reddit_Communities/push_file/IDL/IDL/2020-10-05/COMMUNITIES_DF_1_21_0.5.pkl'
'/home/casonk/path/mmani_root/mmani0/shared_data/hot/push_file/IDL/2020-10-05/CAP_1_21_0.5.pkl' -> '/home/casonk/path/flnt-mmani/Reddit_Communities/push_file/IDL/IDL/2020-10-05/CAP_1_21_0.5.pkl'
'/home/casonk/path/mmani_root/mmani0/shared_data/hot/push_file/IDL/2020-10-05/COMMUNITIES_SERIES_1_21_1.pkl' -> '/home/casonk/path/flnt-mmani/Reddit_Communities/push_file/IDL/IDL/2020-10-05/COMMUNITIES_SERIES_1_21_1.pkl'
'/home/casonk/path/mmani_root/mmani0/shared_data/hot/push_file/IDL/2020-10-05/LEVEL_MAP_1_21_1.pkl' -> '/home/casonk/path/flnt-mmani/Reddit_Communities/push_file/IDL/IDL/2020-10-05/LEVEL_MAP_1_21_1.pkl'
'/home/casonk/path/mmani_root/mmani0/shared_data/hot/push_file/IDL/2020-10-05/LEVEL_DF_1_21_1.pkl' -> '/home/casonk/path/flnt-mmani/Reddit_Communities/push_file/IDL/IDL/2020-10-05/LEVEL_DF_1_21_1.pkl'
'/home/casonk/path/mmani_root/mmani0/shared_data/hot/push_file/IDL/2020-10-05/MAXIMALIST_DF_1_21_1.pkl' -> '/home/casonk/path/flnt-mmani/Reddit_Communities/push_file/IDL/IDL/2020-10-05/MAXIMALIST_DF_1_21_1.pkl'
'/home/casonk/path/mmani_root/mmani0/shared_data/hot/push_file/IDL/2020-10-05/EI_DF_1_21_1.pkl' -> '/home/casonk/path/flnt-mmani/Reddit_Communities/push_file/IDL/IDL/2020-10-05/EI_DF_1_21_1.pkl'
'/home/casonk/path/mmani_root/mmani0/shared_data/hot/push_file/IDL/2020-10-05/CSP_1_21_1.pkl' -> '/home/casonk/path/flnt-mmani/Reddit_Communities/push_file/IDL/IDL/2020-10-05/CSP_1_21_1.pkl'
'/home/casonk/path/mmani_root/mmani0/shared_data/hot/push_file/IDL/2020-10-05/COMMUNITIES_DF_1_21_1.pkl' -> '/home/casonk/path/flnt-mmani/Reddit_Communities/push_file/IDL/IDL/2020-10-05/COMMUNITIES_DF_1_21_1.pkl'
'/home/casonk/path/mmani_root/mmani0/shared_data/hot/push_file/IDL/2020-10-05/CAP_1_21_1.pkl' -> '/home/casonk/path/flnt-mmani/Reddit_Communities/push_file/IDL/IDL/2020-10-05/CAP_1_21_1.pkl'
'/home/casonk/path/mmani_root/mmani0/shared_data/hot/push_file/IDL/2020-10-05/SUB_SETS_1_21_1.pkl' -> '/home/casonk/path/flnt-mmani/Reddit_Communities/push_file/IDL/IDL/2020-10-05/SUB_SETS_1_21_1.pkl'
'/home/casonk/path/mmani_root/mmani0/shared_data/hot/push_file/IDL/2020-10-05/AUTH_SETS_1_21_1.pkl' -> '/home/casonk/path/flnt-mmani/Reddit_Communities/push_file/IDL/IDL/2020-10-05/AUTH_SETS_1_21_1.pkl'
'/home/casonk/path/mmani_root/mmani0/shared_data/hot/push_file/IDL/2020-10-05/LC_1_21_2.pkl' -> '/home/casonk/path/flnt-mmani/Reddit_Communities/push_file/IDL/IDL/2020-10-05/LC_1_21_2.pkl'
'/home/casonk/path/mmani_root/mmani0/shared_data/hot/push_file/IDL/2020-10-05/SUB_SETS_1_21_0.5.pkl' -> '/home/casonk/path/flnt-mmani/Reddit_Communities/push_file/IDL/IDL/2020-10-05/SUB_SETS_1_21_0.5.pkl'
'/home/casonk/path/mmani_root/mmani0/shared_data/hot/push_file/IDL/2020-10-05/AUTH_SETS_1_21_0.5.pkl' -> '/home/casonk/path/flnt-mmani/Reddit_Communities/push_file/IDL/IDL/2020-10-05/AUTH_SETS_1_21_0.5.pkl'
'/home/casonk/path/mmani_root/mmani0/shared_data/hot/push_file/IDL/2020-10-05/TRIMMED_DF_1_21.pkl' -> '/home/casonk/path/flnt-mmani/Reddit_Communities/push_file/IDL/IDL/2020-10-05/TRIMMED_DF_1_21.pkl'
'/home/casonk/path/mmani_root/mmani0/shared_data/hot/push_file/IDL/2020-10-05/G_1_21.pkl' -> '/home/casonk/path/flnt-mmani/Reddit_Communities/push_file/IDL/IDL/2020-10-05/G_1_21.pkl'
'/home/casonk/path/mmani_root/mmani0/shared_data/hot/push_file/IDL/2020-10-05/LC_1_21_0.5.pkl' -> '/home/casonk/path/flnt-mmani/Reddit_Communities/push_file/IDL/IDL/2020-10-05/LC_1_21_0.5.pkl'
'/home/casonk/path/mmani_root/mmani0/shared_data/hot/push_file/IDL/2020-10-05/LC_1_21_1.pkl' -> '/home/casonk/path/flnt-mmani/Reddit_Communities/push_file/IDL/IDL/2020-10-05/LC_1_21_1.pkl'
'/home/casonk/path/mmani_root/mmani0/shared_data/hot/push_file/IDL/2020-10-06' -> '/home/casonk/path/flnt-mmani/Reddit_Communities/push_file/IDL/IDL/2020-10-06'
'/home/casonk/path/mmani_root/mmani0/shared_data/hot/push_file/IDL/2020-10-06/EDGE_LIST_SELFLESS.pkl' -> '/home/casonk/path/flnt-mmani/Reddit_Communities/push_file/IDL/IDL/2020-10-06/EDGE_LIST_SELFLESS.pkl'
'/home/casonk/path/mmani_root/mmani0/shared_data/hot/push_file/IDL/2020-10-06/AUTHOR_NET.pkl' -> '/home/casonk/path/flnt-mmani/Reddit_Communities/push_file/IDL/IDL/2020-10-06/AUTHOR_NET.pkl'
'/home/casonk/path/mmani_root/mmani0/shared_data/hot/push_file/IDL/2020-10-06/EDGE_LIST_SELFLESS_1_21.pkl' -> '/home/casonk/path/flnt-mmani/Reddit_Communities/push_file/IDL/IDL/2020-10-06/EDGE_LIST_SELFLESS_1_21.pkl'
'/home/casonk/path/mmani_root/mmani0/shared_data/hot/push_file/IDL/2020-10-06/EDGE_LIST_SELFLESS_2_21.pkl' -> '/home/casonk/path/flnt-mmani/Reddit_Communities/push_file/IDL/IDL/2020-10-06/EDGE_LIST_SELFLESS_2_21.pkl'
'/home/casonk/path/mmani_root/mmani0/shared_data/hot/push_file/IDL/2020-10-06/ID_PAIRS.pkl' -> '/home/casonk/path/flnt-mmani/Reddit_Communities/push_file/IDL/IDL/2020-10-06/ID_PAIRS.pkl'
'/home/casonk/path/mmani_root/mmani0/shared_data/hot/push_file/IDL/2020-10-06/EDGE_LIST_RAW.pkl' -> '/home/casonk/path/flnt-mmani/Reddit_Communities/push_file/IDL/IDL/2020-10-06/EDGE_LIST_RAW.pkl'
'/home/casonk/path/mmani_root/mmani0/shared_data/hot/push_file/IDL/2020-10-06/COMMUNITIES_SERIES_1_21_2.pkl' -> '/home/casonk/path/flnt-mmani/Reddit_Communities/push_file/IDL/IDL/2020-10-06/COMMUNITIES_SERIES_1_21_2.pkl'
'/home/casonk/path/mmani_root/mmani0/shared_data/hot/push_file/IDL/2020-10-06/LEVEL_MAP_1_21_2.pkl' -> '/home/casonk/path/flnt-mmani/Reddit_Communities/push_file/IDL/IDL/2020-10-06/LEVEL_MAP_1_21_2.pkl'
'/home/casonk/path/mmani_root/mmani0/shared_data/hot/push_file/IDL/2020-10-06/LEVEL_DF_1_21_2.pkl' -> '/home/casonk/path/flnt-mmani/Reddit_Communities/push_file/IDL/IDL/2020-10-06/LEVEL_DF_1_21_2.pkl'
'/home/casonk/path/mmani_root/mmani0/shared_data/hot/push_file/IDL/2020-10-06/MAXIMALIST_DF_1_21_2.pkl' -> '/home/casonk/path/flnt-mmani/Reddit_Communities/push_file/IDL/IDL/2020-10-06/MAXIMALIST_DF_1_21_2.pkl'
'/home/casonk/path/mmani_root/mmani0/shared_data/hot/push_file/IDL/2020-10-06/EI_DF_1_21_2.pkl' -> '/home/casonk/path/flnt-mmani/Reddit_Communities/push_file/IDL/IDL/2020-10-06/EI_DF_1_21_2.pkl'
'/home/casonk/path/mmani_root/mmani0/shared_data/hot/push_file/IDL/2020-10-06/CSP_1_21_2.pkl' -> '/home/casonk/path/flnt-mmani/Reddit_Communities/push_file/IDL/IDL/2020-10-06/CSP_1_21_2.pkl'
'/home/casonk/path/mmani_root/mmani0/shared_data/hot/push_file/IDL/2020-10-06/COMMUNITIES_DF_1_21_2.pkl' -> '/home/casonk/path/flnt-mmani/Reddit_Communities/push_file/IDL/IDL/2020-10-06/COMMUNITIES_DF_1_21_2.pkl'
'/home/casonk/path/mmani_root/mmani0/shared_data/hot/push_file/IDL/2020-10-06/CAP_1_21_2.pkl' -> '/home/casonk/path/flnt-mmani/Reddit_Communities/push_file/IDL/IDL/2020-10-06/CAP_1_21_2.pkl'
'/home/casonk/path/mmani_root/mmani0/shared_data/hot/push_file/IDL/2020-10-06/SUB_SETS_1_21_2.pkl' -> '/home/casonk/path/flnt-mmani/Reddit_Communities/push_file/IDL/IDL/2020-10-06/SUB_SETS_1_21_2.pkl'
'/home/casonk/path/mmani_root/mmani0/shared_data/hot/push_file/IDL/2020-10-06/AUTH_SETS_1_21_2.pkl' -> '/home/casonk/path/flnt-mmani/Reddit_Communities/push_file/IDL/IDL/2020-10-06/AUTH_SETS_1_21_2.pkl'
'/home/casonk/path/mmani_root/mmani0/shared_data/hot/push_file/IDL/2020-10-06/COMMUNITIES_SERIES_1_21_1.pkl' -> '/home/casonk/path/flnt-mmani/Reddit_Communities/push_file/IDL/IDL/2020-10-06/COMMUNITIES_SERIES_1_21_1.pkl'
'/home/casonk/path/mmani_root/mmani0/shared_data/hot/push_file/IDL/2020-10-06/LEVEL_MAP_1_21_1.pkl' -> '/home/casonk/path/flnt-mmani/Reddit_Communities/push_file/IDL/IDL/2020-10-06/LEVEL_MAP_1_21_1.pkl'
'/home/casonk/path/mmani_root/mmani0/shared_data/hot/push_file/IDL/2020-10-06/LEVEL_DF_1_21_1.pkl' -> '/home/casonk/path/flnt-mmani/Reddit_Communities/push_file/IDL/IDL/2020-10-06/LEVEL_DF_1_21_1.pkl'
'/home/casonk/path/mmani_root/mmani0/shared_data/hot/push_file/IDL/2020-10-06/MAXIMALIST_DF_1_21_1.pkl' -> '/home/casonk/path/flnt-mmani/Reddit_Communities/push_file/IDL/IDL/2020-10-06/MAXIMALIST_DF_1_21_1.pkl'
'/home/casonk/path/mmani_root/mmani0/shared_data/hot/push_file/IDL/2020-10-06/EI_DF_1_21_1.pkl' -> '/home/casonk/path/flnt-mmani/Reddit_Communities/push_file/IDL/IDL/2020-10-06/EI_DF_1_21_1.pkl'
'/home/casonk/path/mmani_root/mmani0/shared_data/hot/push_file/IDL/2020-10-06/CSP_1_21_1.pkl' -> '/home/casonk/path/flnt-mmani/Reddit_Communities/push_file/IDL/IDL/2020-10-06/CSP_1_21_1.pkl'
'/home/casonk/path/mmani_root/mmani0/shared_data/hot/push_file/IDL/2020-10-06/COMMUNITIES_DF_1_21_1.pkl' -> '/home/casonk/path/flnt-mmani/Reddit_Communities/push_file/IDL/IDL/2020-10-06/COMMUNITIES_DF_1_21_1.pkl'
'/home/casonk/path/mmani_root/mmani0/shared_data/hot/push_file/IDL/2020-10-06/CAP_1_21_1.pkl' -> '/home/casonk/path/flnt-mmani/Reddit_Communities/push_file/IDL/IDL/2020-10-06/CAP_1_21_1.pkl'
'/home/casonk/path/mmani_root/mmani0/shared_data/hot/push_file/IDL/2020-10-06/SUB_SETS_1_21_1.pkl' -> '/home/casonk/path/flnt-mmani/Reddit_Communities/push_file/IDL/IDL/2020-10-06/SUB_SETS_1_21_1.pkl'
'/home/casonk/path/mmani_root/mmani0/shared_data/hot/push_file/IDL/2020-10-06/AUTH_SETS_1_21_1.pkl' -> '/home/casonk/path/flnt-mmani/Reddit_Communities/push_file/IDL/IDL/2020-10-06/AUTH_SETS_1_21_1.pkl'
'/home/casonk/path/mmani_root/mmani0/shared_data/hot/push_file/IDL/2020-10-06/LC_1_21_2.pkl' -> '/home/casonk/path/flnt-mmani/Reddit_Communities/push_file/IDL/IDL/2020-10-06/LC_1_21_2.pkl'
'/home/casonk/path/mmani_root/mmani0/shared_data/hot/push_file/IDL/2020-10-06/COMMUNITIES_SERIES_1_21_0.5.pkl' -> '/home/casonk/path/flnt-mmani/Reddit_Communities/push_file/IDL/IDL/2020-10-06/COMMUNITIES_SERIES_1_21_0.5.pkl'
'/home/casonk/path/mmani_root/mmani0/shared_data/hot/push_file/IDL/2020-10-06/LEVEL_MAP_1_21_0.5.pkl' -> '/home/casonk/path/flnt-mmani/Reddit_Communities/push_file/IDL/IDL/2020-10-06/LEVEL_MAP_1_21_0.5.pkl'
'/home/casonk/path/mmani_root/mmani0/shared_data/hot/push_file/IDL/2020-10-06/LEVEL_DF_1_21_0.5.pkl' -> '/home/casonk/path/flnt-mmani/Reddit_Communities/push_file/IDL/IDL/2020-10-06/LEVEL_DF_1_21_0.5.pkl'
'/home/casonk/path/mmani_root/mmani0/shared_data/hot/push_file/IDL/2020-10-06/MAXIMALIST_DF_1_21_0.5.pkl' -> '/home/casonk/path/flnt-mmani/Reddit_Communities/push_file/IDL/IDL/2020-10-06/MAXIMALIST_DF_1_21_0.5.pkl'
'/home/casonk/path/mmani_root/mmani0/shared_data/hot/push_file/IDL/2020-10-06/EI_DF_1_21_0.5.pkl' -> '/home/casonk/path/flnt-mmani/Reddit_Communities/push_file/IDL/IDL/2020-10-06/EI_DF_1_21_0.5.pkl'
'/home/casonk/path/mmani_root/mmani0/shared_data/hot/push_file/IDL/2020-10-06/CSP_1_21_0.5.pkl' -> '/home/casonk/path/flnt-mmani/Reddit_Communities/push_file/IDL/IDL/2020-10-06/CSP_1_21_0.5.pkl'
'/home/casonk/path/mmani_root/mmani0/shared_data/hot/push_file/IDL/2020-10-06/COMMUNITIES_DF_1_21_0.5.pkl' -> '/home/casonk/path/flnt-mmani/Reddit_Communities/push_file/IDL/IDL/2020-10-06/COMMUNITIES_DF_1_21_0.5.pkl'
'/home/casonk/path/mmani_root/mmani0/shared_data/hot/push_file/IDL/2020-10-06/CAP_1_21_0.5.pkl' -> '/home/casonk/path/flnt-mmani/Reddit_Communities/push_file/IDL/IDL/2020-10-06/CAP_1_21_0.5.pkl'
'/home/casonk/path/mmani_root/mmani0/shared_data/hot/push_file/IDL/2020-10-06/SUB_SETS_1_21_0.5.pkl' -> '/home/casonk/path/flnt-mmani/Reddit_Communities/push_file/IDL/IDL/2020-10-06/SUB_SETS_1_21_0.5.pkl'
'/home/casonk/path/mmani_root/mmani0/shared_data/hot/push_file/IDL/2020-10-06/AUTH_SETS_1_21_0.5.pkl' -> '/home/casonk/path/flnt-mmani/Reddit_Communities/push_file/IDL/IDL/2020-10-06/AUTH_SETS_1_21_0.5.pkl'
'/home/casonk/path/mmani_root/mmani0/shared_data/hot/push_file/IDL/2020-10-06/TRIMMED_DF_1_21.pkl' -> '/home/casonk/path/flnt-mmani/Reddit_Communities/push_file/IDL/IDL/2020-10-06/TRIMMED_DF_1_21.pkl'
'/home/casonk/path/mmani_root/mmani0/shared_data/hot/push_file/IDL/2020-10-06/G_1_21.pkl' -> '/home/casonk/path/flnt-mmani/Reddit_Communities/push_file/IDL/IDL/2020-10-06/G_1_21.pkl'
'/home/casonk/path/mmani_root/mmani0/shared_data/hot/push_file/IDL/2020-10-06/LC_1_21_0.5.pkl' -> '/home/casonk/path/flnt-mmani/Reddit_Communities/push_file/IDL/IDL/2020-10-06/LC_1_21_0.5.pkl'
'/home/casonk/path/mmani_root/mmani0/shared_data/hot/push_file/IDL/2020-10-06/LC_1_21_1.pkl' -> '/home/casonk/path/flnt-mmani/Reddit_Communities/push_file/IDL/IDL/2020-10-06/LC_1_21_1.pkl'
'/home/casonk/path/mmani_root/mmani0/shared_data/hot/push_file/IDL/2020-10-07' -> '/home/casonk/path/flnt-mmani/Reddit_Communities/push_file/IDL/IDL/2020-10-07'
'/home/casonk/path/mmani_root/mmani0/shared_data/hot/push_file/IDL/2020-10-07/EDGE_LIST_SELFLESS.pkl' -> '/home/casonk/path/flnt-mmani/Reddit_Communities/push_file/IDL/IDL/2020-10-07/EDGE_LIST_SELFLESS.pkl'
'/home/casonk/path/mmani_root/mmani0/shared_data/hot/push_file/IDL/2020-10-07/AUTHOR_NET.pkl' -> '/home/casonk/path/flnt-mmani/Reddit_Communities/push_file/IDL/IDL/2020-10-07/AUTHOR_NET.pkl'
'/home/casonk/path/mmani_root/mmani0/shared_data/hot/push_file/IDL/2020-10-07/EDGE_LIST_SELFLESS_1_21.pkl' -> '/home/casonk/path/flnt-mmani/Reddit_Communities/push_file/IDL/IDL/2020-10-07/EDGE_LIST_SELFLESS_1_21.pkl'
'/home/casonk/path/mmani_root/mmani0/shared_data/hot/push_file/IDL/2020-10-07/EDGE_LIST_SELFLESS_2_21.pkl' -> '/home/casonk/path/flnt-mmani/Reddit_Communities/push_file/IDL/IDL/2020-10-07/EDGE_LIST_SELFLESS_2_21.pkl'
'/home/casonk/path/mmani_root/mmani0/shared_data/hot/push_file/IDL/2020-10-07/ID_PAIRS.pkl' -> '/home/casonk/path/flnt-mmani/Reddit_Communities/push_file/IDL/IDL/2020-10-07/ID_PAIRS.pkl'
'/home/casonk/path/mmani_root/mmani0/shared_data/hot/push_file/IDL/2020-10-07/EDGE_LIST_RAW.pkl' -> '/home/casonk/path/flnt-mmani/Reddit_Communities/push_file/IDL/IDL/2020-10-07/EDGE_LIST_RAW.pkl'
'/home/casonk/path/mmani_root/mmani0/shared_data/hot/push_file/IDL/2020-10-07/COMMUNITIES_SERIES_1_21_2.pkl' -> '/home/casonk/path/flnt-mmani/Reddit_Communities/push_file/IDL/IDL/2020-10-07/COMMUNITIES_SERIES_1_21_2.pkl'
'/home/casonk/path/mmani_root/mmani0/shared_data/hot/push_file/IDL/2020-10-07/LEVEL_MAP_1_21_2.pkl' -> '/home/casonk/path/flnt-mmani/Reddit_Communities/push_file/IDL/IDL/2020-10-07/LEVEL_MAP_1_21_2.pkl'
'/home/casonk/path/mmani_root/mmani0/shared_data/hot/push_file/IDL/2020-10-07/LEVEL_DF_1_21_2.pkl' -> '/home/casonk/path/flnt-mmani/Reddit_Communities/push_file/IDL/IDL/2020-10-07/LEVEL_DF_1_21_2.pkl'
'/home/casonk/path/mmani_root/mmani0/shared_data/hot/push_file/IDL/2020-10-07/MAXIMALIST_DF_1_21_2.pkl' -> '/home/casonk/path/flnt-mmani/Reddit_Communities/push_file/IDL/IDL/2020-10-07/MAXIMALIST_DF_1_21_2.pkl'
'/home/casonk/path/mmani_root/mmani0/shared_data/hot/push_file/IDL/2020-10-07/EI_DF_1_21_2.pkl' -> '/home/casonk/path/flnt-mmani/Reddit_Communities/push_file/IDL/IDL/2020-10-07/EI_DF_1_21_2.pkl'
'/home/casonk/path/mmani_root/mmani0/shared_data/hot/push_file/IDL/2020-10-07/CSP_1_21_2.pkl' -> '/home/casonk/path/flnt-mmani/Reddit_Communities/push_file/IDL/IDL/2020-10-07/CSP_1_21_2.pkl'
'/home/casonk/path/mmani_root/mmani0/shared_data/hot/push_file/IDL/2020-10-07/COMMUNITIES_DF_1_21_2.pkl' -> '/home/casonk/path/flnt-mmani/Reddit_Communities/push_file/IDL/IDL/2020-10-07/COMMUNITIES_DF_1_21_2.pkl'
'/home/casonk/path/mmani_root/mmani0/shared_data/hot/push_file/IDL/2020-10-07/CAP_1_21_2.pkl' -> '/home/casonk/path/flnt-mmani/Reddit_Communities/push_file/IDL/IDL/2020-10-07/CAP_1_21_2.pkl'
'/home/casonk/path/mmani_root/mmani0/shared_data/hot/push_file/IDL/2020-10-07/SUB_SETS_1_21_2.pkl' -> '/home/casonk/path/flnt-mmani/Reddit_Communities/push_file/IDL/IDL/2020-10-07/SUB_SETS_1_21_2.pkl'
'/home/casonk/path/mmani_root/mmani0/shared_data/hot/push_file/IDL/2020-10-07/AUTH_SETS_1_21_2.pkl' -> '/home/casonk/path/flnt-mmani/Reddit_Communities/push_file/IDL/IDL/2020-10-07/AUTH_SETS_1_21_2.pkl'
'/home/casonk/path/mmani_root/mmani0/shared_data/hot/push_file/IDL/2020-10-07/COMMUNITIES_SERIES_1_21_1.pkl' -> '/home/casonk/path/flnt-mmani/Reddit_Communities/push_file/IDL/IDL/2020-10-07/COMMUNITIES_SERIES_1_21_1.pkl'
'/home/casonk/path/mmani_root/mmani0/shared_data/hot/push_file/IDL/2020-10-07/LEVEL_MAP_1_21_1.pkl' -> '/home/casonk/path/flnt-mmani/Reddit_Communities/push_file/IDL/IDL/2020-10-07/LEVEL_MAP_1_21_1.pkl'
'/home/casonk/path/mmani_root/mmani0/shared_data/hot/push_file/IDL/2020-10-07/LEVEL_DF_1_21_1.pkl' -> '/home/casonk/path/flnt-mmani/Reddit_Communities/push_file/IDL/IDL/2020-10-07/LEVEL_DF_1_21_1.pkl'
'/home/casonk/path/mmani_root/mmani0/shared_data/hot/push_file/IDL/2020-10-07/MAXIMALIST_DF_1_21_1.pkl' -> '/home/casonk/path/flnt-mmani/Reddit_Communities/push_file/IDL/IDL/2020-10-07/MAXIMALIST_DF_1_21_1.pkl'
'/home/casonk/path/mmani_root/mmani0/shared_data/hot/push_file/IDL/2020-10-07/EI_DF_1_21_1.pkl' -> '/home/casonk/path/flnt-mmani/Reddit_Communities/push_file/IDL/IDL/2020-10-07/EI_DF_1_21_1.pkl'
'/home/casonk/path/mmani_root/mmani0/shared_data/hot/push_file/IDL/2020-10-07/CSP_1_21_1.pkl' -> '/home/casonk/path/flnt-mmani/Reddit_Communities/push_file/IDL/IDL/2020-10-07/CSP_1_21_1.pkl'
'/home/casonk/path/mmani_root/mmani0/shared_data/hot/push_file/IDL/2020-10-07/COMMUNITIES_DF_1_21_1.pkl' -> '/home/casonk/path/flnt-mmani/Reddit_Communities/push_file/IDL/IDL/2020-10-07/COMMUNITIES_DF_1_21_1.pkl'
'/home/casonk/path/mmani_root/mmani0/shared_data/hot/push_file/IDL/2020-10-07/CAP_1_21_1.pkl' -> '/home/casonk/path/flnt-mmani/Reddit_Communities/push_file/IDL/IDL/2020-10-07/CAP_1_21_1.pkl'
'/home/casonk/path/mmani_root/mmani0/shared_data/hot/push_file/IDL/2020-10-07/SUB_SETS_1_21_1.pkl' -> '/home/casonk/path/flnt-mmani/Reddit_Communities/push_file/IDL/IDL/2020-10-07/SUB_SETS_1_21_1.pkl'
'/home/casonk/path/mmani_root/mmani0/shared_data/hot/push_file/IDL/2020-10-07/AUTH_SETS_1_21_1.pkl' -> '/home/casonk/path/flnt-mmani/Reddit_Communities/push_file/IDL/IDL/2020-10-07/AUTH_SETS_1_21_1.pkl'
'/home/casonk/path/mmani_root/mmani0/shared_data/hot/push_file/IDL/2020-10-07/LC_1_21_2.pkl' -> '/home/casonk/path/flnt-mmani/Reddit_Communities/push_file/IDL/IDL/2020-10-07/LC_1_21_2.pkl'
'/home/casonk/path/mmani_root/mmani0/shared_data/hot/push_file/IDL/2020-10-07/COMMUNITIES_SERIES_1_21_0.5.pkl' -> '/home/casonk/path/flnt-mmani/Reddit_Communities/push_file/IDL/IDL/2020-10-07/COMMUNITIES_SERIES_1_21_0.5.pkl'
'/home/casonk/path/mmani_root/mmani0/shared_data/hot/push_file/IDL/2020-10-07/LEVEL_MAP_1_21_0.5.pkl' -> '/home/casonk/path/flnt-mmani/Reddit_Communities/push_file/IDL/IDL/2020-10-07/LEVEL_MAP_1_21_0.5.pkl'
'/home/casonk/path/mmani_root/mmani0/shared_data/hot/push_file/IDL/2020-10-07/LEVEL_DF_1_21_0.5.pkl' -> '/home/casonk/path/flnt-mmani/Reddit_Communities/push_file/IDL/IDL/2020-10-07/LEVEL_DF_1_21_0.5.pkl'
'/home/casonk/path/mmani_root/mmani0/shared_data/hot/push_file/IDL/2020-10-07/MAXIMALIST_DF_1_21_0.5.pkl' -> '/home/casonk/path/flnt-mmani/Reddit_Communities/push_file/IDL/IDL/2020-10-07/MAXIMALIST_DF_1_21_0.5.pkl'
'/home/casonk/path/mmani_root/mmani0/shared_data/hot/push_file/IDL/2020-10-07/EI_DF_1_21_0.5.pkl' -> '/home/casonk/path/flnt-mmani/Reddit_Communities/push_file/IDL/IDL/2020-10-07/EI_DF_1_21_0.5.pkl'
'/home/casonk/path/mmani_root/mmani0/shared_data/hot/push_file/IDL/2020-10-07/CSP_1_21_0.5.pkl' -> '/home/casonk/path/flnt-mmani/Reddit_Communities/push_file/IDL/IDL/2020-10-07/CSP_1_21_0.5.pkl'
'/home/casonk/path/mmani_root/mmani0/shared_data/hot/push_file/IDL/2020-10-07/COMMUNITIES_DF_1_21_0.5.pkl' -> '/home/casonk/path/flnt-mmani/Reddit_Communities/push_file/IDL/IDL/2020-10-07/COMMUNITIES_DF_1_21_0.5.pkl'
'/home/casonk/path/mmani_root/mmani0/shared_data/hot/push_file/IDL/2020-10-07/CAP_1_21_0.5.pkl' -> '/home/casonk/path/flnt-mmani/Reddit_Communities/push_file/IDL/IDL/2020-10-07/CAP_1_21_0.5.pkl'
'/home/casonk/path/mmani_root/mmani0/shared_data/hot/push_file/IDL/2020-10-07/SUB_SETS_1_21_0.5.pkl' -> '/home/casonk/path/flnt-mmani/Reddit_Communities/push_file/IDL/IDL/2020-10-07/SUB_SETS_1_21_0.5.pkl'
'/home/casonk/path/mmani_root/mmani0/shared_data/hot/push_file/IDL/2020-10-07/AUTH_SETS_1_21_0.5.pkl' -> '/home/casonk/path/flnt-mmani/Reddit_Communities/push_file/IDL/IDL/2020-10-07/AUTH_SETS_1_21_0.5.pkl'
'/home/casonk/path/mmani_root/mmani0/shared_data/hot/push_file/IDL/2020-10-07/TRIMMED_DF_1_21.pkl' -> '/home/casonk/path/flnt-mmani/Reddit_Communities/push_file/IDL/IDL/2020-10-07/TRIMMED_DF_1_21.pkl'
'/home/casonk/path/mmani_root/mmani0/shared_data/hot/push_file/IDL/2020-10-07/G_1_21.pkl' -> '/home/casonk/path/flnt-mmani/Reddit_Communities/push_file/IDL/IDL/2020-10-07/G_1_21.pkl'
'/home/casonk/path/mmani_root/mmani0/shared_data/hot/push_file/IDL/2020-10-07/LC_1_21_0.5.pkl' -> '/home/casonk/path/flnt-mmani/Reddit_Communities/push_file/IDL/IDL/2020-10-07/LC_1_21_0.5.pkl'
'/home/casonk/path/mmani_root/mmani0/shared_data/hot/push_file/IDL/2020-10-07/LC_1_21_1.pkl' -> '/home/casonk/path/flnt-mmani/Reddit_Communities/push_file/IDL/IDL/2020-10-07/LC_1_21_1.pkl'
'/home/casonk/path/mmani_root/mmani0/shared_data/hot/push_file/IDL/2020-10-08' -> '/home/casonk/path/flnt-mmani/Reddit_Communities/push_file/IDL/IDL/2020-10-08'
'/home/casonk/path/mmani_root/mmani0/shared_data/hot/push_file/IDL/2020-10-08/EDGE_LIST_SELFLESS.pkl' -> '/home/casonk/path/flnt-mmani/Reddit_Communities/push_file/IDL/IDL/2020-10-08/EDGE_LIST_SELFLESS.pkl'
'/home/casonk/path/mmani_root/mmani0/shared_data/hot/push_file/IDL/2020-10-08/AUTHOR_NET.pkl' -> '/home/casonk/path/flnt-mmani/Reddit_Communities/push_file/IDL/IDL/2020-10-08/AUTHOR_NET.pkl'
'/home/casonk/path/mmani_root/mmani0/shared_data/hot/push_file/IDL/2020-10-08/EDGE_LIST_SELFLESS_1_21.pkl' -> '/home/casonk/path/flnt-mmani/Reddit_Communities/push_file/IDL/IDL/2020-10-08/EDGE_LIST_SELFLESS_1_21.pkl'
'/home/casonk/path/mmani_root/mmani0/shared_data/hot/push_file/IDL/2020-10-08/EDGE_LIST_SELFLESS_2_21.pkl' -> '/home/casonk/path/flnt-mmani/Reddit_Communities/push_file/IDL/IDL/2020-10-08/EDGE_LIST_SELFLESS_2_21.pkl'
'/home/casonk/path/mmani_root/mmani0/shared_data/hot/push_file/IDL/2020-10-08/ID_PAIRS.pkl' -> '/home/casonk/path/flnt-mmani/Reddit_Communities/push_file/IDL/IDL/2020-10-08/ID_PAIRS.pkl'
'/home/casonk/path/mmani_root/mmani0/shared_data/hot/push_file/IDL/2020-10-08/EDGE_LIST_RAW.pkl' -> '/home/casonk/path/flnt-mmani/Reddit_Communities/push_file/IDL/IDL/2020-10-08/EDGE_LIST_RAW.pkl'
'/home/casonk/path/mmani_root/mmani0/shared_data/hot/push_file/IDL/2020-10-08/COMMUNITIES_SERIES_1_21_2.pkl' -> '/home/casonk/path/flnt-mmani/Reddit_Communities/push_file/IDL/IDL/2020-10-08/COMMUNITIES_SERIES_1_21_2.pkl'
'/home/casonk/path/mmani_root/mmani0/shared_data/hot/push_file/IDL/2020-10-08/LEVEL_MAP_1_21_2.pkl' -> '/home/casonk/path/flnt-mmani/Reddit_Communities/push_file/IDL/IDL/2020-10-08/LEVEL_MAP_1_21_2.pkl'
'/home/casonk/path/mmani_root/mmani0/shared_data/hot/push_file/IDL/2020-10-08/LEVEL_DF_1_21_2.pkl' -> '/home/casonk/path/flnt-mmani/Reddit_Communities/push_file/IDL/IDL/2020-10-08/LEVEL_DF_1_21_2.pkl'
'/home/casonk/path/mmani_root/mmani0/shared_data/hot/push_file/IDL/2020-10-08/MAXIMALIST_DF_1_21_2.pkl' -> '/home/casonk/path/flnt-mmani/Reddit_Communities/push_file/IDL/IDL/2020-10-08/MAXIMALIST_DF_1_21_2.pkl'
'/home/casonk/path/mmani_root/mmani0/shared_data/hot/push_file/IDL/2020-10-08/EI_DF_1_21_2.pkl' -> '/home/casonk/path/flnt-mmani/Reddit_Communities/push_file/IDL/IDL/2020-10-08/EI_DF_1_21_2.pkl'
'/home/casonk/path/mmani_root/mmani0/shared_data/hot/push_file/IDL/2020-10-08/CSP_1_21_2.pkl' -> '/home/casonk/path/flnt-mmani/Reddit_Communities/push_file/IDL/IDL/2020-10-08/CSP_1_21_2.pkl'
'/home/casonk/path/mmani_root/mmani0/shared_data/hot/push_file/IDL/2020-10-08/COMMUNITIES_DF_1_21_2.pkl' -> '/home/casonk/path/flnt-mmani/Reddit_Communities/push_file/IDL/IDL/2020-10-08/COMMUNITIES_DF_1_21_2.pkl'
'/home/casonk/path/mmani_root/mmani0/shared_data/hot/push_file/IDL/2020-10-08/CAP_1_21_2.pkl' -> '/home/casonk/path/flnt-mmani/Reddit_Communities/push_file/IDL/IDL/2020-10-08/CAP_1_21_2.pkl'
'/home/casonk/path/mmani_root/mmani0/shared_data/hot/push_file/IDL/2020-10-08/SUB_SETS_1_21_2.pkl' -> '/home/casonk/path/flnt-mmani/Reddit_Communities/push_file/IDL/IDL/2020-10-08/SUB_SETS_1_21_2.pkl'
'/home/casonk/path/mmani_root/mmani0/shared_data/hot/push_file/IDL/2020-10-08/AUTH_SETS_1_21_2.pkl' -> '/home/casonk/path/flnt-mmani/Reddit_Communities/push_file/IDL/IDL/2020-10-08/AUTH_SETS_1_21_2.pkl'
'/home/casonk/path/mmani_root/mmani0/shared_data/hot/push_file/IDL/2020-10-08/COMMUNITIES_SERIES_1_21_1.pkl' -> '/home/casonk/path/flnt-mmani/Reddit_Communities/push_file/IDL/IDL/2020-10-08/COMMUNITIES_SERIES_1_21_1.pkl'
'/home/casonk/path/mmani_root/mmani0/shared_data/hot/push_file/IDL/2020-10-08/LEVEL_MAP_1_21_1.pkl' -> '/home/casonk/path/flnt-mmani/Reddit_Communities/push_file/IDL/IDL/2020-10-08/LEVEL_MAP_1_21_1.pkl'
'/home/casonk/path/mmani_root/mmani0/shared_data/hot/push_file/IDL/2020-10-08/LEVEL_DF_1_21_1.pkl' -> '/home/casonk/path/flnt-mmani/Reddit_Communities/push_file/IDL/IDL/2020-10-08/LEVEL_DF_1_21_1.pkl'
'/home/casonk/path/mmani_root/mmani0/shared_data/hot/push_file/IDL/2020-10-08/MAXIMALIST_DF_1_21_1.pkl' -> '/home/casonk/path/flnt-mmani/Reddit_Communities/push_file/IDL/IDL/2020-10-08/MAXIMALIST_DF_1_21_1.pkl'
'/home/casonk/path/mmani_root/mmani0/shared_data/hot/push_file/IDL/2020-10-08/EI_DF_1_21_1.pkl' -> '/home/casonk/path/flnt-mmani/Reddit_Communities/push_file/IDL/IDL/2020-10-08/EI_DF_1_21_1.pkl'
'/home/casonk/path/mmani_root/mmani0/shared_data/hot/push_file/IDL/2020-10-08/CSP_1_21_1.pkl' -> '/home/casonk/path/flnt-mmani/Reddit_Communities/push_file/IDL/IDL/2020-10-08/CSP_1_21_1.pkl'
'/home/casonk/path/mmani_root/mmani0/shared_data/hot/push_file/IDL/2020-10-08/COMMUNITIES_DF_1_21_1.pkl' -> '/home/casonk/path/flnt-mmani/Reddit_Communities/push_file/IDL/IDL/2020-10-08/COMMUNITIES_DF_1_21_1.pkl'
'/home/casonk/path/mmani_root/mmani0/shared_data/hot/push_file/IDL/2020-10-08/CAP_1_21_1.pkl' -> '/home/casonk/path/flnt-mmani/Reddit_Communities/push_file/IDL/IDL/2020-10-08/CAP_1_21_1.pkl'
'/home/casonk/path/mmani_root/mmani0/shared_data/hot/push_file/IDL/2020-10-08/SUB_SETS_1_21_1.pkl' -> '/home/casonk/path/flnt-mmani/Reddit_Communities/push_file/IDL/IDL/2020-10-08/SUB_SETS_1_21_1.pkl'
'/home/casonk/path/mmani_root/mmani0/shared_data/hot/push_file/IDL/2020-10-08/AUTH_SETS_1_21_1.pkl' -> '/home/casonk/path/flnt-mmani/Reddit_Communities/push_file/IDL/IDL/2020-10-08/AUTH_SETS_1_21_1.pkl'
'/home/casonk/path/mmani_root/mmani0/shared_data/hot/push_file/IDL/2020-10-08/LC_1_21_2.pkl' -> '/home/casonk/path/flnt-mmani/Reddit_Communities/push_file/IDL/IDL/2020-10-08/LC_1_21_2.pkl'
'/home/casonk/path/mmani_root/mmani0/shared_data/hot/push_file/IDL/2020-10-08/COMMUNITIES_SERIES_1_21_0.5.pkl' -> '/home/casonk/path/flnt-mmani/Reddit_Communities/push_file/IDL/IDL/2020-10-08/COMMUNITIES_SERIES_1_21_0.5.pkl'
'/home/casonk/path/mmani_root/mmani0/shared_data/hot/push_file/IDL/2020-10-08/LEVEL_MAP_1_21_0.5.pkl' -> '/home/casonk/path/flnt-mmani/Reddit_Communities/push_file/IDL/IDL/2020-10-08/LEVEL_MAP_1_21_0.5.pkl'
'/home/casonk/path/mmani_root/mmani0/shared_data/hot/push_file/IDL/2020-10-08/LEVEL_DF_1_21_0.5.pkl' -> '/home/casonk/path/flnt-mmani/Reddit_Communities/push_file/IDL/IDL/2020-10-08/LEVEL_DF_1_21_0.5.pkl'
'/home/casonk/path/mmani_root/mmani0/shared_data/hot/push_file/IDL/2020-10-08/MAXIMALIST_DF_1_21_0.5.pkl' -> '/home/casonk/path/flnt-mmani/Reddit_Communities/push_file/IDL/IDL/2020-10-08/MAXIMALIST_DF_1_21_0.5.pkl'
'/home/casonk/path/mmani_root/mmani0/shared_data/hot/push_file/IDL/2020-10-08/EI_DF_1_21_0.5.pkl' -> '/home/casonk/path/flnt-mmani/Reddit_Communities/push_file/IDL/IDL/2020-10-08/EI_DF_1_21_0.5.pkl'
'/home/casonk/path/mmani_root/mmani0/shared_data/hot/push_file/IDL/2020-10-08/CSP_1_21_0.5.pkl' -> '/home/casonk/path/flnt-mmani/Reddit_Communities/push_file/IDL/IDL/2020-10-08/CSP_1_21_0.5.pkl'
'/home/casonk/path/mmani_root/mmani0/shared_data/hot/push_file/IDL/2020-10-08/COMMUNITIES_DF_1_21_0.5.pkl' -> '/home/casonk/path/flnt-mmani/Reddit_Communities/push_file/IDL/IDL/2020-10-08/COMMUNITIES_DF_1_21_0.5.pkl'
'/home/casonk/path/mmani_root/mmani0/shared_data/hot/push_file/IDL/2020-10-08/CAP_1_21_0.5.pkl' -> '/home/casonk/path/flnt-mmani/Reddit_Communities/push_file/IDL/IDL/2020-10-08/CAP_1_21_0.5.pkl'
'/home/casonk/path/mmani_root/mmani0/shared_data/hot/push_file/IDL/2020-10-08/SUB_SETS_1_21_0.5.pkl' -> '/home/casonk/path/flnt-mmani/Reddit_Communities/push_file/IDL/IDL/2020-10-08/SUB_SETS_1_21_0.5.pkl'
'/home/casonk/path/mmani_root/mmani0/shared_data/hot/push_file/IDL/2020-10-08/AUTH_SETS_1_21_0.5.pkl' -> '/home/casonk/path/flnt-mmani/Reddit_Communities/push_file/IDL/IDL/2020-10-08/AUTH_SETS_1_21_0.5.pkl'
'/home/casonk/path/mmani_root/mmani0/shared_data/hot/push_file/IDL/2020-10-08/TRIMMED_DF_1_21.pkl' -> '/home/casonk/path/flnt-mmani/Reddit_Communities/push_file/IDL/IDL/2020-10-08/TRIMMED_DF_1_21.pkl'
'/home/casonk/path/mmani_root/mmani0/shared_data/hot/push_file/IDL/2020-10-08/G_1_21.pkl' -> '/home/casonk/path/flnt-mmani/Reddit_Communities/push_file/IDL/IDL/2020-10-08/G_1_21.pkl'
'/home/casonk/path/mmani_root/mmani0/shared_data/hot/push_file/IDL/2020-10-08/LC_1_21_0.5.pkl' -> '/home/casonk/path/flnt-mmani/Reddit_Communities/push_file/IDL/IDL/2020-10-08/LC_1_21_0.5.pkl'
'/home/casonk/path/mmani_root/mmani0/shared_data/hot/push_file/IDL/2020-10-08/LC_1_21_1.pkl' -> '/home/casonk/path/flnt-mmani/Reddit_Communities/push_file/IDL/IDL/2020-10-08/LC_1_21_1.pkl'
'/home/casonk/path/mmani_root/mmani0/shared_data/hot/push_file/IDL/2020-10-09' -> '/home/casonk/path/flnt-mmani/Reddit_Communities/push_file/IDL/IDL/2020-10-09'
'/home/casonk/path/mmani_root/mmani0/shared_data/hot/push_file/IDL/2020-10-09/EDGE_LIST_SELFLESS.pkl' -> '/home/casonk/path/flnt-mmani/Reddit_Communities/push_file/IDL/IDL/2020-10-09/EDGE_LIST_SELFLESS.pkl'
'/home/casonk/path/mmani_root/mmani0/shared_data/hot/push_file/IDL/2020-10-09/AUTHOR_NET.pkl' -> '/home/casonk/path/flnt-mmani/Reddit_Communities/push_file/IDL/IDL/2020-10-09/AUTHOR_NET.pkl'
'/home/casonk/path/mmani_root/mmani0/shared_data/hot/push_file/IDL/2020-10-09/EDGE_LIST_SELFLESS_1_21.pkl' -> '/home/casonk/path/flnt-mmani/Reddit_Communities/push_file/IDL/IDL/2020-10-09/EDGE_LIST_SELFLESS_1_21.pkl'
'/home/casonk/path/mmani_root/mmani0/shared_data/hot/push_file/IDL/2020-10-09/EDGE_LIST_SELFLESS_2_21.pkl' -> '/home/casonk/path/flnt-mmani/Reddit_Communities/push_file/IDL/IDL/2020-10-09/EDGE_LIST_SELFLESS_2_21.pkl'
'/home/casonk/path/mmani_root/mmani0/shared_data/hot/push_file/IDL/2020-10-09/ID_PAIRS.pkl' -> '/home/casonk/path/flnt-mmani/Reddit_Communities/push_file/IDL/IDL/2020-10-09/ID_PAIRS.pkl'
'/home/casonk/path/mmani_root/mmani0/shared_data/hot/push_file/IDL/2020-10-09/EDGE_LIST_RAW.pkl' -> '/home/casonk/path/flnt-mmani/Reddit_Communities/push_file/IDL/IDL/2020-10-09/EDGE_LIST_RAW.pkl'
'/home/casonk/path/mmani_root/mmani0/shared_data/hot/push_file/IDL/2020-10-09/COMMUNITIES_SERIES_1_21_2.pkl' -> '/home/casonk/path/flnt-mmani/Reddit_Communities/push_file/IDL/IDL/2020-10-09/COMMUNITIES_SERIES_1_21_2.pkl'
'/home/casonk/path/mmani_root/mmani0/shared_data/hot/push_file/IDL/2020-10-09/LEVEL_MAP_1_21_2.pkl' -> '/home/casonk/path/flnt-mmani/Reddit_Communities/push_file/IDL/IDL/2020-10-09/LEVEL_MAP_1_21_2.pkl'
'/home/casonk/path/mmani_root/mmani0/shared_data/hot/push_file/IDL/2020-10-09/LEVEL_DF_1_21_2.pkl' -> '/home/casonk/path/flnt-mmani/Reddit_Communities/push_file/IDL/IDL/2020-10-09/LEVEL_DF_1_21_2.pkl'
'/home/casonk/path/mmani_root/mmani0/shared_data/hot/push_file/IDL/2020-10-09/MAXIMALIST_DF_1_21_2.pkl' -> '/home/casonk/path/flnt-mmani/Reddit_Communities/push_file/IDL/IDL/2020-10-09/MAXIMALIST_DF_1_21_2.pkl'
'/home/casonk/path/mmani_root/mmani0/shared_data/hot/push_file/IDL/2020-10-09/EI_DF_1_21_2.pkl' -> '/home/casonk/path/flnt-mmani/Reddit_Communities/push_file/IDL/IDL/2020-10-09/EI_DF_1_21_2.pkl'
'/home/casonk/path/mmani_root/mmani0/shared_data/hot/push_file/IDL/2020-10-09/CSP_1_21_2.pkl' -> '/home/casonk/path/flnt-mmani/Reddit_Communities/push_file/IDL/IDL/2020-10-09/CSP_1_21_2.pkl'
'/home/casonk/path/mmani_root/mmani0/shared_data/hot/push_file/IDL/2020-10-09/COMMUNITIES_DF_1_21_2.pkl' -> '/home/casonk/path/flnt-mmani/Reddit_Communities/push_file/IDL/IDL/2020-10-09/COMMUNITIES_DF_1_21_2.pkl'
'/home/casonk/path/mmani_root/mmani0/shared_data/hot/push_file/IDL/2020-10-09/CAP_1_21_2.pkl' -> '/home/casonk/path/flnt-mmani/Reddit_Communities/push_file/IDL/IDL/2020-10-09/CAP_1_21_2.pkl'
'/home/casonk/path/mmani_root/mmani0/shared_data/hot/push_file/IDL/2020-10-09/SUB_SETS_1_21_2.pkl' -> '/home/casonk/path/flnt-mmani/Reddit_Communities/push_file/IDL/IDL/2020-10-09/SUB_SETS_1_21_2.pkl'
'/home/casonk/path/mmani_root/mmani0/shared_data/hot/push_file/IDL/2020-10-09/AUTH_SETS_1_21_2.pkl' -> '/home/casonk/path/flnt-mmani/Reddit_Communities/push_file/IDL/IDL/2020-10-09/AUTH_SETS_1_21_2.pkl'
'/home/casonk/path/mmani_root/mmani0/shared_data/hot/push_file/IDL/2020-10-09/COMMUNITIES_SERIES_1_21_1.pkl' -> '/home/casonk/path/flnt-mmani/Reddit_Communities/push_file/IDL/IDL/2020-10-09/COMMUNITIES_SERIES_1_21_1.pkl'
'/home/casonk/path/mmani_root/mmani0/shared_data/hot/push_file/IDL/2020-10-09/LEVEL_MAP_1_21_1.pkl' -> '/home/casonk/path/flnt-mmani/Reddit_Communities/push_file/IDL/IDL/2020-10-09/LEVEL_MAP_1_21_1.pkl'
'/home/casonk/path/mmani_root/mmani0/shared_data/hot/push_file/IDL/2020-10-09/LEVEL_DF_1_21_1.pkl' -> '/home/casonk/path/flnt-mmani/Reddit_Communities/push_file/IDL/IDL/2020-10-09/LEVEL_DF_1_21_1.pkl'
'/home/casonk/path/mmani_root/mmani0/shared_data/hot/push_file/IDL/2020-10-09/MAXIMALIST_DF_1_21_1.pkl' -> '/home/casonk/path/flnt-mmani/Reddit_Communities/push_file/IDL/IDL/2020-10-09/MAXIMALIST_DF_1_21_1.pkl'
'/home/casonk/path/mmani_root/mmani0/shared_data/hot/push_file/IDL/2020-10-09/EI_DF_1_21_1.pkl' -> '/home/casonk/path/flnt-mmani/Reddit_Communities/push_file/IDL/IDL/2020-10-09/EI_DF_1_21_1.pkl'
'/home/casonk/path/mmani_root/mmani0/shared_data/hot/push_file/IDL/2020-10-09/CSP_1_21_1.pkl' -> '/home/casonk/path/flnt-mmani/Reddit_Communities/push_file/IDL/IDL/2020-10-09/CSP_1_21_1.pkl'
'/home/casonk/path/mmani_root/mmani0/shared_data/hot/push_file/IDL/2020-10-09/COMMUNITIES_DF_1_21_1.pkl' -> '/home/casonk/path/flnt-mmani/Reddit_Communities/push_file/IDL/IDL/2020-10-09/COMMUNITIES_DF_1_21_1.pkl'
'/home/casonk/path/mmani_root/mmani0/shared_data/hot/push_file/IDL/2020-10-09/CAP_1_21_1.pkl' -> '/home/casonk/path/flnt-mmani/Reddit_Communities/push_file/IDL/IDL/2020-10-09/CAP_1_21_1.pkl'
'/home/casonk/path/mmani_root/mmani0/shared_data/hot/push_file/IDL/2020-10-09/SUB_SETS_1_21_1.pkl' -> '/home/casonk/path/flnt-mmani/Reddit_Communities/push_file/IDL/IDL/2020-10-09/SUB_SETS_1_21_1.pkl'
'/home/casonk/path/mmani_root/mmani0/shared_data/hot/push_file/IDL/2020-10-09/AUTH_SETS_1_21_1.pkl' -> '/home/casonk/path/flnt-mmani/Reddit_Communities/push_file/IDL/IDL/2020-10-09/AUTH_SETS_1_21_1.pkl'
'/home/casonk/path/mmani_root/mmani0/shared_data/hot/push_file/IDL/2020-10-09/LC_1_21_2.pkl' -> '/home/casonk/path/flnt-mmani/Reddit_Communities/push_file/IDL/IDL/2020-10-09/LC_1_21_2.pkl'
'/home/casonk/path/mmani_root/mmani0/shared_data/hot/push_file/IDL/2020-10-09/COMMUNITIES_SERIES_1_21_0.5.pkl' -> '/home/casonk/path/flnt-mmani/Reddit_Communities/push_file/IDL/IDL/2020-10-09/COMMUNITIES_SERIES_1_21_0.5.pkl'
'/home/casonk/path/mmani_root/mmani0/shared_data/hot/push_file/IDL/2020-10-09/LEVEL_MAP_1_21_0.5.pkl' -> '/home/casonk/path/flnt-mmani/Reddit_Communities/push_file/IDL/IDL/2020-10-09/LEVEL_MAP_1_21_0.5.pkl'
'/home/casonk/path/mmani_root/mmani0/shared_data/hot/push_file/IDL/2020-10-09/LEVEL_DF_1_21_0.5.pkl' -> '/home/casonk/path/flnt-mmani/Reddit_Communities/push_file/IDL/IDL/2020-10-09/LEVEL_DF_1_21_0.5.pkl'
'/home/casonk/path/mmani_root/mmani0/shared_data/hot/push_file/IDL/2020-10-09/MAXIMALIST_DF_1_21_0.5.pkl' -> '/home/casonk/path/flnt-mmani/Reddit_Communities/push_file/IDL/IDL/2020-10-09/MAXIMALIST_DF_1_21_0.5.pkl'
'/home/casonk/path/mmani_root/mmani0/shared_data/hot/push_file/IDL/2020-10-09/EI_DF_1_21_0.5.pkl' -> '/home/casonk/path/flnt-mmani/Reddit_Communities/push_file/IDL/IDL/2020-10-09/EI_DF_1_21_0.5.pkl'
'/home/casonk/path/mmani_root/mmani0/shared_data/hot/push_file/IDL/2020-10-09/CSP_1_21_0.5.pkl' -> '/home/casonk/path/flnt-mmani/Reddit_Communities/push_file/IDL/IDLslurmstepd: error: *** JOB 40685208 ON gl3347 CANCELLED AT 2022-08-10T23:19:57 ***
