root_script: extract_edges.sbat
Requirement already satisfied: decorator==5.1.0 in /home/casonk/.local/lib/python3.9/site-packages (5.1.0)
WARNING: You are using pip version 21.2.4; however, version 22.2.1 is available.
You should consider upgrading via the '/sw/arcts/centos7/python/3.9.7/bin/python3.9 -m pip install --upgrade pip' command.
Requirement already satisfied: pandas==1.4.2 in /home/casonk/.local/lib/python3.9/site-packages (1.4.2)
Requirement already satisfied: numpy>=1.18.5 in /home/casonk/.local/lib/python3.9/site-packages (from pandas==1.4.2) (1.22.3)
Requirement already satisfied: pytz>=2020.1 in /home/casonk/.local/lib/python3.9/site-packages (from pandas==1.4.2) (2022.1)
Requirement already satisfied: python-dateutil>=2.8.1 in /home/casonk/.local/lib/python3.9/site-packages (from pandas==1.4.2) (2.8.2)
Requirement already satisfied: six>=1.5 in /sw/arcts/centos7/python/3.9.7/lib/python3.9/site-packages (from python-dateutil>=2.8.1->pandas==1.4.2) (1.16.0)
WARNING: You are using pip version 21.2.4; however, version 22.2.1 is available.
You should consider upgrading via the '/sw/arcts/centos7/python/3.9.7/bin/python3.9 -m pip install --upgrade pip' command.
Requirement already satisfied: networkx==2.7.1 in /home/casonk/.local/lib/python3.9/site-packages (2.7.1)
WARNING: You are using pip version 21.2.4; however, version 22.2.1 is available.
You should consider upgrading via the '/sw/arcts/centos7/python/3.9.7/bin/python3.9 -m pip install --upgrade pip' command.

/sw/arcts/centos7/python/3.9.7/bin/python

spinning up at: Sun Jul 31 00:10:19 EDT 2022
Job submitted by gl-login1.arc-ts.umich.edu
Job ID 40188836
Running on gl[3049,3234-3237]
Running in /home/casonk/path/mmani_root/mmani0/shared_data/pushshift_python/Great_Lakes_HPC/pys/insurrection 

pass: 2020-10-04 1 21
pass: 2020-10-05 1 21
pass: 2020-10-06 1 21
pass: 2020-10-07 1 21
pass: 2020-10-08 1 21
pass: 2020-10-09 1 21
pass: 2020-10-10 1 21
pass: 2020-10-11 1 21
pass: 2020-10-12 1 21
pass: 2020-10-13 1 21
pass: 2020-10-14 1 21
pass: 2020-10-15 1 21
pass: 2020-10-16 1 21
pass: 2020-10-17 1 21
pass: 2020-10-18 1 21
pass: 2020-10-19 1 21
pass: 2020-10-20 1 21
pass: 2020-10-21 1 21
pass: 2020-10-22 1 21
pass: 2020-10-23 1 21
pass: 2020-10-24 1 21
pass: 2020-10-25 1 21
pass: 2020-10-26 1 21
pass: 2020-10-27 1 21
pass: 2020-10-28 1 21
pass: 2020-10-29 1 21
pass: 2020-10-30 1 21
pass: 2020-10-31 1 21
pass: 2020-11-01 1 21
pass: 2020-11-02 1 21
pass: 2020-11-03 1 21
pass: 2020-11-04 1 21
pass: 2020-11-05 1 21
pass: 2020-11-06 1 21
pass: 2020-11-07 1 21
pass: 2020-11-08 1 21
pass: 2020-11-09 1 21
pass: 2020-11-10 1 21
pass: 2020-11-11 1 21
pass: 2020-11-12 1 21
pass: 2020-11-13 1 21
pass: 2020-11-14 1 21
pass: 2020-11-15 1 21
pass: 2020-11-16 1 21
pass: 2020-11-17 1 21
pass: 2020-11-18 1 21
pass: 2020-11-19 1 21
pass: 2020-11-20 1 21
pass: 2020-11-21 1 21
pass: 2020-11-22 1 21
pass: 2020-11-23 1 21
pass: 2020-11-24 1 21
pass: 2020-11-25 1 21
pass: 2020-11-26 1 21
pass: 2020-11-27 1 21
pass: 2020-11-28 1 21
pass: 2020-11-29 1 21
pass: 2020-11-30 1 21
pass: 2020-12-01 1 21
pass: 2020-12-02 1 21
pass: 2020-12-03 1 21
pass: 2020-12-04 1 21
pass: 2020-12-05 1 21
pass: 2020-12-06 1 21
pass: 2020-12-07 1 21
pass: 2020-12-08 1 21
pass: 2020-12-09 1 21
pass: 2020-12-10 1 21
pass: 2020-12-11 1 21
pass: 2020-12-12 1 21
pass: 2020-12-13 1 21
pass: 2020-12-14 1 21
pass: 2020-12-15 1 21
pass: 2020-12-16 1 21
pass: 2020-12-17 1 21
pass: 2020-12-18 1 21
pass: 2020-12-19 1 21
pass: 2020-12-20 1 21
pass: 2020-12-21 1 21
pass: 2020-12-22 1 21
pass: 2020-12-23 1 21
pass: 2020-12-24 1 21
pass: 2020-12-25 1 21
pass: 2020-12-26 1 21
pass: 2020-12-27 1 21
pass: 2020-12-28 1 21
pass: 2020-12-29 1 21
pass: 2020-12-30 1 21
pass: 2020-12-31 1 21
pass: 2021-01-01 1 21
pass: 2021-01-02 1 21
pass: 2021-01-03 1 21
pass: 2021-01-04 1 21
pass: 2021-01-05 1 21
pass: 2021-01-06 1 21
pass: 2021-01-07 1 21
pass: 2021-01-08 1 21
pass: 2021-01-09 1 21
pass: 2021-01-10 1 21
pass: 2021-01-11 1 21
pass: 2021-01-12 1 21
pass: 2021-01-13 1 21
pass: 2021-01-14 1 21
pass: 2021-01-15 1 21
pass: 2021-01-16 1 21
pass: 2021-01-17 1 21
pass: 2021-01-18 1 21
pass: 2021-01-19 1 21
pass: 2021-01-20 1 21
pass: 2021-01-21 1 21
pass: 2021-01-22 1 21
pass: 2021-01-23 1 21
pass: 2021-01-24 1 21
pass: 2021-01-25 1 21
pass: 2021-01-26 1 21
pass: 2021-01-27 1 21
pass: 2021-01-28 1 21
pass: 2021-01-29 1 21
pass: 2021-01-30 1 21
pass: 2021-01-31 1 21
pass: 2021-02-01 1 21
pass: 2021-02-02 1 21
pass: 2021-02-03 1 21
pass: 2021-02-04 1 21
pass: 2021-02-05 1 21
pass: 2021-02-06 1 21
pass: 2021-02-07 1 21
pass: 2021-02-08 1 21
pass: 2021-02-09 1 21
pass: 2021-02-10 1 21
pass: 2021-02-11 1 21
pass: 2021-02-12 1 21
pass: 2021-02-13 1 21
pass: 2021-02-14 1 21
pass: 2021-02-15 1 21
pass: 2021-02-16 1 21
pass: 2021-02-17 1 21
pass: 2021-02-18 1 21
pass: 2021-02-19 1 21
pass: 2021-02-20 1 21
pass: 2021-02-21 1 21
pass: 2021-02-22 1 21
pass: 2021-02-23 1 21
pass: 2021-02-24 1 21
pass: 2021-02-25 1 21
pass: 2021-02-26 1 21
pass: 2021-02-27 1 21
pass: 2021-02-28 1 21
pass: 2021-03-01 1 21
pass: 2021-03-02 1 21
pass: 2021-03-03 1 21
pass: 2021-03-04 1 21
pass: 2021-03-05 1 21
pass: 2021-03-06 1 21
pass: 2021-03-07 1 21
pass: 2021-03-08 1 21
pass: 2021-03-09 1 21
pass: 2021-03-10 1 21
pass: 2021-03-11 1 21
pass: 2021-03-12 1 21
pass: 2021-03-13 1 21
pass: 2021-03-14 1 21
pass: 2021-03-15 1 21
pass: 2021-03-16 1 21
pass: 2021-03-17 1 21
pass: 2021-03-18 1 21
pass: 2021-03-19 1 21
pass: 2021-03-20 1 21
pass: 2021-03-21 1 21
pass: 2021-03-22 1 21
pass: 2021-03-23 1 21
pass: 2021-03-24 1 21
pass: 2021-03-25 1 21
pass: 2021-03-26 1 21
pass: 2021-03-27 1 21
2020-10-04 14278 0.5
pass lc: 2020-10-05 0.5
pass lc: 2020-10-06 0.5
pass lc: 2020-10-07 0.5
pass lc: 2020-10-08 0.5
pass lc: 2020-10-09 0.5
pass lc: 2020-10-10 0.5
pass lc: 2020-10-11 0.5
pass lc: 2020-10-12 0.5
pass lc: 2020-10-13 0.5
pass lc: 2020-10-14 0.5
pass lc: 2020-10-15 0.5
pass lc: 2020-10-16 0.5
pass lc: 2020-10-17 0.5
pass lc: 2020-10-18 0.5
pass lc: 2020-10-19 0.5
pass lc: 2020-10-20 0.5
pass lc: 2020-10-21 0.5
pass lc: 2020-10-22 0.5
pass lc: 2020-10-23 0.5
pass lc: 2020-10-24 0.5
pass lc: 2020-10-25 0.5
pass lc: 2020-10-26 0.5
pass lc: 2020-10-27 0.5
pass lc: 2020-10-28 0.5
pass lc: 2020-10-29 0.5
pass lc: 2020-10-30 0.5
pass lc: 2020-10-31 0.5
pass lc: 2020-11-01 0.5
pass lc: 2020-11-02 0.5
pass lc: 2020-11-03 0.5
pass lc: 2020-11-04 0.5
pass lc: 2020-11-05 0.5
pass lc: 2020-11-06 0.5
pass lc: 2020-11-07 0.5
pass lc: 2020-11-08 0.5
pass lc: 2020-11-09 0.5
pass lc: 2020-11-10 0.5
pass lc: 2020-11-11 0.5
pass lc: 2020-11-12 0.5
pass lc: 2020-11-13 0.5
pass lc: 2020-11-14 0.5
pass lc: 2020-11-15 0.5
pass lc: 2020-11-16 0.5
pass lc: 2020-11-17 0.5
pass lc: 2020-11-18 0.5
pass lc: 2020-11-19 0.5
pass lc: 2020-11-20 0.5
pass lc: 2020-11-21 0.5
pass lc: 2020-11-22 0.5
pass lc: 2020-11-23 0.5
pass lc: 2020-11-24 0.5
pass lc: 2020-11-25 0.5
pass lc: 2020-11-26 0.5
pass lc: 2020-11-27 0.5
pass lc: 2020-11-28 0.5
pass lc: 2020-11-29 0.5
pass lc: 2020-11-30 0.5
pass lc: 2020-12-01 0.5
pass lc: 2020-12-02 0.5
pass lc: 2020-12-03 0.5
pass lc: 2020-12-04 0.5
pass lc: 2020-12-05 0.5
pass lc: 2020-12-06 0.5
pass lc: 2020-12-07 0.5
pass lc: 2020-12-08 0.5
pass lc: 2020-12-09 0.5
pass lc: 2020-12-10 0.5
pass lc: 2020-12-11 0.5
pass lc: 2020-12-12 0.5
pass lc: 2020-12-13 0.5
pass lc: 2020-12-14 0.5
pass lc: 2020-12-15 0.5
pass lc: 2020-12-16 0.5
pass lc: 2020-12-17 0.5
pass lc: 2020-12-18 0.5
pass lc: 2020-12-19 0.5
pass lc: 2020-12-20 0.5
pass lc: 2020-12-21 0.5
pass lc: 2020-12-22 0.5
pass lc: 2020-12-23 0.5
pass lc: 2020-12-24 0.5
pass lc: 2020-12-25 0.5
pass lc: 2020-12-26 0.5
pass lc: 2020-12-27 0.5
pass lc: 2020-12-28 0.5
pass lc: 2020-12-29 0.5
pass lc: 2020-12-30 0.5
pass lc: 2020-12-31 0.5
pass lc: 2021-01-01 0.5
pass lc: 2021-01-02 0.5
pass lc: 2021-01-03 0.5
pass lc: 2021-01-04 0.5
pass lc: 2021-01-05 0.5
pass lc: 2021-01-06 0.5
pass lc: 2021-01-07 0.5
pass lc: 2021-01-08 0.5
pass lc: 2021-01-09 0.5
pass lc: 2021-01-10 0.5
pass lc: 2021-01-11 0.5
pass lc: 2021-01-12 0.5
pass lc: 2021-01-13 0.5
pass lc: 2021-01-14 0.5
pass lc: 2021-01-15 0.5
pass lc: 2021-01-16 0.5
pass lc: 2021-01-17 0.5
pass lc: 2021-01-18 0.5
pass lc: 2021-01-19 0.5
pass lc: 2021-01-20 0.5
pass lc: 2021-01-21 0.5
pass lc: 2021-01-22 0.5
pass lc: 2021-01-23 0.5
pass lc: 2021-01-24 0.5
pass lc: 2021-01-25 0.5
pass lc: 2021-01-26 0.5
pass lc: 2021-01-27 0.5
pass lc: 2021-01-28 0.5
pass lc: 2021-01-29 0.5
pass lc: 2021-01-30 0.5
pass lc: 2021-01-31 0.5
pass lc: 2021-02-01 0.5
pass lc: 2021-02-02 0.5
pass lc: 2021-02-03 0.5
pass lc: 2021-02-04 0.5
pass lc: 2021-02-05 0.5
pass lc: 2021-02-06 0.5
pass lc: 2021-02-07 0.5
pass lc: 2021-02-08 0.5
pass lc: 2021-02-09 0.5
pass lc: 2021-02-10 0.5
pass lc: 2021-02-11 0.5
pass lc: 2021-02-12 0.5
pass lc: 2021-02-13 0.5
pass lc: 2021-02-14 0.5
pass lc: 2021-02-15 0.5
pass lc: 2021-02-16 0.5
pass lc: 2021-02-17 0.5
pass lc: 2021-02-18 0.5
pass lc: 2021-02-19 0.5
pass lc: 2021-02-20 0.5
pass lc: 2021-02-21 0.5
pass lc: 2021-02-22 0.5
pass lc: 2021-02-23 0.5
pass lc: 2021-02-24 0.5
pass lc: 2021-02-25 0.5
pass lc: 2021-02-26 0.5
pass lc: 2021-02-27 0.5
pass lc: 2021-02-28 0.5
pass lc: 2021-03-01 0.5
pass lc: 2021-03-02 0.5
pass lc: 2021-03-03 0.5
pass lc: 2021-03-04 0.5
pass lc: 2021-03-05 0.5
pass lc: 2021-03-06 0.5
pass lc: 2021-03-07 0.5
pass lc: 2021-03-08 0.5
pass lc: 2021-03-09 0.5
pass lc: 2021-03-10 0.5
pass lc: 2021-03-11 0.5
pass lc: 2021-03-12 0.5
pass lc: 2021-03-13 0.5
pass lc: 2021-03-14 0.5
pass lc: 2021-03-15 0.5
pass lc: 2021-03-16 0.5
pass lc: 2021-03-17 0.5
pass lc: 2021-03-18 0.5
pass lc: 2021-03-19 0.5
pass lc: 2021-03-20 0.5
pass lc: 2021-03-21 0.5
pass lc: 2021-03-22 0.5
pass lc: 2021-03-23 0.5
pass lc: 2021-03-24 0.5
pass lc: 2021-03-25 0.5
pass lc: 2021-03-26 0.5
pass lc: 2021-03-27 0.5
pass lc: 2020-10-04 1
pass lc: 2020-10-05 1
pass lc: 2020-10-06 1
pass lc: 2020-10-07 1
pass lc: 2020-10-08 1
pass lc: 2020-10-09 1
pass lc: 2020-10-10 1
pass lc: 2020-10-11 1
pass lc: 2020-10-12 1
pass lc: 2020-10-13 1
pass lc: 2020-10-14 1
pass lc: 2020-10-15 1
pass lc: 2020-10-16 1
pass lc: 2020-10-17 1
pass lc: 2020-10-18 1
pass lc: 2020-10-19 1
pass lc: 2020-10-20 1
pass lc: 2020-10-21 1
pass lc: 2020-10-22 1
pass lc: 2020-10-23 1
pass lc: 2020-10-24 1
pass lc: 2020-10-25 1
pass lc: 2020-10-26 1
pass lc: 2020-10-27 1
pass lc: 2020-10-28 1
pass lc: 2020-10-29 1
pass lc: 2020-10-30 1
pass lc: 2020-10-31 1
pass lc: 2020-11-01 1
pass lc: 2020-11-02 1
pass lc: 2020-11-03 1
pass lc: 2020-11-04 1
pass lc: 2020-11-05 1
pass lc: 2020-11-06 1
pass lc: 2020-11-07 1
pass lc: 2020-11-08 1
pass lc: 2020-11-09 1
pass lc: 2020-11-10 1
pass lc: 2020-11-11 1
pass lc: 2020-11-12 1
pass lc: 2020-11-13 1
pass lc: 2020-11-14 1
pass lc: 2020-11-15 1
pass lc: 2020-11-16 1
pass lc: 2020-11-17 1
pass lc: 2020-11-18 1
pass lc: 2020-11-19 1
pass lc: 2020-11-20 1
pass lc: 2020-11-21 1
pass lc: 2020-11-22 1
pass lc: 2020-11-23 1
pass lc: 2020-11-24 1
pass lc: 2020-11-25 1
pass lc: 2020-11-26 1
pass lc: 2020-11-27 1
pass lc: 2020-11-28 1
pass lc: 2020-11-29 1
pass lc: 2020-11-30 1
pass lc: 2020-12-01 1
pass lc: 2020-12-02 1
pass lc: 2020-12-03 1
pass lc: 2020-12-04 1
pass lc: 2020-12-05 1
pass lc: 2020-12-06 1
pass lc: 2020-12-07 1
pass lc: 2020-12-08 1
pass lc: 2020-12-09 1
pass lc: 2020-12-10 1
pass lc: 2020-12-11 1
pass lc: 2020-12-12 1
pass lc: 2020-12-13 1
pass lc: 2020-12-14 1
pass lc: 2020-12-15 1
pass lc: 2020-12-16 1
pass lc: 2020-12-17 1
pass lc: 2020-12-18 1
pass lc: 2020-12-19 1
pass lc: 2020-12-20 1
pass lc: 2020-12-21 1
pass lc: 2020-12-22 1
pass lc: 2020-12-23 1
pass lc: 2020-12-24 1
pass lc: 2020-12-25 1
pass lc: 2020-12-26 1
pass lc: 2020-12-27 1
pass lc: 2020-12-28 1
pass lc: 2020-12-29 1
pass lc: 2020-12-30 1
pass lc: 2020-12-31 1
pass lc: 2021-01-01 1
pass lc: 2021-01-02 1
pass lc: 2021-01-03 1
pass lc: 2021-01-04 1
pass lc: 2021-01-05 1
pass lc: 2021-01-06 1
pass lc: 2021-01-07 1
pass lc: 2021-01-08 1
pass lc: 2021-01-09 1
pass lc: 2021-01-10 1
pass lc: 2021-01-11 1
pass lc: 2021-01-12 1
pass lc: 2021-01-13 1
pass lc: 2021-01-14 1
pass lc: 2021-01-15 1
pass lc: 2021-01-16 1
pass lc: 2021-01-17 1
pass lc: 2021-01-18 1
pass lc: 2021-01-19 1
pass lc: 2021-01-20 1
pass lc: 2021-01-21 1
pass lc: 2021-01-22 1
pass lc: 2021-01-23 1
pass lc: 2021-01-24 1
pass lc: 2021-01-25 1
pass lc: 2021-01-26 1
pass lc: 2021-01-27 1
pass lc: 2021-01-28 1
pass lc: 2021-01-29 1
pass lc: 2021-01-30 1
pass lc: 2021-01-31 1
pass lc: 2021-02-01 1
pass lc: 2021-02-02 1
pass lc: 2021-02-03 1
pass lc: 2021-02-04 1
pass lc: 2021-02-05 1
pass lc: 2021-02-06 1
pass lc: 2021-02-07 1
pass lc: 2021-02-08 1
pass lc: 2021-02-09 1
pass lc: 2021-02-10 1
pass lc: 2021-02-11 1
pass lc: 2021-02-12 1
pass lc: 2021-02-13 1
pass lc: 2021-02-14 1
pass lc: 2021-02-15 1
pass lc: 2021-02-16 1
pass lc: 2021-02-17 1
pass lc: 2021-02-18 1
pass lc: 2021-02-19 1
pass lc: 2021-02-20 1
pass lc: 2021-02-21 1
2021-02-22 15502 1
2021-02-23 15402 1
2021-02-24 15459 1
2021-02-25 15296 1
2021-02-26 15356 1
2021-02-27 15385 1
2021-02-28 15414 1
2021-03-01 15510 1
2021-03-02 15429 1
2021-03-03 15489 1
2021-03-04 15487 1
2021-03-05 15406 1
2021-03-06 15237 1
2021-03-07 15232 1
2021-03-08 15172 1
2021-03-09 15316 1
2021-03-10 15337 1
2021-03-11 15442 1
2021-03-12 15545 1
2021-03-13 15563 1
2021-03-14 15646 1
2021-03-15 15610 1
2021-03-16 15499 1
2021-03-17 15342 1
2021-03-18 15338 1
2021-03-19 15539 1
2021-03-20 15375 1
2021-03-21 15340 1
2021-03-22 15110 1
2021-03-23 15088 1
2021-03-24 15088 1
2021-03-25 14952 1
2021-03-26 15196 1
2021-03-27 15167 1
2020-10-04 13872 2
2020-10-05 13930 2
2020-10-06 13760 2
2020-10-07 13932 2
2020-10-08 13936 2
2020-10-09 13887 2
2020-10-10 13850 2
2020-10-11 13834 2
2020-10-12 13798 2
2020-10-13 13866 2
2020-10-14 13882 2
2020-10-15 14145 2
2020-10-16 14272 2
2020-10-17 14177 2
2020-10-18 13933 2
2020-10-19 13924 2
2020-10-20 13848 2
2020-10-21 13696 2
2020-10-22 13731 2
2020-10-23 13819 2
2020-10-24 13958 2
2020-10-25 13839 2
2020-10-26 13647 2
2020-10-27 13658 2
2020-10-28 13699 2
2020-10-29 13819 2
2020-10-30 13682 2
2020-10-31 13587 2
2020-11-01 13557 2
2020-11-02 13544 2
2020-11-03 13569 2
2020-11-04 13348 2
2020-11-05 13570 2
2020-11-06 13706 2
2020-11-07 13777 2
2020-11-08 13946 2
2020-11-09 13996 2
2020-11-10 13905 2
2020-11-11 14106 2
2020-11-12 14166 2
2020-11-13 13917 2
2020-11-14 13797 2
2020-11-15 13924 2
2020-11-16 13929 2
2020-11-17 13837 2
2020-11-18 13815 2
2020-11-19 13811 2
2020-11-20 13867 2
2020-11-21 13936 2
2020-11-22 13852 2
2020-11-23 13761 2
2020-11-24 13924 2
2020-11-25 13976 2
2020-11-26 13953 2
2020-11-27 13850 2
2020-11-28 13925 2
2020-11-29 13962 2
2020-11-30 13900 2
2020-12-01 13820 2
2020-12-02 13922 2
2020-12-03 14111 2
2020-12-04 14274 2
2020-12-05 14157 2
2020-12-06 14008 2
2020-12-07 14008 2
2020-12-08 14030 2
2020-12-09 13997 2
2020-12-10 13751 2
2020-12-11 13857 2
2020-12-12 14050 2
2020-12-13 13832 2
2020-12-14 13667 2
2020-12-15 13580 2
2020-12-16 13588 2
2020-12-17 13544 2
2020-12-18 13404 2
2020-12-19 13619 2
2020-12-20 13675 2
2020-12-21 13459 2
2020-12-22 13268 2
2020-12-23 13448 2
2020-12-24 13538 2
2020-12-25 13664 2
2020-12-26 13691 2
2020-12-27 13905 2
2020-12-28 13820 2
2020-12-29 13859 2
2020-12-30 13893 2
2020-12-31 14091 2
2021-01-01 14168 2
2021-01-02 14220 2
2021-01-03 14250 2
2021-01-04 14282 2
2021-01-05 14233 2
2021-01-06 14344 2
2021-01-07 14377 2
2021-01-08 14341 2
2021-01-09 14623 2
2021-01-10 14590 2
2021-01-11 14650 2
2021-01-12 14691 2
2021-01-13 14614 2
2021-01-14 14552 2
2021-01-15 14544 2
2021-01-16 14422 2
2021-01-17 14281 2
2021-01-18 14427 2
2021-01-19 14409 2
2021-01-20 14298 2
2021-01-21 14318 2
2021-01-22 14275 2
2021-01-23 14483 2
2021-01-24 14877 2
2021-01-25 15198 2
2021-01-26 15267 2
2021-01-27 15581 2
2021-01-28 15739 2
2021-01-29 16069 2
2021-01-30 16112 2
2021-01-31 15896 2
2021-02-01 15717 2
2021-02-02 15593 2
2021-02-03 15590 2
2021-02-04 15537 2
2021-02-05 15573 2
2021-02-06 15674 2
2021-02-07 15640 2
2021-02-08 15530 2
2021-02-09 15378 2
2021-02-10 15325 2
2021-02-11 15119 2
2021-02-12 15013 2
2021-02-13 15028 2
2021-02-14 14891 2
2021-02-15 15008 2
2021-02-16 14917 2
2021-02-17 14857 2
2021-02-18 14991 2
2021-02-19 14966 2
2021-02-20 15012 2
2021-02-21 15135 2
2021-02-22 15187 2
2021-02-23 15155 2
2021-02-24 15188 2
2021-02-25 15109 2
2021-02-26 15127 2
2021-02-27 15186 2
2021-02-28 15210 2
2021-03-01 15320 2
2021-03-02 15174 2
2021-03-03 15224 2
2021-03-04 15250 2
2021-03-05 15127 2
2021-03-06 15011 2
2021-03-07 14966 2
2021-03-08 15003 2
2021-03-09 15049 2
2021-03-10 15223 2
2021-03-11 15358 2
2021-03-12 15341 2
2021-03-13 15390 2
2021-03-14 15455 2
2021-03-15 15351 2
2021-03-16 15293 2
2021-03-17 15137 2
2021-03-18 15136 2
2021-03-19 15305 2
2021-03-20 15171 2
2021-03-21 15081 2
2021-03-22 14845 2
2021-03-23 14861 2
2021-03-24 14943 2
2021-03-25 14900 2
2021-03-26 14935 2
2021-03-27 15004 2
backing up data to turbo buffer
source := /home/casonk/path/mmani_root/mmani0/shared_data/hot/push_file/IDL/
target := /home/casonk/path/flnt-mmani/Reddit_Communities/push_file/IDL/

176 files to copy

target directory purged

copying *.csv*
cp: cannot stat ‘/home/casonk/path/mmani_root/mmani0/shared_data/hot/push_file/IDL/*.csv*’: No such file or directory

1 of 176 files copied

spinning down at: Fri Aug  5 20:30:10 EDT 2022
