root_script: extract_edges.sbat
Requirement already satisfied: decorator==5.1.0 in /home/casonk/.local/lib/python3.9/site-packages (5.1.0)
WARNING: You are using pip version 22.0.4; however, version 22.3 is available.
You should consider upgrading via the '/sw/pkgs/arc/python/3.9.12/bin/python3.9 -m pip install --upgrade pip' command.
Requirement already satisfied: pandas==1.4.2 in /home/casonk/.local/lib/python3.9/site-packages (1.4.2)
Requirement already satisfied: python-dateutil>=2.8.1 in /home/casonk/.local/lib/python3.9/site-packages (from pandas==1.4.2) (2.8.2)
Requirement already satisfied: pytz>=2020.1 in /home/casonk/.local/lib/python3.9/site-packages (from pandas==1.4.2) (2022.1)
Requirement already satisfied: numpy>=1.18.5 in /home/casonk/.local/lib/python3.9/site-packages (from pandas==1.4.2) (1.22.3)
Requirement already satisfied: six>=1.5 in /sw/pkgs/arc/python/3.9.12/lib/python3.9/site-packages (from python-dateutil>=2.8.1->pandas==1.4.2) (1.16.0)
WARNING: You are using pip version 22.0.4; however, version 22.3 is available.
You should consider upgrading via the '/sw/pkgs/arc/python/3.9.12/bin/python3.9 -m pip install --upgrade pip' command.

/sw/pkgs/arc/python/3.9.12/bin/python

spinning up at: Wed Nov  2 06:42:32 EDT 2022
Job submitted by gl-login1.arc-ts.umich.edu
Job ID 44433458
Running on gl[3184-3188]
Running in /home/casonk/path/mmani_root/mmani0/shared_data/pushshift_python/Great_Lakes_HPC/pys/insurrection 

2020-10-04 5000
2020-10-04 2500
2020-10-04 2000
2020-10-04 1500
2020-10-05 5000
2020-10-05 2500
2020-10-05 2000
2020-10-05 1500
2020-10-06 5000
2020-10-06 2500
2020-10-06 2000
2020-10-06 1500
2020-10-07 5000
2020-10-07 2500
2020-10-07 2000
2020-10-07 1500
2020-10-08 5000
2020-10-08 2500
2020-10-08 2000
2020-10-08 1500
2020-10-09 5000
2020-10-09 2500
2020-10-09 2000
2020-10-09 1500
2020-10-10 5000
2020-10-10 2500
2020-10-10 2000
2020-10-10 1500
2020-10-11 5000
2020-10-11 2500
2020-10-11 2000
2020-10-11 1500
2020-10-12 5000
2020-10-12 2500
2020-10-12 2000
2020-10-12 1500
2020-10-13 5000
2020-10-13 2500
2020-10-13 2000
2020-10-13 1500
2020-10-14 5000
2020-10-14 2500
2020-10-14 2000
2020-10-14 1500
2020-10-15 5000
2020-10-15 2500
2020-10-15 2000
2020-10-15 1500
2020-10-16 5000
2020-10-16 2500
2020-10-16 2000
2020-10-16 1500
2020-10-17 5000
2020-10-17 2500
2020-10-17 2000
2020-10-17 1500
2020-10-18 5000
2020-10-18 2500
2020-10-18 2000
2020-10-18 1500
2020-10-19 5000
2020-10-19 2500
2020-10-19 2000
2020-10-19 1500
2020-10-20 5000
2020-10-20 2500
2020-10-20 2000
2020-10-20 1500
2020-10-21 5000
2020-10-21 2500
2020-10-21 2000
2020-10-21 1500
2020-10-22 5000
2020-10-22 2500
2020-10-22 2000
2020-10-22 1500
2020-10-23 5000
2020-10-23 2500
2020-10-23 2000
2020-10-23 1500
2020-10-24 5000
2020-10-24 2500
2020-10-24 2000
2020-10-24 1500
2020-10-25 5000
2020-10-25 2500
2020-10-25 2000
2020-10-25 1500
2020-10-26 5000
2020-10-26 2500
2020-10-26 2000
2020-10-26 1500
2020-10-27 5000
2020-10-27 2500
2020-10-27 2000
2020-10-27 1500
2020-10-28 5000
2020-10-28 2500
2020-10-28 2000
2020-10-28 1500
2020-10-29 5000
2020-10-29 2500
2020-10-29 2000
2020-10-29 1500
2020-10-30 5000
2020-10-30 2500
2020-10-30 2000
2020-10-30 1500
2020-10-31 5000
2020-10-31 2500
2020-10-31 2000
2020-10-31 1500
2020-11-01 5000
2020-11-01 2500
2020-11-01 2000
2020-11-01 1500
2020-11-02 5000
2020-11-02 2500
2020-11-02 2000
2020-11-02 1500
2020-11-03 5000
2020-11-03 2500
2020-11-03 2000
2020-11-03 1500
2020-11-04 5000
2020-11-04 2500
2020-11-04 2000
2020-11-04 1500
2020-11-05 5000
2020-11-05 2500
2020-11-05 2000
2020-11-05 1500
2020-11-06 5000
2020-11-06 2500
2020-11-06 2000
2020-11-06 1500
2020-11-07 5000
2020-11-07 2500
2020-11-07 2000
2020-11-07 1500
2020-11-08 5000
2020-11-08 2500
2020-11-08 2000
2020-11-08 1500
2020-11-09 5000
2020-11-09 2500
2020-11-09 2000
2020-11-09 1500
2020-11-10 5000
2020-11-10 2500
2020-11-10 2000
2020-11-10 1500
2020-11-11 5000
2020-11-11 2500
2020-11-11 2000
2020-11-11 1500
2020-11-12 5000
2020-11-12 2500
2020-11-12 2000
2020-11-12 1500
2020-11-13 5000
2020-11-13 2500
2020-11-13 2000
2020-11-13 1500
2020-11-14 5000
2020-11-14 2500
2020-11-14 2000
2020-11-14 1500
2020-11-15 5000
2020-11-15 2500
2020-11-15 2000
2020-11-15 1500
2020-11-16 5000
2020-11-16 2500
2020-11-16 2000
2020-11-16 1500
2020-11-17 5000
2020-11-17 2500
2020-11-17 2000
2020-11-17 1500
2020-11-18 5000
2020-11-18 2500
2020-11-18 2000
2020-11-18 1500
2020-11-19 5000
2020-11-19 2500
2020-11-19 2000
2020-11-19 1500
2020-11-20 5000
2020-11-20 2500
2020-11-20 2000
2020-11-20 1500
2020-11-21 5000
2020-11-21 2500
2020-11-21 2000
2020-11-21 1500
2020-11-22 5000
2020-11-22 2500
2020-11-22 2000
2020-11-22 1500
2020-11-23 5000
2020-11-23 2500
2020-11-23 2000
2020-11-23 1500
2020-11-24 5000
2020-11-24 2500
2020-11-24 2000
2020-11-24 1500
2020-11-25 5000
2020-11-25 2500
2020-11-25 2000
2020-11-25 1500
2020-11-26 5000
2020-11-26 2500
2020-11-26 2000
2020-11-26 1500
2020-11-27 5000
2020-11-27 2500
2020-11-27 2000
2020-11-27 1500
2020-11-28 5000
2020-11-28 2500
2020-11-28 2000
2020-11-28 1500
2020-11-29 5000
2020-11-29 2500
2020-11-29 2000
2020-11-29 1500
2020-11-30 5000
2020-11-30 2500
2020-11-30 2000
2020-11-30 1500
2020-12-01 5000
2020-12-01 2500
2020-12-01 2000
2020-12-01 1500
2020-12-02 5000
2020-12-02 2500
2020-12-02 2000
2020-12-02 1500
2020-12-03 5000
2020-12-03 2500
2020-12-03 2000
2020-12-03 1500
2020-12-04 5000
2020-12-04 2500
2020-12-04 2000
2020-12-04 1500
2020-12-05 5000
2020-12-05 2500
2020-12-05 2000
2020-12-05 1500
2020-12-06 5000
2020-12-06 2500
2020-12-06 2000
2020-12-06 1500
2020-12-07 5000
2020-12-07 2500
2020-12-07 2000
2020-12-07 1500
2020-12-08 5000
2020-12-08 2500
2020-12-08 2000
2020-12-08 1500
2020-12-09 5000
2020-12-09 2500
2020-12-09 2000
2020-12-09 1500
2020-12-10 5000
2020-12-10 2500
2020-12-10 2000
2020-12-10 1500
2020-12-11 5000
2020-12-11 2500
2020-12-11 2000
2020-12-11 1500
2020-12-12 5000
2020-12-12 2500
2020-12-12 2000
2020-12-12 1500
2020-12-13 5000
2020-12-13 2500
2020-12-13 2000
2020-12-13 1500
2020-12-14 5000
2020-12-14 2500
2020-12-14 2000
2020-12-14 1500
2020-12-15 5000
2020-12-15 2500
2020-12-15 2000
2020-12-15 1500
2020-12-16 5000
2020-12-16 2500
2020-12-16 2000
2020-12-16 1500
2020-12-17 5000
2020-12-17 2500
2020-12-17 2000
2020-12-17 1500
2020-12-18 5000
2020-12-18 2500
2020-12-18 2000
2020-12-18 1500
2020-12-19 5000
2020-12-19 2500
2020-12-19 2000
2020-12-19 1500
2020-12-20 5000
2020-12-20 2500
2020-12-20 2000
2020-12-20 1500
2020-12-21 5000
2020-12-21 2500
2020-12-21 2000
2020-12-21 1500
2020-12-22 5000
2020-12-22 2500
2020-12-22 2000
2020-12-22 1500
2020-12-23 5000
2020-12-23 2500
2020-12-23 2000
2020-12-23 1500
2020-12-24 5000
2020-12-24 2500
2020-12-24 2000
2020-12-24 1500
2020-12-25 5000
2020-12-25 2500
2020-12-25 2000
2020-12-25 1500
2020-12-26 5000
2020-12-26 2500
2020-12-26 2000
2020-12-26 1500
2020-12-27 5000
2020-12-27 2500
2020-12-27 2000
2020-12-27 1500
2020-12-28 5000
2020-12-28 2500
2020-12-28 2000
2020-12-28 1500
2020-12-29 5000
2020-12-29 2500
2020-12-29 2000
2020-12-29 1500
2020-12-30 5000
2020-12-30 2500
2020-12-30 2000
2020-12-30 1500
2020-12-31 5000
2020-12-31 2500
2020-12-31 2000
2020-12-31 1500
2021-01-01 5000
2021-01-01 2500
2021-01-01 2000
2021-01-01 1500
2021-01-02 5000
2021-01-02 2500
2021-01-02 2000
2021-01-02 1500
2021-01-03 5000
2021-01-03 2500
2021-01-03 2000
2021-01-03 1500
2021-01-04 5000
2021-01-04 2500
2021-01-04 2000
2021-01-04 1500
2021-01-05 5000
2021-01-05 2500
2021-01-05 2000
2021-01-05 1500
2021-01-06 5000
2021-01-06 2500
2021-01-06 2000
2021-01-06 1500
2021-01-07 5000
2021-01-07 2500
2021-01-07 2000
2021-01-07 1500
2021-01-08 5000
2021-01-08 2500
2021-01-08 2000
2021-01-08 1500
2021-01-09 5000
2021-01-09 2500
2021-01-09 2000
2021-01-09 1500
2021-01-10 5000
2021-01-10 2500
2021-01-10 2000
2021-01-10 1500
2021-01-11 5000
2021-01-11 2500
2021-01-11 2000
2021-01-11 1500
2021-01-12 5000
2021-01-12 2500
2021-01-12 2000
2021-01-12 1500
2021-01-13 5000
2021-01-13 2500
2021-01-13 2000
2021-01-13 1500
2021-01-14 5000
2021-01-14 2500
2021-01-14 2000
2021-01-14 1500
2021-01-15 5000
2021-01-15 2500
2021-01-15 2000
2021-01-15 1500
2021-01-16 5000
2021-01-16 2500
2021-01-16 2000
2021-01-16 1500
2021-01-17 5000
2021-01-17 2500
2021-01-17 2000
2021-01-17 1500
2021-01-18 5000
2021-01-18 2500
2021-01-18 2000
2021-01-18 1500
2021-01-19 5000
2021-01-19 2500
2021-01-19 2000
2021-01-19 1500
2021-01-20 5000
2021-01-20 2500
2021-01-20 2000
2021-01-20 1500
2021-01-21 5000
2021-01-21 2500
2021-01-21 2000
2021-01-21 1500
2021-01-22 5000
2021-01-22 2500
2021-01-22 2000
2021-01-22 1500
2021-01-23 5000
2021-01-23 2500
2021-01-23 2000
2021-01-23 1500
2021-01-24 5000
2021-01-24 2500
2021-01-24 2000
2021-01-24 1500
2021-01-25 5000
2021-01-25 2500
2021-01-25 2000
2021-01-25 1500
2021-01-26 5000
2021-01-26 2500
2021-01-26 2000
2021-01-26 1500
2021-01-27 5000
2021-01-27 2500
2021-01-27 2000
2021-01-27 1500
2021-01-28 5000
2021-01-28 2500
2021-01-28 2000
2021-01-28 1500
2021-01-29 5000
2021-01-29 2500
2021-01-29 2000
2021-01-29 1500
2021-01-30 5000
2021-01-30 2500
2021-01-30 2000
2021-01-30 1500
2021-01-31 5000
2021-01-31 2500
2021-01-31 2000
2021-01-31 1500
2021-02-01 5000
2021-02-01 2500
2021-02-01 2000
2021-02-01 1500
2021-02-02 5000
2021-02-02 2500
2021-02-02 2000
2021-02-02 1500
2021-02-03 5000
2021-02-03 2500
2021-02-03 2000
2021-02-03 1500
2021-02-04 5000
2021-02-04 2500
2021-02-04 2000
2021-02-04 1500
2021-02-05 5000
2021-02-05 2500
2021-02-05 2000
2021-02-05 1500
2021-02-06 5000
2021-02-06 2500
2021-02-06 2000
2021-02-06 1500
2021-02-07 5000
2021-02-07 2500
2021-02-07 2000
2021-02-07 1500
2021-02-08 5000
2021-02-08 2500
2021-02-08 2000
2021-02-08 1500
2021-02-09 5000
2021-02-09 2500
2021-02-09 2000
2021-02-09 1500
2021-02-10 5000
2021-02-10 2500
2021-02-10 2000
2021-02-10 1500
2021-02-11 5000
2021-02-11 2500
2021-02-11 2000
2021-02-11 1500
2021-02-12 5000
2021-02-12 2500
2021-02-12 2000
2021-02-12 1500
2021-02-13 5000
2021-02-13 2500
2021-02-13 2000
2021-02-13 1500
2021-02-14 5000
2021-02-14 2500
2021-02-14 2000
2021-02-14 1500
2021-02-15 5000
2021-02-15 2500
2021-02-15 2000
2021-02-15 1500
2021-02-16 5000
2021-02-16 2500
2021-02-16 2000
2021-02-16 1500
2021-02-17 5000
2021-02-17 2500
2021-02-17 2000
2021-02-17 1500
2021-02-18 5000
2021-02-18 2500
2021-02-18 2000
2021-02-18 1500
2021-02-19 5000
2021-02-19 2500
2021-02-19 2000
2021-02-19 1500
2021-02-20 5000
2021-02-20 2500
2021-02-20 2000
2021-02-20 1500
2021-02-21 5000
2021-02-21 2500
2021-02-21 2000
2021-02-21 1500
2021-02-22 5000
2021-02-22 2500
2021-02-22 2000
2021-02-22 1500
2021-02-23 5000
2021-02-23 2500
2021-02-23 2000
2021-02-23 1500
2021-02-24 5000
2021-02-24 2500
2021-02-24 2000
2021-02-24 1500
2021-02-25 5000
2021-02-25 2500
2021-02-25 2000
2021-02-25 1500
2021-02-26 5000
2021-02-26 2500
2021-02-26 2000
2021-02-26 1500
2021-02-27 5000
2021-02-27 2500
2021-02-27 2000
2021-02-27 1500
2021-02-28 5000
2021-02-28 2500
2021-02-28 2000
2021-02-28 1500
2021-03-01 5000
2021-03-01 2500
2021-03-01 2000
2021-03-01 1500
2021-03-02 5000
2021-03-02 2500
2021-03-02 2000
2021-03-02 1500
2021-03-03 5000
2021-03-03 2500
2021-03-03 2000
2021-03-03 1500
2021-03-04 5000
2021-03-04 2500
2021-03-04 2000
2021-03-04 1500
2021-03-05 5000
2021-03-05 2500
2021-03-05 2000
2021-03-05 1500
2021-03-06 5000
2021-03-06 2500
2021-03-06 2000
2021-03-06 1500
2021-03-07 5000
2021-03-07 2500
2021-03-07 2000
2021-03-07 1500
2021-03-08 5000
2021-03-08 2500
2021-03-08 2000
2021-03-08 1500
2021-03-09 5000
2021-03-09 2500
2021-03-09 2000
2021-03-09 1500
2021-03-10 5000
2021-03-10 2500
2021-03-10 2000
2021-03-10 1500
2021-03-11 5000
2021-03-11 2500
2021-03-11 2000
2021-03-11 1500
2021-03-12 5000
2021-03-12 2500
2021-03-12 2000
2021-03-12 1500
2021-03-13 5000
2021-03-13 2500
2021-03-13 2000
2021-03-13 1500
2021-03-14 5000
2021-03-14 2500
2021-03-14 2000
2021-03-14 1500
2021-03-15 5000
2021-03-15 2500
2021-03-15 2000
2021-03-15 1500
2021-03-16 5000
2021-03-16 2500
2021-03-16 2000
2021-03-16 1500
2021-03-17 5000
2021-03-17 2500
2021-03-17 2000
2021-03-17 1500
2021-03-18 5000
2021-03-18 2500
2021-03-18 2000
2021-03-18 1500
2021-03-19 5000
2021-03-19 2500
2021-03-19 2000
2021-03-19 1500
2021-03-20 5000
2021-03-20 2500
2021-03-20 2000
2021-03-20 1500
2021-03-21 5000
2021-03-21 2500
2021-03-21 2000
2021-03-21 1500
2021-03-22 5000
2021-03-22 2500
2021-03-22 2000
2021-03-22 1500
2021-03-23 5000
2021-03-23 2500
2021-03-23 2000
2021-03-23 1500
2021-03-24 5000
2021-03-24 2500
2021-03-24 2000
2021-03-24 1500
2021-03-25 5000
2021-03-25 2500
2021-03-25 2000
2021-03-25 1500
2021-03-26 5000
2021-03-26 2500
2021-03-26 2000
2021-03-26 1500
2021-03-27 5000
2021-03-27 2500
2021-03-27 2000
2021-03-27 1500
spinning down at: Wed Nov  2 10:56:28 EDT 2022
