root_script: extract_edges.sbat
Requirement already satisfied: decorator==5.1.0 in /home/casonk/.local/lib/python3.9/site-packages (5.1.0)
WARNING: You are using pip version 22.0.4; however, version 22.3 is available.
You should consider upgrading via the '/sw/pkgs/arc/python/3.9.12/bin/python3.9 -m pip install --upgrade pip' command.
Requirement already satisfied: pandas==1.4.2 in /home/casonk/.local/lib/python3.9/site-packages (1.4.2)
Requirement already satisfied: python-dateutil>=2.8.1 in /home/casonk/.local/lib/python3.9/site-packages (from pandas==1.4.2) (2.8.2)
Requirement already satisfied: pytz>=2020.1 in /home/casonk/.local/lib/python3.9/site-packages (from pandas==1.4.2) (2022.1)
Requirement already satisfied: numpy>=1.18.5 in /home/casonk/.local/lib/python3.9/site-packages (from pandas==1.4.2) (1.22.3)
Requirement already satisfied: six>=1.5 in /sw/pkgs/arc/python/3.9.12/lib/python3.9/site-packages (from python-dateutil>=2.8.1->pandas==1.4.2) (1.16.0)
WARNING: You are using pip version 22.0.4; however, version 22.3 is available.
You should consider upgrading via the '/sw/pkgs/arc/python/3.9.12/bin/python3.9 -m pip install --upgrade pip' command.

/sw/pkgs/arc/python/3.9.12/bin/python

spinning up at: Tue Nov  1 12:38:17 EDT 2022
Job submitted by gl-login2.arc-ts.umich.edu
Job ID 44388990
Running on gl[3155-3159]
Running in /home/casonk/path/mmani_root/mmani0/shared_data/pushshift_python/Great_Lakes_HPC/pys/insurrection 

2020-10-04 1000
2020-10-04 750
2020-10-04 500
2020-10-04 250
2020-10-05 1000
2020-10-05 750
2020-10-05 500
2020-10-05 250
2020-10-06 1000
2020-10-06 750
2020-10-06 500
2020-10-06 250
2020-10-07 1000
2020-10-07 750
2020-10-07 500
2020-10-07 250
2020-10-08 1000
2020-10-08 750
2020-10-08 500
2020-10-08 250
2020-10-09 1000
2020-10-09 750
2020-10-09 500
2020-10-09 250
2020-10-10 1000
2020-10-10 750
2020-10-10 500
2020-10-10 250
2020-10-11 1000
2020-10-11 750
2020-10-11 500
2020-10-11 250
2020-10-12 1000
2020-10-12 750
2020-10-12 500
2020-10-12 250
2020-10-13 1000
2020-10-13 750
2020-10-13 500
2020-10-13 250
2020-10-14 1000
2020-10-14 750
2020-10-14 500
2020-10-14 250
2020-10-15 1000
2020-10-15 750
2020-10-15 500
2020-10-15 250
2020-10-16 1000
2020-10-16 750
2020-10-16 500
2020-10-16 250
2020-10-17 1000
2020-10-17 750
2020-10-17 500
2020-10-17 250
2020-10-18 1000
2020-10-18 750
2020-10-18 500
2020-10-18 250
2020-10-19 1000
2020-10-19 750
2020-10-19 500
2020-10-19 250
2020-10-20 1000
2020-10-20 750
2020-10-20 500
2020-10-20 250
2020-10-21 1000
2020-10-21 750
2020-10-21 500
2020-10-21 250
2020-10-22 1000
2020-10-22 750
2020-10-22 500
2020-10-22 250
2020-10-23 1000
2020-10-23 750
2020-10-23 500
2020-10-23 250
2020-10-24 1000
2020-10-24 750
2020-10-24 500
2020-10-24 250
2020-10-25 1000
2020-10-25 750
2020-10-25 500
2020-10-25 250
2020-10-26 1000
2020-10-26 750
2020-10-26 500
2020-10-26 250
2020-10-27 1000
2020-10-27 750
2020-10-27 500
2020-10-27 250
2020-10-28 1000
2020-10-28 750
2020-10-28 500
2020-10-28 250
2020-10-29 1000
2020-10-29 750
2020-10-29 500
2020-10-29 250
2020-10-30 1000
2020-10-30 750
2020-10-30 500
2020-10-30 250
2020-10-31 1000
2020-10-31 750
2020-10-31 500
2020-10-31 250
2020-11-01 1000
2020-11-01 750
2020-11-01 500
2020-11-01 250
2020-11-02 1000
2020-11-02 750
2020-11-02 500
2020-11-02 250
2020-11-03 1000
2020-11-03 750
2020-11-03 500
2020-11-03 250
2020-11-04 1000
2020-11-04 750
2020-11-04 500
2020-11-04 250
2020-11-05 1000
2020-11-05 750
2020-11-05 500
2020-11-05 250
2020-11-06 1000
2020-11-06 750
2020-11-06 500
2020-11-06 250
2020-11-07 1000
2020-11-07 750
2020-11-07 500
2020-11-07 250
2020-11-08 1000
2020-11-08 750
2020-11-08 500
2020-11-08 250
2020-11-09 1000
2020-11-09 750
2020-11-09 500
2020-11-09 250
2020-11-10 1000
2020-11-10 750
2020-11-10 500
2020-11-10 250
2020-11-11 1000
2020-11-11 750
2020-11-11 500
2020-11-11 250
2020-11-12 1000
2020-11-12 750
2020-11-12 500
2020-11-12 250
2020-11-13 1000
2020-11-13 750
2020-11-13 500
2020-11-13 250
2020-11-14 1000
2020-11-14 750
2020-11-14 500
2020-11-14 250
2020-11-15 1000
2020-11-15 750
2020-11-15 500
2020-11-15 250
2020-11-16 1000
2020-11-16 750
2020-11-16 500
2020-11-16 250
2020-11-17 1000
2020-11-17 750
2020-11-17 500
2020-11-17 250
2020-11-18 1000
2020-11-18 750
2020-11-18 500
2020-11-18 250
2020-11-19 1000
2020-11-19 750
2020-11-19 500
2020-11-19 250
2020-11-20 1000
2020-11-20 750
2020-11-20 500
2020-11-20 250
2020-11-21 1000
2020-11-21 750
2020-11-21 500
2020-11-21 250
2020-11-22 1000
2020-11-22 750
2020-11-22 500
2020-11-22 250
2020-11-23 1000
2020-11-23 750
2020-11-23 500
2020-11-23 250
2020-11-24 1000
2020-11-24 750
2020-11-24 500
2020-11-24 250
2020-11-25 1000
2020-11-25 750
2020-11-25 500
2020-11-25 250
2020-11-26 1000
2020-11-26 750
2020-11-26 500
2020-11-26 250
2020-11-27 1000
2020-11-27 750
2020-11-27 500
2020-11-27 250
2020-11-28 1000
2020-11-28 750
2020-11-28 500
2020-11-28 250
2020-11-29 1000
2020-11-29 750
2020-11-29 500
2020-11-29 250
2020-11-30 1000
2020-11-30 750
2020-11-30 500
2020-11-30 250
2020-12-01 1000
2020-12-01 750
2020-12-01 500
2020-12-01 250
2020-12-02 1000
2020-12-02 750
2020-12-02 500
2020-12-02 250
2020-12-03 1000
2020-12-03 750
2020-12-03 500
2020-12-03 250
2020-12-04 1000
2020-12-04 750
2020-12-04 500
2020-12-04 250
2020-12-05 1000
2020-12-05 750
2020-12-05 500
2020-12-05 250
2020-12-06 1000
2020-12-06 750
2020-12-06 500
2020-12-06 250
2020-12-07 1000
2020-12-07 750
2020-12-07 500
2020-12-07 250
2020-12-08 1000
2020-12-08 750
2020-12-08 500
2020-12-08 250
2020-12-09 1000
2020-12-09 750
2020-12-09 500
2020-12-09 250
2020-12-10 1000
2020-12-10 750
2020-12-10 500
2020-12-10 250
2020-12-11 1000
2020-12-11 750
2020-12-11 500
2020-12-11 250
2020-12-12 1000
2020-12-12 750
2020-12-12 500
2020-12-12 250
2020-12-13 1000
2020-12-13 750
2020-12-13 500
2020-12-13 250
2020-12-14 1000
2020-12-14 750
2020-12-14 500
2020-12-14 250
2020-12-15 1000
2020-12-15 750
2020-12-15 500
2020-12-15 250
2020-12-16 1000
2020-12-16 750
2020-12-16 500
2020-12-16 250
2020-12-17 1000
2020-12-17 750
2020-12-17 500
2020-12-17 250
2020-12-18 1000
2020-12-18 750
2020-12-18 500
2020-12-18 250
2020-12-19 1000
2020-12-19 750
2020-12-19 500
2020-12-19 250
2020-12-20 1000
2020-12-20 750
2020-12-20 500
2020-12-20 250
2020-12-21 1000
2020-12-21 750
2020-12-21 500
2020-12-21 250
2020-12-22 1000
2020-12-22 750
2020-12-22 500
2020-12-22 250
2020-12-23 1000
2020-12-23 750
2020-12-23 500
2020-12-23 250
2020-12-24 1000
2020-12-24 750
2020-12-24 500
2020-12-24 250
2020-12-25 1000
2020-12-25 750
2020-12-25 500
2020-12-25 250
2020-12-26 1000
2020-12-26 750
2020-12-26 500
2020-12-26 250
2020-12-27 1000
2020-12-27 750
2020-12-27 500
2020-12-27 250
2020-12-28 1000
2020-12-28 750
2020-12-28 500
2020-12-28 250
2020-12-29 1000
2020-12-29 750
2020-12-29 500
2020-12-29 250
2020-12-30 1000
2020-12-30 750
2020-12-30 500
2020-12-30 250
2020-12-31 1000
2020-12-31 750
2020-12-31 500
2020-12-31 250
2021-01-01 1000
2021-01-01 750
2021-01-01 500
2021-01-01 250
2021-01-02 1000
2021-01-02 750
2021-01-02 500
2021-01-02 250
2021-01-03 1000
2021-01-03 750
2021-01-03 500
2021-01-03 250
2021-01-04 1000
2021-01-04 750
2021-01-04 500
2021-01-04 250
2021-01-05 1000
2021-01-05 750
2021-01-05 500
2021-01-05 250
2021-01-06 1000
2021-01-06 750
2021-01-06 500
2021-01-06 250
2021-01-07 1000
2021-01-07 750
2021-01-07 500
2021-01-07 250
2021-01-08 1000
2021-01-08 750
2021-01-08 500
2021-01-08 250
2021-01-09 1000
2021-01-09 750
2021-01-09 500
2021-01-09 250
2021-01-10 1000
2021-01-10 750
2021-01-10 500
2021-01-10 250
2021-01-11 1000
2021-01-11 750
2021-01-11 500
2021-01-11 250
2021-01-12 1000
2021-01-12 750
2021-01-12 500
2021-01-12 250
2021-01-13 1000
2021-01-13 750
2021-01-13 500
2021-01-13 250
2021-01-14 1000
2021-01-14 750
2021-01-14 500
2021-01-14 250
2021-01-15 1000
2021-01-15 750
2021-01-15 500
2021-01-15 250
2021-01-16 1000
2021-01-16 750
2021-01-16 500
2021-01-16 250
2021-01-17 1000
2021-01-17 750
2021-01-17 500
2021-01-17 250
2021-01-18 1000
2021-01-18 750
2021-01-18 500
2021-01-18 250
2021-01-19 1000
2021-01-19 750
2021-01-19 500
2021-01-19 250
2021-01-20 1000
2021-01-20 750
2021-01-20 500
2021-01-20 250
2021-01-21 1000
2021-01-21 750
2021-01-21 500
2021-01-21 250
2021-01-22 1000
2021-01-22 750
2021-01-22 500
2021-01-22 250
2021-01-23 1000
2021-01-23 750
2021-01-23 500
2021-01-23 250
2021-01-24 1000
2021-01-24 750
2021-01-24 500
2021-01-24 250
2021-01-25 1000
2021-01-25 750
2021-01-25 500
2021-01-25 250
2021-01-26 1000
2021-01-26 750
2021-01-26 500
2021-01-26 250
2021-01-27 1000
2021-01-27 750
2021-01-27 500
2021-01-27 250
2021-01-28 1000
2021-01-28 750
2021-01-28 500
2021-01-28 250
2021-01-29 1000
2021-01-29 750
2021-01-29 500
2021-01-29 250
2021-01-30 1000
2021-01-30 750
2021-01-30 500
2021-01-30 250
2021-01-31 1000
2021-01-31 750
2021-01-31 500
2021-01-31 250
2021-02-01 1000
2021-02-01 750
2021-02-01 500
2021-02-01 250
2021-02-02 1000
2021-02-02 750
2021-02-02 500
2021-02-02 250
2021-02-03 1000
2021-02-03 750
2021-02-03 500
2021-02-03 250
2021-02-04 1000
2021-02-04 750
2021-02-04 500
2021-02-04 250
2021-02-05 1000
2021-02-05 750
2021-02-05 500
2021-02-05 250
2021-02-06 1000
2021-02-06 750
2021-02-06 500
2021-02-06 250
2021-02-07 1000
2021-02-07 750
2021-02-07 500
2021-02-07 250
2021-02-08 1000
2021-02-08 750
2021-02-08 500
2021-02-08 250
2021-02-09 1000
2021-02-09 750
2021-02-09 500
2021-02-09 250
2021-02-10 1000
2021-02-10 750
2021-02-10 500
2021-02-10 250
2021-02-11 1000
2021-02-11 750
2021-02-11 500
2021-02-11 250
2021-02-12 1000
2021-02-12 750
2021-02-12 500
2021-02-12 250
2021-02-13 1000
2021-02-13 750
2021-02-13 500
2021-02-13 250
2021-02-14 1000
2021-02-14 750
2021-02-14 500
2021-02-14 250
2021-02-15 1000
2021-02-15 750
2021-02-15 500
2021-02-15 250
2021-02-16 1000
2021-02-16 750
2021-02-16 500
2021-02-16 250
2021-02-17 1000
2021-02-17 750
2021-02-17 500
2021-02-17 250
2021-02-18 1000
2021-02-18 750
2021-02-18 500
2021-02-18 250
2021-02-19 1000
2021-02-19 750
2021-02-19 500
2021-02-19 250
2021-02-20 1000
2021-02-20 750
2021-02-20 500
2021-02-20 250
2021-02-21 1000
2021-02-21 750
2021-02-21 500
2021-02-21 250
2021-02-22 1000
2021-02-22 750
2021-02-22 500
2021-02-22 250
2021-02-23 1000
2021-02-23 750
2021-02-23 500
2021-02-23 250
2021-02-24 1000
2021-02-24 750
2021-02-24 500
2021-02-24 250
2021-02-25 1000
2021-02-25 750
2021-02-25 500
2021-02-25 250
2021-02-26 1000
2021-02-26 750
2021-02-26 500
2021-02-26 250
2021-02-27 1000
2021-02-27 750
2021-02-27 500
2021-02-27 250
2021-02-28 1000
2021-02-28 750
2021-02-28 500
2021-02-28 250
2021-03-01 1000
2021-03-01 750
2021-03-01 500
2021-03-01 250
2021-03-02 1000
2021-03-02 750
2021-03-02 500
2021-03-02 250
2021-03-03 1000
2021-03-03 750
2021-03-03 500
2021-03-03 250
2021-03-04 1000
2021-03-04 750
2021-03-04 500
2021-03-04 250
2021-03-05 1000
2021-03-05 750
2021-03-05 500
2021-03-05 250
2021-03-06 1000
2021-03-06 750
2021-03-06 500
2021-03-06 250
2021-03-07 1000
2021-03-07 750
2021-03-07 500
2021-03-07 250
2021-03-08 1000
2021-03-08 750
2021-03-08 500
2021-03-08 250
2021-03-09 1000
2021-03-09 750
2021-03-09 500
2021-03-09 250
2021-03-10 1000
2021-03-10 750
2021-03-10 500
2021-03-10 250
2021-03-11 1000
2021-03-11 750
2021-03-11 500
2021-03-11 250
2021-03-12 1000
2021-03-12 750
2021-03-12 500
2021-03-12 250
2021-03-13 1000
2021-03-13 750
2021-03-13 500
2021-03-13 250
2021-03-14 1000
2021-03-14 750
2021-03-14 500
2021-03-14 250
2021-03-15 1000
2021-03-15 750
2021-03-15 500
2021-03-15 250
2021-03-16 1000
2021-03-16 750
2021-03-16 500
2021-03-16 250
2021-03-17 1000
2021-03-17 750
2021-03-17 500
2021-03-17 250
2021-03-18 1000
2021-03-18 750
2021-03-18 500
2021-03-18 250
2021-03-19 1000
2021-03-19 750
2021-03-19 500
2021-03-19 250
2021-03-20 1000
2021-03-20 750
2021-03-20 500
2021-03-20 250
2021-03-21 1000
2021-03-21 750
2021-03-21 500
2021-03-21 250
2021-03-22 1000
2021-03-22 750
2021-03-22 500
2021-03-22 250
2021-03-23 1000
2021-03-23 750
2021-03-23 500
2021-03-23 250
2021-03-24 1000
2021-03-24 750
2021-03-24 500
2021-03-24 250
2021-03-25 1000
2021-03-25 750
2021-03-25 500
2021-03-25 250
2021-03-26 1000
2021-03-26 750
2021-03-26 500
2021-03-26 250
2021-03-27 1000
2021-03-27 750
2021-03-27 500
2021-03-27 250
spinning down at: Tue Nov  1 17:22:28 EDT 2022
