root_script: extract_edges.sbat
Requirement already satisfied: decorator==5.1.0 in /home/casonk/.local/lib/python3.9/site-packages (5.1.0)
WARNING: You are using pip version 22.0.4; however, version 22.3 is available.
You should consider upgrading via the '/sw/pkgs/arc/python/3.9.12/bin/python3.9 -m pip install --upgrade pip' command.
Requirement already satisfied: pandas==1.4.2 in /home/casonk/.local/lib/python3.9/site-packages (1.4.2)
Requirement already satisfied: pytz>=2020.1 in /home/casonk/.local/lib/python3.9/site-packages (from pandas==1.4.2) (2022.1)
Requirement already satisfied: numpy>=1.18.5 in /home/casonk/.local/lib/python3.9/site-packages (from pandas==1.4.2) (1.22.3)
Requirement already satisfied: python-dateutil>=2.8.1 in /home/casonk/.local/lib/python3.9/site-packages (from pandas==1.4.2) (2.8.2)
Requirement already satisfied: six>=1.5 in /sw/pkgs/arc/python/3.9.12/lib/python3.9/site-packages (from python-dateutil>=2.8.1->pandas==1.4.2) (1.16.0)
WARNING: You are using pip version 22.0.4; however, version 22.3 is available.
You should consider upgrading via the '/sw/pkgs/arc/python/3.9.12/bin/python3.9 -m pip install --upgrade pip' command.

/sw/pkgs/arc/python/3.9.12/bin/python

spinning up at: Wed Nov  2 14:23:53 EDT 2022
Job submitted by gl-login1.arc-ts.umich.edu
Job ID 44454844
Running on gl[3184-3188]
Running in /home/casonk/path/mmani_root/mmani0/shared_data/pushshift_python/Great_Lakes_HPC/pys/insurrection 

2020-10-04 25
2020-10-04 50
2020-10-04 75
2020-10-04 100
2020-10-04 10000
2020-10-04 7500
2020-10-05 25
2020-10-05 50
2020-10-05 75
2020-10-05 100
2020-10-05 10000
2020-10-05 7500
2020-10-06 25
2020-10-06 50
2020-10-06 75
2020-10-06 100
2020-10-06 10000
2020-10-06 7500
2020-10-07 25
2020-10-07 50
2020-10-07 75
2020-10-07 100
2020-10-07 10000
2020-10-07 7500
2020-10-08 25
2020-10-08 50
2020-10-08 75
2020-10-08 100
2020-10-08 10000
2020-10-08 7500
2020-10-09 25
2020-10-09 50
2020-10-09 75
2020-10-09 100
2020-10-09 10000
2020-10-09 7500
2020-10-10 25
2020-10-10 50
2020-10-10 75
2020-10-10 100
2020-10-10 10000
2020-10-10 7500
2020-10-11 25
2020-10-11 50
2020-10-11 75
2020-10-11 100
2020-10-11 10000
2020-10-11 7500
2020-10-12 25
2020-10-12 50
2020-10-12 75
2020-10-12 100
2020-10-12 10000
2020-10-12 7500
2020-10-13 25
2020-10-13 50
2020-10-13 75
2020-10-13 100
2020-10-13 10000
2020-10-13 7500
2020-10-14 25
2020-10-14 50
2020-10-14 75
2020-10-14 100
2020-10-14 10000
2020-10-14 7500
2020-10-15 25
2020-10-15 50
2020-10-15 75
2020-10-15 100
2020-10-15 10000
2020-10-15 7500
2020-10-16 25
2020-10-16 50
2020-10-16 75
2020-10-16 100
2020-10-16 10000
2020-10-16 7500
2020-10-17 25
2020-10-17 50
2020-10-17 75
2020-10-17 100
2020-10-17 10000
2020-10-17 7500
2020-10-18 25
2020-10-18 50
2020-10-18 75
2020-10-18 100
2020-10-18 10000
2020-10-18 7500
2020-10-19 25
2020-10-19 50
2020-10-19 75
2020-10-19 100
2020-10-19 10000
2020-10-19 7500
2020-10-20 25
2020-10-20 50
2020-10-20 75
2020-10-20 100
2020-10-20 10000
2020-10-20 7500
2020-10-21 25
2020-10-21 50
2020-10-21 75
2020-10-21 100
2020-10-21 10000
2020-10-21 7500
2020-10-22 25
2020-10-22 50
2020-10-22 75
2020-10-22 100
2020-10-22 10000
2020-10-22 7500
2020-10-23 25
2020-10-23 50
2020-10-23 75
2020-10-23 100
2020-10-23 10000
2020-10-23 7500
2020-10-24 25
2020-10-24 50
2020-10-24 75
2020-10-24 100
2020-10-24 10000
2020-10-24 7500
2020-10-25 25
2020-10-25 50
2020-10-25 75
2020-10-25 100
2020-10-25 10000
2020-10-25 7500
2020-10-26 25
2020-10-26 50
2020-10-26 75
2020-10-26 100
2020-10-26 10000
2020-10-26 7500
2020-10-27 25
2020-10-27 50
2020-10-27 75
2020-10-27 100
2020-10-27 10000
2020-10-27 7500
2020-10-28 25
2020-10-28 50
2020-10-28 75
2020-10-28 100
2020-10-28 10000
2020-10-28 7500
2020-10-29 25
2020-10-29 50
2020-10-29 75
2020-10-29 100
2020-10-29 10000
2020-10-29 7500
2020-10-30 25
2020-10-30 50
2020-10-30 75
2020-10-30 100
2020-10-30 10000
2020-10-30 7500
2020-10-31 25
2020-10-31 50
2020-10-31 75
2020-10-31 100
2020-10-31 10000
2020-10-31 7500
2020-11-01 25
2020-11-01 50
2020-11-01 75
2020-11-01 100
2020-11-01 10000
2020-11-01 7500
2020-11-02 25
2020-11-02 50
2020-11-02 75
2020-11-02 100
2020-11-02 10000
2020-11-02 7500
2020-11-03 25
2020-11-03 50
2020-11-03 75
2020-11-03 100
2020-11-03 10000
2020-11-03 7500
2020-11-04 25
2020-11-04 50
2020-11-04 75
2020-11-04 100
2020-11-04 10000
2020-11-04 7500
2020-11-05 25
2020-11-05 50
2020-11-05 75
2020-11-05 100
2020-11-05 10000
2020-11-05 7500
2020-11-06 25
2020-11-06 50
2020-11-06 75
2020-11-06 100
2020-11-06 10000
2020-11-06 7500
2020-11-07 25
2020-11-07 50
2020-11-07 75
2020-11-07 100
2020-11-07 10000
2020-11-07 7500
2020-11-08 25
2020-11-08 50
2020-11-08 75
2020-11-08 100
2020-11-08 10000
2020-11-08 7500
2020-11-09 25
2020-11-09 50
2020-11-09 75
2020-11-09 100
2020-11-09 10000
2020-11-09 7500
2020-11-10 25
2020-11-10 50
2020-11-10 75
2020-11-10 100
2020-11-10 10000
2020-11-10 7500
2020-11-11 25
2020-11-11 50
2020-11-11 75
2020-11-11 100
2020-11-11 10000
2020-11-11 7500
2020-11-12 25
2020-11-12 50
2020-11-12 75
2020-11-12 100
2020-11-12 10000
2020-11-12 7500
2020-11-13 25
2020-11-13 50
2020-11-13 75
2020-11-13 100
2020-11-13 10000
2020-11-13 7500
2020-11-14 25
2020-11-14 50
2020-11-14 75
2020-11-14 100
2020-11-14 10000
2020-11-14 7500
2020-11-15 25
2020-11-15 50
2020-11-15 75
2020-11-15 100
2020-11-15 10000
2020-11-15 7500
2020-11-16 25
2020-11-16 50
2020-11-16 75
2020-11-16 100
2020-11-16 10000
2020-11-16 7500
2020-11-17 25
2020-11-17 50
2020-11-17 75
2020-11-17 100
2020-11-17 10000
2020-11-17 7500
2020-11-18 25
2020-11-18 50
2020-11-18 75
2020-11-18 100
2020-11-18 10000
2020-11-18 7500
2020-11-19 25
2020-11-19 50
2020-11-19 75
2020-11-19 100
2020-11-19 10000
2020-11-19 7500
2020-11-20 25
2020-11-20 50
2020-11-20 75
2020-11-20 100
2020-11-20 10000
2020-11-20 7500
2020-11-21 25
2020-11-21 50
2020-11-21 75
2020-11-21 100
2020-11-21 10000
2020-11-21 7500
2020-11-22 25
2020-11-22 50
2020-11-22 75
2020-11-22 100
2020-11-22 10000
2020-11-22 7500
2020-11-23 25
2020-11-23 50
2020-11-23 75
2020-11-23 100
2020-11-23 10000
2020-11-23 7500
2020-11-24 25
2020-11-24 50
2020-11-24 75
2020-11-24 100
2020-11-24 10000
2020-11-24 7500
2020-11-25 25
2020-11-25 50
2020-11-25 75
2020-11-25 100
2020-11-25 10000
2020-11-25 7500
2020-11-26 25
2020-11-26 50
2020-11-26 75
2020-11-26 100
2020-11-26 10000
2020-11-26 7500
2020-11-27 25
2020-11-27 50
2020-11-27 75
2020-11-27 100
2020-11-27 10000
2020-11-27 7500
2020-11-28 25
2020-11-28 50
2020-11-28 75
2020-11-28 100
2020-11-28 10000
2020-11-28 7500
2020-11-29 25
2020-11-29 50
2020-11-29 75
2020-11-29 100
2020-11-29 10000
2020-11-29 7500
2020-11-30 25
2020-11-30 50
2020-11-30 75
2020-11-30 100
2020-11-30 10000
2020-11-30 7500
2020-12-01 25
2020-12-01 50
2020-12-01 75
2020-12-01 100
2020-12-01 10000
2020-12-01 7500
2020-12-02 25
2020-12-02 50
2020-12-02 75
2020-12-02 100
2020-12-02 10000
2020-12-02 7500
2020-12-03 25
2020-12-03 50
2020-12-03 75
2020-12-03 100
2020-12-03 10000
2020-12-03 7500
2020-12-04 25
2020-12-04 50
2020-12-04 75
2020-12-04 100
2020-12-04 10000
2020-12-04 7500
2020-12-05 25
2020-12-05 50
2020-12-05 75
2020-12-05 100
2020-12-05 10000
2020-12-05 7500
2020-12-06 25
2020-12-06 50
2020-12-06 75
2020-12-06 100
2020-12-06 10000
2020-12-06 7500
2020-12-07 25
2020-12-07 50
2020-12-07 75
2020-12-07 100
2020-12-07 10000
2020-12-07 7500
2020-12-08 25
2020-12-08 50
2020-12-08 75
2020-12-08 100
2020-12-08 10000
2020-12-08 7500
2020-12-09 25
2020-12-09 50
2020-12-09 75
2020-12-09 100
2020-12-09 10000
2020-12-09 7500
2020-12-10 25
2020-12-10 50
2020-12-10 75
2020-12-10 100
2020-12-10 10000
2020-12-10 7500
2020-12-11 25
2020-12-11 50
2020-12-11 75
2020-12-11 100
2020-12-11 10000
2020-12-11 7500
2020-12-12 25
2020-12-12 50
2020-12-12 75
2020-12-12 100
2020-12-12 10000
2020-12-12 7500
2020-12-13 25
2020-12-13 50
2020-12-13 75
2020-12-13 100
2020-12-13 10000
2020-12-13 7500
2020-12-14 25
2020-12-14 50
2020-12-14 75
2020-12-14 100
2020-12-14 10000
2020-12-14 7500
2020-12-15 25
2020-12-15 50
2020-12-15 75
2020-12-15 100
2020-12-15 10000
2020-12-15 7500
2020-12-16 25
2020-12-16 50
2020-12-16 75
2020-12-16 100
2020-12-16 10000
2020-12-16 7500
2020-12-17 25
2020-12-17 50
2020-12-17 75
2020-12-17 100
2020-12-17 10000
2020-12-17 7500
2020-12-18 25
2020-12-18 50
2020-12-18 75
2020-12-18 100
2020-12-18 10000
2020-12-18 7500
2020-12-19 25
2020-12-19 50
2020-12-19 75
2020-12-19 100
2020-12-19 10000
2020-12-19 7500
2020-12-20 25
2020-12-20 50
2020-12-20 75
2020-12-20 100
2020-12-20 10000
2020-12-20 7500
2020-12-21 25
2020-12-21 50
2020-12-21 75
2020-12-21 100
2020-12-21 10000
2020-12-21 7500
2020-12-22 25
2020-12-22 50
2020-12-22 75
2020-12-22 100
2020-12-22 10000
2020-12-22 7500
2020-12-23 25
2020-12-23 50
2020-12-23 75
2020-12-23 100
2020-12-23 10000
2020-12-23 7500
2020-12-24 25
2020-12-24 50
2020-12-24 75
2020-12-24 100
2020-12-24 10000
2020-12-24 7500
2020-12-25 25
2020-12-25 50
2020-12-25 75
2020-12-25 100
2020-12-25 10000
2020-12-25 7500
2020-12-26 25
2020-12-26 50
2020-12-26 75
2020-12-26 100
2020-12-26 10000
2020-12-26 7500
2020-12-27 25
2020-12-27 50
2020-12-27 75
2020-12-27 100
2020-12-27 10000
2020-12-27 7500
2020-12-28 25
2020-12-28 50
2020-12-28 75
2020-12-28 100
2020-12-28 10000
2020-12-28 7500
2020-12-29 25
2020-12-29 50
2020-12-29 75
2020-12-29 100
2020-12-29 10000
2020-12-29 7500
2020-12-30 25
2020-12-30 50
2020-12-30 75
2020-12-30 100
2020-12-30 10000
2020-12-30 7500
2020-12-31 25
2020-12-31 50
2020-12-31 75
2020-12-31 100
2020-12-31 10000
2020-12-31 7500
2021-01-01 25
2021-01-01 50
2021-01-01 75
2021-01-01 100
2021-01-01 10000
2021-01-01 7500
2021-01-02 25
2021-01-02 50
2021-01-02 75
2021-01-02 100
2021-01-02 10000
2021-01-02 7500
2021-01-03 25
2021-01-03 50
2021-01-03 75
2021-01-03 100
2021-01-03 10000
2021-01-03 7500
2021-01-04 25
2021-01-04 50
2021-01-04 75
2021-01-04 100
2021-01-04 10000
2021-01-04 7500
2021-01-05 25
2021-01-05 50
2021-01-05 75
2021-01-05 100
2021-01-05 10000
2021-01-05 7500
2021-01-06 25
2021-01-06 50
2021-01-06 75
2021-01-06 100
2021-01-06 10000
2021-01-06 7500
2021-01-07 25
2021-01-07 50
2021-01-07 75
2021-01-07 100
2021-01-07 10000
2021-01-07 7500
2021-01-08 25
2021-01-08 50
2021-01-08 75
2021-01-08 100
2021-01-08 10000
2021-01-08 7500
2021-01-09 25
2021-01-09 50
2021-01-09 75
2021-01-09 100
2021-01-09 10000
2021-01-09 7500
2021-01-10 25
2021-01-10 50
2021-01-10 75
2021-01-10 100
2021-01-10 10000
2021-01-10 7500
2021-01-11 25
2021-01-11 50
2021-01-11 75
2021-01-11 100
2021-01-11 10000
2021-01-11 7500
2021-01-12 25
2021-01-12 50
2021-01-12 75
2021-01-12 100
2021-01-12 10000
2021-01-12 7500
2021-01-13 25
2021-01-13 50
2021-01-13 75
2021-01-13 100
2021-01-13 10000
2021-01-13 7500
2021-01-14 25
2021-01-14 50
2021-01-14 75
2021-01-14 100
2021-01-14 10000
2021-01-14 7500
2021-01-15 25
2021-01-15 50
2021-01-15 75
2021-01-15 100
2021-01-15 10000
2021-01-15 7500
2021-01-16 25
2021-01-16 50
2021-01-16 75
2021-01-16 100
2021-01-16 10000
2021-01-16 7500
2021-01-17 25
2021-01-17 50
2021-01-17 75
2021-01-17 100
2021-01-17 10000
2021-01-17 7500
2021-01-18 25
2021-01-18 50
2021-01-18 75
2021-01-18 100
2021-01-18 10000
2021-01-18 7500
2021-01-19 25
2021-01-19 50
2021-01-19 75
2021-01-19 100
2021-01-19 10000
2021-01-19 7500
2021-01-20 25
2021-01-20 50
2021-01-20 75
2021-01-20 100
2021-01-20 10000
2021-01-20 7500
2021-01-21 25
2021-01-21 50
2021-01-21 75
2021-01-21 100
2021-01-21 10000
2021-01-21 7500
2021-01-22 25
2021-01-22 50
2021-01-22 75
2021-01-22 100
2021-01-22 10000
2021-01-22 7500
2021-01-23 25
2021-01-23 50
2021-01-23 75
2021-01-23 100
2021-01-23 10000
2021-01-23 7500
2021-01-24 25
2021-01-24 50
2021-01-24 75
2021-01-24 100
2021-01-24 10000
2021-01-24 7500
2021-01-25 25
2021-01-25 50
2021-01-25 75
2021-01-25 100
2021-01-25 10000
2021-01-25 7500
2021-01-26 25
2021-01-26 50
2021-01-26 75
2021-01-26 100
2021-01-26 10000
2021-01-26 7500
2021-01-27 25
2021-01-27 50
2021-01-27 75
2021-01-27 100
2021-01-27 10000
2021-01-27 7500
2021-01-28 25
2021-01-28 50
2021-01-28 75
2021-01-28 100
2021-01-28 10000
2021-01-28 7500
2021-01-29 25
2021-01-29 50
2021-01-29 75
2021-01-29 100
2021-01-29 10000
2021-01-29 7500
2021-01-30 25
2021-01-30 50
2021-01-30 75
2021-01-30 100
2021-01-30 10000
2021-01-30 7500
2021-01-31 25
2021-01-31 50
2021-01-31 75
2021-01-31 100
2021-01-31 10000
2021-01-31 7500
2021-02-01 25
2021-02-01 50
2021-02-01 75
2021-02-01 100
2021-02-01 10000
2021-02-01 7500
2021-02-02 25
2021-02-02 50
2021-02-02 75
2021-02-02 100
2021-02-02 10000
2021-02-02 7500
2021-02-03 25
2021-02-03 50
2021-02-03 75
2021-02-03 100
2021-02-03 10000
2021-02-03 7500
2021-02-04 25
2021-02-04 50
2021-02-04 75
2021-02-04 100
2021-02-04 10000
2021-02-04 7500
2021-02-05 25
2021-02-05 50
2021-02-05 75
2021-02-05 100
2021-02-05 10000
2021-02-05 7500
2021-02-06 25
2021-02-06 50
2021-02-06 75
2021-02-06 100
2021-02-06 10000
2021-02-06 7500
2021-02-07 25
2021-02-07 50
2021-02-07 75
2021-02-07 100
2021-02-07 10000
2021-02-07 7500
2021-02-08 25
2021-02-08 50
2021-02-08 75
2021-02-08 100
2021-02-08 10000
2021-02-08 7500
2021-02-09 25
2021-02-09 50
2021-02-09 75
2021-02-09 100
2021-02-09 10000
2021-02-09 7500
2021-02-10 25
2021-02-10 50
2021-02-10 75
2021-02-10 100
2021-02-10 10000
2021-02-10 7500
2021-02-11 25
2021-02-11 50
2021-02-11 75
2021-02-11 100
2021-02-11 10000
2021-02-11 7500
2021-02-12 25
2021-02-12 50
2021-02-12 75
2021-02-12 100
2021-02-12 10000
2021-02-12 7500
2021-02-13 25
2021-02-13 50
2021-02-13 75
2021-02-13 100
2021-02-13 10000
2021-02-13 7500
2021-02-14 25
2021-02-14 50
2021-02-14 75
2021-02-14 100
2021-02-14 10000
2021-02-14 7500
2021-02-15 25
2021-02-15 50
2021-02-15 75
2021-02-15 100
2021-02-15 10000
2021-02-15 7500
2021-02-16 25
2021-02-16 50
2021-02-16 75
2021-02-16 100
2021-02-16 10000
2021-02-16 7500
2021-02-17 25
2021-02-17 50
2021-02-17 75
2021-02-17 100
2021-02-17 10000
2021-02-17 7500
2021-02-18 25
2021-02-18 50
2021-02-18 75
2021-02-18 100
2021-02-18 10000
2021-02-18 7500
2021-02-19 25
2021-02-19 50
2021-02-19 75
2021-02-19 100
2021-02-19 10000
2021-02-19 7500
2021-02-20 25
2021-02-20 50
2021-02-20 75
2021-02-20 100
2021-02-20 10000
2021-02-20 7500
2021-02-21 25
2021-02-21 50
2021-02-21 75
2021-02-21 100
2021-02-21 10000
2021-02-21 7500
2021-02-22 25
2021-02-22 50
2021-02-22 75
2021-02-22 100
2021-02-22 10000
2021-02-22 7500
2021-02-23 25
2021-02-23 50
2021-02-23 75
2021-02-23 100
2021-02-23 10000
2021-02-23 7500
2021-02-24 25
2021-02-24 50
2021-02-24 75
2021-02-24 100
2021-02-24 10000
2021-02-24 7500
2021-02-25 25
2021-02-25 50
2021-02-25 75
2021-02-25 100
2021-02-25 10000
2021-02-25 7500
2021-02-26 25
2021-02-26 50
2021-02-26 75
2021-02-26 100
2021-02-26 10000
2021-02-26 7500
2021-02-27 25
2021-02-27 50
2021-02-27 75
2021-02-27 100
2021-02-27 10000
2021-02-27 7500
2021-02-28 25
2021-02-28 50
2021-02-28 75
2021-02-28 100
2021-02-28 10000
2021-02-28 7500
2021-03-01 25
2021-03-01 50
2021-03-01 75
2021-03-01 100
2021-03-01 10000
2021-03-01 7500
2021-03-02 25
2021-03-02 50
2021-03-02 75
2021-03-02 100
2021-03-02 10000
2021-03-02 7500
2021-03-03 25
2021-03-03 50
2021-03-03 75
2021-03-03 100
2021-03-03 10000
2021-03-03 7500
2021-03-04 25
2021-03-04 50
2021-03-04 75
2021-03-04 100
2021-03-04 10000
2021-03-04 7500
2021-03-05 25
2021-03-05 50
2021-03-05 75
2021-03-05 100
2021-03-05 10000
2021-03-05 7500
2021-03-06 25
2021-03-06 50
2021-03-06 75
2021-03-06 100
2021-03-06 10000
2021-03-06 7500
2021-03-07 25
2021-03-07 50
2021-03-07 75
2021-03-07 100
2021-03-07 10000
2021-03-07 7500
2021-03-08 25
2021-03-08 50
2021-03-08 75
2021-03-08 100
2021-03-08 10000
2021-03-08 7500
2021-03-09 25
2021-03-09 50
2021-03-09 75
2021-03-09 100
2021-03-09 10000
2021-03-09 7500
2021-03-10 25
2021-03-10 50
2021-03-10 75
2021-03-10 100
2021-03-10 10000
2021-03-10 7500
2021-03-11 25
2021-03-11 50
2021-03-11 75
2021-03-11 100
2021-03-11 10000
2021-03-11 7500
2021-03-12 25
2021-03-12 50
2021-03-12 75
2021-03-12 100
2021-03-12 10000
2021-03-12 7500
2021-03-13 25
2021-03-13 50
2021-03-13 75
2021-03-13 100
2021-03-13 10000
2021-03-13 7500
2021-03-14 25
2021-03-14 50
2021-03-14 75
2021-03-14 100
2021-03-14 10000
2021-03-14 7500
2021-03-15 25
2021-03-15 50
2021-03-15 75
2021-03-15 100
2021-03-15 10000
2021-03-15 7500
2021-03-16 25
2021-03-16 50
2021-03-16 75
2021-03-16 100
2021-03-16 10000
2021-03-16 7500
2021-03-17 25
2021-03-17 50
2021-03-17 75
2021-03-17 100
2021-03-17 10000
2021-03-17 7500
2021-03-18 25
2021-03-18 50
2021-03-18 75
2021-03-18 100
2021-03-18 10000
2021-03-18 7500
2021-03-19 25
2021-03-19 50
2021-03-19 75
2021-03-19 100
2021-03-19 10000
2021-03-19 7500
2021-03-20 25
2021-03-20 50
2021-03-20 75
2021-03-20 100
2021-03-20 10000
2021-03-20 7500
2021-03-21 25
2021-03-21 50
2021-03-21 75
2021-03-21 100
2021-03-21 10000
2021-03-21 7500
2021-03-22 25
2021-03-22 50
2021-03-22 75
2021-03-22 100
2021-03-22 10000
2021-03-22 7500
2021-03-23 25
2021-03-23 50
2021-03-23 75
2021-03-23 100
2021-03-23 10000
2021-03-23 7500
2021-03-24 25
2021-03-24 50
2021-03-24 75
2021-03-24 100
2021-03-24 10000
2021-03-24 7500
2021-03-25 25
2021-03-25 50
2021-03-25 75
2021-03-25 100
2021-03-25 10000
2021-03-25 7500
2021-03-26 25
2021-03-26 50
2021-03-26 75
2021-03-26 100
2021-03-26 10000
2021-03-26 7500
2021-03-27 25
2021-03-27 50
2021-03-27 75
2021-03-27 100
2021-03-27 10000
2021-03-27 7500
spinning down at: Wed Nov  2 23:34:23 EDT 2022
